2018-06-01 16:02:05 [DEBUG] activity_route.php: START /company ---------- (at /var/www/vhosts/vanam.fr/api.utiledev.vanam.fr/routes/activity_route.php line 46)
2018-06-01 16:02:05 [DEBUG] tools_service.php: START getAllCompanies -------  (at /var/www/vhosts/vanam.fr/api.utiledev.vanam.fr/core/class/services/tools_service.php line 13)
2018-06-01 16:02:05 [DEBUG] tools_service.php: 3c19af23c02b4cb1fc7ce62422f3a07f (at /var/www/vhosts/vanam.fr/api.utiledev.vanam.fr/core/class/services/tools_service.php line 14)
2018-06-01 16:02:05 [DEBUG] tools_service.php: END getAllCompanies -------  (at /var/www/vhosts/vanam.fr/api.utiledev.vanam.fr/core/class/services/tools_service.php line 35)
2018-06-01 16:02:05 [DEBUG] activity_route.php: END /company ---------- (at /var/www/vhosts/vanam.fr/api.utiledev.vanam.fr/routes/activity_route.php line 60)
2018-06-01 16:02:27 [DEBUG] gender_route.php: START /gender ---------- (at /var/www/vhosts/vanam.fr/api.utiledev.vanam.fr/routes/gender_route.php line 65)
2018-06-01 16:02:27 [DEBUG] gender_service.php: START getAllEntities [GENDER] -------  (at /var/www/vhosts/vanam.fr/api.utiledev.vanam.fr/core/class/services/gender_service.php line 62)
2018-06-01 16:02:27 [DEBUG] gender_service.php: END getAllEntities [GENDER] -------  (at /var/www/vhosts/vanam.fr/api.utiledev.vanam.fr/core/class/services/gender_service.php line 84)
2018-06-01 16:02:27 [DEBUG] gender_route.php: END /gender ---------- (at /var/www/vhosts/vanam.fr/api.utiledev.vanam.fr/routes/gender_route.php line 82)
2018-06-01 16:02:28 [DEBUG] sport_route.php: START /sport ---------- (at /var/www/vhosts/vanam.fr/api.utiledev.vanam.fr/routes/sport_route.php line 65)
2018-06-01 16:02:28 [DEBUG] sport_service.php: START getAllEntities [SPORT] -------  (at /var/www/vhosts/vanam.fr/api.utiledev.vanam.fr/core/class/services/sport_service.php line 62)
2018-06-01 16:02:28 [DEBUG] sport_service.php: END getAllEntities [SPORT] -------  (at /var/www/vhosts/vanam.fr/api.utiledev.vanam.fr/core/class/services/sport_service.php line 84)
2018-06-01 16:02:28 [DEBUG] sport_route.php: END /sport ---------- (at /var/www/vhosts/vanam.fr/api.utiledev.vanam.fr/routes/sport_route.php line 82)
2018-06-01 16:02:28 [DEBUG] category_route.php: START /category ---------- (at /var/www/vhosts/vanam.fr/api.utiledev.vanam.fr/routes/category_route.php line 65)
2018-06-01 16:02:28 [DEBUG] category_service.php: START getAllEntities [CATEGORY] -------  (at /var/www/vhosts/vanam.fr/api.utiledev.vanam.fr/core/class/services/category_service.php line 62)
2018-06-01 16:02:28 [DEBUG] category_service.php: END getAllEntities [CATEGORY] -------  (at /var/www/vhosts/vanam.fr/api.utiledev.vanam.fr/core/class/services/category_service.php line 95)
2018-06-01 16:02:28 [DEBUG] category_route.php: END /category ---------- (at /var/www/vhosts/vanam.fr/api.utiledev.vanam.fr/routes/category_route.php line 82)
2018-06-01 16:02:28 [DEBUG] brand_route.php: START /brand ---------- (at /var/www/vhosts/vanam.fr/api.utiledev.vanam.fr/routes/brand_route.php line 122)
2018-06-01 16:02:28 [DEBUG] brand_service.php: START getAllEntities [BRAND] -------  (at /var/www/vhosts/vanam.fr/api.utiledev.vanam.fr/core/class/services/brand_service.php line 64)
2018-06-01 16:02:28 [DEBUG] brand_service.php: END getAllEntities [BRAND] -------  (at /var/www/vhosts/vanam.fr/api.utiledev.vanam.fr/core/class/services/brand_service.php line 99)
2018-06-01 16:02:28 [DEBUG] brand_route.php: END /brand ---------- (at /var/www/vhosts/vanam.fr/api.utiledev.vanam.fr/routes/brand_route.php line 139)
2018-06-01 16:02:29 [DEBUG] activity_route.php: START /login ---------- (at /var/www/vhosts/vanam.fr/api.utiledev.vanam.fr/routes/activity_route.php line 5)
2018-06-01 16:02:29 [DEBUG] user_service.php: ---------- authentifyUser ---------- (at /var/www/vhosts/vanam.fr/api.utiledev.vanam.fr/core/class/services/user_service.php line 206)
2018-06-01 16:02:29 [DEBUG] user_service.php: Array
(
    [status] => 1
    [user] => Array
        (
            [id] => 1
            [name] => Loic
            [firstname] => Amsellem
            [mail] => loic@vanam.fr
            [mobile_line] => 06 99 99 99 99
            [direct_line] => 04 91 99 99 99
            [passwd] => loic13$$
            [url_picture] => resources/users/logos/74971201.jpg
            [role] => Array
                (
                    [id] => 1
                    [role] => SUPER_ADMIN
                )

            [role_id] => 1
            [company] => Array
                (
                    [id] => 1
                    [name] => VANAM
                    [url_logo] => resources/companies/logo_vanam.png
                )

        )

    [key] => c2f1bb57e4a1d58a3ae710ef0c7acfb1
)
 (at /var/www/vhosts/vanam.fr/api.utiledev.vanam.fr/core/class/services/user_service.php line 285)
2018-06-01 16:02:29 [DEBUG] user_service.php: --------------------------------------------------- (at /var/www/vhosts/vanam.fr/api.utiledev.vanam.fr/core/class/services/user_service.php line 286)
2018-06-01 16:02:29 [DEBUG] activity_route.php: END /login ---------- (at /var/www/vhosts/vanam.fr/api.utiledev.vanam.fr/routes/activity_route.php line 23)
2018-06-01 16:02:29 [DEBUG] activity_route.php: START /company ---------- (at /var/www/vhosts/vanam.fr/api.utiledev.vanam.fr/routes/activity_route.php line 46)
2018-06-01 16:02:29 [DEBUG] tools_service.php: START getAllCompanies -------  (at /var/www/vhosts/vanam.fr/api.utiledev.vanam.fr/core/class/services/tools_service.php line 13)
2018-06-01 16:02:29 [DEBUG] tools_service.php: c2f1bb57e4a1d58a3ae710ef0c7acfb1 (at /var/www/vhosts/vanam.fr/api.utiledev.vanam.fr/core/class/services/tools_service.php line 14)
2018-06-01 16:02:29 [DEBUG] tools_service.php: END getAllCompanies -------  (at /var/www/vhosts/vanam.fr/api.utiledev.vanam.fr/core/class/services/tools_service.php line 35)
2018-06-01 16:02:29 [DEBUG] activity_route.php: END /company ---------- (at /var/www/vhosts/vanam.fr/api.utiledev.vanam.fr/routes/activity_route.php line 60)
2018-06-01 16:02:31 [DEBUG] category_route.php: START /category ---------- (at /var/www/vhosts/vanam.fr/api.utiledev.vanam.fr/routes/category_route.php line 65)
2018-06-01 16:02:31 [DEBUG] category_service.php: START getAllEntities [CATEGORY] -------  (at /var/www/vhosts/vanam.fr/api.utiledev.vanam.fr/core/class/services/category_service.php line 62)
2018-06-01 16:02:31 [DEBUG] gender_route.php: START /gender ---------- (at /var/www/vhosts/vanam.fr/api.utiledev.vanam.fr/routes/gender_route.php line 65)
2018-06-01 16:02:31 [DEBUG] gender_service.php: START getAllEntities [GENDER] -------  (at /var/www/vhosts/vanam.fr/api.utiledev.vanam.fr/core/class/services/gender_service.php line 62)
2018-06-01 16:02:31 [DEBUG] gender_service.php: END getAllEntities [GENDER] -------  (at /var/www/vhosts/vanam.fr/api.utiledev.vanam.fr/core/class/services/gender_service.php line 84)
2018-06-01 16:02:31 [DEBUG] gender_route.php: END /gender ---------- (at /var/www/vhosts/vanam.fr/api.utiledev.vanam.fr/routes/gender_route.php line 82)
2018-06-01 16:02:31 [DEBUG] category_service.php: END getAllEntities [CATEGORY] -------  (at /var/www/vhosts/vanam.fr/api.utiledev.vanam.fr/core/class/services/category_service.php line 95)
2018-06-01 16:02:31 [DEBUG] category_route.php: END /category ---------- (at /var/www/vhosts/vanam.fr/api.utiledev.vanam.fr/routes/category_route.php line 82)
2018-06-01 16:02:31 [DEBUG] brand_route.php: START /brand ---------- (at /var/www/vhosts/vanam.fr/api.utiledev.vanam.fr/routes/brand_route.php line 122)
2018-06-01 16:02:31 [DEBUG] brand_service.php: START getAllEntities [BRAND] -------  (at /var/www/vhosts/vanam.fr/api.utiledev.vanam.fr/core/class/services/brand_service.php line 64)
2018-06-01 16:02:31 [DEBUG] brand_service.php: END getAllEntities [BRAND] -------  (at /var/www/vhosts/vanam.fr/api.utiledev.vanam.fr/core/class/services/brand_service.php line 99)
2018-06-01 16:02:31 [DEBUG] brand_route.php: END /brand ---------- (at /var/www/vhosts/vanam.fr/api.utiledev.vanam.fr/routes/brand_route.php line 139)
2018-06-01 16:02:32 [DEBUG] sport_route.php: START /sport ---------- (at /var/www/vhosts/vanam.fr/api.utiledev.vanam.fr/routes/sport_route.php line 65)
2018-06-01 16:02:32 [DEBUG] sport_service.php: START getAllEntities [SPORT] -------  (at /var/www/vhosts/vanam.fr/api.utiledev.vanam.fr/core/class/services/sport_service.php line 62)
2018-06-01 16:02:32 [DEBUG] sport_service.php: END getAllEntities [SPORT] -------  (at /var/www/vhosts/vanam.fr/api.utiledev.vanam.fr/core/class/services/sport_service.php line 84)
2018-06-01 16:02:32 [DEBUG] sport_route.php: END /sport ---------- (at /var/www/vhosts/vanam.fr/api.utiledev.vanam.fr/routes/sport_route.php line 82)
2018-06-01 16:02:32 [DEBUG] product_route.php: START /product/search ---------- (at /var/www/vhosts/vanam.fr/api.utiledev.vanam.fr/routes/product_route.php line 61)
2018-06-01 16:02:32 [DEBUG] product_service.php: START getProductsByCriteria [PRODUCTS] -------  (at /var/www/vhosts/vanam.fr/api.utiledev.vanam.fr/core/class/services/product_service.php line 315)
2018-06-01 16:02:34 [DEBUG] product_service.php: END getProductsByCriteria [PRODUCTS] -------  (at /var/www/vhosts/vanam.fr/api.utiledev.vanam.fr/core/class/services/product_service.php line 661)
2018-06-01 16:02:34 [DEBUG] product_route.php: END /product/search ---------- (at /var/www/vhosts/vanam.fr/api.utiledev.vanam.fr/routes/product_route.php line 110)
2018-06-01 16:03:56 [DEBUG] product_route.php: START /product/search ---------- (at /var/www/vhosts/vanam.fr/api.utiledev.vanam.fr/routes/product_route.php line 61)
2018-06-01 16:03:56 [DEBUG] product_service.php: START getProductsByCriteria [PRODUCTS] -------  (at /var/www/vhosts/vanam.fr/api.utiledev.vanam.fr/core/class/services/product_service.php line 315)
2018-06-01 16:03:56 [DEBUG] file_helper.php: START generateXlsxProductsFile -------  (at /var/www/vhosts/vanam.fr/api.utiledev.vanam.fr/core/class/helpers/file_helper.php line 96)
2018-06-01 16:03:56 [DEBUG] excel_helper.php: START generateExcelFileFromData -------  (at /var/www/vhosts/vanam.fr/api.utiledev.vanam.fr/core/class/helpers/excel_helper.php line 13)
2018-06-01 16:03:57 [DEBUG] product_route.php: PHPExcel_Exception: File pictures/thumbnails/56223/Z31809-.jpg not found! in /var/www/vhosts/vanam.fr/api.utiledev.vanam.fr/core/commons/PHPExcel/PHPExcel/Worksheet/Drawing.php:111
Stack trace:
#0 /var/www/vhosts/vanam.fr/api.utiledev.vanam.fr/core/class/helpers/excel_helper.php(114): PHPExcel_Worksheet_Drawing->setPath('pictures/thumbn...')
#1 /var/www/vhosts/vanam.fr/api.utiledev.vanam.fr/core/class/helpers/file_helper.php(107): UTILE\ExcelHelper->generateExcelProductsFileFromData(Array, '1', 1, 0, 0, 0, 1, 1, 1)
#2 /var/www/vhosts/vanam.fr/api.utiledev.vanam.fr/core/class/services/product_service.php(649): UTILE\FileHelper->generateXlsxProductsFile(Array, '1', 1, 0, 0, 0, 1, 1, 1)
#3 /var/www/vhosts/vanam.fr/api.utiledev.vanam.fr/routes/product_route.php(100): UTILE\ProductService->getProductsByCriteria('c2f1bb57e4a1d58...', Object(UTILE\CriteriaProduct))
#4 [internal function]: {closure}()
#5 /var/www/vhosts/vanam.fr/api.utiledev.vanam.fr/core/commons/slim/vendor/slim/slim/Slim/Route.php(468): call_user_func_array(Object(Closure), Array)
#6 /var/www/vhosts/vanam.fr/api.utiledev.vanam.fr/core/commons/slim/vendor/slim/slim/Slim/Slim.php(1355): Slim\Route->dispatch()
#7 /var/www/vhosts/vanam.fr/api.utiledev.vanam.fr/core/commons/slim/vendor/slim/slim/Slim/Middleware/Flash.php(85): Slim\Slim->call()
#8 /var/www/vhosts/vanam.fr/api.utiledev.vanam.fr/core/commons/slim/vendor/slim/slim/Slim/Middleware/MethodOverride.php(92): Slim\Middleware\Flash->call()
#9 /var/www/vhosts/vanam.fr/api.utiledev.vanam.fr/core/commons/slim/vendor/slim/slim/Slim/Middleware/PrettyExceptions.php(67): Slim\Middleware\MethodOverride->call()
#10 /var/www/vhosts/vanam.fr/api.utiledev.vanam.fr/core/commons/slim/vendor/slim/slim/Slim/Slim.php(1300): Slim\Middleware\PrettyExceptions->call()
#11 /var/www/vhosts/vanam.fr/api.utiledev.vanam.fr/index.php(53): Slim\Slim->run()
#12 {main} (at /var/www/vhosts/vanam.fr/api.utiledev.vanam.fr/routes/product_route.php line 103)
