2018-08-08 08:50:12 [DEBUG] entry_event_route.php: START /entry/import/steptwo ---------- (at /opt/local/www/apache2/html/routes/entry_event_route.php line 70)
2018-08-08 08:50:12 [DEBUG] entry_event_service.php: START makeDataAsNewTable -------  (at /opt/local/www/apache2/html/core/class/services/entry_event_service.php line 494)
2018-08-08 08:50:12 [DEBUG] excel_helper.php: START createNewEntryEventFileAsNewFormat -------  (at /opt/local/www/apache2/html/core/class/helpers/excel_helper.php line 519)
2018-08-08 08:50:12 [DEBUG] excel_helper.php: test (at /opt/local/www/apache2/html/core/class/helpers/excel_helper.php line 532)
2018-08-08 08:50:12 [DEBUG] entry_event_service.php: END makeDataAsNewTable -------  (at /opt/local/www/apache2/html/core/class/services/entry_event_service.php line 516)
2018-08-08 08:50:12 [DEBUG] entry_event_route.php: END /entry/import/steptwo ---------- (at /opt/local/www/apache2/html/routes/entry_event_route.php line 92)
2018-08-08 08:50:41 [DEBUG] entry_event_route.php: START /entry/import/steptwo ---------- (at /opt/local/www/apache2/html/routes/entry_event_route.php line 70)
2018-08-08 08:50:41 [DEBUG] entry_event_service.php: START makeDataAsNewTable -------  (at /opt/local/www/apache2/html/core/class/services/entry_event_service.php line 494)
2018-08-08 08:50:41 [DEBUG] entry_event_service.php: END makeDataAsNewTable -------  (at /opt/local/www/apache2/html/core/class/services/entry_event_service.php line 516)
2018-08-08 08:50:41 [DEBUG] entry_event_route.php: END /entry/import/steptwo ---------- (at /opt/local/www/apache2/html/routes/entry_event_route.php line 92)
2018-08-08 08:51:16 [DEBUG] entry_event_route.php: START /entry/import/steptwo ---------- (at /opt/local/www/apache2/html/routes/entry_event_route.php line 70)
2018-08-08 08:51:16 [DEBUG] entry_event_service.php: START makeDataAsNewTable -------  (at /opt/local/www/apache2/html/core/class/services/entry_event_service.php line 494)
2018-08-08 08:51:16 [DEBUG] excel_helper.php: START createNewEntryEventFileAsNewFormat -------  (at /opt/local/www/apache2/html/core/class/helpers/excel_helper.php line 519)
2018-08-08 08:51:16 [DEBUG] entry_event_service.php: END makeDataAsNewTable -------  (at /opt/local/www/apache2/html/core/class/services/entry_event_service.php line 516)
2018-08-08 08:51:16 [DEBUG] entry_event_route.php: END /entry/import/steptwo ---------- (at /opt/local/www/apache2/html/routes/entry_event_route.php line 92)
2018-08-08 08:51:18 [DEBUG] entry_event_route.php: START /entry/import/steptwo ---------- (at /opt/local/www/apache2/html/routes/entry_event_route.php line 70)
2018-08-08 08:51:18 [DEBUG] entry_event_service.php: START makeDataAsNewTable -------  (at /opt/local/www/apache2/html/core/class/services/entry_event_service.php line 494)
2018-08-08 08:51:18 [DEBUG] excel_helper.php: START createNewEntryEventFileAsNewFormat -------  (at /opt/local/www/apache2/html/core/class/helpers/excel_helper.php line 519)
2018-08-08 08:51:18 [DEBUG] entry_event_service.php: END makeDataAsNewTable -------  (at /opt/local/www/apache2/html/core/class/services/entry_event_service.php line 516)
2018-08-08 08:51:18 [DEBUG] entry_event_route.php: END /entry/import/steptwo ---------- (at /opt/local/www/apache2/html/routes/entry_event_route.php line 92)
2018-08-08 08:52:39 [DEBUG] entry_event_route.php: START /entry/import/steptwo ---------- (at /opt/local/www/apache2/html/routes/entry_event_route.php line 70)
2018-08-08 08:52:39 [DEBUG] entry_event_service.php: START makeDataAsNewTable -------  (at /opt/local/www/apache2/html/core/class/services/entry_event_service.php line 494)
2018-08-08 08:52:39 [DEBUG] excel_helper.php: START createNewEntryEventFileAsNewFormat -------  (at /opt/local/www/apache2/html/core/class/helpers/excel_helper.php line 519)
2018-08-08 08:52:39 [DEBUG] entry_event_service.php: END makeDataAsNewTable -------  (at /opt/local/www/apache2/html/core/class/services/entry_event_service.php line 516)
2018-08-08 08:52:39 [DEBUG] entry_event_route.php: END /entry/import/steptwo ---------- (at /opt/local/www/apache2/html/routes/entry_event_route.php line 92)
2018-08-08 08:52:54 [DEBUG] entry_event_route.php: START /entry/import/steptwo ---------- (at /opt/local/www/apache2/html/routes/entry_event_route.php line 70)
2018-08-08 08:52:54 [DEBUG] entry_event_service.php: START makeDataAsNewTable -------  (at /opt/local/www/apache2/html/core/class/services/entry_event_service.php line 494)
2018-08-08 08:52:54 [DEBUG] excel_helper.php: START createNewEntryEventFileAsNewFormat -------  (at /opt/local/www/apache2/html/core/class/helpers/excel_helper.php line 519)
2018-08-08 08:52:54 [DEBUG] entry_event_service.php: END makeDataAsNewTable -------  (at /opt/local/www/apache2/html/core/class/services/entry_event_service.php line 516)
2018-08-08 08:52:54 [DEBUG] entry_event_route.php: END /entry/import/steptwo ---------- (at /opt/local/www/apache2/html/routes/entry_event_route.php line 92)
2018-08-08 08:53:13 [DEBUG] entry_event_route.php: START /entry/import/steptwo ---------- (at /opt/local/www/apache2/html/routes/entry_event_route.php line 70)
2018-08-08 08:53:13 [DEBUG] entry_event_service.php: START makeDataAsNewTable -------  (at /opt/local/www/apache2/html/core/class/services/entry_event_service.php line 494)
2018-08-08 08:53:13 [DEBUG] excel_helper.php: START createNewEntryEventFileAsNewFormat -------  (at /opt/local/www/apache2/html/core/class/helpers/excel_helper.php line 519)
2018-08-08 08:53:13 [DEBUG] entry_event_route.php: ErrorException: count() expects at least 1 parameter, 0 given in /opt/local/www/apache2/html/core/class/helpers/excel_helper.php:534
Stack trace:
#0 [internal function]: Slim\Slim::handleErrors(2, 'count() expects...', '/opt/local/www/...', 534, Array)
#1 /opt/local/www/apache2/html/core/class/helpers/excel_helper.php(534): count()
#2 /opt/local/www/apache2/html/core/class/helpers/file_helper.php(159): UTILE\ExcelHelper->createNewEntryEventFileAsNewFormat('1', 'ecd.xls', Array)
#3 /opt/local/www/apache2/html/core/class/services/entry_event_service.php(505): UTILE\FileHelper->createNewExcelFileUsingNewColumnsFormat('1', 'ecd.xls', Array)
#4 /opt/local/www/apache2/html/routes/entry_event_route.php(81): UTILE\EntryEventService->makeDataAsNewTable('', 'ecd.xls', Array)
#5 [internal function]: {closure}()
#6 /opt/local/www/apache2/html/core/commons/slim/vendor/slim/slim/Slim/Route.php(468): call_user_func_array(Object(Closure), Array)
#7 /opt/local/www/apache2/html/core/commons/slim/vendor/slim/slim/Slim/Slim.php(1355): Slim\Route->dispatch()
#8 /opt/local/www/apache2/html/core/commons/slim/vendor/slim/slim/Slim/Middleware/Flash.php(85): Slim\Slim->call()
#9 /opt/local/www/apache2/html/core/commons/slim/vendor/slim/slim/Slim/Middleware/MethodOverride.php(92): Slim\Middleware\Flash->call()
#10 /opt/local/www/apache2/html/core/commons/slim/vendor/slim/slim/Slim/Middleware/PrettyExceptions.php(67): Slim\Middleware\MethodOverride->call()
#11 /opt/local/www/apache2/html/core/commons/slim/vendor/slim/slim/Slim/Slim.php(1300): Slim\Middleware\PrettyExceptions->call()
#12 /opt/local/www/apache2/html/index.php(53): Slim\Slim->run()
#13 {main} (at /opt/local/www/apache2/html/routes/entry_event_route.php line 83)
2018-08-08 08:53:13 [DEBUG] entry_event_route.php: END /entry/import/steptwo ---------- (at /opt/local/www/apache2/html/routes/entry_event_route.php line 92)
2018-08-08 08:53:23 [DEBUG] entry_event_route.php: START /entry/import/steptwo ---------- (at /opt/local/www/apache2/html/routes/entry_event_route.php line 70)
2018-08-08 08:53:23 [DEBUG] entry_event_service.php: START makeDataAsNewTable -------  (at /opt/local/www/apache2/html/core/class/services/entry_event_service.php line 494)
2018-08-08 08:53:23 [DEBUG] excel_helper.php: START createNewEntryEventFileAsNewFormat -------  (at /opt/local/www/apache2/html/core/class/helpers/excel_helper.php line 519)
2018-08-08 08:53:23 [DEBUG] entry_event_route.php: ErrorException: Use of undefined constant count - assumed 'count' in /opt/local/www/apache2/html/core/class/helpers/excel_helper.php:534
Stack trace:
#0 /opt/local/www/apache2/html/core/class/helpers/excel_helper.php(534): Slim\Slim::handleErrors(8, 'Use of undefine...', '/opt/local/www/...', 534, Array)
#1 /opt/local/www/apache2/html/core/class/helpers/file_helper.php(159): UTILE\ExcelHelper->createNewEntryEventFileAsNewFormat('1', 'ecd.xls', Array)
#2 /opt/local/www/apache2/html/core/class/services/entry_event_service.php(505): UTILE\FileHelper->createNewExcelFileUsingNewColumnsFormat('1', 'ecd.xls', Array)
#3 /opt/local/www/apache2/html/routes/entry_event_route.php(81): UTILE\EntryEventService->makeDataAsNewTable('', 'ecd.xls', Array)
#4 [internal function]: {closure}()
#5 /opt/local/www/apache2/html/core/commons/slim/vendor/slim/slim/Slim/Route.php(468): call_user_func_array(Object(Closure), Array)
#6 /opt/local/www/apache2/html/core/commons/slim/vendor/slim/slim/Slim/Slim.php(1355): Slim\Route->dispatch()
#7 /opt/local/www/apache2/html/core/commons/slim/vendor/slim/slim/Slim/Middleware/Flash.php(85): Slim\Slim->call()
#8 /opt/local/www/apache2/html/core/commons/slim/vendor/slim/slim/Slim/Middleware/MethodOverride.php(92): Slim\Middleware\Flash->call()
#9 /opt/local/www/apache2/html/core/commons/slim/vendor/slim/slim/Slim/Middleware/PrettyExceptions.php(67): Slim\Middleware\MethodOverride->call()
#10 /opt/local/www/apache2/html/core/commons/slim/vendor/slim/slim/Slim/Slim.php(1300): Slim\Middleware\PrettyExceptions->call()
#11 /opt/local/www/apache2/html/index.php(53): Slim\Slim->run()
#12 {main} (at /opt/local/www/apache2/html/routes/entry_event_route.php line 83)
2018-08-08 08:53:23 [DEBUG] entry_event_route.php: END /entry/import/steptwo ---------- (at /opt/local/www/apache2/html/routes/entry_event_route.php line 92)
2018-08-08 08:53:33 [DEBUG] entry_event_route.php: START /entry/import/steptwo ---------- (at /opt/local/www/apache2/html/routes/entry_event_route.php line 70)
2018-08-08 08:53:33 [DEBUG] entry_event_service.php: START makeDataAsNewTable -------  (at /opt/local/www/apache2/html/core/class/services/entry_event_service.php line 494)
2018-08-08 08:53:33 [DEBUG] excel_helper.php: START createNewEntryEventFileAsNewFormat -------  (at /opt/local/www/apache2/html/core/class/helpers/excel_helper.php line 519)
2018-08-08 08:53:33 [DEBUG] entry_event_service.php: END makeDataAsNewTable -------  (at /opt/local/www/apache2/html/core/class/services/entry_event_service.php line 516)
2018-08-08 08:53:33 [DEBUG] entry_event_route.php: END /entry/import/steptwo ---------- (at /opt/local/www/apache2/html/routes/entry_event_route.php line 92)
2018-08-08 08:54:00 [DEBUG] entry_event_route.php: START /entry/import/steptwo ---------- (at /opt/local/www/apache2/html/routes/entry_event_route.php line 70)
2018-08-08 08:54:00 [DEBUG] entry_event_service.php: START makeDataAsNewTable -------  (at /opt/local/www/apache2/html/core/class/services/entry_event_service.php line 494)
2018-08-08 08:54:00 [DEBUG] excel_helper.php: START createNewEntryEventFileAsNewFormat -------  (at /opt/local/www/apache2/html/core/class/helpers/excel_helper.php line 519)
2018-08-08 08:54:00 [DEBUG] entry_event_service.php: END makeDataAsNewTable -------  (at /opt/local/www/apache2/html/core/class/services/entry_event_service.php line 516)
2018-08-08 08:54:00 [DEBUG] entry_event_route.php: END /entry/import/steptwo ---------- (at /opt/local/www/apache2/html/routes/entry_event_route.php line 92)
2018-08-08 08:56:59 [DEBUG] entry_event_route.php: START /entry/import/steptwo ---------- (at /opt/local/www/apache2/html/routes/entry_event_route.php line 70)
2018-08-08 08:56:59 [DEBUG] entry_event_service.php: START makeDataAsNewTable -------  (at /opt/local/www/apache2/html/core/class/services/entry_event_service.php line 494)
2018-08-08 08:56:59 [DEBUG] excel_helper.php: START createNewEntryEventFileAsNewFormat -------  (at /opt/local/www/apache2/html/core/class/helpers/excel_helper.php line 519)
2018-08-08 08:56:59 [DEBUG] entry_event_service.php: END makeDataAsNewTable -------  (at /opt/local/www/apache2/html/core/class/services/entry_event_service.php line 516)
2018-08-08 08:56:59 [DEBUG] entry_event_route.php: END /entry/import/steptwo ---------- (at /opt/local/www/apache2/html/routes/entry_event_route.php line 92)
2018-08-08 09:11:07 [DEBUG] entry_event_route.php: START /entry/import/steptwo ---------- (at /opt/local/www/apache2/html/routes/entry_event_route.php line 70)
2018-08-08 09:11:07 [DEBUG] entry_event_service.php: START makeDataAsNewTable -------  (at /opt/local/www/apache2/html/core/class/services/entry_event_service.php line 494)
2018-08-08 09:11:07 [DEBUG] excel_helper.php: START createNewEntryEventFileAsNewFormat -------  (at /opt/local/www/apache2/html/core/class/helpers/excel_helper.php line 519)
2018-08-08 09:11:37 [DEBUG] entry_event_route.php: START /entry/import/steptwo ---------- (at /opt/local/www/apache2/html/routes/entry_event_route.php line 70)
2018-08-08 09:11:37 [DEBUG] entry_event_service.php: START makeDataAsNewTable -------  (at /opt/local/www/apache2/html/core/class/services/entry_event_service.php line 494)
2018-08-08 09:11:37 [DEBUG] excel_helper.php: START createNewEntryEventFileAsNewFormat -------  (at /opt/local/www/apache2/html/core/class/helpers/excel_helper.php line 519)
2018-08-08 09:11:41 [DEBUG] entry_event_route.php: START /entry/import/steptwo ---------- (at /opt/local/www/apache2/html/routes/entry_event_route.php line 70)
2018-08-08 09:11:41 [DEBUG] entry_event_service.php: START makeDataAsNewTable -------  (at /opt/local/www/apache2/html/core/class/services/entry_event_service.php line 494)
2018-08-08 09:11:41 [DEBUG] excel_helper.php: START createNewEntryEventFileAsNewFormat -------  (at /opt/local/www/apache2/html/core/class/helpers/excel_helper.php line 519)
2018-08-08 09:11:42 [DEBUG] entry_event_route.php: START /entry/import/steptwo ---------- (at /opt/local/www/apache2/html/routes/entry_event_route.php line 70)
2018-08-08 09:11:42 [DEBUG] entry_event_service.php: START makeDataAsNewTable -------  (at /opt/local/www/apache2/html/core/class/services/entry_event_service.php line 494)
2018-08-08 09:11:42 [DEBUG] excel_helper.php: START createNewEntryEventFileAsNewFormat -------  (at /opt/local/www/apache2/html/core/class/helpers/excel_helper.php line 519)
2018-08-08 09:12:03 [DEBUG] entry_event_route.php: START /entry/import/steptwo ---------- (at /opt/local/www/apache2/html/routes/entry_event_route.php line 70)
2018-08-08 09:12:03 [DEBUG] entry_event_service.php: START makeDataAsNewTable -------  (at /opt/local/www/apache2/html/core/class/services/entry_event_service.php line 494)
2018-08-08 09:12:03 [DEBUG] excel_helper.php: START createNewEntryEventFileAsNewFormat -------  (at /opt/local/www/apache2/html/core/class/helpers/excel_helper.php line 519)
2018-08-08 09:12:04 [DEBUG] entry_event_route.php: START /entry/import/steptwo ---------- (at /opt/local/www/apache2/html/routes/entry_event_route.php line 70)
2018-08-08 09:12:04 [DEBUG] entry_event_service.php: START makeDataAsNewTable -------  (at /opt/local/www/apache2/html/core/class/services/entry_event_service.php line 494)
2018-08-08 09:12:04 [DEBUG] excel_helper.php: START createNewEntryEventFileAsNewFormat -------  (at /opt/local/www/apache2/html/core/class/helpers/excel_helper.php line 519)
2018-08-08 09:12:05 [DEBUG] entry_event_route.php: START /entry/import/steptwo ---------- (at /opt/local/www/apache2/html/routes/entry_event_route.php line 70)
2018-08-08 09:12:05 [DEBUG] entry_event_service.php: START makeDataAsNewTable -------  (at /opt/local/www/apache2/html/core/class/services/entry_event_service.php line 494)
2018-08-08 09:12:05 [DEBUG] excel_helper.php: START createNewEntryEventFileAsNewFormat -------  (at /opt/local/www/apache2/html/core/class/helpers/excel_helper.php line 519)
2018-08-08 09:12:06 [DEBUG] entry_event_route.php: START /entry/import/steptwo ---------- (at /opt/local/www/apache2/html/routes/entry_event_route.php line 70)
2018-08-08 09:12:06 [DEBUG] entry_event_service.php: START makeDataAsNewTable -------  (at /opt/local/www/apache2/html/core/class/services/entry_event_service.php line 494)
2018-08-08 09:12:06 [DEBUG] excel_helper.php: START createNewEntryEventFileAsNewFormat -------  (at /opt/local/www/apache2/html/core/class/helpers/excel_helper.php line 519)
2018-08-08 09:12:13 [DEBUG] entry_event_route.php: START /entry/import/steptwo ---------- (at /opt/local/www/apache2/html/routes/entry_event_route.php line 70)
2018-08-08 09:12:13 [DEBUG] entry_event_service.php: START makeDataAsNewTable -------  (at /opt/local/www/apache2/html/core/class/services/entry_event_service.php line 494)
2018-08-08 09:12:13 [DEBUG] excel_helper.php: START createNewEntryEventFileAsNewFormat -------  (at /opt/local/www/apache2/html/core/class/helpers/excel_helper.php line 519)
2018-08-08 09:12:13 [DEBUG] entry_event_service.php: END makeDataAsNewTable -------  (at /opt/local/www/apache2/html/core/class/services/entry_event_service.php line 516)
2018-08-08 09:12:13 [DEBUG] entry_event_route.php: END /entry/import/steptwo ---------- (at /opt/local/www/apache2/html/routes/entry_event_route.php line 92)
2018-08-08 09:12:14 [DEBUG] entry_event_route.php: START /entry/import/steptwo ---------- (at /opt/local/www/apache2/html/routes/entry_event_route.php line 70)
2018-08-08 09:12:14 [DEBUG] entry_event_service.php: START makeDataAsNewTable -------  (at /opt/local/www/apache2/html/core/class/services/entry_event_service.php line 494)
2018-08-08 09:12:14 [DEBUG] excel_helper.php: START createNewEntryEventFileAsNewFormat -------  (at /opt/local/www/apache2/html/core/class/helpers/excel_helper.php line 519)
2018-08-08 09:12:14 [DEBUG] entry_event_service.php: END makeDataAsNewTable -------  (at /opt/local/www/apache2/html/core/class/services/entry_event_service.php line 516)
2018-08-08 09:12:14 [DEBUG] entry_event_route.php: END /entry/import/steptwo ---------- (at /opt/local/www/apache2/html/routes/entry_event_route.php line 92)
2018-08-08 09:12:30 [DEBUG] entry_event_route.php: START /entry/import/steptwo ---------- (at /opt/local/www/apache2/html/routes/entry_event_route.php line 70)
2018-08-08 09:12:30 [DEBUG] entry_event_service.php: START makeDataAsNewTable -------  (at /opt/local/www/apache2/html/core/class/services/entry_event_service.php line 494)
2018-08-08 09:12:30 [DEBUG] excel_helper.php: START createNewEntryEventFileAsNewFormat -------  (at /opt/local/www/apache2/html/core/class/helpers/excel_helper.php line 519)
2018-08-08 09:12:40 [DEBUG] entry_event_route.php: START /entry/import/steptwo ---------- (at /opt/local/www/apache2/html/routes/entry_event_route.php line 70)
2018-08-08 09:12:40 [DEBUG] entry_event_service.php: START makeDataAsNewTable -------  (at /opt/local/www/apache2/html/core/class/services/entry_event_service.php line 494)
2018-08-08 09:12:40 [DEBUG] excel_helper.php: START createNewEntryEventFileAsNewFormat -------  (at /opt/local/www/apache2/html/core/class/helpers/excel_helper.php line 519)
2018-08-08 09:12:40 [DEBUG] entry_event_service.php: END makeDataAsNewTable -------  (at /opt/local/www/apache2/html/core/class/services/entry_event_service.php line 516)
2018-08-08 09:12:40 [DEBUG] entry_event_route.php: END /entry/import/steptwo ---------- (at /opt/local/www/apache2/html/routes/entry_event_route.php line 92)
2018-08-08 09:12:54 [DEBUG] entry_event_route.php: START /entry/import/steptwo ---------- (at /opt/local/www/apache2/html/routes/entry_event_route.php line 70)
2018-08-08 09:12:54 [DEBUG] entry_event_service.php: START makeDataAsNewTable -------  (at /opt/local/www/apache2/html/core/class/services/entry_event_service.php line 494)
2018-08-08 09:12:54 [DEBUG] excel_helper.php: START createNewEntryEventFileAsNewFormat -------  (at /opt/local/www/apache2/html/core/class/helpers/excel_helper.php line 519)
2018-08-08 09:12:54 [DEBUG] entry_event_service.php: END makeDataAsNewTable -------  (at /opt/local/www/apache2/html/core/class/services/entry_event_service.php line 516)
2018-08-08 09:12:54 [DEBUG] entry_event_route.php: END /entry/import/steptwo ---------- (at /opt/local/www/apache2/html/routes/entry_event_route.php line 92)
