2018-05-24 06:39:05 [DEBUG] brand_route.php: START /brand ---------- (at /var/www/vhosts/vanam.fr/api.utiledev.vanam.fr/routes/brand_route.php line 122)
2018-05-24 06:39:05 [DEBUG] sport_route.php: START /sport ---------- (at /var/www/vhosts/vanam.fr/api.utiledev.vanam.fr/routes/sport_route.php line 65)
2018-05-24 06:39:05 [DEBUG] activity_route.php: START /company ---------- (at /var/www/vhosts/vanam.fr/api.utiledev.vanam.fr/routes/activity_route.php line 46)
2018-05-24 06:39:05 [DEBUG] tools_service.php: START getAllCompanies -------  (at /var/www/vhosts/vanam.fr/api.utiledev.vanam.fr/core/class/services/tools_service.php line 13)
2018-05-24 06:39:05 [DEBUG] tools_service.php: c2f1bb57e4a1d58a3ae710ef0c7acfb1 (at /var/www/vhosts/vanam.fr/api.utiledev.vanam.fr/core/class/services/tools_service.php line 14)
2018-05-24 06:39:05 [DEBUG] sport_service.php: START getAllEntities [SPORT] -------  (at /var/www/vhosts/vanam.fr/api.utiledev.vanam.fr/core/class/services/sport_service.php line 62)
2018-05-24 06:39:05 [DEBUG] brand_service.php: START getAllEntities [BRAND] -------  (at /var/www/vhosts/vanam.fr/api.utiledev.vanam.fr/core/class/services/brand_service.php line 64)
2018-05-24 06:39:05 [DEBUG] sport_service.php: END getAllEntities [SPORT] -------  (at /var/www/vhosts/vanam.fr/api.utiledev.vanam.fr/core/class/services/sport_service.php line 84)
2018-05-24 06:39:05 [DEBUG] sport_route.php: END /sport ---------- (at /var/www/vhosts/vanam.fr/api.utiledev.vanam.fr/routes/sport_route.php line 82)
2018-05-24 06:39:05 [DEBUG] category_route.php: START /category ---------- (at /var/www/vhosts/vanam.fr/api.utiledev.vanam.fr/routes/category_route.php line 65)
2018-05-24 06:39:05 [DEBUG] gender_route.php: START /gender ---------- (at /var/www/vhosts/vanam.fr/api.utiledev.vanam.fr/routes/gender_route.php line 65)
2018-05-24 06:39:05 [DEBUG] category_service.php: START getAllEntities [CATEGORY] -------  (at /var/www/vhosts/vanam.fr/api.utiledev.vanam.fr/core/class/services/category_service.php line 62)
2018-05-24 06:39:05 [DEBUG] gender_service.php: START getAllEntities [GENDER] -------  (at /var/www/vhosts/vanam.fr/api.utiledev.vanam.fr/core/class/services/gender_service.php line 62)
2018-05-24 06:39:05 [DEBUG] tools_service.php: END getAllCompanies -------  (at /var/www/vhosts/vanam.fr/api.utiledev.vanam.fr/core/class/services/tools_service.php line 35)
2018-05-24 06:39:05 [DEBUG] activity_route.php: END /company ---------- (at /var/www/vhosts/vanam.fr/api.utiledev.vanam.fr/routes/activity_route.php line 60)
2018-05-24 06:39:05 [DEBUG] brand_service.php: END getAllEntities [BRAND] -------  (at /var/www/vhosts/vanam.fr/api.utiledev.vanam.fr/core/class/services/brand_service.php line 99)
2018-05-24 06:39:05 [DEBUG] brand_route.php: END /brand ---------- (at /var/www/vhosts/vanam.fr/api.utiledev.vanam.fr/routes/brand_route.php line 139)
2018-05-24 06:39:05 [DEBUG] category_service.php: END getAllEntities [CATEGORY] -------  (at /var/www/vhosts/vanam.fr/api.utiledev.vanam.fr/core/class/services/category_service.php line 95)
2018-05-24 06:39:05 [DEBUG] category_route.php: END /category ---------- (at /var/www/vhosts/vanam.fr/api.utiledev.vanam.fr/routes/category_route.php line 82)
2018-05-24 06:39:05 [DEBUG] gender_service.php: END getAllEntities [GENDER] -------  (at /var/www/vhosts/vanam.fr/api.utiledev.vanam.fr/core/class/services/gender_service.php line 84)
2018-05-24 06:39:05 [DEBUG] gender_route.php: END /gender ---------- (at /var/www/vhosts/vanam.fr/api.utiledev.vanam.fr/routes/gender_route.php line 82)
