2018-07-26 13:56:15 [DEBUG] activity_route.php: START /login ---------- (at /opt/local/www/apache2/html/routes/activity_route.php line 5)
2018-07-26 13:56:15 [DEBUG] user_service.php: ---------- authentifyUser ---------- (at /opt/local/www/apache2/html/core/class/services/user_service.php line 206)
2018-07-26 13:56:16 [DEBUG] activity_route.php: ErrorException: Undefined index: id in /opt/local/www/apache2/html/core/class/services/user_service.php:239
Stack trace:
#0 /opt/local/www/apache2/html/core/class/services/user_service.php(239): Slim\Slim::handleErrors(8, 'Undefined index...', '/opt/local/www/...', 239, Array)
#1 /opt/local/www/apache2/html/routes/activity_route.php(15): UTILE\UserService->authentifyUser(Object(UTILE\User))
#2 [internal function]: {closure}()
#3 /opt/local/www/apache2/html/core/commons/slim/vendor/slim/slim/Slim/Route.php(468): call_user_func_array(Object(Closure), Array)
#4 /opt/local/www/apache2/html/core/commons/slim/vendor/slim/slim/Slim/Slim.php(1355): Slim\Route->dispatch()
#5 /opt/local/www/apache2/html/core/commons/slim/vendor/slim/slim/Slim/Middleware/Flash.php(85): Slim\Slim->call()
#6 /opt/local/www/apache2/html/core/commons/slim/vendor/slim/slim/Slim/Middleware/MethodOverride.php(92): Slim\Middleware\Flash->call()
#7 /opt/local/www/apache2/html/core/commons/slim/vendor/slim/slim/Slim/Middleware/PrettyExceptions.php(67): Slim\Middleware\MethodOverride->call()
#8 /opt/local/www/apache2/html/core/commons/slim/vendor/slim/slim/Slim/Slim.php(1300): Slim\Middleware\PrettyExceptions->call()
#9 /opt/local/www/apache2/html/index.php(53): Slim\Slim->run()
#10 {main} (at /opt/local/www/apache2/html/routes/activity_route.php line 19)
2018-07-26 13:56:16 [DEBUG] activity_route.php: END /login ---------- (at /opt/local/www/apache2/html/routes/activity_route.php line 23)
2018-07-26 13:57:29 [DEBUG] activity_route.php: START /login ---------- (at /opt/local/www/apache2/html/routes/activity_route.php line 5)
2018-07-26 13:57:29 [DEBUG] user_service.php: ---------- authentifyUser ---------- (at /opt/local/www/apache2/html/core/class/services/user_service.php line 206)
2018-07-26 13:57:31 [DEBUG] user_service.php: Array
(
    [status] => 1
    [user] => Array
        (
            [id] => 1
            [name] => Loic
            [firstname] => Amsellem
            [mail] => loic@vanam.fr
            [mobile_line] => 06 99 99 99 99
            [direct_line] => 04 91 99 99 99
            [passwd] => loic13$$
            [url_picture] => resources/users/logos/74971201.jpg
            [role] => 
            [role_id] => 
            [company] => 
        )

    [key] => 22282966416d420bb5396e1ba57f00f3
)
 (at /opt/local/www/apache2/html/core/class/services/user_service.php line 285)
2018-07-26 13:57:31 [DEBUG] user_service.php: --------------------------------------------------- (at /opt/local/www/apache2/html/core/class/services/user_service.php line 286)
2018-07-26 13:57:31 [DEBUG] activity_route.php: END /login ---------- (at /opt/local/www/apache2/html/routes/activity_route.php line 23)
2018-07-26 13:57:34 [DEBUG] activity_route.php: START /company ---------- (at /opt/local/www/apache2/html/routes/activity_route.php line 46)
2018-07-26 13:57:34 [DEBUG] tools_service.php: START getAllCompanies -------  (at /opt/local/www/apache2/html/core/class/services/tools_service.php line 13)
2018-07-26 13:57:34 [DEBUG] tools_service.php: 22282966416d420bb5396e1ba57f00f3 (at /opt/local/www/apache2/html/core/class/services/tools_service.php line 14)
2018-07-26 13:57:35 [DEBUG] tools_service.php: END getAllCompanies -------  (at /opt/local/www/apache2/html/core/class/services/tools_service.php line 35)
2018-07-26 13:57:35 [DEBUG] activity_route.php: END /company ---------- (at /opt/local/www/apache2/html/routes/activity_route.php line 60)
2018-07-26 14:40:20 [DEBUG] activity_route.php: START /login ---------- (at /opt/local/www/apache2/html/routes/activity_route.php line 5)
2018-07-26 14:40:20 [DEBUG] user_service.php: ---------- authentifyUser ---------- (at /opt/local/www/apache2/html/core/class/services/user_service.php line 206)
2018-07-26 14:40:22 [DEBUG] user_service.php: Array
(
    [status] => 1
    [user] => Array
        (
            [id] => 1
            [name] => Loic
            [firstname] => Amsellem
            [mail] => loic@vanam.fr
            [mobile_line] => 06 99 99 99 99
            [direct_line] => 04 91 99 99 99
            [passwd] => loic13$$
            [url_picture] => resources/users/logos/74971201.jpg
            [role] => 
            [role_id] => 
            [company] => 
        )

    [key] => 22282966416d420bb5396e1ba57f00f3
)
 (at /opt/local/www/apache2/html/core/class/services/user_service.php line 285)
2018-07-26 14:40:22 [DEBUG] user_service.php: --------------------------------------------------- (at /opt/local/www/apache2/html/core/class/services/user_service.php line 286)
2018-07-26 14:40:22 [DEBUG] activity_route.php: END /login ---------- (at /opt/local/www/apache2/html/routes/activity_route.php line 23)
2018-07-26 14:40:26 [DEBUG] activity_route.php: START /company ---------- (at /opt/local/www/apache2/html/routes/activity_route.php line 46)
2018-07-26 14:40:26 [DEBUG] tools_service.php: START getAllCompanies -------  (at /opt/local/www/apache2/html/core/class/services/tools_service.php line 13)
2018-07-26 14:40:26 [DEBUG] tools_service.php: 22282966416d420bb5396e1ba57f00f3 (at /opt/local/www/apache2/html/core/class/services/tools_service.php line 14)
2018-07-26 14:40:26 [DEBUG] tools_service.php: END getAllCompanies -------  (at /opt/local/www/apache2/html/core/class/services/tools_service.php line 35)
2018-07-26 14:40:26 [DEBUG] activity_route.php: END /company ---------- (at /opt/local/www/apache2/html/routes/activity_route.php line 60)
