2018-06-17 06:46:02 [DEBUG] activity_route.php: START /company ---------- (at /var/www/vhosts/vanam.fr/api.utiledev.vanam.fr/routes/activity_route.php line 46)
2018-06-17 06:46:02 [DEBUG] tools_service.php: START getAllCompanies -------  (at /var/www/vhosts/vanam.fr/api.utiledev.vanam.fr/core/class/services/tools_service.php line 13)
2018-06-17 06:46:02 [DEBUG] tools_service.php: c2f1bb57e4a1d58a3ae710ef0c7acfb1 (at /var/www/vhosts/vanam.fr/api.utiledev.vanam.fr/core/class/services/tools_service.php line 14)
2018-06-17 06:46:02 [DEBUG] tools_service.php: END getAllCompanies -------  (at /var/www/vhosts/vanam.fr/api.utiledev.vanam.fr/core/class/services/tools_service.php line 35)
2018-06-17 06:46:02 [DEBUG] activity_route.php: END /company ---------- (at /var/www/vhosts/vanam.fr/api.utiledev.vanam.fr/routes/activity_route.php line 60)
2018-06-17 08:05:50 [DEBUG] entry_event_route.php: START /entry ---------- (at /var/www/vhosts/vanam.fr/api.utiledev.vanam.fr/routes/entry_event_route.php line 375)
2018-06-17 08:05:50 [DEBUG] entry_event_service.php: START getAllEntities [ENTRY EVENT] -------  (at /var/www/vhosts/vanam.fr/api.utiledev.vanam.fr/core/class/services/entry_event_service.php line 165)
2018-06-17 08:05:50 [DEBUG] entry_event_service.php: END getAllEntities [ENTRY EVENT] -------  (at /var/www/vhosts/vanam.fr/api.utiledev.vanam.fr/core/class/services/entry_event_service.php line 212)
2018-06-17 08:05:50 [DEBUG] entry_event_route.php: END /entry ---------- (at /var/www/vhosts/vanam.fr/api.utiledev.vanam.fr/routes/entry_event_route.php line 397)
2018-06-17 08:05:52 [DEBUG] range_route.php: START /range ---------- (at /var/www/vhosts/vanam.fr/api.utiledev.vanam.fr/routes/range_route.php line 201)
2018-06-17 08:05:52 [DEBUG] range_service.php: START getAllEntities [RANGE] -------  (at /var/www/vhosts/vanam.fr/api.utiledev.vanam.fr/core/class/services/range_service.php line 61)
2018-06-17 08:05:52 [DEBUG] range_detail_service.php: START getAllEntities [RANGE DETAIL] -------  (at /var/www/vhosts/vanam.fr/api.utiledev.vanam.fr/core/class/services/range_detail_service.php line 63)
2018-06-17 08:05:52 [DEBUG] range_detail_service.php: END getAllEntities [RANGE DETAIL] -------  (at /var/www/vhosts/vanam.fr/api.utiledev.vanam.fr/core/class/services/range_detail_service.php line 85)
2018-06-17 08:05:52 [DEBUG] range_detail_service.php: START getAllEntities [RANGE DETAIL] -------  (at /var/www/vhosts/vanam.fr/api.utiledev.vanam.fr/core/class/services/range_detail_service.php line 63)
2018-06-17 08:05:52 [DEBUG] range_detail_service.php: END getAllEntities [RANGE DETAIL] -------  (at /var/www/vhosts/vanam.fr/api.utiledev.vanam.fr/core/class/services/range_detail_service.php line 85)
2018-06-17 08:05:52 [DEBUG] range_detail_service.php: START getAllEntities [RANGE DETAIL] -------  (at /var/www/vhosts/vanam.fr/api.utiledev.vanam.fr/core/class/services/range_detail_service.php line 63)
2018-06-17 08:05:52 [DEBUG] range_detail_service.php: END getAllEntities [RANGE DETAIL] -------  (at /var/www/vhosts/vanam.fr/api.utiledev.vanam.fr/core/class/services/range_detail_service.php line 85)
2018-06-17 08:05:52 [DEBUG] range_detail_service.php: START getAllEntities [RANGE DETAIL] -------  (at /var/www/vhosts/vanam.fr/api.utiledev.vanam.fr/core/class/services/range_detail_service.php line 63)
2018-06-17 08:05:52 [DEBUG] range_detail_service.php: END getAllEntities [RANGE DETAIL] -------  (at /var/www/vhosts/vanam.fr/api.utiledev.vanam.fr/core/class/services/range_detail_service.php line 85)
2018-06-17 08:05:52 [DEBUG] range_detail_service.php: START getAllEntities [RANGE DETAIL] -------  (at /var/www/vhosts/vanam.fr/api.utiledev.vanam.fr/core/class/services/range_detail_service.php line 63)
2018-06-17 08:05:52 [DEBUG] range_detail_service.php: END getAllEntities [RANGE DETAIL] -------  (at /var/www/vhosts/vanam.fr/api.utiledev.vanam.fr/core/class/services/range_detail_service.php line 85)
2018-06-17 08:05:52 [DEBUG] range_detail_service.php: START getAllEntities [RANGE DETAIL] -------  (at /var/www/vhosts/vanam.fr/api.utiledev.vanam.fr/core/class/services/range_detail_service.php line 63)
2018-06-17 08:05:52 [DEBUG] range_detail_service.php: END getAllEntities [RANGE DETAIL] -------  (at /var/www/vhosts/vanam.fr/api.utiledev.vanam.fr/core/class/services/range_detail_service.php line 85)
2018-06-17 08:05:52 [DEBUG] range_detail_service.php: START getAllEntities [RANGE DETAIL] -------  (at /var/www/vhosts/vanam.fr/api.utiledev.vanam.fr/core/class/services/range_detail_service.php line 63)
2018-06-17 08:05:52 [DEBUG] range_detail_service.php: END getAllEntities [RANGE DETAIL] -------  (at /var/www/vhosts/vanam.fr/api.utiledev.vanam.fr/core/class/services/range_detail_service.php line 85)
2018-06-17 08:05:52 [DEBUG] range_detail_service.php: START getAllEntities [RANGE DETAIL] -------  (at /var/www/vhosts/vanam.fr/api.utiledev.vanam.fr/core/class/services/range_detail_service.php line 63)
2018-06-17 08:05:52 [DEBUG] range_detail_service.php: END getAllEntities [RANGE DETAIL] -------  (at /var/www/vhosts/vanam.fr/api.utiledev.vanam.fr/core/class/services/range_detail_service.php line 85)
2018-06-17 08:05:52 [DEBUG] range_detail_service.php: START getAllEntities [RANGE DETAIL] -------  (at /var/www/vhosts/vanam.fr/api.utiledev.vanam.fr/core/class/services/range_detail_service.php line 63)
2018-06-17 08:05:52 [DEBUG] range_detail_service.php: END getAllEntities [RANGE DETAIL] -------  (at /var/www/vhosts/vanam.fr/api.utiledev.vanam.fr/core/class/services/range_detail_service.php line 85)
2018-06-17 08:05:52 [DEBUG] range_detail_service.php: START getAllEntities [RANGE DETAIL] -------  (at /var/www/vhosts/vanam.fr/api.utiledev.vanam.fr/core/class/services/range_detail_service.php line 63)
2018-06-17 08:05:52 [DEBUG] range_detail_service.php: END getAllEntities [RANGE DETAIL] -------  (at /var/www/vhosts/vanam.fr/api.utiledev.vanam.fr/core/class/services/range_detail_service.php line 85)
2018-06-17 08:05:52 [DEBUG] range_detail_service.php: START getAllEntities [RANGE DETAIL] -------  (at /var/www/vhosts/vanam.fr/api.utiledev.vanam.fr/core/class/services/range_detail_service.php line 63)
2018-06-17 08:05:52 [DEBUG] range_detail_service.php: END getAllEntities [RANGE DETAIL] -------  (at /var/www/vhosts/vanam.fr/api.utiledev.vanam.fr/core/class/services/range_detail_service.php line 85)
2018-06-17 08:05:52 [DEBUG] range_detail_service.php: START getAllEntities [RANGE DETAIL] -------  (at /var/www/vhosts/vanam.fr/api.utiledev.vanam.fr/core/class/services/range_detail_service.php line 63)
2018-06-17 08:05:52 [DEBUG] range_detail_service.php: END getAllEntities [RANGE DETAIL] -------  (at /var/www/vhosts/vanam.fr/api.utiledev.vanam.fr/core/class/services/range_detail_service.php line 85)
2018-06-17 08:05:52 [DEBUG] range_detail_service.php: START getAllEntities [RANGE DETAIL] -------  (at /var/www/vhosts/vanam.fr/api.utiledev.vanam.fr/core/class/services/range_detail_service.php line 63)
2018-06-17 08:05:52 [DEBUG] range_detail_service.php: END getAllEntities [RANGE DETAIL] -------  (at /var/www/vhosts/vanam.fr/api.utiledev.vanam.fr/core/class/services/range_detail_service.php line 85)
2018-06-17 08:05:52 [DEBUG] range_detail_service.php: START getAllEntities [RANGE DETAIL] -------  (at /var/www/vhosts/vanam.fr/api.utiledev.vanam.fr/core/class/services/range_detail_service.php line 63)
2018-06-17 08:05:52 [DEBUG] range_detail_service.php: END getAllEntities [RANGE DETAIL] -------  (at /var/www/vhosts/vanam.fr/api.utiledev.vanam.fr/core/class/services/range_detail_service.php line 85)
2018-06-17 08:05:52 [DEBUG] range_detail_service.php: START getAllEntities [RANGE DETAIL] -------  (at /var/www/vhosts/vanam.fr/api.utiledev.vanam.fr/core/class/services/range_detail_service.php line 63)
2018-06-17 08:05:52 [DEBUG] range_detail_service.php: END getAllEntities [RANGE DETAIL] -------  (at /var/www/vhosts/vanam.fr/api.utiledev.vanam.fr/core/class/services/range_detail_service.php line 85)
2018-06-17 08:05:52 [DEBUG] range_detail_service.php: START getAllEntities [RANGE DETAIL] -------  (at /var/www/vhosts/vanam.fr/api.utiledev.vanam.fr/core/class/services/range_detail_service.php line 63)
2018-06-17 08:05:52 [DEBUG] range_detail_service.php: END getAllEntities [RANGE DETAIL] -------  (at /var/www/vhosts/vanam.fr/api.utiledev.vanam.fr/core/class/services/range_detail_service.php line 85)
2018-06-17 08:05:52 [DEBUG] range_detail_service.php: START getAllEntities [RANGE DETAIL] -------  (at /var/www/vhosts/vanam.fr/api.utiledev.vanam.fr/core/class/services/range_detail_service.php line 63)
2018-06-17 08:05:52 [DEBUG] range_detail_service.php: END getAllEntities [RANGE DETAIL] -------  (at /var/www/vhosts/vanam.fr/api.utiledev.vanam.fr/core/class/services/range_detail_service.php line 85)
2018-06-17 08:05:52 [DEBUG] range_detail_service.php: START getAllEntities [RANGE DETAIL] -------  (at /var/www/vhosts/vanam.fr/api.utiledev.vanam.fr/core/class/services/range_detail_service.php line 63)
2018-06-17 08:05:52 [DEBUG] range_detail_service.php: END getAllEntities [RANGE DETAIL] -------  (at /var/www/vhosts/vanam.fr/api.utiledev.vanam.fr/core/class/services/range_detail_service.php line 85)
2018-06-17 08:05:52 [DEBUG] range_detail_service.php: START getAllEntities [RANGE DETAIL] -------  (at /var/www/vhosts/vanam.fr/api.utiledev.vanam.fr/core/class/services/range_detail_service.php line 63)
2018-06-17 08:05:52 [DEBUG] range_detail_service.php: END getAllEntities [RANGE DETAIL] -------  (at /var/www/vhosts/vanam.fr/api.utiledev.vanam.fr/core/class/services/range_detail_service.php line 85)
2018-06-17 08:05:52 [DEBUG] range_detail_service.php: START getAllEntities [RANGE DETAIL] -------  (at /var/www/vhosts/vanam.fr/api.utiledev.vanam.fr/core/class/services/range_detail_service.php line 63)
2018-06-17 08:05:52 [DEBUG] range_detail_service.php: END getAllEntities [RANGE DETAIL] -------  (at /var/www/vhosts/vanam.fr/api.utiledev.vanam.fr/core/class/services/range_detail_service.php line 85)
2018-06-17 08:05:52 [DEBUG] range_detail_service.php: START getAllEntities [RANGE DETAIL] -------  (at /var/www/vhosts/vanam.fr/api.utiledev.vanam.fr/core/class/services/range_detail_service.php line 63)
2018-06-17 08:05:52 [DEBUG] range_detail_service.php: END getAllEntities [RANGE DETAIL] -------  (at /var/www/vhosts/vanam.fr/api.utiledev.vanam.fr/core/class/services/range_detail_service.php line 85)
2018-06-17 08:05:52 [DEBUG] range_detail_service.php: START getAllEntities [RANGE DETAIL] -------  (at /var/www/vhosts/vanam.fr/api.utiledev.vanam.fr/core/class/services/range_detail_service.php line 63)
2018-06-17 08:05:52 [DEBUG] range_detail_service.php: END getAllEntities [RANGE DETAIL] -------  (at /var/www/vhosts/vanam.fr/api.utiledev.vanam.fr/core/class/services/range_detail_service.php line 85)
2018-06-17 08:05:52 [DEBUG] range_detail_service.php: START getAllEntities [RANGE DETAIL] -------  (at /var/www/vhosts/vanam.fr/api.utiledev.vanam.fr/core/class/services/range_detail_service.php line 63)
2018-06-17 08:05:52 [DEBUG] range_detail_service.php: END getAllEntities [RANGE DETAIL] -------  (at /var/www/vhosts/vanam.fr/api.utiledev.vanam.fr/core/class/services/range_detail_service.php line 85)
2018-06-17 08:05:52 [DEBUG] range_detail_service.php: START getAllEntities [RANGE DETAIL] -------  (at /var/www/vhosts/vanam.fr/api.utiledev.vanam.fr/core/class/services/range_detail_service.php line 63)
2018-06-17 08:05:52 [DEBUG] range_detail_service.php: END getAllEntities [RANGE DETAIL] -------  (at /var/www/vhosts/vanam.fr/api.utiledev.vanam.fr/core/class/services/range_detail_service.php line 85)
2018-06-17 08:05:52 [DEBUG] range_detail_service.php: START getAllEntities [RANGE DETAIL] -------  (at /var/www/vhosts/vanam.fr/api.utiledev.vanam.fr/core/class/services/range_detail_service.php line 63)
2018-06-17 08:05:52 [DEBUG] range_detail_service.php: END getAllEntities [RANGE DETAIL] -------  (at /var/www/vhosts/vanam.fr/api.utiledev.vanam.fr/core/class/services/range_detail_service.php line 85)
2018-06-17 08:05:52 [DEBUG] range_detail_service.php: START getAllEntities [RANGE DETAIL] -------  (at /var/www/vhosts/vanam.fr/api.utiledev.vanam.fr/core/class/services/range_detail_service.php line 63)
2018-06-17 08:05:52 [DEBUG] range_detail_service.php: END getAllEntities [RANGE DETAIL] -------  (at /var/www/vhosts/vanam.fr/api.utiledev.vanam.fr/core/class/services/range_detail_service.php line 85)
2018-06-17 08:05:52 [DEBUG] range_detail_service.php: START getAllEntities [RANGE DETAIL] -------  (at /var/www/vhosts/vanam.fr/api.utiledev.vanam.fr/core/class/services/range_detail_service.php line 63)
2018-06-17 08:05:52 [DEBUG] range_detail_service.php: END getAllEntities [RANGE DETAIL] -------  (at /var/www/vhosts/vanam.fr/api.utiledev.vanam.fr/core/class/services/range_detail_service.php line 85)
2018-06-17 08:05:52 [DEBUG] range_detail_service.php: START getAllEntities [RANGE DETAIL] -------  (at /var/www/vhosts/vanam.fr/api.utiledev.vanam.fr/core/class/services/range_detail_service.php line 63)
2018-06-17 08:05:52 [DEBUG] range_detail_service.php: END getAllEntities [RANGE DETAIL] -------  (at /var/www/vhosts/vanam.fr/api.utiledev.vanam.fr/core/class/services/range_detail_service.php line 85)
2018-06-17 08:05:52 [DEBUG] range_detail_service.php: START getAllEntities [RANGE DETAIL] -------  (at /var/www/vhosts/vanam.fr/api.utiledev.vanam.fr/core/class/services/range_detail_service.php line 63)
2018-06-17 08:05:52 [DEBUG] range_detail_service.php: END getAllEntities [RANGE DETAIL] -------  (at /var/www/vhosts/vanam.fr/api.utiledev.vanam.fr/core/class/services/range_detail_service.php line 85)
2018-06-17 08:05:52 [DEBUG] range_detail_service.php: START getAllEntities [RANGE DETAIL] -------  (at /var/www/vhosts/vanam.fr/api.utiledev.vanam.fr/core/class/services/range_detail_service.php line 63)
2018-06-17 08:05:52 [DEBUG] range_detail_service.php: END getAllEntities [RANGE DETAIL] -------  (at /var/www/vhosts/vanam.fr/api.utiledev.vanam.fr/core/class/services/range_detail_service.php line 85)
2018-06-17 08:05:52 [DEBUG] range_detail_service.php: START getAllEntities [RANGE DETAIL] -------  (at /var/www/vhosts/vanam.fr/api.utiledev.vanam.fr/core/class/services/range_detail_service.php line 63)
2018-06-17 08:05:52 [DEBUG] range_detail_service.php: END getAllEntities [RANGE DETAIL] -------  (at /var/www/vhosts/vanam.fr/api.utiledev.vanam.fr/core/class/services/range_detail_service.php line 85)
2018-06-17 08:05:52 [DEBUG] range_detail_service.php: START getAllEntities [RANGE DETAIL] -------  (at /var/www/vhosts/vanam.fr/api.utiledev.vanam.fr/core/class/services/range_detail_service.php line 63)
2018-06-17 08:05:52 [DEBUG] range_detail_service.php: END getAllEntities [RANGE DETAIL] -------  (at /var/www/vhosts/vanam.fr/api.utiledev.vanam.fr/core/class/services/range_detail_service.php line 85)
2018-06-17 08:05:52 [DEBUG] range_detail_service.php: START getAllEntities [RANGE DETAIL] -------  (at /var/www/vhosts/vanam.fr/api.utiledev.vanam.fr/core/class/services/range_detail_service.php line 63)
2018-06-17 08:05:52 [DEBUG] range_detail_service.php: END getAllEntities [RANGE DETAIL] -------  (at /var/www/vhosts/vanam.fr/api.utiledev.vanam.fr/core/class/services/range_detail_service.php line 85)
2018-06-17 08:05:52 [DEBUG] range_detail_service.php: START getAllEntities [RANGE DETAIL] -------  (at /var/www/vhosts/vanam.fr/api.utiledev.vanam.fr/core/class/services/range_detail_service.php line 63)
2018-06-17 08:05:52 [DEBUG] range_detail_service.php: END getAllEntities [RANGE DETAIL] -------  (at /var/www/vhosts/vanam.fr/api.utiledev.vanam.fr/core/class/services/range_detail_service.php line 85)
2018-06-17 08:05:52 [DEBUG] range_detail_service.php: START getAllEntities [RANGE DETAIL] -------  (at /var/www/vhosts/vanam.fr/api.utiledev.vanam.fr/core/class/services/range_detail_service.php line 63)
2018-06-17 08:05:52 [DEBUG] range_detail_service.php: END getAllEntities [RANGE DETAIL] -------  (at /var/www/vhosts/vanam.fr/api.utiledev.vanam.fr/core/class/services/range_detail_service.php line 85)
2018-06-17 08:05:52 [DEBUG] range_detail_service.php: START getAllEntities [RANGE DETAIL] -------  (at /var/www/vhosts/vanam.fr/api.utiledev.vanam.fr/core/class/services/range_detail_service.php line 63)
2018-06-17 08:05:52 [DEBUG] range_detail_service.php: END getAllEntities [RANGE DETAIL] -------  (at /var/www/vhosts/vanam.fr/api.utiledev.vanam.fr/core/class/services/range_detail_service.php line 85)
2018-06-17 08:05:52 [DEBUG] range_detail_service.php: START getAllEntities [RANGE DETAIL] -------  (at /var/www/vhosts/vanam.fr/api.utiledev.vanam.fr/core/class/services/range_detail_service.php line 63)
2018-06-17 08:05:52 [DEBUG] range_detail_service.php: END getAllEntities [RANGE DETAIL] -------  (at /var/www/vhosts/vanam.fr/api.utiledev.vanam.fr/core/class/services/range_detail_service.php line 85)
2018-06-17 08:05:52 [DEBUG] range_detail_service.php: START getAllEntities [RANGE DETAIL] -------  (at /var/www/vhosts/vanam.fr/api.utiledev.vanam.fr/core/class/services/range_detail_service.php line 63)
2018-06-17 08:05:52 [DEBUG] range_detail_service.php: END getAllEntities [RANGE DETAIL] -------  (at /var/www/vhosts/vanam.fr/api.utiledev.vanam.fr/core/class/services/range_detail_service.php line 85)
2018-06-17 08:05:52 [DEBUG] range_detail_service.php: START getAllEntities [RANGE DETAIL] -------  (at /var/www/vhosts/vanam.fr/api.utiledev.vanam.fr/core/class/services/range_detail_service.php line 63)
2018-06-17 08:05:52 [DEBUG] range_detail_service.php: END getAllEntities [RANGE DETAIL] -------  (at /var/www/vhosts/vanam.fr/api.utiledev.vanam.fr/core/class/services/range_detail_service.php line 85)
2018-06-17 08:05:52 [DEBUG] range_detail_service.php: START getAllEntities [RANGE DETAIL] -------  (at /var/www/vhosts/vanam.fr/api.utiledev.vanam.fr/core/class/services/range_detail_service.php line 63)
2018-06-17 08:05:52 [DEBUG] range_detail_service.php: END getAllEntities [RANGE DETAIL] -------  (at /var/www/vhosts/vanam.fr/api.utiledev.vanam.fr/core/class/services/range_detail_service.php line 85)
2018-06-17 08:05:52 [DEBUG] range_detail_service.php: START getAllEntities [RANGE DETAIL] -------  (at /var/www/vhosts/vanam.fr/api.utiledev.vanam.fr/core/class/services/range_detail_service.php line 63)
2018-06-17 08:05:52 [DEBUG] range_detail_service.php: END getAllEntities [RANGE DETAIL] -------  (at /var/www/vhosts/vanam.fr/api.utiledev.vanam.fr/core/class/services/range_detail_service.php line 85)
2018-06-17 08:05:52 [DEBUG] range_detail_service.php: START getAllEntities [RANGE DETAIL] -------  (at /var/www/vhosts/vanam.fr/api.utiledev.vanam.fr/core/class/services/range_detail_service.php line 63)
2018-06-17 08:05:52 [DEBUG] range_detail_service.php: END getAllEntities [RANGE DETAIL] -------  (at /var/www/vhosts/vanam.fr/api.utiledev.vanam.fr/core/class/services/range_detail_service.php line 85)
2018-06-17 08:05:52 [DEBUG] range_detail_service.php: START getAllEntities [RANGE DETAIL] -------  (at /var/www/vhosts/vanam.fr/api.utiledev.vanam.fr/core/class/services/range_detail_service.php line 63)
2018-06-17 08:05:52 [DEBUG] range_detail_service.php: END getAllEntities [RANGE DETAIL] -------  (at /var/www/vhosts/vanam.fr/api.utiledev.vanam.fr/core/class/services/range_detail_service.php line 85)
2018-06-17 08:05:52 [DEBUG] range_detail_service.php: START getAllEntities [RANGE DETAIL] -------  (at /var/www/vhosts/vanam.fr/api.utiledev.vanam.fr/core/class/services/range_detail_service.php line 63)
2018-06-17 08:05:52 [DEBUG] range_detail_service.php: END getAllEntities [RANGE DETAIL] -------  (at /var/www/vhosts/vanam.fr/api.utiledev.vanam.fr/core/class/services/range_detail_service.php line 85)
2018-06-17 08:05:52 [DEBUG] range_detail_service.php: START getAllEntities [RANGE DETAIL] -------  (at /var/www/vhosts/vanam.fr/api.utiledev.vanam.fr/core/class/services/range_detail_service.php line 63)
2018-06-17 08:05:52 [DEBUG] range_detail_service.php: END getAllEntities [RANGE DETAIL] -------  (at /var/www/vhosts/vanam.fr/api.utiledev.vanam.fr/core/class/services/range_detail_service.php line 85)
2018-06-17 08:05:52 [DEBUG] range_detail_service.php: START getAllEntities [RANGE DETAIL] -------  (at /var/www/vhosts/vanam.fr/api.utiledev.vanam.fr/core/class/services/range_detail_service.php line 63)
2018-06-17 08:05:52 [DEBUG] range_detail_service.php: END getAllEntities [RANGE DETAIL] -------  (at /var/www/vhosts/vanam.fr/api.utiledev.vanam.fr/core/class/services/range_detail_service.php line 85)
2018-06-17 08:05:52 [DEBUG] range_detail_service.php: START getAllEntities [RANGE DETAIL] -------  (at /var/www/vhosts/vanam.fr/api.utiledev.vanam.fr/core/class/services/range_detail_service.php line 63)
2018-06-17 08:05:52 [DEBUG] range_detail_service.php: END getAllEntities [RANGE DETAIL] -------  (at /var/www/vhosts/vanam.fr/api.utiledev.vanam.fr/core/class/services/range_detail_service.php line 85)
2018-06-17 08:05:52 [DEBUG] range_detail_service.php: START getAllEntities [RANGE DETAIL] -------  (at /var/www/vhosts/vanam.fr/api.utiledev.vanam.fr/core/class/services/range_detail_service.php line 63)
2018-06-17 08:05:52 [DEBUG] range_detail_service.php: END getAllEntities [RANGE DETAIL] -------  (at /var/www/vhosts/vanam.fr/api.utiledev.vanam.fr/core/class/services/range_detail_service.php line 85)
2018-06-17 08:05:52 [DEBUG] range_detail_service.php: START getAllEntities [RANGE DETAIL] -------  (at /var/www/vhosts/vanam.fr/api.utiledev.vanam.fr/core/class/services/range_detail_service.php line 63)
2018-06-17 08:05:52 [DEBUG] range_detail_service.php: END getAllEntities [RANGE DETAIL] -------  (at /var/www/vhosts/vanam.fr/api.utiledev.vanam.fr/core/class/services/range_detail_service.php line 85)
2018-06-17 08:05:52 [DEBUG] range_detail_service.php: START getAllEntities [RANGE DETAIL] -------  (at /var/www/vhosts/vanam.fr/api.utiledev.vanam.fr/core/class/services/range_detail_service.php line 63)
2018-06-17 08:05:52 [DEBUG] range_detail_service.php: END getAllEntities [RANGE DETAIL] -------  (at /var/www/vhosts/vanam.fr/api.utiledev.vanam.fr/core/class/services/range_detail_service.php line 85)
2018-06-17 08:05:52 [DEBUG] range_detail_service.php: START getAllEntities [RANGE DETAIL] -------  (at /var/www/vhosts/vanam.fr/api.utiledev.vanam.fr/core/class/services/range_detail_service.php line 63)
2018-06-17 08:05:52 [DEBUG] range_detail_service.php: END getAllEntities [RANGE DETAIL] -------  (at /var/www/vhosts/vanam.fr/api.utiledev.vanam.fr/core/class/services/range_detail_service.php line 85)
2018-06-17 08:05:52 [DEBUG] range_detail_service.php: START getAllEntities [RANGE DETAIL] -------  (at /var/www/vhosts/vanam.fr/api.utiledev.vanam.fr/core/class/services/range_detail_service.php line 63)
2018-06-17 08:05:52 [DEBUG] range_detail_service.php: END getAllEntities [RANGE DETAIL] -------  (at /var/www/vhosts/vanam.fr/api.utiledev.vanam.fr/core/class/services/range_detail_service.php line 85)
2018-06-17 08:05:52 [DEBUG] range_detail_service.php: START getAllEntities [RANGE DETAIL] -------  (at /var/www/vhosts/vanam.fr/api.utiledev.vanam.fr/core/class/services/range_detail_service.php line 63)
2018-06-17 08:05:52 [DEBUG] range_detail_service.php: END getAllEntities [RANGE DETAIL] -------  (at /var/www/vhosts/vanam.fr/api.utiledev.vanam.fr/core/class/services/range_detail_service.php line 85)
2018-06-17 08:05:52 [DEBUG] range_detail_service.php: START getAllEntities [RANGE DETAIL] -------  (at /var/www/vhosts/vanam.fr/api.utiledev.vanam.fr/core/class/services/range_detail_service.php line 63)
2018-06-17 08:05:52 [DEBUG] range_detail_service.php: END getAllEntities [RANGE DETAIL] -------  (at /var/www/vhosts/vanam.fr/api.utiledev.vanam.fr/core/class/services/range_detail_service.php line 85)
2018-06-17 08:05:52 [DEBUG] range_detail_service.php: START getAllEntities [RANGE DETAIL] -------  (at /var/www/vhosts/vanam.fr/api.utiledev.vanam.fr/core/class/services/range_detail_service.php line 63)
2018-06-17 08:05:52 [DEBUG] range_detail_service.php: END getAllEntities [RANGE DETAIL] -------  (at /var/www/vhosts/vanam.fr/api.utiledev.vanam.fr/core/class/services/range_detail_service.php line 85)
2018-06-17 08:05:52 [DEBUG] range_detail_service.php: START getAllEntities [RANGE DETAIL] -------  (at /var/www/vhosts/vanam.fr/api.utiledev.vanam.fr/core/class/services/range_detail_service.php line 63)
2018-06-17 08:05:52 [DEBUG] range_detail_service.php: END getAllEntities [RANGE DETAIL] -------  (at /var/www/vhosts/vanam.fr/api.utiledev.vanam.fr/core/class/services/range_detail_service.php line 85)
2018-06-17 08:05:52 [DEBUG] range_detail_service.php: START getAllEntities [RANGE DETAIL] -------  (at /var/www/vhosts/vanam.fr/api.utiledev.vanam.fr/core/class/services/range_detail_service.php line 63)
2018-06-17 08:05:52 [DEBUG] range_detail_service.php: END getAllEntities [RANGE DETAIL] -------  (at /var/www/vhosts/vanam.fr/api.utiledev.vanam.fr/core/class/services/range_detail_service.php line 85)
2018-06-17 08:05:52 [DEBUG] range_detail_service.php: START getAllEntities [RANGE DETAIL] -------  (at /var/www/vhosts/vanam.fr/api.utiledev.vanam.fr/core/class/services/range_detail_service.php line 63)
2018-06-17 08:05:52 [DEBUG] range_detail_service.php: END getAllEntities [RANGE DETAIL] -------  (at /var/www/vhosts/vanam.fr/api.utiledev.vanam.fr/core/class/services/range_detail_service.php line 85)
2018-06-17 08:05:52 [DEBUG] range_detail_service.php: START getAllEntities [RANGE DETAIL] -------  (at /var/www/vhosts/vanam.fr/api.utiledev.vanam.fr/core/class/services/range_detail_service.php line 63)
2018-06-17 08:05:52 [DEBUG] range_detail_service.php: END getAllEntities [RANGE DETAIL] -------  (at /var/www/vhosts/vanam.fr/api.utiledev.vanam.fr/core/class/services/range_detail_service.php line 85)
2018-06-17 08:05:52 [DEBUG] range_detail_service.php: START getAllEntities [RANGE DETAIL] -------  (at /var/www/vhosts/vanam.fr/api.utiledev.vanam.fr/core/class/services/range_detail_service.php line 63)
2018-06-17 08:05:52 [DEBUG] range_detail_service.php: END getAllEntities [RANGE DETAIL] -------  (at /var/www/vhosts/vanam.fr/api.utiledev.vanam.fr/core/class/services/range_detail_service.php line 85)
2018-06-17 08:05:52 [DEBUG] range_detail_service.php: START getAllEntities [RANGE DETAIL] -------  (at /var/www/vhosts/vanam.fr/api.utiledev.vanam.fr/core/class/services/range_detail_service.php line 63)
2018-06-17 08:05:52 [DEBUG] range_detail_service.php: END getAllEntities [RANGE DETAIL] -------  (at /var/www/vhosts/vanam.fr/api.utiledev.vanam.fr/core/class/services/range_detail_service.php line 85)
2018-06-17 08:05:52 [DEBUG] range_detail_service.php: START getAllEntities [RANGE DETAIL] -------  (at /var/www/vhosts/vanam.fr/api.utiledev.vanam.fr/core/class/services/range_detail_service.php line 63)
2018-06-17 08:05:52 [DEBUG] range_detail_service.php: END getAllEntities [RANGE DETAIL] -------  (at /var/www/vhosts/vanam.fr/api.utiledev.vanam.fr/core/class/services/range_detail_service.php line 85)
2018-06-17 08:05:52 [DEBUG] range_detail_service.php: START getAllEntities [RANGE DETAIL] -------  (at /var/www/vhosts/vanam.fr/api.utiledev.vanam.fr/core/class/services/range_detail_service.php line 63)
2018-06-17 08:05:52 [DEBUG] range_detail_service.php: END getAllEntities [RANGE DETAIL] -------  (at /var/www/vhosts/vanam.fr/api.utiledev.vanam.fr/core/class/services/range_detail_service.php line 85)
2018-06-17 08:05:52 [DEBUG] range_detail_service.php: START getAllEntities [RANGE DETAIL] -------  (at /var/www/vhosts/vanam.fr/api.utiledev.vanam.fr/core/class/services/range_detail_service.php line 63)
2018-06-17 08:05:52 [DEBUG] range_detail_service.php: END getAllEntities [RANGE DETAIL] -------  (at /var/www/vhosts/vanam.fr/api.utiledev.vanam.fr/core/class/services/range_detail_service.php line 85)
2018-06-17 08:05:52 [DEBUG] range_detail_service.php: START getAllEntities [RANGE DETAIL] -------  (at /var/www/vhosts/vanam.fr/api.utiledev.vanam.fr/core/class/services/range_detail_service.php line 63)
2018-06-17 08:05:52 [DEBUG] range_detail_service.php: END getAllEntities [RANGE DETAIL] -------  (at /var/www/vhosts/vanam.fr/api.utiledev.vanam.fr/core/class/services/range_detail_service.php line 85)
2018-06-17 08:05:52 [DEBUG] range_detail_service.php: START getAllEntities [RANGE DETAIL] -------  (at /var/www/vhosts/vanam.fr/api.utiledev.vanam.fr/core/class/services/range_detail_service.php line 63)
2018-06-17 08:05:52 [DEBUG] range_detail_service.php: END getAllEntities [RANGE DETAIL] -------  (at /var/www/vhosts/vanam.fr/api.utiledev.vanam.fr/core/class/services/range_detail_service.php line 85)
2018-06-17 08:05:52 [DEBUG] range_detail_service.php: START getAllEntities [RANGE DETAIL] -------  (at /var/www/vhosts/vanam.fr/api.utiledev.vanam.fr/core/class/services/range_detail_service.php line 63)
2018-06-17 08:05:52 [DEBUG] range_detail_service.php: END getAllEntities [RANGE DETAIL] -------  (at /var/www/vhosts/vanam.fr/api.utiledev.vanam.fr/core/class/services/range_detail_service.php line 85)
2018-06-17 08:05:52 [DEBUG] range_detail_service.php: START getAllEntities [RANGE DETAIL] -------  (at /var/www/vhosts/vanam.fr/api.utiledev.vanam.fr/core/class/services/range_detail_service.php line 63)
2018-06-17 08:05:52 [DEBUG] range_detail_service.php: END getAllEntities [RANGE DETAIL] -------  (at /var/www/vhosts/vanam.fr/api.utiledev.vanam.fr/core/class/services/range_detail_service.php line 85)
2018-06-17 08:05:52 [DEBUG] range_service.php: END getAllEntities [RANGE] -------  (at /var/www/vhosts/vanam.fr/api.utiledev.vanam.fr/core/class/services/range_service.php line 88)
2018-06-17 08:05:52 [DEBUG] range_route.php: END /range ---------- (at /var/www/vhosts/vanam.fr/api.utiledev.vanam.fr/routes/range_route.php line 218)
