2018-06-03 09:38:07 [DEBUG] activity_route.php: START /company ---------- (at /var/www/vhosts/vanam.fr/api.utiledev.vanam.fr/routes/activity_route.php line 46)
2018-06-03 09:38:07 [DEBUG] tools_service.php: START getAllCompanies -------  (at /var/www/vhosts/vanam.fr/api.utiledev.vanam.fr/core/class/services/tools_service.php line 13)
2018-06-03 09:38:07 [DEBUG] tools_service.php: c2f1bb57e4a1d58a3ae710ef0c7acfb1 (at /var/www/vhosts/vanam.fr/api.utiledev.vanam.fr/core/class/services/tools_service.php line 14)
2018-06-03 09:38:07 [DEBUG] tools_service.php: END getAllCompanies -------  (at /var/www/vhosts/vanam.fr/api.utiledev.vanam.fr/core/class/services/tools_service.php line 35)
2018-06-03 09:38:07 [DEBUG] activity_route.php: END /company ---------- (at /var/www/vhosts/vanam.fr/api.utiledev.vanam.fr/routes/activity_route.php line 60)
2018-06-03 09:38:09 [DEBUG] gender_route.php: START /gender ---------- (at /var/www/vhosts/vanam.fr/api.utiledev.vanam.fr/routes/gender_route.php line 65)
2018-06-03 09:38:09 [DEBUG] gender_service.php: START getAllEntities [GENDER] -------  (at /var/www/vhosts/vanam.fr/api.utiledev.vanam.fr/core/class/services/gender_service.php line 62)
2018-06-03 09:38:09 [DEBUG] gender_service.php: END getAllEntities [GENDER] -------  (at /var/www/vhosts/vanam.fr/api.utiledev.vanam.fr/core/class/services/gender_service.php line 84)
2018-06-03 09:38:09 [DEBUG] gender_route.php: END /gender ---------- (at /var/www/vhosts/vanam.fr/api.utiledev.vanam.fr/routes/gender_route.php line 82)
2018-06-03 09:38:10 [DEBUG] category_route.php: START /category ---------- (at /var/www/vhosts/vanam.fr/api.utiledev.vanam.fr/routes/category_route.php line 65)
2018-06-03 09:38:10 [DEBUG] category_service.php: START getAllEntities [CATEGORY] -------  (at /var/www/vhosts/vanam.fr/api.utiledev.vanam.fr/core/class/services/category_service.php line 62)
2018-06-03 09:38:10 [DEBUG] category_service.php: END getAllEntities [CATEGORY] -------  (at /var/www/vhosts/vanam.fr/api.utiledev.vanam.fr/core/class/services/category_service.php line 95)
2018-06-03 09:38:10 [DEBUG] category_route.php: END /category ---------- (at /var/www/vhosts/vanam.fr/api.utiledev.vanam.fr/routes/category_route.php line 82)
2018-06-03 09:38:10 [DEBUG] sport_route.php: START /sport ---------- (at /var/www/vhosts/vanam.fr/api.utiledev.vanam.fr/routes/sport_route.php line 65)
2018-06-03 09:38:10 [DEBUG] sport_service.php: START getAllEntities [SPORT] -------  (at /var/www/vhosts/vanam.fr/api.utiledev.vanam.fr/core/class/services/sport_service.php line 62)
2018-06-03 09:38:10 [DEBUG] sport_service.php: END getAllEntities [SPORT] -------  (at /var/www/vhosts/vanam.fr/api.utiledev.vanam.fr/core/class/services/sport_service.php line 84)
2018-06-03 09:38:10 [DEBUG] sport_route.php: END /sport ---------- (at /var/www/vhosts/vanam.fr/api.utiledev.vanam.fr/routes/sport_route.php line 82)
2018-06-03 09:38:10 [DEBUG] brand_route.php: START /brand ---------- (at /var/www/vhosts/vanam.fr/api.utiledev.vanam.fr/routes/brand_route.php line 122)
2018-06-03 09:38:10 [DEBUG] brand_service.php: START getAllEntities [BRAND] -------  (at /var/www/vhosts/vanam.fr/api.utiledev.vanam.fr/core/class/services/brand_service.php line 64)
2018-06-03 09:38:10 [DEBUG] brand_service.php: END getAllEntities [BRAND] -------  (at /var/www/vhosts/vanam.fr/api.utiledev.vanam.fr/core/class/services/brand_service.php line 99)
2018-06-03 09:38:10 [DEBUG] brand_route.php: END /brand ---------- (at /var/www/vhosts/vanam.fr/api.utiledev.vanam.fr/routes/brand_route.php line 139)
2018-06-03 09:38:13 [DEBUG] product_route.php: START /product/search ---------- (at /var/www/vhosts/vanam.fr/api.utiledev.vanam.fr/routes/product_route.php line 61)
2018-06-03 09:38:13 [DEBUG] product_service.php: START getProductsByCriteria [PRODUCTS] -------  (at /var/www/vhosts/vanam.fr/api.utiledev.vanam.fr/core/class/services/product_service.php line 315)
2018-06-03 09:38:13 [DEBUG] product_service.php: END getProductsByCriteria [PRODUCTS] -------  (at /var/www/vhosts/vanam.fr/api.utiledev.vanam.fr/core/class/services/product_service.php line 661)
2018-06-03 09:38:13 [DEBUG] product_route.php: END /product/search ---------- (at /var/www/vhosts/vanam.fr/api.utiledev.vanam.fr/routes/product_route.php line 110)
2018-06-03 09:38:19 [DEBUG] product_route.php: START /product/search ---------- (at /var/www/vhosts/vanam.fr/api.utiledev.vanam.fr/routes/product_route.php line 61)
2018-06-03 09:38:19 [DEBUG] product_service.php: START getProductsByCriteria [PRODUCTS] -------  (at /var/www/vhosts/vanam.fr/api.utiledev.vanam.fr/core/class/services/product_service.php line 315)
2018-06-03 09:38:19 [DEBUG] file_helper.php: START generateXlsxProductsFile -------  (at /var/www/vhosts/vanam.fr/api.utiledev.vanam.fr/core/class/helpers/file_helper.php line 96)
2018-06-03 09:38:19 [DEBUG] excel_helper.php: START generateExcelFileFromData -------  (at /var/www/vhosts/vanam.fr/api.utiledev.vanam.fr/core/class/helpers/excel_helper.php line 13)
2018-06-03 09:38:20 [DEBUG] excel_helper.php: END generateExcelFileFromData -------  (at /var/www/vhosts/vanam.fr/api.utiledev.vanam.fr/core/class/helpers/excel_helper.php line 231)
2018-06-03 09:38:20 [DEBUG] file_helper.php: END generateXlsxProductsFile -------  (at /var/www/vhosts/vanam.fr/api.utiledev.vanam.fr/core/class/helpers/file_helper.php line 110)
2018-06-03 09:38:20 [DEBUG] product_service.php: END getProductsByCriteria [PRODUCTS] -------  (at /var/www/vhosts/vanam.fr/api.utiledev.vanam.fr/core/class/services/product_service.php line 661)
2018-06-03 09:38:20 [DEBUG] product_route.php: END /product/search ---------- (at /var/www/vhosts/vanam.fr/api.utiledev.vanam.fr/routes/product_route.php line 110)
2018-06-03 09:38:29 [DEBUG] product_route.php: START /product/search ---------- (at /var/www/vhosts/vanam.fr/api.utiledev.vanam.fr/routes/product_route.php line 61)
2018-06-03 09:38:29 [DEBUG] product_service.php: START getProductsByCriteria [PRODUCTS] -------  (at /var/www/vhosts/vanam.fr/api.utiledev.vanam.fr/core/class/services/product_service.php line 315)
2018-06-03 09:38:31 [DEBUG] product_service.php: END getProductsByCriteria [PRODUCTS] -------  (at /var/www/vhosts/vanam.fr/api.utiledev.vanam.fr/core/class/services/product_service.php line 661)
2018-06-03 09:38:31 [DEBUG] product_route.php: END /product/search ---------- (at /var/www/vhosts/vanam.fr/api.utiledev.vanam.fr/routes/product_route.php line 110)
2018-06-03 09:41:35 [DEBUG] product_route.php: START /product/search ---------- (at /var/www/vhosts/vanam.fr/api.utiledev.vanam.fr/routes/product_route.php line 61)
2018-06-03 09:41:35 [DEBUG] product_service.php: START getProductsByCriteria [PRODUCTS] -------  (at /var/www/vhosts/vanam.fr/api.utiledev.vanam.fr/core/class/services/product_service.php line 315)
2018-06-03 09:41:35 [DEBUG] file_helper.php: START generateXlsxProductsFile -------  (at /var/www/vhosts/vanam.fr/api.utiledev.vanam.fr/core/class/helpers/file_helper.php line 96)
2018-06-03 09:41:35 [DEBUG] excel_helper.php: START generateExcelFileFromData -------  (at /var/www/vhosts/vanam.fr/api.utiledev.vanam.fr/core/class/helpers/excel_helper.php line 13)
2018-06-03 09:41:43 [DEBUG] excel_helper.php: END generateExcelFileFromData -------  (at /var/www/vhosts/vanam.fr/api.utiledev.vanam.fr/core/class/helpers/excel_helper.php line 231)
2018-06-03 09:41:43 [DEBUG] file_helper.php: END generateXlsxProductsFile -------  (at /var/www/vhosts/vanam.fr/api.utiledev.vanam.fr/core/class/helpers/file_helper.php line 110)
2018-06-03 09:41:43 [DEBUG] product_service.php: END getProductsByCriteria [PRODUCTS] -------  (at /var/www/vhosts/vanam.fr/api.utiledev.vanam.fr/core/class/services/product_service.php line 661)
2018-06-03 09:41:43 [DEBUG] product_route.php: END /product/search ---------- (at /var/www/vhosts/vanam.fr/api.utiledev.vanam.fr/routes/product_route.php line 110)
2018-06-03 09:41:53 [DEBUG] product_route.php: START /product/search ---------- (at /var/www/vhosts/vanam.fr/api.utiledev.vanam.fr/routes/product_route.php line 61)
2018-06-03 09:41:53 [DEBUG] product_service.php: START getProductsByCriteria [PRODUCTS] -------  (at /var/www/vhosts/vanam.fr/api.utiledev.vanam.fr/core/class/services/product_service.php line 315)
2018-06-03 09:41:53 [DEBUG] product_service.php: END getProductsByCriteria [PRODUCTS] -------  (at /var/www/vhosts/vanam.fr/api.utiledev.vanam.fr/core/class/services/product_service.php line 661)
2018-06-03 09:41:53 [DEBUG] product_route.php: END /product/search ---------- (at /var/www/vhosts/vanam.fr/api.utiledev.vanam.fr/routes/product_route.php line 110)
2018-06-03 09:42:17 [DEBUG] product_route.php: START /product/search ---------- (at /var/www/vhosts/vanam.fr/api.utiledev.vanam.fr/routes/product_route.php line 61)
2018-06-03 09:42:17 [DEBUG] product_service.php: START getProductsByCriteria [PRODUCTS] -------  (at /var/www/vhosts/vanam.fr/api.utiledev.vanam.fr/core/class/services/product_service.php line 315)
2018-06-03 09:42:17 [DEBUG] file_helper.php: START generateXlsxProductsFile -------  (at /var/www/vhosts/vanam.fr/api.utiledev.vanam.fr/core/class/helpers/file_helper.php line 96)
2018-06-03 09:42:17 [DEBUG] excel_helper.php: START generateExcelFileFromData -------  (at /var/www/vhosts/vanam.fr/api.utiledev.vanam.fr/core/class/helpers/excel_helper.php line 13)
2018-06-03 09:42:17 [DEBUG] excel_helper.php: END generateExcelFileFromData -------  (at /var/www/vhosts/vanam.fr/api.utiledev.vanam.fr/core/class/helpers/excel_helper.php line 231)
2018-06-03 09:42:17 [DEBUG] file_helper.php: END generateXlsxProductsFile -------  (at /var/www/vhosts/vanam.fr/api.utiledev.vanam.fr/core/class/helpers/file_helper.php line 110)
2018-06-03 09:42:17 [DEBUG] product_service.php: END getProductsByCriteria [PRODUCTS] -------  (at /var/www/vhosts/vanam.fr/api.utiledev.vanam.fr/core/class/services/product_service.php line 661)
2018-06-03 09:42:17 [DEBUG] product_route.php: END /product/search ---------- (at /var/www/vhosts/vanam.fr/api.utiledev.vanam.fr/routes/product_route.php line 110)
