2018-06-23 02:21:31 [DEBUG] activity_route.php: START /login ---------- (at /var/www/vhosts/vanam.fr/api.utiledev.vanam.fr/routes/activity_route.php line 5)
2018-06-23 02:21:31 [DEBUG] user_service.php: ---------- authentifyUser ---------- (at /var/www/vhosts/vanam.fr/api.utiledev.vanam.fr/core/class/services/user_service.php line 206)
2018-06-23 02:21:31 [DEBUG] user_service.php: Array
(
    [status] => 1
    [user] => Array
        (
            [id] => 1
            [name] => Loic
            [firstname] => Amsellem
            [mail] => loic@vanam.fr
            [mobile_line] => 06 99 99 99 99
            [direct_line] => 04 91 99 99 99
            [passwd] => loic13$$
            [url_picture] => resources/users/logos/74971201.jpg
            [role] => Array
                (
                    [id] => 1
                    [role] => SUPER_ADMIN
                )

            [role_id] => 1
            [company] => Array
                (
                    [id] => 1
                    [name] => VANAM
                    [url_logo] => resources/companies/logo_vanam.png
                )

        )

    [key] => 15a03c0701150b2f9e25bf461e935b9d
)
 (at /var/www/vhosts/vanam.fr/api.utiledev.vanam.fr/core/class/services/user_service.php line 285)
2018-06-23 02:21:31 [DEBUG] user_service.php: --------------------------------------------------- (at /var/www/vhosts/vanam.fr/api.utiledev.vanam.fr/core/class/services/user_service.php line 286)
2018-06-23 02:21:31 [DEBUG] activity_route.php: END /login ---------- (at /var/www/vhosts/vanam.fr/api.utiledev.vanam.fr/routes/activity_route.php line 23)
2018-06-23 02:21:32 [DEBUG] activity_route.php: START /company ---------- (at /var/www/vhosts/vanam.fr/api.utiledev.vanam.fr/routes/activity_route.php line 46)
2018-06-23 02:21:32 [DEBUG] tools_service.php: START getAllCompanies -------  (at /var/www/vhosts/vanam.fr/api.utiledev.vanam.fr/core/class/services/tools_service.php line 13)
2018-06-23 02:21:32 [DEBUG] tools_service.php: 15a03c0701150b2f9e25bf461e935b9d (at /var/www/vhosts/vanam.fr/api.utiledev.vanam.fr/core/class/services/tools_service.php line 14)
2018-06-23 02:21:32 [DEBUG] tools_service.php: END getAllCompanies -------  (at /var/www/vhosts/vanam.fr/api.utiledev.vanam.fr/core/class/services/tools_service.php line 35)
2018-06-23 02:21:32 [DEBUG] activity_route.php: END /company ---------- (at /var/www/vhosts/vanam.fr/api.utiledev.vanam.fr/routes/activity_route.php line 60)
2018-06-23 02:21:41 [DEBUG] activity_route.php: START /company ---------- (at /var/www/vhosts/vanam.fr/api.utiledev.vanam.fr/routes/activity_route.php line 46)
2018-06-23 02:21:41 [DEBUG] tools_service.php: START getAllCompanies -------  (at /var/www/vhosts/vanam.fr/api.utiledev.vanam.fr/core/class/services/tools_service.php line 13)
2018-06-23 02:21:41 [DEBUG] tools_service.php: 15a03c0701150b2f9e25bf461e935b9d (at /var/www/vhosts/vanam.fr/api.utiledev.vanam.fr/core/class/services/tools_service.php line 14)
2018-06-23 02:21:41 [DEBUG] tools_service.php: END getAllCompanies -------  (at /var/www/vhosts/vanam.fr/api.utiledev.vanam.fr/core/class/services/tools_service.php line 35)
2018-06-23 02:21:41 [DEBUG] activity_route.php: END /company ---------- (at /var/www/vhosts/vanam.fr/api.utiledev.vanam.fr/routes/activity_route.php line 60)
2018-06-23 02:21:50 [DEBUG] activity_route.php: START /logout ---------- (at /var/www/vhosts/vanam.fr/api.utiledev.vanam.fr/routes/activity_route.php line 28)
2018-06-23 02:21:50 [DEBUG] user_service.php: START logoutUser -------  (at /var/www/vhosts/vanam.fr/api.utiledev.vanam.fr/core/class/services/user_service.php line 292)
2018-06-23 02:21:50 [DEBUG] user_service.php: END logoutUser -------  (at /var/www/vhosts/vanam.fr/api.utiledev.vanam.fr/core/class/services/user_service.php line 308)
2018-06-23 02:21:50 [DEBUG] activity_route.php: END /logout ---------- (at /var/www/vhosts/vanam.fr/api.utiledev.vanam.fr/routes/activity_route.php line 41)
2018-06-23 02:21:52 [DEBUG] activity_route.php: START /login ---------- (at /var/www/vhosts/vanam.fr/api.utiledev.vanam.fr/routes/activity_route.php line 5)
2018-06-23 02:21:52 [DEBUG] user_service.php: ---------- authentifyUser ---------- (at /var/www/vhosts/vanam.fr/api.utiledev.vanam.fr/core/class/services/user_service.php line 206)
2018-06-23 02:21:52 [DEBUG] user_service.php: Array
(
    [status] => 1
    [user] => Array
        (
            [id] => 1
            [name] => Loic
            [firstname] => Amsellem
            [mail] => loic@vanam.fr
            [mobile_line] => 06 99 99 99 99
            [direct_line] => 04 91 99 99 99
            [passwd] => loic13$$
            [url_picture] => resources/users/logos/74971201.jpg
            [role] => Array
                (
                    [id] => 1
                    [role] => SUPER_ADMIN
                )

            [role_id] => 1
            [company] => Array
                (
                    [id] => 1
                    [name] => VANAM
                    [url_logo] => resources/companies/logo_vanam.png
                )

        )

    [key] => a96b4d762ae0572ef590120ec28e4b6c
)
 (at /var/www/vhosts/vanam.fr/api.utiledev.vanam.fr/core/class/services/user_service.php line 285)
2018-06-23 02:21:52 [DEBUG] user_service.php: --------------------------------------------------- (at /var/www/vhosts/vanam.fr/api.utiledev.vanam.fr/core/class/services/user_service.php line 286)
2018-06-23 02:21:52 [DEBUG] activity_route.php: END /login ---------- (at /var/www/vhosts/vanam.fr/api.utiledev.vanam.fr/routes/activity_route.php line 23)
2018-06-23 02:21:52 [DEBUG] activity_route.php: START /company ---------- (at /var/www/vhosts/vanam.fr/api.utiledev.vanam.fr/routes/activity_route.php line 46)
2018-06-23 02:21:52 [DEBUG] tools_service.php: START getAllCompanies -------  (at /var/www/vhosts/vanam.fr/api.utiledev.vanam.fr/core/class/services/tools_service.php line 13)
2018-06-23 02:21:52 [DEBUG] tools_service.php: a96b4d762ae0572ef590120ec28e4b6c (at /var/www/vhosts/vanam.fr/api.utiledev.vanam.fr/core/class/services/tools_service.php line 14)
2018-06-23 02:21:52 [DEBUG] tools_service.php: END getAllCompanies -------  (at /var/www/vhosts/vanam.fr/api.utiledev.vanam.fr/core/class/services/tools_service.php line 35)
2018-06-23 02:21:52 [DEBUG] activity_route.php: END /company ---------- (at /var/www/vhosts/vanam.fr/api.utiledev.vanam.fr/routes/activity_route.php line 60)
2018-06-23 02:22:01 [DEBUG] activity_route.php: START /logout ---------- (at /var/www/vhosts/vanam.fr/api.utiledev.vanam.fr/routes/activity_route.php line 28)
2018-06-23 02:22:01 [DEBUG] user_service.php: START logoutUser -------  (at /var/www/vhosts/vanam.fr/api.utiledev.vanam.fr/core/class/services/user_service.php line 292)
2018-06-23 02:22:01 [DEBUG] user_service.php: END logoutUser -------  (at /var/www/vhosts/vanam.fr/api.utiledev.vanam.fr/core/class/services/user_service.php line 308)
2018-06-23 02:22:01 [DEBUG] activity_route.php: END /logout ---------- (at /var/www/vhosts/vanam.fr/api.utiledev.vanam.fr/routes/activity_route.php line 41)
2018-06-23 02:22:06 [DEBUG] activity_route.php: START /login ---------- (at /var/www/vhosts/vanam.fr/api.utiledev.vanam.fr/routes/activity_route.php line 5)
2018-06-23 02:22:06 [DEBUG] user_service.php: ---------- authentifyUser ---------- (at /var/www/vhosts/vanam.fr/api.utiledev.vanam.fr/core/class/services/user_service.php line 206)
2018-06-23 02:22:06 [DEBUG] user_service.php: Array
(
    [status] => 1
    [user] => Array
        (
            [id] => 1
            [name] => Loic
            [firstname] => Amsellem
            [mail] => loic@vanam.fr
            [mobile_line] => 06 99 99 99 99
            [direct_line] => 04 91 99 99 99
            [passwd] => loic13$$
            [url_picture] => resources/users/logos/74971201.jpg
            [role] => Array
                (
                    [id] => 1
                    [role] => SUPER_ADMIN
                )

            [role_id] => 1
            [company] => Array
                (
                    [id] => 1
                    [name] => VANAM
                    [url_logo] => resources/companies/logo_vanam.png
                )

        )

    [key] => 766cc429fd8a19ed043d04c386827d92
)
 (at /var/www/vhosts/vanam.fr/api.utiledev.vanam.fr/core/class/services/user_service.php line 285)
2018-06-23 02:22:06 [DEBUG] user_service.php: --------------------------------------------------- (at /var/www/vhosts/vanam.fr/api.utiledev.vanam.fr/core/class/services/user_service.php line 286)
2018-06-23 02:22:06 [DEBUG] activity_route.php: END /login ---------- (at /var/www/vhosts/vanam.fr/api.utiledev.vanam.fr/routes/activity_route.php line 23)
2018-06-23 02:22:07 [DEBUG] activity_route.php: START /company ---------- (at /var/www/vhosts/vanam.fr/api.utiledev.vanam.fr/routes/activity_route.php line 46)
2018-06-23 02:22:07 [DEBUG] tools_service.php: START getAllCompanies -------  (at /var/www/vhosts/vanam.fr/api.utiledev.vanam.fr/core/class/services/tools_service.php line 13)
2018-06-23 02:22:07 [DEBUG] tools_service.php: 766cc429fd8a19ed043d04c386827d92 (at /var/www/vhosts/vanam.fr/api.utiledev.vanam.fr/core/class/services/tools_service.php line 14)
2018-06-23 02:22:07 [DEBUG] tools_service.php: END getAllCompanies -------  (at /var/www/vhosts/vanam.fr/api.utiledev.vanam.fr/core/class/services/tools_service.php line 35)
2018-06-23 02:22:07 [DEBUG] activity_route.php: END /company ---------- (at /var/www/vhosts/vanam.fr/api.utiledev.vanam.fr/routes/activity_route.php line 60)
2018-06-23 02:22:15 [DEBUG] activity_route.php: START /company ---------- (at /var/www/vhosts/vanam.fr/api.utiledev.vanam.fr/routes/activity_route.php line 46)
2018-06-23 02:22:15 [DEBUG] tools_service.php: START getAllCompanies -------  (at /var/www/vhosts/vanam.fr/api.utiledev.vanam.fr/core/class/services/tools_service.php line 13)
2018-06-23 02:22:15 [DEBUG] tools_service.php: 766cc429fd8a19ed043d04c386827d92 (at /var/www/vhosts/vanam.fr/api.utiledev.vanam.fr/core/class/services/tools_service.php line 14)
2018-06-23 02:22:15 [DEBUG] tools_service.php: END getAllCompanies -------  (at /var/www/vhosts/vanam.fr/api.utiledev.vanam.fr/core/class/services/tools_service.php line 35)
2018-06-23 02:22:15 [DEBUG] activity_route.php: END /company ---------- (at /var/www/vhosts/vanam.fr/api.utiledev.vanam.fr/routes/activity_route.php line 60)
