2019-04-10 01:57:07 [DEBUG] category_route.php: START /category ---------- (at D:\Projects\vanam\backend\routes\category_route.php line 65)
2019-04-10 01:57:07 [DEBUG] category_service.php: START getAllEntities [CATEGORY] -------  (at D:\Projects\vanam\backend\core\class\services\category_service.php line 62)
2019-04-10 01:57:07 [DEBUG] category_service.php: END getAllEntities [CATEGORY] -------  (at D:\Projects\vanam\backend\core\class\services\category_service.php line 95)
2019-04-10 01:57:07 [DEBUG] category_route.php: END /category ---------- (at D:\Projects\vanam\backend\routes\category_route.php line 82)
2019-04-10 01:57:10 [DEBUG] category_route.php: START /category ---------- (at D:\Projects\vanam\backend\routes\category_route.php line 65)
2019-04-10 01:57:10 [DEBUG] category_service.php: START getAllEntities [CATEGORY] -------  (at D:\Projects\vanam\backend\core\class\services\category_service.php line 62)
2019-04-10 01:57:10 [DEBUG] category_service.php: END getAllEntities [CATEGORY] -------  (at D:\Projects\vanam\backend\core\class\services\category_service.php line 95)
2019-04-10 01:57:10 [DEBUG] category_route.php: END /category ---------- (at D:\Projects\vanam\backend\routes\category_route.php line 82)
2019-04-10 01:57:20 [DEBUG] brand_route.php: START /brand ---------- (at D:\Projects\vanam\backend\routes\brand_route.php line 122)
2019-04-10 01:57:20 [DEBUG] brand_service.php: START getAllEntities [BRAND] -------  (at D:\Projects\vanam\backend\core\class\services\brand_service.php line 64)
2019-04-10 01:57:20 [DEBUG] brand_service.php: END getAllEntities [BRAND] -------  (at D:\Projects\vanam\backend\core\class\services\brand_service.php line 99)
2019-04-10 01:57:20 [DEBUG] brand_route.php: END /brand ---------- (at D:\Projects\vanam\backend\routes\brand_route.php line 139)
2019-04-10 01:57:39 [DEBUG] brand_route.php: START /brand ---------- (at D:\Projects\vanam\backend\routes\brand_route.php line 122)
2019-04-10 01:57:39 [DEBUG] brand_service.php: START getAllEntities [BRAND] -------  (at D:\Projects\vanam\backend\core\class\services\brand_service.php line 64)
2019-04-10 01:57:39 [DEBUG] brand_service.php: END getAllEntities [BRAND] -------  (at D:\Projects\vanam\backend\core\class\services\brand_service.php line 99)
2019-04-10 01:57:39 [DEBUG] brand_route.php: END /brand ---------- (at D:\Projects\vanam\backend\routes\brand_route.php line 139)
2019-04-10 02:06:25 [DEBUG] brand_route.php: START /brand ---------- (at D:\Projects\vanam\backend\routes\brand_route.php line 122)
2019-04-10 02:06:25 [DEBUG] brand_service.php: START getAllEntities [BRAND] -------  (at D:\Projects\vanam\backend\core\class\services\brand_service.php line 64)
2019-04-10 02:06:25 [DEBUG] brand_service.php: END getAllEntities [BRAND] -------  (at D:\Projects\vanam\backend\core\class\services\brand_service.php line 99)
2019-04-10 02:06:25 [DEBUG] brand_route.php: END /brand ---------- (at D:\Projects\vanam\backend\routes\brand_route.php line 139)
2019-04-10 02:06:27 [DEBUG] brand_route.php: START /brand ---------- (at D:\Projects\vanam\backend\routes\brand_route.php line 122)
2019-04-10 02:06:27 [DEBUG] brand_service.php: START getAllEntities [BRAND] -------  (at D:\Projects\vanam\backend\core\class\services\brand_service.php line 64)
2019-04-10 02:06:27 [DEBUG] brand_service.php: END getAllEntities [BRAND] -------  (at D:\Projects\vanam\backend\core\class\services\brand_service.php line 99)
2019-04-10 02:06:27 [DEBUG] brand_route.php: END /brand ---------- (at D:\Projects\vanam\backend\routes\brand_route.php line 139)
2019-04-10 02:07:16 [DEBUG] brand_route.php: START /brand ---------- (at D:\Projects\vanam\backend\routes\brand_route.php line 122)
2019-04-10 02:07:16 [DEBUG] brand_service.php: START getAllEntities [BRAND] -------  (at D:\Projects\vanam\backend\core\class\services\brand_service.php line 64)
2019-04-10 02:07:16 [DEBUG] brand_service.php: END getAllEntities [BRAND] -------  (at D:\Projects\vanam\backend\core\class\services\brand_service.php line 99)
2019-04-10 02:07:16 [DEBUG] brand_route.php: END /brand ---------- (at D:\Projects\vanam\backend\routes\brand_route.php line 139)
2019-04-10 02:09:37 [DEBUG] brand_route.php: START /brand ---------- (at D:\Projects\vanam\backend\routes\brand_route.php line 122)
2019-04-10 02:09:37 [DEBUG] brand_service.php: START getAllEntities [BRAND] -------  (at D:\Projects\vanam\backend\core\class\services\brand_service.php line 64)
2019-04-10 02:09:37 [DEBUG] brand_service.php: END getAllEntities [BRAND] -------  (at D:\Projects\vanam\backend\core\class\services\brand_service.php line 99)
2019-04-10 02:09:37 [DEBUG] brand_route.php: END /brand ---------- (at D:\Projects\vanam\backend\routes\brand_route.php line 139)
2019-04-10 02:17:10 [DEBUG] brand_route.php: START /brand ---------- (at D:\Projects\vanam\backend\routes\brand_route.php line 7)
2019-04-10 02:17:10 [DEBUG] brand_service.php: START addNewEntity [BRAND] -------  (at D:\Projects\vanam\backend\core\class\services\brand_service.php line 13)
2019-04-10 02:17:10 [DEBUG] brand_service.php:  (at D:\Projects\vanam\backend\core\class\services\brand_service.php line 14)
2019-04-10 02:17:10 [DEBUG] brand_service.php: END addNewEntity [BRAND] -------  (at D:\Projects\vanam\backend\core\class\services\brand_service.php line 33)
2019-04-10 02:17:10 [DEBUG] brand_route.php: END /brand ---------- (at D:\Projects\vanam\backend\routes\brand_route.php line 30)
2019-04-10 02:19:22 [DEBUG] brand_route.php: START /brand ---------- (at D:\Projects\vanam\backend\routes\brand_route.php line 7)
2019-04-10 02:19:22 [DEBUG] brand_service.php: START addNewEntity [BRAND] -------  (at D:\Projects\vanam\backend\core\class\services\brand_service.php line 13)
2019-04-10 02:19:22 [DEBUG] brand_service.php:  (at D:\Projects\vanam\backend\core\class\services\brand_service.php line 14)
2019-04-10 02:19:22 [DEBUG] brand_service.php: END addNewEntity [BRAND] -------  (at D:\Projects\vanam\backend\core\class\services\brand_service.php line 33)
2019-04-10 02:19:22 [DEBUG] brand_route.php: END /brand ---------- (at D:\Projects\vanam\backend\routes\brand_route.php line 30)
2019-04-10 02:21:32 [DEBUG] brand_route.php: START /brand ---------- (at D:\Projects\vanam\backend\routes\brand_route.php line 122)
2019-04-10 02:21:32 [DEBUG] brand_service.php: START getAllEntities [BRAND] -------  (at D:\Projects\vanam\backend\core\class\services\brand_service.php line 64)
2019-04-10 02:21:32 [DEBUG] brand_service.php: END getAllEntities [BRAND] -------  (at D:\Projects\vanam\backend\core\class\services\brand_service.php line 99)
2019-04-10 02:21:32 [DEBUG] brand_route.php: END /brand ---------- (at D:\Projects\vanam\backend\routes\brand_route.php line 139)
2019-04-10 02:21:58 [DEBUG] brand_route.php: START /brand ---------- (at D:\Projects\vanam\backend\routes\brand_route.php line 122)
2019-04-10 02:21:58 [DEBUG] brand_service.php: START getAllEntities [BRAND] -------  (at D:\Projects\vanam\backend\core\class\services\brand_service.php line 64)
2019-04-10 02:21:58 [DEBUG] brand_service.php: END getAllEntities [BRAND] -------  (at D:\Projects\vanam\backend\core\class\services\brand_service.php line 99)
2019-04-10 02:21:58 [DEBUG] brand_route.php: END /brand ---------- (at D:\Projects\vanam\backend\routes\brand_route.php line 139)
2019-04-10 02:23:05 [DEBUG] brand_route.php: START /brand ---------- (at D:\Projects\vanam\backend\routes\brand_route.php line 122)
2019-04-10 02:23:05 [DEBUG] brand_service.php: START getAllEntities [BRAND] -------  (at D:\Projects\vanam\backend\core\class\services\brand_service.php line 64)
2019-04-10 02:23:05 [DEBUG] brand_service.php: END getAllEntities [BRAND] -------  (at D:\Projects\vanam\backend\core\class\services\brand_service.php line 99)
2019-04-10 02:23:05 [DEBUG] brand_route.php: END /brand ---------- (at D:\Projects\vanam\backend\routes\brand_route.php line 139)
2019-04-10 02:23:35 [DEBUG] brand_route.php: START /brand ---------- (at D:\Projects\vanam\backend\routes\brand_route.php line 122)
2019-04-10 02:23:35 [DEBUG] brand_service.php: START getAllEntities [BRAND] -------  (at D:\Projects\vanam\backend\core\class\services\brand_service.php line 64)
2019-04-10 02:23:35 [DEBUG] brand_service.php: END getAllEntities [BRAND] -------  (at D:\Projects\vanam\backend\core\class\services\brand_service.php line 99)
2019-04-10 02:23:35 [DEBUG] brand_route.php: END /brand ---------- (at D:\Projects\vanam\backend\routes\brand_route.php line 139)
2019-04-10 02:23:36 [DEBUG] brand_route.php: START /brand ---------- (at D:\Projects\vanam\backend\routes\brand_route.php line 122)
2019-04-10 02:23:36 [DEBUG] brand_service.php: START getAllEntities [BRAND] -------  (at D:\Projects\vanam\backend\core\class\services\brand_service.php line 64)
2019-04-10 02:23:36 [DEBUG] brand_service.php: END getAllEntities [BRAND] -------  (at D:\Projects\vanam\backend\core\class\services\brand_service.php line 99)
2019-04-10 02:23:36 [DEBUG] brand_route.php: END /brand ---------- (at D:\Projects\vanam\backend\routes\brand_route.php line 139)
2019-04-10 02:23:37 [DEBUG] brand_route.php: START /brand ---------- (at D:\Projects\vanam\backend\routes\brand_route.php line 122)
2019-04-10 02:23:37 [DEBUG] brand_service.php: START getAllEntities [BRAND] -------  (at D:\Projects\vanam\backend\core\class\services\brand_service.php line 64)
2019-04-10 02:23:37 [DEBUG] brand_service.php: END getAllEntities [BRAND] -------  (at D:\Projects\vanam\backend\core\class\services\brand_service.php line 99)
2019-04-10 02:23:37 [DEBUG] brand_route.php: END /brand ---------- (at D:\Projects\vanam\backend\routes\brand_route.php line 139)
2019-04-10 02:23:46 [DEBUG] brand_route.php: START /brand ---------- (at D:\Projects\vanam\backend\routes\brand_route.php line 122)
2019-04-10 02:23:46 [DEBUG] brand_service.php: START getAllEntities [BRAND] -------  (at D:\Projects\vanam\backend\core\class\services\brand_service.php line 64)
2019-04-10 02:23:46 [DEBUG] brand_service.php: END getAllEntities [BRAND] -------  (at D:\Projects\vanam\backend\core\class\services\brand_service.php line 99)
2019-04-10 02:23:46 [DEBUG] brand_route.php: END /brand ---------- (at D:\Projects\vanam\backend\routes\brand_route.php line 139)
2019-04-10 02:23:48 [DEBUG] brand_route.php: START /brand ---------- (at D:\Projects\vanam\backend\routes\brand_route.php line 122)
2019-04-10 02:23:48 [DEBUG] brand_service.php: START getAllEntities [BRAND] -------  (at D:\Projects\vanam\backend\core\class\services\brand_service.php line 64)
2019-04-10 02:23:48 [DEBUG] brand_service.php: END getAllEntities [BRAND] -------  (at D:\Projects\vanam\backend\core\class\services\brand_service.php line 99)
2019-04-10 02:23:48 [DEBUG] brand_route.php: END /brand ---------- (at D:\Projects\vanam\backend\routes\brand_route.php line 139)
2019-04-10 02:27:12 [DEBUG] brand_route.php: START /brand ---------- (at D:\Projects\vanam\backend\routes\brand_route.php line 122)
2019-04-10 02:27:12 [DEBUG] brand_service.php: START getAllEntities [BRAND] -------  (at D:\Projects\vanam\backend\core\class\services\brand_service.php line 64)
2019-04-10 02:27:12 [DEBUG] brand_service.php: END getAllEntities [BRAND] -------  (at D:\Projects\vanam\backend\core\class\services\brand_service.php line 99)
2019-04-10 02:27:12 [DEBUG] brand_route.php: END /brand ---------- (at D:\Projects\vanam\backend\routes\brand_route.php line 139)
2019-04-10 02:28:42 [DEBUG] brand_route.php: START /brand ---------- (at D:\Projects\vanam\backend\routes\brand_route.php line 7)
2019-04-10 02:28:42 [DEBUG] brand_service.php: START addNewEntity [BRAND] -------  (at D:\Projects\vanam\backend\core\class\services\brand_service.php line 13)
2019-04-10 02:28:42 [DEBUG] brand_service.php: 7757059a0e0431e40e1281596a18104f (at D:\Projects\vanam\backend\core\class\services\brand_service.php line 14)
2019-04-10 02:28:42 [DEBUG] brand_service.php: END addNewEntity [BRAND] -------  (at D:\Projects\vanam\backend\core\class\services\brand_service.php line 33)
2019-04-10 02:28:42 [DEBUG] brand_route.php: END /brand ---------- (at D:\Projects\vanam\backend\routes\brand_route.php line 30)
2019-04-10 02:28:48 [DEBUG] brand_route.php: START /brand ---------- (at D:\Projects\vanam\backend\routes\brand_route.php line 7)
2019-04-10 02:28:48 [DEBUG] brand_service.php: START addNewEntity [BRAND] -------  (at D:\Projects\vanam\backend\core\class\services\brand_service.php line 13)
2019-04-10 02:28:48 [DEBUG] brand_service.php: 7757059a0e0431e40e1281596a18104fsss (at D:\Projects\vanam\backend\core\class\services\brand_service.php line 14)
2019-04-10 02:28:48 [DEBUG] brand_service.php: END addNewEntity [BRAND] -------  (at D:\Projects\vanam\backend\core\class\services\brand_service.php line 33)
2019-04-10 02:28:48 [DEBUG] brand_route.php: END /brand ---------- (at D:\Projects\vanam\backend\routes\brand_route.php line 30)
2019-04-10 02:29:03 [DEBUG] brand_route.php: START /brand ---------- (at D:\Projects\vanam\backend\routes\brand_route.php line 7)
2019-04-10 02:29:03 [DEBUG] brand_service.php: START addNewEntity [BRAND] -------  (at D:\Projects\vanam\backend\core\class\services\brand_service.php line 13)
2019-04-10 02:29:03 [DEBUG] brand_service.php: 7757059a0e0431e40e1281596a18104fsss (at D:\Projects\vanam\backend\core\class\services\brand_service.php line 14)
2019-04-10 02:29:03 [DEBUG] brand_service.php: END addNewEntity [BRAND] -------  (at D:\Projects\vanam\backend\core\class\services\brand_service.php line 33)
2019-04-10 02:29:03 [DEBUG] brand_route.php: END /brand ---------- (at D:\Projects\vanam\backend\routes\brand_route.php line 30)
2019-04-10 02:30:08 [DEBUG] brand_route.php: START /brand ---------- (at D:\Projects\vanam\backend\routes\brand_route.php line 122)
2019-04-10 02:30:08 [DEBUG] brand_service.php: START getAllEntities [BRAND] -------  (at D:\Projects\vanam\backend\core\class\services\brand_service.php line 64)
2019-04-10 02:30:08 [DEBUG] brand_service.php: END getAllEntities [BRAND] -------  (at D:\Projects\vanam\backend\core\class\services\brand_service.php line 99)
2019-04-10 02:30:08 [DEBUG] brand_route.php: END /brand ---------- (at D:\Projects\vanam\backend\routes\brand_route.php line 139)
2019-04-10 02:31:53 [DEBUG] activity_route.php: START /login ---------- (at D:\Projects\vanam\backend\routes\activity_route.php line 5)
2019-04-10 02:31:53 [DEBUG] user_service.php: ---------- authentifyUser ---------- (at D:\Projects\vanam\backend\core\class\services\user_service.php line 206)
2019-04-10 02:31:53 [DEBUG] activity_route.php: exception 'ErrorException' with message 'Undefined index: id' in D:\Projects\vanam\backend\core\class\services\user_service.php:239
Stack trace:
#0 D:\Projects\vanam\backend\core\class\services\user_service.php(239): Slim\Slim::handleErrors(8, 'Undefined index...', 'D:\\Projects\\van...', 239, Array)
#1 D:\Projects\vanam\backend\routes\activity_route.php(15): UTILE\UserService->authentifyUser(Object(UTILE\User))
#2 [internal function]: {closure}()
#3 D:\Projects\vanam\backend\core\commons\slim\vendor\slim\slim\Slim\Route.php(468): call_user_func_array(Object(Closure), Array)
#4 D:\Projects\vanam\backend\core\commons\slim\vendor\slim\slim\Slim\Slim.php(1355): Slim\Route->dispatch()
#5 D:\Projects\vanam\backend\core\commons\slim\vendor\slim\slim\Slim\Middleware\Flash.php(85): Slim\Slim->call()
#6 D:\Projects\vanam\backend\core\commons\slim\vendor\slim\slim\Slim\Middleware\MethodOverride.php(92): Slim\Middleware\Flash->call()
#7 D:\Projects\vanam\backend\core\commons\slim\vendor\slim\slim\Slim\Middleware\PrettyExceptions.php(67): Slim\Middleware\MethodOverride->call()
#8 D:\Projects\vanam\backend\core\commons\slim\vendor\slim\slim\Slim\Slim.php(1300): Slim\Middleware\PrettyExceptions->call()
#9 D:\Projects\vanam\backend\index.php(59): Slim\Slim->run()
#10 {main} (at D:\Projects\vanam\backend\routes\activity_route.php line 19)
2019-04-10 02:31:53 [DEBUG] activity_route.php: END /login ---------- (at D:\Projects\vanam\backend\routes\activity_route.php line 23)
2019-04-10 02:33:54 [DEBUG] activity_route.php: START /login ---------- (at D:\Projects\vanam\backend\routes\activity_route.php line 5)
2019-04-10 02:33:54 [DEBUG] user_service.php: ---------- authentifyUser ---------- (at D:\Projects\vanam\backend\core\class\services\user_service.php line 206)
2019-04-10 02:33:54 [DEBUG] activity_route.php: exception 'ErrorException' with message 'Undefined index: id' in D:\Projects\vanam\backend\core\class\services\user_service.php:239
Stack trace:
#0 D:\Projects\vanam\backend\core\class\services\user_service.php(239): Slim\Slim::handleErrors(8, 'Undefined index...', 'D:\\Projects\\van...', 239, Array)
#1 D:\Projects\vanam\backend\routes\activity_route.php(15): UTILE\UserService->authentifyUser(Object(UTILE\User))
#2 [internal function]: {closure}()
#3 D:\Projects\vanam\backend\core\commons\slim\vendor\slim\slim\Slim\Route.php(468): call_user_func_array(Object(Closure), Array)
#4 D:\Projects\vanam\backend\core\commons\slim\vendor\slim\slim\Slim\Slim.php(1355): Slim\Route->dispatch()
#5 D:\Projects\vanam\backend\core\commons\slim\vendor\slim\slim\Slim\Middleware\Flash.php(85): Slim\Slim->call()
#6 D:\Projects\vanam\backend\core\commons\slim\vendor\slim\slim\Slim\Middleware\MethodOverride.php(92): Slim\Middleware\Flash->call()
#7 D:\Projects\vanam\backend\core\commons\slim\vendor\slim\slim\Slim\Middleware\PrettyExceptions.php(67): Slim\Middleware\MethodOverride->call()
#8 D:\Projects\vanam\backend\core\commons\slim\vendor\slim\slim\Slim\Slim.php(1300): Slim\Middleware\PrettyExceptions->call()
#9 D:\Projects\vanam\backend\index.php(59): Slim\Slim->run()
#10 {main} (at D:\Projects\vanam\backend\routes\activity_route.php line 19)
2019-04-10 02:33:54 [DEBUG] activity_route.php: END /login ---------- (at D:\Projects\vanam\backend\routes\activity_route.php line 23)
2019-04-10 02:35:57 [DEBUG] category_route.php: START /category ---------- (at D:\Projects\vanam\backend\routes\category_route.php line 65)
2019-04-10 02:35:57 [DEBUG] category_service.php: START getAllEntities [CATEGORY] -------  (at D:\Projects\vanam\backend\core\class\services\category_service.php line 62)
2019-04-10 02:35:57 [DEBUG] category_service.php: END getAllEntities [CATEGORY] -------  (at D:\Projects\vanam\backend\core\class\services\category_service.php line 95)
2019-04-10 02:35:57 [DEBUG] category_route.php: END /category ---------- (at D:\Projects\vanam\backend\routes\category_route.php line 82)
2019-04-10 02:43:39 [DEBUG] brand_route.php: START /brand ---------- (at D:\Projects\vanam\backend\routes\brand_route.php line 7)
2019-04-10 02:43:39 [DEBUG] brand_service.php: START addNewEntity [BRAND] -------  (at D:\Projects\vanam\backend\core\class\services\brand_service.php line 13)
2019-04-10 02:43:39 [DEBUG] brand_service.php: 7757059a0e0431e40e1281596a18104fsss (at D:\Projects\vanam\backend\core\class\services\brand_service.php line 14)
2019-04-10 02:43:39 [DEBUG] brand_service.php: END addNewEntity [BRAND] -------  (at D:\Projects\vanam\backend\core\class\services\brand_service.php line 33)
2019-04-10 02:43:39 [DEBUG] brand_route.php: END /brand ---------- (at D:\Projects\vanam\backend\routes\brand_route.php line 30)
2019-04-10 02:43:42 [DEBUG] brand_route.php: START /brand ---------- (at D:\Projects\vanam\backend\routes\brand_route.php line 7)
2019-04-10 02:43:42 [DEBUG] brand_service.php: START addNewEntity [BRAND] -------  (at D:\Projects\vanam\backend\core\class\services\brand_service.php line 13)
2019-04-10 02:43:42 [DEBUG] brand_service.php: 7757059a0e0431e40e1281596a18104fsss (at D:\Projects\vanam\backend\core\class\services\brand_service.php line 14)
2019-04-10 02:43:42 [DEBUG] brand_service.php: END addNewEntity [BRAND] -------  (at D:\Projects\vanam\backend\core\class\services\brand_service.php line 33)
2019-04-10 02:43:42 [DEBUG] brand_route.php: END /brand ---------- (at D:\Projects\vanam\backend\routes\brand_route.php line 30)
2019-04-10 02:43:49 [DEBUG] brand_route.php: START /brand ---------- (at D:\Projects\vanam\backend\routes\brand_route.php line 7)
2019-04-10 02:43:49 [DEBUG] brand_service.php: START addNewEntity [BRAND] -------  (at D:\Projects\vanam\backend\core\class\services\brand_service.php line 13)
2019-04-10 02:43:49 [DEBUG] brand_service.php:  (at D:\Projects\vanam\backend\core\class\services\brand_service.php line 14)
2019-04-10 02:43:49 [DEBUG] brand_service.php: END addNewEntity [BRAND] -------  (at D:\Projects\vanam\backend\core\class\services\brand_service.php line 33)
2019-04-10 02:43:49 [DEBUG] brand_route.php: END /brand ---------- (at D:\Projects\vanam\backend\routes\brand_route.php line 30)
2019-04-10 02:45:36 [DEBUG] brand_route.php: START /brand ---------- (at D:\Projects\vanam\backend\routes\brand_route.php line 7)
2019-04-10 02:45:36 [DEBUG] brand_service.php: START addNewEntity [BRAND] -------  (at D:\Projects\vanam\backend\core\class\services\brand_service.php line 13)
2019-04-10 02:45:36 [DEBUG] brand_service.php:  (at D:\Projects\vanam\backend\core\class\services\brand_service.php line 14)
2019-04-10 02:45:36 [DEBUG] brand_service.php: END addNewEntity [BRAND] -------  (at D:\Projects\vanam\backend\core\class\services\brand_service.php line 33)
2019-04-10 02:45:36 [DEBUG] brand_route.php: END /brand ---------- (at D:\Projects\vanam\backend\routes\brand_route.php line 30)
2019-04-10 02:45:49 [DEBUG] brand_route.php: START /brand ---------- (at D:\Projects\vanam\backend\routes\brand_route.php line 7)
2019-04-10 02:45:49 [DEBUG] brand_service.php: START addNewEntity [BRAND] -------  (at D:\Projects\vanam\backend\core\class\services\brand_service.php line 13)
2019-04-10 02:45:49 [DEBUG] brand_service.php:  (at D:\Projects\vanam\backend\core\class\services\brand_service.php line 14)
2019-04-10 02:45:49 [DEBUG] brand_service.php: END addNewEntity [BRAND] -------  (at D:\Projects\vanam\backend\core\class\services\brand_service.php line 33)
2019-04-10 02:45:49 [DEBUG] brand_route.php: END /brand ---------- (at D:\Projects\vanam\backend\routes\brand_route.php line 30)
2019-04-10 02:47:21 [DEBUG] brand_route.php: START /brand ---------- (at D:\Projects\vanam\backend\routes\brand_route.php line 122)
2019-04-10 02:47:21 [DEBUG] brand_service.php: START getAllEntities [BRAND] -------  (at D:\Projects\vanam\backend\core\class\services\brand_service.php line 64)
2019-04-10 02:47:21 [DEBUG] brand_service.php: END getAllEntities [BRAND] -------  (at D:\Projects\vanam\backend\core\class\services\brand_service.php line 99)
2019-04-10 02:47:21 [DEBUG] brand_route.php: END /brand ---------- (at D:\Projects\vanam\backend\routes\brand_route.php line 139)
2019-04-10 02:47:26 [DEBUG] brand_route.php: START /brand ---------- (at D:\Projects\vanam\backend\routes\brand_route.php line 7)
2019-04-10 02:47:26 [DEBUG] brand_service.php: START addNewEntity [BRAND] -------  (at D:\Projects\vanam\backend\core\class\services\brand_service.php line 13)
2019-04-10 02:47:26 [DEBUG] brand_service.php:  (at D:\Projects\vanam\backend\core\class\services\brand_service.php line 14)
2019-04-10 02:47:26 [DEBUG] brand_service.php: END addNewEntity [BRAND] -------  (at D:\Projects\vanam\backend\core\class\services\brand_service.php line 33)
2019-04-10 02:47:26 [DEBUG] brand_route.php: END /brand ---------- (at D:\Projects\vanam\backend\routes\brand_route.php line 30)
2019-04-10 02:48:29 [DEBUG] brand_route.php: START /brand ---------- (at D:\Projects\vanam\backend\routes\brand_route.php line 7)
2019-04-10 02:48:29 [DEBUG] brand_service.php: START addNewEntity [BRAND] -------  (at D:\Projects\vanam\backend\core\class\services\brand_service.php line 13)
2019-04-10 02:48:29 [DEBUG] brand_service.php:  (at D:\Projects\vanam\backend\core\class\services\brand_service.php line 14)
2019-04-10 02:48:29 [DEBUG] brand_service.php: END addNewEntity [BRAND] -------  (at D:\Projects\vanam\backend\core\class\services\brand_service.php line 33)
2019-04-10 02:48:29 [DEBUG] brand_route.php: END /brand ---------- (at D:\Projects\vanam\backend\routes\brand_route.php line 30)
2019-04-10 02:50:54 [DEBUG] category_route.php: START /category ---------- (at D:\Projects\vanam\backend\routes\category_route.php line 65)
2019-04-10 02:50:54 [DEBUG] category_service.php: START getAllEntities [CATEGORY] -------  (at D:\Projects\vanam\backend\core\class\services\category_service.php line 62)
2019-04-10 02:50:54 [DEBUG] category_service.php: END getAllEntities [CATEGORY] -------  (at D:\Projects\vanam\backend\core\class\services\category_service.php line 95)
2019-04-10 02:50:54 [DEBUG] category_route.php: END /category ---------- (at D:\Projects\vanam\backend\routes\category_route.php line 82)
2019-04-10 02:51:05 [DEBUG] activity_route.php: START /login ---------- (at D:\Projects\vanam\backend\routes\activity_route.php line 5)
2019-04-10 02:51:05 [DEBUG] user_service.php: ---------- authentifyUser ---------- (at D:\Projects\vanam\backend\core\class\services\user_service.php line 206)
2019-04-10 02:51:05 [DEBUG] activity_route.php: exception 'ErrorException' with message 'Undefined index: id' in D:\Projects\vanam\backend\core\class\services\user_service.php:239
Stack trace:
#0 D:\Projects\vanam\backend\core\class\services\user_service.php(239): Slim\Slim::handleErrors(8, 'Undefined index...', 'D:\\Projects\\van...', 239, Array)
#1 D:\Projects\vanam\backend\routes\activity_route.php(15): UTILE\UserService->authentifyUser(Object(UTILE\User))
#2 [internal function]: {closure}()
#3 D:\Projects\vanam\backend\core\commons\slim\vendor\slim\slim\Slim\Route.php(468): call_user_func_array(Object(Closure), Array)
#4 D:\Projects\vanam\backend\core\commons\slim\vendor\slim\slim\Slim\Slim.php(1355): Slim\Route->dispatch()
#5 D:\Projects\vanam\backend\core\commons\slim\vendor\slim\slim\Slim\Middleware\Flash.php(85): Slim\Slim->call()
#6 D:\Projects\vanam\backend\core\commons\slim\vendor\slim\slim\Slim\Middleware\MethodOverride.php(92): Slim\Middleware\Flash->call()
#7 D:\Projects\vanam\backend\core\commons\slim\vendor\slim\slim\Slim\Middleware\PrettyExceptions.php(67): Slim\Middleware\MethodOverride->call()
#8 D:\Projects\vanam\backend\core\commons\slim\vendor\slim\slim\Slim\Slim.php(1300): Slim\Middleware\PrettyExceptions->call()
#9 D:\Projects\vanam\backend\index.php(59): Slim\Slim->run()
#10 {main} (at D:\Projects\vanam\backend\routes\activity_route.php line 20)
2019-04-10 02:51:05 [DEBUG] activity_route.php: END /login ---------- (at D:\Projects\vanam\backend\routes\activity_route.php line 25)
2019-04-10 02:51:21 [DEBUG] activity_route.php: START /login ---------- (at D:\Projects\vanam\backend\routes\activity_route.php line 5)
2019-04-10 02:51:21 [DEBUG] user_service.php: ---------- authentifyUser ---------- (at D:\Projects\vanam\backend\core\class\services\user_service.php line 206)
2019-04-10 02:51:21 [DEBUG] activity_route.php: exception 'ErrorException' with message 'Undefined index: id' in D:\Projects\vanam\backend\core\class\services\user_service.php:239
Stack trace:
#0 D:\Projects\vanam\backend\core\class\services\user_service.php(239): Slim\Slim::handleErrors(8, 'Undefined index...', 'D:\\Projects\\van...', 239, Array)
#1 D:\Projects\vanam\backend\routes\activity_route.php(15): UTILE\UserService->authentifyUser(Object(UTILE\User))
#2 [internal function]: {closure}()
#3 D:\Projects\vanam\backend\core\commons\slim\vendor\slim\slim\Slim\Route.php(468): call_user_func_array(Object(Closure), Array)
#4 D:\Projects\vanam\backend\core\commons\slim\vendor\slim\slim\Slim\Slim.php(1355): Slim\Route->dispatch()
#5 D:\Projects\vanam\backend\core\commons\slim\vendor\slim\slim\Slim\Middleware\Flash.php(85): Slim\Slim->call()
#6 D:\Projects\vanam\backend\core\commons\slim\vendor\slim\slim\Slim\Middleware\MethodOverride.php(92): Slim\Middleware\Flash->call()
#7 D:\Projects\vanam\backend\core\commons\slim\vendor\slim\slim\Slim\Middleware\PrettyExceptions.php(67): Slim\Middleware\MethodOverride->call()
#8 D:\Projects\vanam\backend\core\commons\slim\vendor\slim\slim\Slim\Slim.php(1300): Slim\Middleware\PrettyExceptions->call()
#9 D:\Projects\vanam\backend\index.php(59): Slim\Slim->run()
#10 {main} (at D:\Projects\vanam\backend\routes\activity_route.php line 20)
2019-04-10 02:51:21 [DEBUG] activity_route.php: END /login ---------- (at D:\Projects\vanam\backend\routes\activity_route.php line 25)
2019-04-10 02:51:28 [DEBUG] activity_route.php: START /login ---------- (at D:\Projects\vanam\backend\routes\activity_route.php line 5)
2019-04-10 02:51:28 [DEBUG] user_service.php: ---------- authentifyUser ---------- (at D:\Projects\vanam\backend\core\class\services\user_service.php line 206)
2019-04-10 02:51:28 [DEBUG] activity_route.php: exception 'ErrorException' with message 'Undefined index: id' in D:\Projects\vanam\backend\core\class\services\user_service.php:239
Stack trace:
#0 D:\Projects\vanam\backend\core\class\services\user_service.php(239): Slim\Slim::handleErrors(8, 'Undefined index...', 'D:\\Projects\\van...', 239, Array)
#1 D:\Projects\vanam\backend\routes\activity_route.php(15): UTILE\UserService->authentifyUser(Object(UTILE\User))
#2 [internal function]: {closure}()
#3 D:\Projects\vanam\backend\core\commons\slim\vendor\slim\slim\Slim\Route.php(468): call_user_func_array(Object(Closure), Array)
#4 D:\Projects\vanam\backend\core\commons\slim\vendor\slim\slim\Slim\Slim.php(1355): Slim\Route->dispatch()
#5 D:\Projects\vanam\backend\core\commons\slim\vendor\slim\slim\Slim\Middleware\Flash.php(85): Slim\Slim->call()
#6 D:\Projects\vanam\backend\core\commons\slim\vendor\slim\slim\Slim\Middleware\MethodOverride.php(92): Slim\Middleware\Flash->call()
#7 D:\Projects\vanam\backend\core\commons\slim\vendor\slim\slim\Slim\Middleware\PrettyExceptions.php(67): Slim\Middleware\MethodOverride->call()
#8 D:\Projects\vanam\backend\core\commons\slim\vendor\slim\slim\Slim\Slim.php(1300): Slim\Middleware\PrettyExceptions->call()
#9 D:\Projects\vanam\backend\index.php(59): Slim\Slim->run()
#10 {main} (at D:\Projects\vanam\backend\routes\activity_route.php line 20)
2019-04-10 02:51:28 [DEBUG] activity_route.php: END /login ---------- (at D:\Projects\vanam\backend\routes\activity_route.php line 25)
2019-04-10 02:52:32 [DEBUG] activity_route.php: START /login ---------- (at D:\Projects\vanam\backend\routes\activity_route.php line 5)
2019-04-10 02:52:32 [DEBUG] user_service.php: ---------- authentifyUser ---------- (at D:\Projects\vanam\backend\core\class\services\user_service.php line 206)
2019-04-10 02:52:32 [DEBUG] activity_route.php: exception 'ErrorException' with message 'Undefined index: id' in D:\Projects\vanam\backend\core\class\services\user_service.php:239
Stack trace:
#0 D:\Projects\vanam\backend\core\class\services\user_service.php(239): Slim\Slim::handleErrors(8, 'Undefined index...', 'D:\\Projects\\van...', 239, Array)
#1 D:\Projects\vanam\backend\routes\activity_route.php(16): UTILE\UserService->authentifyUser(Object(UTILE\User))
#2 [internal function]: {closure}()
#3 D:\Projects\vanam\backend\core\commons\slim\vendor\slim\slim\Slim\Route.php(468): call_user_func_array(Object(Closure), Array)
#4 D:\Projects\vanam\backend\core\commons\slim\vendor\slim\slim\Slim\Slim.php(1355): Slim\Route->dispatch()
#5 D:\Projects\vanam\backend\core\commons\slim\vendor\slim\slim\Slim\Middleware\Flash.php(85): Slim\Slim->call()
#6 D:\Projects\vanam\backend\core\commons\slim\vendor\slim\slim\Slim\Middleware\MethodOverride.php(92): Slim\Middleware\Flash->call()
#7 D:\Projects\vanam\backend\core\commons\slim\vendor\slim\slim\Slim\Middleware\PrettyExceptions.php(67): Slim\Middleware\MethodOverride->call()
#8 D:\Projects\vanam\backend\core\commons\slim\vendor\slim\slim\Slim\Slim.php(1300): Slim\Middleware\PrettyExceptions->call()
#9 D:\Projects\vanam\backend\index.php(59): Slim\Slim->run()
#10 {main} (at D:\Projects\vanam\backend\routes\activity_route.php line 21)
2019-04-10 02:52:32 [DEBUG] activity_route.php: END /login ---------- (at D:\Projects\vanam\backend\routes\activity_route.php line 26)
2019-04-10 02:53:30 [DEBUG] activity_route.php: START /login ---------- (at D:\Projects\vanam\backend\routes\activity_route.php line 5)
2019-04-10 02:53:30 [DEBUG] user_service.php: ---------- authentifyUser ---------- (at D:\Projects\vanam\backend\core\class\services\user_service.php line 206)
2019-04-10 02:53:30 [DEBUG] activity_route.php: exception 'ErrorException' with message 'Undefined index: id' in D:\Projects\vanam\backend\core\class\services\user_service.php:239
Stack trace:
#0 D:\Projects\vanam\backend\core\class\services\user_service.php(239): Slim\Slim::handleErrors(8, 'Undefined index...', 'D:\\Projects\\van...', 239, Array)
#1 D:\Projects\vanam\backend\routes\activity_route.php(16): UTILE\UserService->authentifyUser(Object(UTILE\User))
#2 [internal function]: {closure}()
#3 D:\Projects\vanam\backend\core\commons\slim\vendor\slim\slim\Slim\Route.php(468): call_user_func_array(Object(Closure), Array)
#4 D:\Projects\vanam\backend\core\commons\slim\vendor\slim\slim\Slim\Slim.php(1355): Slim\Route->dispatch()
#5 D:\Projects\vanam\backend\core\commons\slim\vendor\slim\slim\Slim\Middleware\Flash.php(85): Slim\Slim->call()
#6 D:\Projects\vanam\backend\core\commons\slim\vendor\slim\slim\Slim\Middleware\MethodOverride.php(92): Slim\Middleware\Flash->call()
#7 D:\Projects\vanam\backend\core\commons\slim\vendor\slim\slim\Slim\Middleware\PrettyExceptions.php(67): Slim\Middleware\MethodOverride->call()
#8 D:\Projects\vanam\backend\core\commons\slim\vendor\slim\slim\Slim\Slim.php(1300): Slim\Middleware\PrettyExceptions->call()
#9 D:\Projects\vanam\backend\index.php(59): Slim\Slim->run()
#10 {main} (at D:\Projects\vanam\backend\routes\activity_route.php line 21)
2019-04-10 02:53:30 [DEBUG] activity_route.php: END /login ---------- (at D:\Projects\vanam\backend\routes\activity_route.php line 26)
2019-04-10 02:53:42 [DEBUG] activity_route.php: START /login ---------- (at D:\Projects\vanam\backend\routes\activity_route.php line 5)
2019-04-10 02:53:42 [DEBUG] user_service.php: ---------- authentifyUser ---------- (at D:\Projects\vanam\backend\core\class\services\user_service.php line 206)
2019-04-10 02:53:42 [DEBUG] activity_route.php: exception 'ErrorException' with message 'Undefined index: id' in D:\Projects\vanam\backend\core\class\services\user_service.php:239
Stack trace:
#0 D:\Projects\vanam\backend\core\class\services\user_service.php(239): Slim\Slim::handleErrors(8, 'Undefined index...', 'D:\\Projects\\van...', 239, Array)
#1 D:\Projects\vanam\backend\routes\activity_route.php(16): UTILE\UserService->authentifyUser(Object(UTILE\User))
#2 [internal function]: {closure}()
#3 D:\Projects\vanam\backend\core\commons\slim\vendor\slim\slim\Slim\Route.php(468): call_user_func_array(Object(Closure), Array)
#4 D:\Projects\vanam\backend\core\commons\slim\vendor\slim\slim\Slim\Slim.php(1355): Slim\Route->dispatch()
#5 D:\Projects\vanam\backend\core\commons\slim\vendor\slim\slim\Slim\Middleware\Flash.php(85): Slim\Slim->call()
#6 D:\Projects\vanam\backend\core\commons\slim\vendor\slim\slim\Slim\Middleware\MethodOverride.php(92): Slim\Middleware\Flash->call()
#7 D:\Projects\vanam\backend\core\commons\slim\vendor\slim\slim\Slim\Middleware\PrettyExceptions.php(67): Slim\Middleware\MethodOverride->call()
#8 D:\Projects\vanam\backend\core\commons\slim\vendor\slim\slim\Slim\Slim.php(1300): Slim\Middleware\PrettyExceptions->call()
#9 D:\Projects\vanam\backend\index.php(59): Slim\Slim->run()
#10 {main} (at D:\Projects\vanam\backend\routes\activity_route.php line 21)
2019-04-10 02:53:42 [DEBUG] activity_route.php: END /login ---------- (at D:\Projects\vanam\backend\routes\activity_route.php line 26)
2019-04-10 02:53:49 [DEBUG] activity_route.php: START /login ---------- (at D:\Projects\vanam\backend\routes\activity_route.php line 5)
2019-04-10 02:53:49 [DEBUG] user_service.php: ---------- authentifyUser ---------- (at D:\Projects\vanam\backend\core\class\services\user_service.php line 206)
2019-04-10 02:53:49 [DEBUG] activity_route.php: exception 'ErrorException' with message 'Undefined index: id' in D:\Projects\vanam\backend\core\class\services\user_service.php:239
Stack trace:
#0 D:\Projects\vanam\backend\core\class\services\user_service.php(239): Slim\Slim::handleErrors(8, 'Undefined index...', 'D:\\Projects\\van...', 239, Array)
#1 D:\Projects\vanam\backend\routes\activity_route.php(16): UTILE\UserService->authentifyUser(Object(UTILE\User))
#2 [internal function]: {closure}()
#3 D:\Projects\vanam\backend\core\commons\slim\vendor\slim\slim\Slim\Route.php(468): call_user_func_array(Object(Closure), Array)
#4 D:\Projects\vanam\backend\core\commons\slim\vendor\slim\slim\Slim\Slim.php(1355): Slim\Route->dispatch()
#5 D:\Projects\vanam\backend\core\commons\slim\vendor\slim\slim\Slim\Middleware\Flash.php(85): Slim\Slim->call()
#6 D:\Projects\vanam\backend\core\commons\slim\vendor\slim\slim\Slim\Middleware\MethodOverride.php(92): Slim\Middleware\Flash->call()
#7 D:\Projects\vanam\backend\core\commons\slim\vendor\slim\slim\Slim\Middleware\PrettyExceptions.php(67): Slim\Middleware\MethodOverride->call()
#8 D:\Projects\vanam\backend\core\commons\slim\vendor\slim\slim\Slim\Slim.php(1300): Slim\Middleware\PrettyExceptions->call()
#9 D:\Projects\vanam\backend\index.php(59): Slim\Slim->run()
#10 {main} (at D:\Projects\vanam\backend\routes\activity_route.php line 21)
2019-04-10 02:53:49 [DEBUG] activity_route.php: END /login ---------- (at D:\Projects\vanam\backend\routes\activity_route.php line 26)
2019-04-10 02:53:54 [DEBUG] activity_route.php: START /login ---------- (at D:\Projects\vanam\backend\routes\activity_route.php line 5)
2019-04-10 02:53:54 [DEBUG] user_service.php: ---------- authentifyUser ---------- (at D:\Projects\vanam\backend\core\class\services\user_service.php line 206)
2019-04-10 02:53:54 [DEBUG] activity_route.php: exception 'ErrorException' with message 'Undefined index: id' in D:\Projects\vanam\backend\core\class\services\user_service.php:239
Stack trace:
#0 D:\Projects\vanam\backend\core\class\services\user_service.php(239): Slim\Slim::handleErrors(8, 'Undefined index...', 'D:\\Projects\\van...', 239, Array)
#1 D:\Projects\vanam\backend\routes\activity_route.php(16): UTILE\UserService->authentifyUser(Object(UTILE\User))
#2 [internal function]: {closure}()
#3 D:\Projects\vanam\backend\core\commons\slim\vendor\slim\slim\Slim\Route.php(468): call_user_func_array(Object(Closure), Array)
#4 D:\Projects\vanam\backend\core\commons\slim\vendor\slim\slim\Slim\Slim.php(1355): Slim\Route->dispatch()
#5 D:\Projects\vanam\backend\core\commons\slim\vendor\slim\slim\Slim\Middleware\Flash.php(85): Slim\Slim->call()
#6 D:\Projects\vanam\backend\core\commons\slim\vendor\slim\slim\Slim\Middleware\MethodOverride.php(92): Slim\Middleware\Flash->call()
#7 D:\Projects\vanam\backend\core\commons\slim\vendor\slim\slim\Slim\Middleware\PrettyExceptions.php(67): Slim\Middleware\MethodOverride->call()
#8 D:\Projects\vanam\backend\core\commons\slim\vendor\slim\slim\Slim\Slim.php(1300): Slim\Middleware\PrettyExceptions->call()
#9 D:\Projects\vanam\backend\index.php(59): Slim\Slim->run()
#10 {main} (at D:\Projects\vanam\backend\routes\activity_route.php line 21)
2019-04-10 02:53:54 [DEBUG] activity_route.php: END /login ---------- (at D:\Projects\vanam\backend\routes\activity_route.php line 26)
2019-04-10 02:54:18 [DEBUG] activity_route.php: START /login ---------- (at D:\Projects\vanam\backend\routes\activity_route.php line 5)
2019-04-10 02:54:18 [DEBUG] user_service.php: ---------- authentifyUser ---------- (at D:\Projects\vanam\backend\core\class\services\user_service.php line 206)
2019-04-10 02:54:18 [DEBUG] activity_route.php: exception 'ErrorException' with message 'Undefined index: id' in D:\Projects\vanam\backend\core\class\services\user_service.php:239
Stack trace:
#0 D:\Projects\vanam\backend\core\class\services\user_service.php(239): Slim\Slim::handleErrors(8, 'Undefined index...', 'D:\\Projects\\van...', 239, Array)
#1 D:\Projects\vanam\backend\routes\activity_route.php(16): UTILE\UserService->authentifyUser(Object(UTILE\User))
#2 [internal function]: {closure}()
#3 D:\Projects\vanam\backend\core\commons\slim\vendor\slim\slim\Slim\Route.php(468): call_user_func_array(Object(Closure), Array)
#4 D:\Projects\vanam\backend\core\commons\slim\vendor\slim\slim\Slim\Slim.php(1355): Slim\Route->dispatch()
#5 D:\Projects\vanam\backend\core\commons\slim\vendor\slim\slim\Slim\Middleware\Flash.php(85): Slim\Slim->call()
#6 D:\Projects\vanam\backend\core\commons\slim\vendor\slim\slim\Slim\Middleware\MethodOverride.php(92): Slim\Middleware\Flash->call()
#7 D:\Projects\vanam\backend\core\commons\slim\vendor\slim\slim\Slim\Middleware\PrettyExceptions.php(67): Slim\Middleware\MethodOverride->call()
#8 D:\Projects\vanam\backend\core\commons\slim\vendor\slim\slim\Slim\Slim.php(1300): Slim\Middleware\PrettyExceptions->call()
#9 D:\Projects\vanam\backend\index.php(59): Slim\Slim->run()
#10 {main} (at D:\Projects\vanam\backend\routes\activity_route.php line 21)
2019-04-10 02:54:18 [DEBUG] activity_route.php: END /login ---------- (at D:\Projects\vanam\backend\routes\activity_route.php line 26)
2019-04-10 02:54:30 [DEBUG] activity_route.php: START /login ---------- (at D:\Projects\vanam\backend\routes\activity_route.php line 5)
2019-04-10 02:54:30 [DEBUG] user_service.php: ---------- authentifyUser ---------- (at D:\Projects\vanam\backend\core\class\services\user_service.php line 206)
2019-04-10 02:54:30 [DEBUG] activity_route.php: exception 'ErrorException' with message 'Undefined index: id' in D:\Projects\vanam\backend\core\class\services\user_service.php:239
Stack trace:
#0 D:\Projects\vanam\backend\core\class\services\user_service.php(239): Slim\Slim::handleErrors(8, 'Undefined index...', 'D:\\Projects\\van...', 239, Array)
#1 D:\Projects\vanam\backend\routes\activity_route.php(16): UTILE\UserService->authentifyUser(Object(UTILE\User))
#2 [internal function]: {closure}()
#3 D:\Projects\vanam\backend\core\commons\slim\vendor\slim\slim\Slim\Route.php(468): call_user_func_array(Object(Closure), Array)
#4 D:\Projects\vanam\backend\core\commons\slim\vendor\slim\slim\Slim\Slim.php(1355): Slim\Route->dispatch()
#5 D:\Projects\vanam\backend\core\commons\slim\vendor\slim\slim\Slim\Middleware\Flash.php(85): Slim\Slim->call()
#6 D:\Projects\vanam\backend\core\commons\slim\vendor\slim\slim\Slim\Middleware\MethodOverride.php(92): Slim\Middleware\Flash->call()
#7 D:\Projects\vanam\backend\core\commons\slim\vendor\slim\slim\Slim\Middleware\PrettyExceptions.php(67): Slim\Middleware\MethodOverride->call()
#8 D:\Projects\vanam\backend\core\commons\slim\vendor\slim\slim\Slim\Slim.php(1300): Slim\Middleware\PrettyExceptions->call()
#9 D:\Projects\vanam\backend\index.php(59): Slim\Slim->run()
#10 {main} (at D:\Projects\vanam\backend\routes\activity_route.php line 21)
2019-04-10 02:54:30 [DEBUG] activity_route.php: END /login ---------- (at D:\Projects\vanam\backend\routes\activity_route.php line 26)
2019-04-10 02:54:44 [DEBUG] activity_route.php: START /login ---------- (at D:\Projects\vanam\backend\routes\activity_route.php line 5)
2019-04-10 02:54:44 [DEBUG] user_service.php: ---------- authentifyUser ---------- (at D:\Projects\vanam\backend\core\class\services\user_service.php line 206)
2019-04-10 02:54:44 [DEBUG] activity_route.php: exception 'ErrorException' with message 'Undefined index: id' in D:\Projects\vanam\backend\core\class\services\user_service.php:239
Stack trace:
#0 D:\Projects\vanam\backend\core\class\services\user_service.php(239): Slim\Slim::handleErrors(8, 'Undefined index...', 'D:\\Projects\\van...', 239, Array)
#1 D:\Projects\vanam\backend\routes\activity_route.php(16): UTILE\UserService->authentifyUser(Object(UTILE\User))
#2 [internal function]: {closure}()
#3 D:\Projects\vanam\backend\core\commons\slim\vendor\slim\slim\Slim\Route.php(468): call_user_func_array(Object(Closure), Array)
#4 D:\Projects\vanam\backend\core\commons\slim\vendor\slim\slim\Slim\Slim.php(1355): Slim\Route->dispatch()
#5 D:\Projects\vanam\backend\core\commons\slim\vendor\slim\slim\Slim\Middleware\Flash.php(85): Slim\Slim->call()
#6 D:\Projects\vanam\backend\core\commons\slim\vendor\slim\slim\Slim\Middleware\MethodOverride.php(92): Slim\Middleware\Flash->call()
#7 D:\Projects\vanam\backend\core\commons\slim\vendor\slim\slim\Slim\Middleware\PrettyExceptions.php(67): Slim\Middleware\MethodOverride->call()
#8 D:\Projects\vanam\backend\core\commons\slim\vendor\slim\slim\Slim\Slim.php(1300): Slim\Middleware\PrettyExceptions->call()
#9 D:\Projects\vanam\backend\index.php(59): Slim\Slim->run()
#10 {main} (at D:\Projects\vanam\backend\routes\activity_route.php line 21)
2019-04-10 02:54:44 [DEBUG] activity_route.php: END /login ---------- (at D:\Projects\vanam\backend\routes\activity_route.php line 26)
2019-04-10 02:55:29 [DEBUG] activity_route.php: START /login ---------- (at D:\Projects\vanam\backend\routes\activity_route.php line 5)
2019-04-10 02:55:29 [DEBUG] user_service.php: ---------- authentifyUser ---------- (at D:\Projects\vanam\backend\core\class\services\user_service.php line 206)
2019-04-10 02:55:29 [DEBUG] activity_route.php: exception 'ErrorException' with message 'Undefined index: id' in D:\Projects\vanam\backend\core\class\services\user_service.php:239
Stack trace:
#0 D:\Projects\vanam\backend\core\class\services\user_service.php(239): Slim\Slim::handleErrors(8, 'Undefined index...', 'D:\\Projects\\van...', 239, Array)
#1 D:\Projects\vanam\backend\routes\activity_route.php(16): UTILE\UserService->authentifyUser(Object(UTILE\User))
#2 [internal function]: {closure}()
#3 D:\Projects\vanam\backend\core\commons\slim\vendor\slim\slim\Slim\Route.php(468): call_user_func_array(Object(Closure), Array)
#4 D:\Projects\vanam\backend\core\commons\slim\vendor\slim\slim\Slim\Slim.php(1355): Slim\Route->dispatch()
#5 D:\Projects\vanam\backend\core\commons\slim\vendor\slim\slim\Slim\Middleware\Flash.php(85): Slim\Slim->call()
#6 D:\Projects\vanam\backend\core\commons\slim\vendor\slim\slim\Slim\Middleware\MethodOverride.php(92): Slim\Middleware\Flash->call()
#7 D:\Projects\vanam\backend\core\commons\slim\vendor\slim\slim\Slim\Middleware\PrettyExceptions.php(67): Slim\Middleware\MethodOverride->call()
#8 D:\Projects\vanam\backend\core\commons\slim\vendor\slim\slim\Slim\Slim.php(1300): Slim\Middleware\PrettyExceptions->call()
#9 D:\Projects\vanam\backend\index.php(59): Slim\Slim->run()
#10 {main} (at D:\Projects\vanam\backend\routes\activity_route.php line 21)
2019-04-10 02:55:29 [DEBUG] activity_route.php: END /login ---------- (at D:\Projects\vanam\backend\routes\activity_route.php line 26)
2019-04-10 02:55:37 [DEBUG] activity_route.php: START /login ---------- (at D:\Projects\vanam\backend\routes\activity_route.php line 5)
2019-04-10 02:55:37 [DEBUG] user_service.php: ---------- authentifyUser ---------- (at D:\Projects\vanam\backend\core\class\services\user_service.php line 206)
2019-04-10 02:55:37 [DEBUG] activity_route.php: exception 'ErrorException' with message 'Undefined index: id' in D:\Projects\vanam\backend\core\class\services\user_service.php:239
Stack trace:
#0 D:\Projects\vanam\backend\core\class\services\user_service.php(239): Slim\Slim::handleErrors(8, 'Undefined index...', 'D:\\Projects\\van...', 239, Array)
#1 D:\Projects\vanam\backend\routes\activity_route.php(16): UTILE\UserService->authentifyUser(Object(UTILE\User))
#2 [internal function]: {closure}()
#3 D:\Projects\vanam\backend\core\commons\slim\vendor\slim\slim\Slim\Route.php(468): call_user_func_array(Object(Closure), Array)
#4 D:\Projects\vanam\backend\core\commons\slim\vendor\slim\slim\Slim\Slim.php(1355): Slim\Route->dispatch()
#5 D:\Projects\vanam\backend\core\commons\slim\vendor\slim\slim\Slim\Middleware\Flash.php(85): Slim\Slim->call()
#6 D:\Projects\vanam\backend\core\commons\slim\vendor\slim\slim\Slim\Middleware\MethodOverride.php(92): Slim\Middleware\Flash->call()
#7 D:\Projects\vanam\backend\core\commons\slim\vendor\slim\slim\Slim\Middleware\PrettyExceptions.php(67): Slim\Middleware\MethodOverride->call()
#8 D:\Projects\vanam\backend\core\commons\slim\vendor\slim\slim\Slim\Slim.php(1300): Slim\Middleware\PrettyExceptions->call()
#9 D:\Projects\vanam\backend\index.php(59): Slim\Slim->run()
#10 {main} (at D:\Projects\vanam\backend\routes\activity_route.php line 21)
2019-04-10 02:55:37 [DEBUG] activity_route.php: END /login ---------- (at D:\Projects\vanam\backend\routes\activity_route.php line 26)
2019-04-10 02:55:59 [DEBUG] activity_route.php: START /login ---------- (at D:\Projects\vanam\backend\routes\activity_route.php line 5)
2019-04-10 02:55:59 [DEBUG] user_service.php: ---------- authentifyUser ---------- (at D:\Projects\vanam\backend\core\class\services\user_service.php line 206)
2019-04-10 02:55:59 [DEBUG] activity_route.php: exception 'ErrorException' with message 'Undefined index: id' in D:\Projects\vanam\backend\core\class\services\user_service.php:239
Stack trace:
#0 D:\Projects\vanam\backend\core\class\services\user_service.php(239): Slim\Slim::handleErrors(8, 'Undefined index...', 'D:\\Projects\\van...', 239, Array)
#1 D:\Projects\vanam\backend\routes\activity_route.php(16): UTILE\UserService->authentifyUser(Object(UTILE\User))
#2 [internal function]: {closure}()
#3 D:\Projects\vanam\backend\core\commons\slim\vendor\slim\slim\Slim\Route.php(468): call_user_func_array(Object(Closure), Array)
#4 D:\Projects\vanam\backend\core\commons\slim\vendor\slim\slim\Slim\Slim.php(1355): Slim\Route->dispatch()
#5 D:\Projects\vanam\backend\core\commons\slim\vendor\slim\slim\Slim\Middleware\Flash.php(85): Slim\Slim->call()
#6 D:\Projects\vanam\backend\core\commons\slim\vendor\slim\slim\Slim\Middleware\MethodOverride.php(92): Slim\Middleware\Flash->call()
#7 D:\Projects\vanam\backend\core\commons\slim\vendor\slim\slim\Slim\Middleware\PrettyExceptions.php(67): Slim\Middleware\MethodOverride->call()
#8 D:\Projects\vanam\backend\core\commons\slim\vendor\slim\slim\Slim\Slim.php(1300): Slim\Middleware\PrettyExceptions->call()
#9 D:\Projects\vanam\backend\index.php(59): Slim\Slim->run()
#10 {main} (at D:\Projects\vanam\backend\routes\activity_route.php line 21)
2019-04-10 02:55:59 [DEBUG] activity_route.php: END /login ---------- (at D:\Projects\vanam\backend\routes\activity_route.php line 26)
2019-04-10 02:57:21 [DEBUG] activity_route.php: START /login ---------- (at D:\Projects\vanam\backend\routes\activity_route.php line 5)
2019-04-10 02:57:21 [DEBUG] user_service.php: ---------- authentifyUser ---------- (at D:\Projects\vanam\backend\core\class\services\user_service.php line 206)
2019-04-10 02:57:21 [DEBUG] activity_route.php: exception 'ErrorException' with message 'Undefined index: id' in D:\Projects\vanam\backend\core\class\services\user_service.php:239
Stack trace:
#0 D:\Projects\vanam\backend\core\class\services\user_service.php(239): Slim\Slim::handleErrors(8, 'Undefined index...', 'D:\\Projects\\van...', 239, Array)
#1 D:\Projects\vanam\backend\routes\activity_route.php(16): UTILE\UserService->authentifyUser(Object(UTILE\User))
#2 [internal function]: {closure}()
#3 D:\Projects\vanam\backend\core\commons\slim\vendor\slim\slim\Slim\Route.php(468): call_user_func_array(Object(Closure), Array)
#4 D:\Projects\vanam\backend\core\commons\slim\vendor\slim\slim\Slim\Slim.php(1355): Slim\Route->dispatch()
#5 D:\Projects\vanam\backend\core\commons\slim\vendor\slim\slim\Slim\Middleware\Flash.php(85): Slim\Slim->call()
#6 D:\Projects\vanam\backend\core\commons\slim\vendor\slim\slim\Slim\Middleware\MethodOverride.php(92): Slim\Middleware\Flash->call()
#7 D:\Projects\vanam\backend\core\commons\slim\vendor\slim\slim\Slim\Middleware\PrettyExceptions.php(67): Slim\Middleware\MethodOverride->call()
#8 D:\Projects\vanam\backend\core\commons\slim\vendor\slim\slim\Slim\Slim.php(1300): Slim\Middleware\PrettyExceptions->call()
#9 D:\Projects\vanam\backend\index.php(59): Slim\Slim->run()
#10 {main} (at D:\Projects\vanam\backend\routes\activity_route.php line 21)
2019-04-10 02:57:21 [DEBUG] activity_route.php: END /login ---------- (at D:\Projects\vanam\backend\routes\activity_route.php line 26)
2019-04-10 02:57:26 [DEBUG] activity_route.php: START /login ---------- (at D:\Projects\vanam\backend\routes\activity_route.php line 5)
2019-04-10 02:57:26 [DEBUG] user_service.php: ---------- authentifyUser ---------- (at D:\Projects\vanam\backend\core\class\services\user_service.php line 206)
2019-04-10 02:57:26 [DEBUG] activity_route.php: exception 'ErrorException' with message 'Undefined index: id' in D:\Projects\vanam\backend\core\class\services\user_service.php:239
Stack trace:
#0 D:\Projects\vanam\backend\core\class\services\user_service.php(239): Slim\Slim::handleErrors(8, 'Undefined index...', 'D:\\Projects\\van...', 239, Array)
#1 D:\Projects\vanam\backend\routes\activity_route.php(16): UTILE\UserService->authentifyUser(Object(UTILE\User))
#2 [internal function]: {closure}()
#3 D:\Projects\vanam\backend\core\commons\slim\vendor\slim\slim\Slim\Route.php(468): call_user_func_array(Object(Closure), Array)
#4 D:\Projects\vanam\backend\core\commons\slim\vendor\slim\slim\Slim\Slim.php(1355): Slim\Route->dispatch()
#5 D:\Projects\vanam\backend\core\commons\slim\vendor\slim\slim\Slim\Middleware\Flash.php(85): Slim\Slim->call()
#6 D:\Projects\vanam\backend\core\commons\slim\vendor\slim\slim\Slim\Middleware\MethodOverride.php(92): Slim\Middleware\Flash->call()
#7 D:\Projects\vanam\backend\core\commons\slim\vendor\slim\slim\Slim\Middleware\PrettyExceptions.php(67): Slim\Middleware\MethodOverride->call()
#8 D:\Projects\vanam\backend\core\commons\slim\vendor\slim\slim\Slim\Slim.php(1300): Slim\Middleware\PrettyExceptions->call()
#9 D:\Projects\vanam\backend\index.php(59): Slim\Slim->run()
#10 {main} (at D:\Projects\vanam\backend\routes\activity_route.php line 21)
2019-04-10 02:57:26 [DEBUG] activity_route.php: END /login ---------- (at D:\Projects\vanam\backend\routes\activity_route.php line 26)
2019-04-10 02:58:51 [DEBUG] activity_route.php: START /login ---------- (at D:\Projects\vanam\backend\routes\activity_route.php line 5)
2019-04-10 02:58:51 [DEBUG] user_service.php: ---------- authentifyUser ---------- (at D:\Projects\vanam\backend\core\class\services\user_service.php line 206)
2019-04-10 02:58:51 [DEBUG] activity_route.php: exception 'ErrorException' with message 'Undefined index: id' in D:\Projects\vanam\backend\core\class\services\user_service.php:239
Stack trace:
#0 D:\Projects\vanam\backend\core\class\services\user_service.php(239): Slim\Slim::handleErrors(8, 'Undefined index...', 'D:\\Projects\\van...', 239, Array)
#1 D:\Projects\vanam\backend\routes\activity_route.php(16): UTILE\UserService->authentifyUser(Object(UTILE\User))
#2 [internal function]: {closure}()
#3 D:\Projects\vanam\backend\core\commons\slim\vendor\slim\slim\Slim\Route.php(468): call_user_func_array(Object(Closure), Array)
#4 D:\Projects\vanam\backend\core\commons\slim\vendor\slim\slim\Slim\Slim.php(1355): Slim\Route->dispatch()
#5 D:\Projects\vanam\backend\core\commons\slim\vendor\slim\slim\Slim\Middleware\Flash.php(85): Slim\Slim->call()
#6 D:\Projects\vanam\backend\core\commons\slim\vendor\slim\slim\Slim\Middleware\MethodOverride.php(92): Slim\Middleware\Flash->call()
#7 D:\Projects\vanam\backend\core\commons\slim\vendor\slim\slim\Slim\Middleware\PrettyExceptions.php(67): Slim\Middleware\MethodOverride->call()
#8 D:\Projects\vanam\backend\core\commons\slim\vendor\slim\slim\Slim\Slim.php(1300): Slim\Middleware\PrettyExceptions->call()
#9 D:\Projects\vanam\backend\index.php(59): Slim\Slim->run()
#10 {main} (at D:\Projects\vanam\backend\routes\activity_route.php line 21)
2019-04-10 02:58:51 [DEBUG] activity_route.php: END /login ---------- (at D:\Projects\vanam\backend\routes\activity_route.php line 26)
2019-04-10 02:59:06 [DEBUG] activity_route.php: START /login ---------- (at D:\Projects\vanam\backend\routes\activity_route.php line 5)
2019-04-10 02:59:06 [DEBUG] user_service.php: ---------- authentifyUser ---------- (at D:\Projects\vanam\backend\core\class\services\user_service.php line 206)
2019-04-10 02:59:06 [DEBUG] activity_route.php: exception 'ErrorException' with message 'Undefined index: id' in D:\Projects\vanam\backend\core\class\services\user_service.php:239
Stack trace:
#0 D:\Projects\vanam\backend\core\class\services\user_service.php(239): Slim\Slim::handleErrors(8, 'Undefined index...', 'D:\\Projects\\van...', 239, Array)
#1 D:\Projects\vanam\backend\routes\activity_route.php(16): UTILE\UserService->authentifyUser(Object(UTILE\User))
#2 [internal function]: {closure}()
#3 D:\Projects\vanam\backend\core\commons\slim\vendor\slim\slim\Slim\Route.php(468): call_user_func_array(Object(Closure), Array)
#4 D:\Projects\vanam\backend\core\commons\slim\vendor\slim\slim\Slim\Slim.php(1355): Slim\Route->dispatch()
#5 D:\Projects\vanam\backend\core\commons\slim\vendor\slim\slim\Slim\Middleware\Flash.php(85): Slim\Slim->call()
#6 D:\Projects\vanam\backend\core\commons\slim\vendor\slim\slim\Slim\Middleware\MethodOverride.php(92): Slim\Middleware\Flash->call()
#7 D:\Projects\vanam\backend\core\commons\slim\vendor\slim\slim\Slim\Middleware\PrettyExceptions.php(67): Slim\Middleware\MethodOverride->call()
#8 D:\Projects\vanam\backend\core\commons\slim\vendor\slim\slim\Slim\Slim.php(1300): Slim\Middleware\PrettyExceptions->call()
#9 D:\Projects\vanam\backend\index.php(59): Slim\Slim->run()
#10 {main} (at D:\Projects\vanam\backend\routes\activity_route.php line 21)
2019-04-10 02:59:06 [DEBUG] activity_route.php: END /login ---------- (at D:\Projects\vanam\backend\routes\activity_route.php line 26)
2019-04-10 02:59:14 [DEBUG] activity_route.php: START /login ---------- (at D:\Projects\vanam\backend\routes\activity_route.php line 5)
2019-04-10 02:59:14 [DEBUG] user_service.php: ---------- authentifyUser ---------- (at D:\Projects\vanam\backend\core\class\services\user_service.php line 206)
2019-04-10 02:59:14 [DEBUG] activity_route.php: exception 'ErrorException' with message 'Undefined index: id' in D:\Projects\vanam\backend\core\class\services\user_service.php:239
Stack trace:
#0 D:\Projects\vanam\backend\core\class\services\user_service.php(239): Slim\Slim::handleErrors(8, 'Undefined index...', 'D:\\Projects\\van...', 239, Array)
#1 D:\Projects\vanam\backend\routes\activity_route.php(16): UTILE\UserService->authentifyUser(Object(UTILE\User))
#2 [internal function]: {closure}()
#3 D:\Projects\vanam\backend\core\commons\slim\vendor\slim\slim\Slim\Route.php(468): call_user_func_array(Object(Closure), Array)
#4 D:\Projects\vanam\backend\core\commons\slim\vendor\slim\slim\Slim\Slim.php(1355): Slim\Route->dispatch()
#5 D:\Projects\vanam\backend\core\commons\slim\vendor\slim\slim\Slim\Middleware\Flash.php(85): Slim\Slim->call()
#6 D:\Projects\vanam\backend\core\commons\slim\vendor\slim\slim\Slim\Middleware\MethodOverride.php(92): Slim\Middleware\Flash->call()
#7 D:\Projects\vanam\backend\core\commons\slim\vendor\slim\slim\Slim\Middleware\PrettyExceptions.php(67): Slim\Middleware\MethodOverride->call()
#8 D:\Projects\vanam\backend\core\commons\slim\vendor\slim\slim\Slim\Slim.php(1300): Slim\Middleware\PrettyExceptions->call()
#9 D:\Projects\vanam\backend\index.php(59): Slim\Slim->run()
#10 {main} (at D:\Projects\vanam\backend\routes\activity_route.php line 21)
2019-04-10 02:59:14 [DEBUG] activity_route.php: END /login ---------- (at D:\Projects\vanam\backend\routes\activity_route.php line 26)
2019-04-10 02:59:45 [DEBUG] activity_route.php: START /login ---------- (at D:\Projects\vanam\backend\routes\activity_route.php line 5)
2019-04-10 02:59:45 [DEBUG] user_service.php: ---------- authentifyUser ---------- (at D:\Projects\vanam\backend\core\class\services\user_service.php line 206)
2019-04-10 02:59:45 [DEBUG] activity_route.php: exception 'ErrorException' with message 'Undefined index: id' in D:\Projects\vanam\backend\core\class\services\user_service.php:239
Stack trace:
#0 D:\Projects\vanam\backend\core\class\services\user_service.php(239): Slim\Slim::handleErrors(8, 'Undefined index...', 'D:\\Projects\\van...', 239, Array)
#1 D:\Projects\vanam\backend\routes\activity_route.php(16): UTILE\UserService->authentifyUser(Object(UTILE\User))
#2 [internal function]: {closure}()
#3 D:\Projects\vanam\backend\core\commons\slim\vendor\slim\slim\Slim\Route.php(468): call_user_func_array(Object(Closure), Array)
#4 D:\Projects\vanam\backend\core\commons\slim\vendor\slim\slim\Slim\Slim.php(1355): Slim\Route->dispatch()
#5 D:\Projects\vanam\backend\core\commons\slim\vendor\slim\slim\Slim\Middleware\Flash.php(85): Slim\Slim->call()
#6 D:\Projects\vanam\backend\core\commons\slim\vendor\slim\slim\Slim\Middleware\MethodOverride.php(92): Slim\Middleware\Flash->call()
#7 D:\Projects\vanam\backend\core\commons\slim\vendor\slim\slim\Slim\Middleware\PrettyExceptions.php(67): Slim\Middleware\MethodOverride->call()
#8 D:\Projects\vanam\backend\core\commons\slim\vendor\slim\slim\Slim\Slim.php(1300): Slim\Middleware\PrettyExceptions->call()
#9 D:\Projects\vanam\backend\index.php(59): Slim\Slim->run()
#10 {main} (at D:\Projects\vanam\backend\routes\activity_route.php line 21)
2019-04-10 02:59:45 [DEBUG] activity_route.php: END /login ---------- (at D:\Projects\vanam\backend\routes\activity_route.php line 26)
2019-04-10 03:00:00 [DEBUG] activity_route.php: START /login ---------- (at D:\Projects\vanam\backend\routes\activity_route.php line 5)
2019-04-10 03:00:00 [DEBUG] user_service.php: ---------- authentifyUser ---------- (at D:\Projects\vanam\backend\core\class\services\user_service.php line 206)
2019-04-10 03:00:00 [DEBUG] activity_route.php: exception 'ErrorException' with message 'Undefined index: id' in D:\Projects\vanam\backend\core\class\services\user_service.php:239
Stack trace:
#0 D:\Projects\vanam\backend\core\class\services\user_service.php(239): Slim\Slim::handleErrors(8, 'Undefined index...', 'D:\\Projects\\van...', 239, Array)
#1 D:\Projects\vanam\backend\routes\activity_route.php(16): UTILE\UserService->authentifyUser(Object(UTILE\User))
#2 [internal function]: {closure}()
#3 D:\Projects\vanam\backend\core\commons\slim\vendor\slim\slim\Slim\Route.php(468): call_user_func_array(Object(Closure), Array)
#4 D:\Projects\vanam\backend\core\commons\slim\vendor\slim\slim\Slim\Slim.php(1355): Slim\Route->dispatch()
#5 D:\Projects\vanam\backend\core\commons\slim\vendor\slim\slim\Slim\Middleware\Flash.php(85): Slim\Slim->call()
#6 D:\Projects\vanam\backend\core\commons\slim\vendor\slim\slim\Slim\Middleware\MethodOverride.php(92): Slim\Middleware\Flash->call()
#7 D:\Projects\vanam\backend\core\commons\slim\vendor\slim\slim\Slim\Middleware\PrettyExceptions.php(67): Slim\Middleware\MethodOverride->call()
#8 D:\Projects\vanam\backend\core\commons\slim\vendor\slim\slim\Slim\Slim.php(1300): Slim\Middleware\PrettyExceptions->call()
#9 D:\Projects\vanam\backend\index.php(59): Slim\Slim->run()
#10 {main} (at D:\Projects\vanam\backend\routes\activity_route.php line 21)
2019-04-10 03:00:00 [DEBUG] activity_route.php: END /login ---------- (at D:\Projects\vanam\backend\routes\activity_route.php line 26)
2019-04-10 03:00:04 [DEBUG] activity_route.php: START /login ---------- (at D:\Projects\vanam\backend\routes\activity_route.php line 5)
2019-04-10 03:00:04 [DEBUG] user_service.php: ---------- authentifyUser ---------- (at D:\Projects\vanam\backend\core\class\services\user_service.php line 206)
2019-04-10 03:00:04 [DEBUG] activity_route.php: exception 'ErrorException' with message 'Undefined index: id' in D:\Projects\vanam\backend\core\class\services\user_service.php:239
Stack trace:
#0 D:\Projects\vanam\backend\core\class\services\user_service.php(239): Slim\Slim::handleErrors(8, 'Undefined index...', 'D:\\Projects\\van...', 239, Array)
#1 D:\Projects\vanam\backend\routes\activity_route.php(16): UTILE\UserService->authentifyUser(Object(UTILE\User))
#2 [internal function]: {closure}()
#3 D:\Projects\vanam\backend\core\commons\slim\vendor\slim\slim\Slim\Route.php(468): call_user_func_array(Object(Closure), Array)
#4 D:\Projects\vanam\backend\core\commons\slim\vendor\slim\slim\Slim\Slim.php(1355): Slim\Route->dispatch()
#5 D:\Projects\vanam\backend\core\commons\slim\vendor\slim\slim\Slim\Middleware\Flash.php(85): Slim\Slim->call()
#6 D:\Projects\vanam\backend\core\commons\slim\vendor\slim\slim\Slim\Middleware\MethodOverride.php(92): Slim\Middleware\Flash->call()
#7 D:\Projects\vanam\backend\core\commons\slim\vendor\slim\slim\Slim\Middleware\PrettyExceptions.php(67): Slim\Middleware\MethodOverride->call()
#8 D:\Projects\vanam\backend\core\commons\slim\vendor\slim\slim\Slim\Slim.php(1300): Slim\Middleware\PrettyExceptions->call()
#9 D:\Projects\vanam\backend\index.php(59): Slim\Slim->run()
#10 {main} (at D:\Projects\vanam\backend\routes\activity_route.php line 21)
2019-04-10 03:00:04 [DEBUG] activity_route.php: END /login ---------- (at D:\Projects\vanam\backend\routes\activity_route.php line 26)
2019-04-10 03:00:50 [DEBUG] category_route.php: START /category ---------- (at D:\Projects\vanam\backend\routes\category_route.php line 65)
2019-04-10 03:00:50 [DEBUG] category_service.php: START getAllEntities [CATEGORY] -------  (at D:\Projects\vanam\backend\core\class\services\category_service.php line 62)
2019-04-10 03:00:50 [DEBUG] category_service.php: END getAllEntities [CATEGORY] -------  (at D:\Projects\vanam\backend\core\class\services\category_service.php line 95)
2019-04-10 03:00:50 [DEBUG] category_route.php: END /category ---------- (at D:\Projects\vanam\backend\routes\category_route.php line 82)
2019-04-10 16:41:57 [DEBUG] brand_route.php: START /brand ---------- (at D:\Projects\vanam\backend\routes\brand_route.php line 122)
2019-04-10 16:41:57 [DEBUG] brand_service.php: START getAllEntities [BRAND] -------  (at D:\Projects\vanam\backend\core\class\services\brand_service.php line 64)
2019-04-10 16:41:57 [DEBUG] brand_service.php: END getAllEntities [BRAND] -------  (at D:\Projects\vanam\backend\core\class\services\brand_service.php line 99)
2019-04-10 16:41:57 [DEBUG] brand_route.php: END /brand ---------- (at D:\Projects\vanam\backend\routes\brand_route.php line 139)
2019-04-10 16:43:09 [DEBUG] activity_route.php: START /login ---------- (at D:\Projects\vanam\backend\routes\activity_route.php line 5)
2019-04-10 16:43:09 [DEBUG] user_service.php: ---------- authentifyUser ---------- (at D:\Projects\vanam\backend\core\class\services\user_service.php line 206)
2019-04-10 16:43:09 [DEBUG] user_service.php: Array
(
    [status] => 1
    [user] => Array
        (
            [id] => 1
            [name] => Loic
            [firstname] => Amsellem
            [mail] => loic@vanam.fr
            [mobile_line] => 06 99 99 99 99
            [direct_line] => 04 91 99 99 99
            [passwd] => loic13$$
            [url_picture] => resources/users/logos/74971201.jpg
            [role] => Array
                (
                    [id] => 1
                    [role] => SUPER_ADMIN
                )

            [role_id] => 1
            [company] => Array
                (
                    [id] => 1
                    [name] => VANAM
                    [url_logo] => resources/companies/logo_vanam.png
                )

        )

    [key] => 766cc429fd8a19ed043d04c386827d92
)
 (at D:\Projects\vanam\backend\core\class\services\user_service.php line 285)
2019-04-10 16:43:09 [DEBUG] user_service.php: --------------------------------------------------- (at D:\Projects\vanam\backend\core\class\services\user_service.php line 286)
2019-04-10 16:43:09 [DEBUG] activity_route.php: END /login ---------- (at D:\Projects\vanam\backend\routes\activity_route.php line 26)
2019-04-10 16:44:13 [DEBUG] activity_route.php: START /login ---------- (at D:\Projects\vanam\backend\routes\activity_route.php line 5)
2019-04-10 16:44:13 [DEBUG] user_service.php: ---------- authentifyUser ---------- (at D:\Projects\vanam\backend\core\class\services\user_service.php line 206)
2019-04-10 16:44:13 [DEBUG] user_service.php: Array
(
    [status] => 1
    [user] => Array
        (
            [id] => 1
            [name] => Loic
            [firstname] => Amsellem
            [mail] => loic@vanam.fr
            [mobile_line] => 06 99 99 99 99
            [direct_line] => 04 91 99 99 99
            [passwd] => loic13$$
            [url_picture] => resources/users/logos/74971201.jpg
            [role] => Array
                (
                    [id] => 1
                    [role] => SUPER_ADMIN
                )

            [role_id] => 1
            [company] => Array
                (
                    [id] => 1
                    [name] => VANAM
                    [url_logo] => resources/companies/logo_vanam.png
                )

        )

    [key] => 766cc429fd8a19ed043d04c386827d92
)
 (at D:\Projects\vanam\backend\core\class\services\user_service.php line 285)
2019-04-10 16:44:13 [DEBUG] user_service.php: --------------------------------------------------- (at D:\Projects\vanam\backend\core\class\services\user_service.php line 286)
2019-04-10 16:44:13 [DEBUG] activity_route.php: END /login ---------- (at D:\Projects\vanam\backend\routes\activity_route.php line 26)
2019-04-10 16:45:23 [DEBUG] activity_route.php: START /login ---------- (at D:\Projects\vanam\backend\routes\activity_route.php line 5)
2019-04-10 16:45:23 [DEBUG] user_service.php: ---------- authentifyUser ---------- (at D:\Projects\vanam\backend\core\class\services\user_service.php line 206)
2019-04-10 16:45:23 [DEBUG] user_service.php: Array
(
    [status] => 1
    [user] => Array
        (
            [id] => 1
            [name] => Loic
            [firstname] => Amsellem
            [mail] => loic@vanam.fr
            [mobile_line] => 06 99 99 99 99
            [direct_line] => 04 91 99 99 99
            [passwd] => loic13$$
            [url_picture] => resources/users/logos/74971201.jpg
            [role] => Array
                (
                    [id] => 1
                    [role] => SUPER_ADMIN
                )

            [role_id] => 1
            [company] => Array
                (
                    [id] => 1
                    [name] => VANAM
                    [url_logo] => resources/companies/logo_vanam.png
                )

        )

    [key] => 766cc429fd8a19ed043d04c386827d92
)
 (at D:\Projects\vanam\backend\core\class\services\user_service.php line 285)
2019-04-10 16:45:23 [DEBUG] user_service.php: --------------------------------------------------- (at D:\Projects\vanam\backend\core\class\services\user_service.php line 286)
2019-04-10 16:45:23 [DEBUG] activity_route.php: END /login ---------- (at D:\Projects\vanam\backend\routes\activity_route.php line 26)
2019-04-10 16:45:38 [DEBUG] brand_route.php: START /brand ---------- (at D:\Projects\vanam\backend\routes\brand_route.php line 7)
2019-04-10 16:45:38 [DEBUG] brand_service.php: START addNewEntity [BRAND] -------  (at D:\Projects\vanam\backend\core\class\services\brand_service.php line 13)
2019-04-10 16:45:38 [DEBUG] brand_service.php:  (at D:\Projects\vanam\backend\core\class\services\brand_service.php line 14)
2019-04-10 16:45:38 [DEBUG] brand_service.php: END addNewEntity [BRAND] -------  (at D:\Projects\vanam\backend\core\class\services\brand_service.php line 33)
2019-04-10 16:45:38 [DEBUG] brand_route.php: END /brand ---------- (at D:\Projects\vanam\backend\routes\brand_route.php line 30)
2019-04-10 16:46:06 [DEBUG] brand_route.php: START /brand ---------- (at D:\Projects\vanam\backend\routes\brand_route.php line 7)
2019-04-10 16:46:06 [DEBUG] brand_service.php: START addNewEntity [BRAND] -------  (at D:\Projects\vanam\backend\core\class\services\brand_service.php line 13)
2019-04-10 16:46:06 [DEBUG] brand_service.php:  (at D:\Projects\vanam\backend\core\class\services\brand_service.php line 14)
2019-04-10 16:46:06 [DEBUG] brand_service.php: END addNewEntity [BRAND] -------  (at D:\Projects\vanam\backend\core\class\services\brand_service.php line 33)
2019-04-10 16:46:06 [DEBUG] brand_route.php: END /brand ---------- (at D:\Projects\vanam\backend\routes\brand_route.php line 31)
2019-04-10 16:46:27 [DEBUG] brand_route.php: START /brand ---------- (at D:\Projects\vanam\backend\routes\brand_route.php line 7)
2019-04-10 16:46:27 [DEBUG] brand_service.php: START addNewEntity [BRAND] -------  (at D:\Projects\vanam\backend\core\class\services\brand_service.php line 13)
2019-04-10 16:46:27 [DEBUG] brand_service.php:  (at D:\Projects\vanam\backend\core\class\services\brand_service.php line 14)
2019-04-10 16:46:27 [DEBUG] brand_service.php: END addNewEntity [BRAND] -------  (at D:\Projects\vanam\backend\core\class\services\brand_service.php line 33)
2019-04-10 16:46:27 [DEBUG] brand_route.php: END /brand ---------- (at D:\Projects\vanam\backend\routes\brand_route.php line 31)
2019-04-10 16:46:44 [DEBUG] brand_route.php: START /brand ---------- (at D:\Projects\vanam\backend\routes\brand_route.php line 7)
2019-04-10 16:46:44 [DEBUG] brand_service.php: START addNewEntity [BRAND] -------  (at D:\Projects\vanam\backend\core\class\services\brand_service.php line 13)
2019-04-10 16:46:44 [DEBUG] brand_service.php:  (at D:\Projects\vanam\backend\core\class\services\brand_service.php line 14)
2019-04-10 16:46:44 [DEBUG] brand_service.php: END addNewEntity [BRAND] -------  (at D:\Projects\vanam\backend\core\class\services\brand_service.php line 33)
2019-04-10 16:46:44 [DEBUG] brand_route.php: END /brand ---------- (at D:\Projects\vanam\backend\routes\brand_route.php line 31)
2019-04-10 16:47:05 [DEBUG] brand_route.php: START /brand ---------- (at D:\Projects\vanam\backend\routes\brand_route.php line 7)
2019-04-10 16:47:59 [DEBUG] brand_route.php: START /brand ---------- (at D:\Projects\vanam\backend\routes\brand_route.php line 7)
2019-04-10 16:50:26 [DEBUG] brand_route.php: START /brand ---------- (at D:\Projects\vanam\backend\routes\brand_route.php line 7)
2019-04-10 16:50:48 [DEBUG] brand_route.php: START /brand ---------- (at D:\Projects\vanam\backend\routes\brand_route.php line 7)
2019-04-10 16:51:36 [DEBUG] brand_route.php: START /brand ---------- (at D:\Projects\vanam\backend\routes\brand_route.php line 7)
2019-04-10 16:52:44 [DEBUG] activity_route.php: START /login ---------- (at D:\Projects\vanam\backend\routes\activity_route.php line 5)
2019-04-10 16:52:44 [DEBUG] user_service.php: ---------- authentifyUser ---------- (at D:\Projects\vanam\backend\core\class\services\user_service.php line 206)
2019-04-10 16:52:44 [DEBUG] user_service.php: Array
(
    [status] => 1
    [user] => Array
        (
            [id] => 1
            [name] => Loic
            [firstname] => Amsellem
            [mail] => loic@vanam.fr
            [mobile_line] => 06 99 99 99 99
            [direct_line] => 04 91 99 99 99
            [passwd] => loic13$$
            [url_picture] => resources/users/logos/74971201.jpg
            [role] => Array
                (
                    [id] => 1
                    [role] => SUPER_ADMIN
                )

            [role_id] => 1
            [company] => Array
                (
                    [id] => 1
                    [name] => VANAM
                    [url_logo] => resources/companies/logo_vanam.png
                )

        )

    [key] => 766cc429fd8a19ed043d04c386827d92
)
 (at D:\Projects\vanam\backend\core\class\services\user_service.php line 285)
2019-04-10 16:52:44 [DEBUG] user_service.php: --------------------------------------------------- (at D:\Projects\vanam\backend\core\class\services\user_service.php line 286)
2019-04-10 16:52:44 [DEBUG] activity_route.php: END /login ---------- (at D:\Projects\vanam\backend\routes\activity_route.php line 26)
2019-04-10 16:53:36 [DEBUG] brand_route.php: START /brand ---------- (at D:\Projects\vanam\backend\routes\brand_route.php line 124)
2019-04-10 16:53:36 [DEBUG] brand_service.php: START getAllEntities [BRAND] -------  (at D:\Projects\vanam\backend\core\class\services\brand_service.php line 64)
2019-04-10 16:53:36 [DEBUG] brand_service.php: END getAllEntities [BRAND] -------  (at D:\Projects\vanam\backend\core\class\services\brand_service.php line 99)
2019-04-10 16:53:36 [DEBUG] brand_route.php: END /brand ---------- (at D:\Projects\vanam\backend\routes\brand_route.php line 141)
2019-04-10 16:55:33 [DEBUG] brand_route.php: START /brand ---------- (at D:\Projects\vanam\backend\routes\brand_route.php line 124)
2019-04-10 16:55:33 [DEBUG] brand_service.php: START getAllEntities [BRAND] -------  (at D:\Projects\vanam\backend\core\class\services\brand_service.php line 64)
2019-04-10 16:55:33 [DEBUG] brand_service.php: END getAllEntities [BRAND] -------  (at D:\Projects\vanam\backend\core\class\services\brand_service.php line 99)
2019-04-10 16:55:33 [DEBUG] brand_route.php: END /brand ---------- (at D:\Projects\vanam\backend\routes\brand_route.php line 141)
2019-04-10 16:56:06 [DEBUG] brand_route.php: START /brand ---------- (at D:\Projects\vanam\backend\routes\brand_route.php line 7)
2019-04-10 16:57:54 [DEBUG] brand_route.php: START /brand ---------- (at D:\Projects\vanam\backend\routes\brand_route.php line 7)
