2018-06-26 03:19:32 [DEBUG] activity_route.php: START /company ---------- (at /var/www/vhosts/vanam.fr/api.utiledev.vanam.fr/routes/activity_route.php line 46)
2018-06-26 03:19:32 [DEBUG] tools_service.php: START getAllCompanies -------  (at /var/www/vhosts/vanam.fr/api.utiledev.vanam.fr/core/class/services/tools_service.php line 13)
2018-06-26 03:19:32 [DEBUG] tools_service.php: 766cc429fd8a19ed043d04c386827d92 (at /var/www/vhosts/vanam.fr/api.utiledev.vanam.fr/core/class/services/tools_service.php line 14)
2018-06-26 03:19:32 [DEBUG] tools_service.php: END getAllCompanies -------  (at /var/www/vhosts/vanam.fr/api.utiledev.vanam.fr/core/class/services/tools_service.php line 35)
2018-06-26 03:19:32 [DEBUG] activity_route.php: END /company ---------- (at /var/www/vhosts/vanam.fr/api.utiledev.vanam.fr/routes/activity_route.php line 60)
2018-06-26 03:19:59 [DEBUG] range_route.php: START /range ---------- (at /var/www/vhosts/vanam.fr/api.utiledev.vanam.fr/routes/range_route.php line 201)
2018-06-26 03:19:59 [DEBUG] range_service.php: START getAllEntities [RANGE] -------  (at /var/www/vhosts/vanam.fr/api.utiledev.vanam.fr/core/class/services/range_service.php line 61)
2018-06-26 03:19:59 [DEBUG] range_detail_service.php: START getAllEntities [RANGE DETAIL] -------  (at /var/www/vhosts/vanam.fr/api.utiledev.vanam.fr/core/class/services/range_detail_service.php line 63)
2018-06-26 03:19:59 [DEBUG] range_detail_service.php: END getAllEntities [RANGE DETAIL] -------  (at /var/www/vhosts/vanam.fr/api.utiledev.vanam.fr/core/class/services/range_detail_service.php line 85)
2018-06-26 03:19:59 [DEBUG] range_detail_service.php: START getAllEntities [RANGE DETAIL] -------  (at /var/www/vhosts/vanam.fr/api.utiledev.vanam.fr/core/class/services/range_detail_service.php line 63)
2018-06-26 03:19:59 [DEBUG] range_detail_service.php: END getAllEntities [RANGE DETAIL] -------  (at /var/www/vhosts/vanam.fr/api.utiledev.vanam.fr/core/class/services/range_detail_service.php line 85)
2018-06-26 03:19:59 [DEBUG] range_detail_service.php: START getAllEntities [RANGE DETAIL] -------  (at /var/www/vhosts/vanam.fr/api.utiledev.vanam.fr/core/class/services/range_detail_service.php line 63)
2018-06-26 03:19:59 [DEBUG] range_detail_service.php: END getAllEntities [RANGE DETAIL] -------  (at /var/www/vhosts/vanam.fr/api.utiledev.vanam.fr/core/class/services/range_detail_service.php line 85)
2018-06-26 03:19:59 [DEBUG] range_detail_service.php: START getAllEntities [RANGE DETAIL] -------  (at /var/www/vhosts/vanam.fr/api.utiledev.vanam.fr/core/class/services/range_detail_service.php line 63)
2018-06-26 03:19:59 [DEBUG] range_detail_service.php: END getAllEntities [RANGE DETAIL] -------  (at /var/www/vhosts/vanam.fr/api.utiledev.vanam.fr/core/class/services/range_detail_service.php line 85)
2018-06-26 03:19:59 [DEBUG] range_detail_service.php: START getAllEntities [RANGE DETAIL] -------  (at /var/www/vhosts/vanam.fr/api.utiledev.vanam.fr/core/class/services/range_detail_service.php line 63)
2018-06-26 03:19:59 [DEBUG] range_detail_service.php: END getAllEntities [RANGE DETAIL] -------  (at /var/www/vhosts/vanam.fr/api.utiledev.vanam.fr/core/class/services/range_detail_service.php line 85)
2018-06-26 03:19:59 [DEBUG] range_detail_service.php: START getAllEntities [RANGE DETAIL] -------  (at /var/www/vhosts/vanam.fr/api.utiledev.vanam.fr/core/class/services/range_detail_service.php line 63)
2018-06-26 03:19:59 [DEBUG] range_detail_service.php: END getAllEntities [RANGE DETAIL] -------  (at /var/www/vhosts/vanam.fr/api.utiledev.vanam.fr/core/class/services/range_detail_service.php line 85)
2018-06-26 03:19:59 [DEBUG] range_detail_service.php: START getAllEntities [RANGE DETAIL] -------  (at /var/www/vhosts/vanam.fr/api.utiledev.vanam.fr/core/class/services/range_detail_service.php line 63)
2018-06-26 03:19:59 [DEBUG] range_detail_service.php: END getAllEntities [RANGE DETAIL] -------  (at /var/www/vhosts/vanam.fr/api.utiledev.vanam.fr/core/class/services/range_detail_service.php line 85)
2018-06-26 03:19:59 [DEBUG] range_detail_service.php: START getAllEntities [RANGE DETAIL] -------  (at /var/www/vhosts/vanam.fr/api.utiledev.vanam.fr/core/class/services/range_detail_service.php line 63)
2018-06-26 03:19:59 [DEBUG] range_detail_service.php: END getAllEntities [RANGE DETAIL] -------  (at /var/www/vhosts/vanam.fr/api.utiledev.vanam.fr/core/class/services/range_detail_service.php line 85)
2018-06-26 03:19:59 [DEBUG] range_detail_service.php: START getAllEntities [RANGE DETAIL] -------  (at /var/www/vhosts/vanam.fr/api.utiledev.vanam.fr/core/class/services/range_detail_service.php line 63)
2018-06-26 03:19:59 [DEBUG] range_detail_service.php: END getAllEntities [RANGE DETAIL] -------  (at /var/www/vhosts/vanam.fr/api.utiledev.vanam.fr/core/class/services/range_detail_service.php line 85)
2018-06-26 03:19:59 [DEBUG] range_detail_service.php: START getAllEntities [RANGE DETAIL] -------  (at /var/www/vhosts/vanam.fr/api.utiledev.vanam.fr/core/class/services/range_detail_service.php line 63)
2018-06-26 03:19:59 [DEBUG] range_detail_service.php: END getAllEntities [RANGE DETAIL] -------  (at /var/www/vhosts/vanam.fr/api.utiledev.vanam.fr/core/class/services/range_detail_service.php line 85)
2018-06-26 03:19:59 [DEBUG] range_detail_service.php: START getAllEntities [RANGE DETAIL] -------  (at /var/www/vhosts/vanam.fr/api.utiledev.vanam.fr/core/class/services/range_detail_service.php line 63)
2018-06-26 03:19:59 [DEBUG] range_detail_service.php: END getAllEntities [RANGE DETAIL] -------  (at /var/www/vhosts/vanam.fr/api.utiledev.vanam.fr/core/class/services/range_detail_service.php line 85)
2018-06-26 03:19:59 [DEBUG] range_detail_service.php: START getAllEntities [RANGE DETAIL] -------  (at /var/www/vhosts/vanam.fr/api.utiledev.vanam.fr/core/class/services/range_detail_service.php line 63)
2018-06-26 03:19:59 [DEBUG] range_detail_service.php: END getAllEntities [RANGE DETAIL] -------  (at /var/www/vhosts/vanam.fr/api.utiledev.vanam.fr/core/class/services/range_detail_service.php line 85)
2018-06-26 03:19:59 [DEBUG] range_detail_service.php: START getAllEntities [RANGE DETAIL] -------  (at /var/www/vhosts/vanam.fr/api.utiledev.vanam.fr/core/class/services/range_detail_service.php line 63)
2018-06-26 03:19:59 [DEBUG] range_detail_service.php: END getAllEntities [RANGE DETAIL] -------  (at /var/www/vhosts/vanam.fr/api.utiledev.vanam.fr/core/class/services/range_detail_service.php line 85)
2018-06-26 03:19:59 [DEBUG] range_detail_service.php: START getAllEntities [RANGE DETAIL] -------  (at /var/www/vhosts/vanam.fr/api.utiledev.vanam.fr/core/class/services/range_detail_service.php line 63)
2018-06-26 03:19:59 [DEBUG] range_detail_service.php: END getAllEntities [RANGE DETAIL] -------  (at /var/www/vhosts/vanam.fr/api.utiledev.vanam.fr/core/class/services/range_detail_service.php line 85)
2018-06-26 03:19:59 [DEBUG] range_detail_service.php: START getAllEntities [RANGE DETAIL] -------  (at /var/www/vhosts/vanam.fr/api.utiledev.vanam.fr/core/class/services/range_detail_service.php line 63)
2018-06-26 03:19:59 [DEBUG] range_detail_service.php: END getAllEntities [RANGE DETAIL] -------  (at /var/www/vhosts/vanam.fr/api.utiledev.vanam.fr/core/class/services/range_detail_service.php line 85)
2018-06-26 03:19:59 [DEBUG] range_detail_service.php: START getAllEntities [RANGE DETAIL] -------  (at /var/www/vhosts/vanam.fr/api.utiledev.vanam.fr/core/class/services/range_detail_service.php line 63)
2018-06-26 03:19:59 [DEBUG] range_detail_service.php: END getAllEntities [RANGE DETAIL] -------  (at /var/www/vhosts/vanam.fr/api.utiledev.vanam.fr/core/class/services/range_detail_service.php line 85)
2018-06-26 03:19:59 [DEBUG] range_detail_service.php: START getAllEntities [RANGE DETAIL] -------  (at /var/www/vhosts/vanam.fr/api.utiledev.vanam.fr/core/class/services/range_detail_service.php line 63)
2018-06-26 03:19:59 [DEBUG] range_detail_service.php: END getAllEntities [RANGE DETAIL] -------  (at /var/www/vhosts/vanam.fr/api.utiledev.vanam.fr/core/class/services/range_detail_service.php line 85)
2018-06-26 03:19:59 [DEBUG] range_detail_service.php: START getAllEntities [RANGE DETAIL] -------  (at /var/www/vhosts/vanam.fr/api.utiledev.vanam.fr/core/class/services/range_detail_service.php line 63)
2018-06-26 03:19:59 [DEBUG] range_detail_service.php: END getAllEntities [RANGE DETAIL] -------  (at /var/www/vhosts/vanam.fr/api.utiledev.vanam.fr/core/class/services/range_detail_service.php line 85)
2018-06-26 03:19:59 [DEBUG] range_detail_service.php: START getAllEntities [RANGE DETAIL] -------  (at /var/www/vhosts/vanam.fr/api.utiledev.vanam.fr/core/class/services/range_detail_service.php line 63)
2018-06-26 03:19:59 [DEBUG] range_detail_service.php: END getAllEntities [RANGE DETAIL] -------  (at /var/www/vhosts/vanam.fr/api.utiledev.vanam.fr/core/class/services/range_detail_service.php line 85)
2018-06-26 03:19:59 [DEBUG] range_detail_service.php: START getAllEntities [RANGE DETAIL] -------  (at /var/www/vhosts/vanam.fr/api.utiledev.vanam.fr/core/class/services/range_detail_service.php line 63)
2018-06-26 03:19:59 [DEBUG] range_detail_service.php: END getAllEntities [RANGE DETAIL] -------  (at /var/www/vhosts/vanam.fr/api.utiledev.vanam.fr/core/class/services/range_detail_service.php line 85)
2018-06-26 03:19:59 [DEBUG] range_detail_service.php: START getAllEntities [RANGE DETAIL] -------  (at /var/www/vhosts/vanam.fr/api.utiledev.vanam.fr/core/class/services/range_detail_service.php line 63)
2018-06-26 03:19:59 [DEBUG] range_detail_service.php: END getAllEntities [RANGE DETAIL] -------  (at /var/www/vhosts/vanam.fr/api.utiledev.vanam.fr/core/class/services/range_detail_service.php line 85)
2018-06-26 03:19:59 [DEBUG] range_detail_service.php: START getAllEntities [RANGE DETAIL] -------  (at /var/www/vhosts/vanam.fr/api.utiledev.vanam.fr/core/class/services/range_detail_service.php line 63)
2018-06-26 03:19:59 [DEBUG] range_detail_service.php: END getAllEntities [RANGE DETAIL] -------  (at /var/www/vhosts/vanam.fr/api.utiledev.vanam.fr/core/class/services/range_detail_service.php line 85)
2018-06-26 03:19:59 [DEBUG] range_detail_service.php: START getAllEntities [RANGE DETAIL] -------  (at /var/www/vhosts/vanam.fr/api.utiledev.vanam.fr/core/class/services/range_detail_service.php line 63)
2018-06-26 03:19:59 [DEBUG] range_detail_service.php: END getAllEntities [RANGE DETAIL] -------  (at /var/www/vhosts/vanam.fr/api.utiledev.vanam.fr/core/class/services/range_detail_service.php line 85)
2018-06-26 03:19:59 [DEBUG] range_detail_service.php: START getAllEntities [RANGE DETAIL] -------  (at /var/www/vhosts/vanam.fr/api.utiledev.vanam.fr/core/class/services/range_detail_service.php line 63)
2018-06-26 03:19:59 [DEBUG] range_detail_service.php: END getAllEntities [RANGE DETAIL] -------  (at /var/www/vhosts/vanam.fr/api.utiledev.vanam.fr/core/class/services/range_detail_service.php line 85)
2018-06-26 03:19:59 [DEBUG] range_detail_service.php: START getAllEntities [RANGE DETAIL] -------  (at /var/www/vhosts/vanam.fr/api.utiledev.vanam.fr/core/class/services/range_detail_service.php line 63)
2018-06-26 03:19:59 [DEBUG] range_detail_service.php: END getAllEntities [RANGE DETAIL] -------  (at /var/www/vhosts/vanam.fr/api.utiledev.vanam.fr/core/class/services/range_detail_service.php line 85)
2018-06-26 03:19:59 [DEBUG] range_detail_service.php: START getAllEntities [RANGE DETAIL] -------  (at /var/www/vhosts/vanam.fr/api.utiledev.vanam.fr/core/class/services/range_detail_service.php line 63)
2018-06-26 03:19:59 [DEBUG] range_detail_service.php: END getAllEntities [RANGE DETAIL] -------  (at /var/www/vhosts/vanam.fr/api.utiledev.vanam.fr/core/class/services/range_detail_service.php line 85)
2018-06-26 03:19:59 [DEBUG] range_detail_service.php: START getAllEntities [RANGE DETAIL] -------  (at /var/www/vhosts/vanam.fr/api.utiledev.vanam.fr/core/class/services/range_detail_service.php line 63)
2018-06-26 03:19:59 [DEBUG] range_detail_service.php: END getAllEntities [RANGE DETAIL] -------  (at /var/www/vhosts/vanam.fr/api.utiledev.vanam.fr/core/class/services/range_detail_service.php line 85)
2018-06-26 03:19:59 [DEBUG] range_detail_service.php: START getAllEntities [RANGE DETAIL] -------  (at /var/www/vhosts/vanam.fr/api.utiledev.vanam.fr/core/class/services/range_detail_service.php line 63)
2018-06-26 03:19:59 [DEBUG] range_detail_service.php: END getAllEntities [RANGE DETAIL] -------  (at /var/www/vhosts/vanam.fr/api.utiledev.vanam.fr/core/class/services/range_detail_service.php line 85)
2018-06-26 03:19:59 [DEBUG] range_detail_service.php: START getAllEntities [RANGE DETAIL] -------  (at /var/www/vhosts/vanam.fr/api.utiledev.vanam.fr/core/class/services/range_detail_service.php line 63)
2018-06-26 03:19:59 [DEBUG] range_detail_service.php: END getAllEntities [RANGE DETAIL] -------  (at /var/www/vhosts/vanam.fr/api.utiledev.vanam.fr/core/class/services/range_detail_service.php line 85)
2018-06-26 03:19:59 [DEBUG] range_detail_service.php: START getAllEntities [RANGE DETAIL] -------  (at /var/www/vhosts/vanam.fr/api.utiledev.vanam.fr/core/class/services/range_detail_service.php line 63)
2018-06-26 03:19:59 [DEBUG] range_detail_service.php: END getAllEntities [RANGE DETAIL] -------  (at /var/www/vhosts/vanam.fr/api.utiledev.vanam.fr/core/class/services/range_detail_service.php line 85)
2018-06-26 03:19:59 [DEBUG] range_detail_service.php: START getAllEntities [RANGE DETAIL] -------  (at /var/www/vhosts/vanam.fr/api.utiledev.vanam.fr/core/class/services/range_detail_service.php line 63)
2018-06-26 03:19:59 [DEBUG] range_detail_service.php: END getAllEntities [RANGE DETAIL] -------  (at /var/www/vhosts/vanam.fr/api.utiledev.vanam.fr/core/class/services/range_detail_service.php line 85)
2018-06-26 03:19:59 [DEBUG] range_detail_service.php: START getAllEntities [RANGE DETAIL] -------  (at /var/www/vhosts/vanam.fr/api.utiledev.vanam.fr/core/class/services/range_detail_service.php line 63)
2018-06-26 03:19:59 [DEBUG] range_detail_service.php: END getAllEntities [RANGE DETAIL] -------  (at /var/www/vhosts/vanam.fr/api.utiledev.vanam.fr/core/class/services/range_detail_service.php line 85)
2018-06-26 03:19:59 [DEBUG] range_detail_service.php: START getAllEntities [RANGE DETAIL] -------  (at /var/www/vhosts/vanam.fr/api.utiledev.vanam.fr/core/class/services/range_detail_service.php line 63)
2018-06-26 03:19:59 [DEBUG] range_detail_service.php: END getAllEntities [RANGE DETAIL] -------  (at /var/www/vhosts/vanam.fr/api.utiledev.vanam.fr/core/class/services/range_detail_service.php line 85)
2018-06-26 03:19:59 [DEBUG] range_detail_service.php: START getAllEntities [RANGE DETAIL] -------  (at /var/www/vhosts/vanam.fr/api.utiledev.vanam.fr/core/class/services/range_detail_service.php line 63)
2018-06-26 03:19:59 [DEBUG] range_detail_service.php: END getAllEntities [RANGE DETAIL] -------  (at /var/www/vhosts/vanam.fr/api.utiledev.vanam.fr/core/class/services/range_detail_service.php line 85)
2018-06-26 03:19:59 [DEBUG] range_detail_service.php: START getAllEntities [RANGE DETAIL] -------  (at /var/www/vhosts/vanam.fr/api.utiledev.vanam.fr/core/class/services/range_detail_service.php line 63)
2018-06-26 03:19:59 [DEBUG] range_detail_service.php: END getAllEntities [RANGE DETAIL] -------  (at /var/www/vhosts/vanam.fr/api.utiledev.vanam.fr/core/class/services/range_detail_service.php line 85)
2018-06-26 03:19:59 [DEBUG] range_detail_service.php: START getAllEntities [RANGE DETAIL] -------  (at /var/www/vhosts/vanam.fr/api.utiledev.vanam.fr/core/class/services/range_detail_service.php line 63)
2018-06-26 03:19:59 [DEBUG] range_detail_service.php: END getAllEntities [RANGE DETAIL] -------  (at /var/www/vhosts/vanam.fr/api.utiledev.vanam.fr/core/class/services/range_detail_service.php line 85)
2018-06-26 03:19:59 [DEBUG] range_detail_service.php: START getAllEntities [RANGE DETAIL] -------  (at /var/www/vhosts/vanam.fr/api.utiledev.vanam.fr/core/class/services/range_detail_service.php line 63)
2018-06-26 03:19:59 [DEBUG] range_detail_service.php: END getAllEntities [RANGE DETAIL] -------  (at /var/www/vhosts/vanam.fr/api.utiledev.vanam.fr/core/class/services/range_detail_service.php line 85)
2018-06-26 03:19:59 [DEBUG] range_detail_service.php: START getAllEntities [RANGE DETAIL] -------  (at /var/www/vhosts/vanam.fr/api.utiledev.vanam.fr/core/class/services/range_detail_service.php line 63)
2018-06-26 03:19:59 [DEBUG] range_detail_service.php: END getAllEntities [RANGE DETAIL] -------  (at /var/www/vhosts/vanam.fr/api.utiledev.vanam.fr/core/class/services/range_detail_service.php line 85)
2018-06-26 03:19:59 [DEBUG] range_detail_service.php: START getAllEntities [RANGE DETAIL] -------  (at /var/www/vhosts/vanam.fr/api.utiledev.vanam.fr/core/class/services/range_detail_service.php line 63)
2018-06-26 03:19:59 [DEBUG] range_detail_service.php: END getAllEntities [RANGE DETAIL] -------  (at /var/www/vhosts/vanam.fr/api.utiledev.vanam.fr/core/class/services/range_detail_service.php line 85)
2018-06-26 03:19:59 [DEBUG] range_detail_service.php: START getAllEntities [RANGE DETAIL] -------  (at /var/www/vhosts/vanam.fr/api.utiledev.vanam.fr/core/class/services/range_detail_service.php line 63)
2018-06-26 03:19:59 [DEBUG] range_detail_service.php: END getAllEntities [RANGE DETAIL] -------  (at /var/www/vhosts/vanam.fr/api.utiledev.vanam.fr/core/class/services/range_detail_service.php line 85)
2018-06-26 03:19:59 [DEBUG] range_detail_service.php: START getAllEntities [RANGE DETAIL] -------  (at /var/www/vhosts/vanam.fr/api.utiledev.vanam.fr/core/class/services/range_detail_service.php line 63)
2018-06-26 03:19:59 [DEBUG] range_detail_service.php: END getAllEntities [RANGE DETAIL] -------  (at /var/www/vhosts/vanam.fr/api.utiledev.vanam.fr/core/class/services/range_detail_service.php line 85)
2018-06-26 03:19:59 [DEBUG] range_detail_service.php: START getAllEntities [RANGE DETAIL] -------  (at /var/www/vhosts/vanam.fr/api.utiledev.vanam.fr/core/class/services/range_detail_service.php line 63)
2018-06-26 03:19:59 [DEBUG] range_detail_service.php: END getAllEntities [RANGE DETAIL] -------  (at /var/www/vhosts/vanam.fr/api.utiledev.vanam.fr/core/class/services/range_detail_service.php line 85)
2018-06-26 03:19:59 [DEBUG] range_detail_service.php: START getAllEntities [RANGE DETAIL] -------  (at /var/www/vhosts/vanam.fr/api.utiledev.vanam.fr/core/class/services/range_detail_service.php line 63)
2018-06-26 03:19:59 [DEBUG] range_detail_service.php: END getAllEntities [RANGE DETAIL] -------  (at /var/www/vhosts/vanam.fr/api.utiledev.vanam.fr/core/class/services/range_detail_service.php line 85)
2018-06-26 03:19:59 [DEBUG] range_detail_service.php: START getAllEntities [RANGE DETAIL] -------  (at /var/www/vhosts/vanam.fr/api.utiledev.vanam.fr/core/class/services/range_detail_service.php line 63)
2018-06-26 03:19:59 [DEBUG] range_detail_service.php: END getAllEntities [RANGE DETAIL] -------  (at /var/www/vhosts/vanam.fr/api.utiledev.vanam.fr/core/class/services/range_detail_service.php line 85)
2018-06-26 03:19:59 [DEBUG] range_detail_service.php: START getAllEntities [RANGE DETAIL] -------  (at /var/www/vhosts/vanam.fr/api.utiledev.vanam.fr/core/class/services/range_detail_service.php line 63)
2018-06-26 03:19:59 [DEBUG] range_detail_service.php: END getAllEntities [RANGE DETAIL] -------  (at /var/www/vhosts/vanam.fr/api.utiledev.vanam.fr/core/class/services/range_detail_service.php line 85)
2018-06-26 03:19:59 [DEBUG] range_detail_service.php: START getAllEntities [RANGE DETAIL] -------  (at /var/www/vhosts/vanam.fr/api.utiledev.vanam.fr/core/class/services/range_detail_service.php line 63)
2018-06-26 03:19:59 [DEBUG] range_detail_service.php: END getAllEntities [RANGE DETAIL] -------  (at /var/www/vhosts/vanam.fr/api.utiledev.vanam.fr/core/class/services/range_detail_service.php line 85)
2018-06-26 03:19:59 [DEBUG] range_detail_service.php: START getAllEntities [RANGE DETAIL] -------  (at /var/www/vhosts/vanam.fr/api.utiledev.vanam.fr/core/class/services/range_detail_service.php line 63)
2018-06-26 03:19:59 [DEBUG] range_detail_service.php: END getAllEntities [RANGE DETAIL] -------  (at /var/www/vhosts/vanam.fr/api.utiledev.vanam.fr/core/class/services/range_detail_service.php line 85)
2018-06-26 03:19:59 [DEBUG] range_detail_service.php: START getAllEntities [RANGE DETAIL] -------  (at /var/www/vhosts/vanam.fr/api.utiledev.vanam.fr/core/class/services/range_detail_service.php line 63)
2018-06-26 03:19:59 [DEBUG] range_detail_service.php: END getAllEntities [RANGE DETAIL] -------  (at /var/www/vhosts/vanam.fr/api.utiledev.vanam.fr/core/class/services/range_detail_service.php line 85)
2018-06-26 03:19:59 [DEBUG] range_detail_service.php: START getAllEntities [RANGE DETAIL] -------  (at /var/www/vhosts/vanam.fr/api.utiledev.vanam.fr/core/class/services/range_detail_service.php line 63)
2018-06-26 03:19:59 [DEBUG] range_detail_service.php: END getAllEntities [RANGE DETAIL] -------  (at /var/www/vhosts/vanam.fr/api.utiledev.vanam.fr/core/class/services/range_detail_service.php line 85)
2018-06-26 03:19:59 [DEBUG] range_detail_service.php: START getAllEntities [RANGE DETAIL] -------  (at /var/www/vhosts/vanam.fr/api.utiledev.vanam.fr/core/class/services/range_detail_service.php line 63)
2018-06-26 03:19:59 [DEBUG] range_detail_service.php: END getAllEntities [RANGE DETAIL] -------  (at /var/www/vhosts/vanam.fr/api.utiledev.vanam.fr/core/class/services/range_detail_service.php line 85)
2018-06-26 03:19:59 [DEBUG] range_detail_service.php: START getAllEntities [RANGE DETAIL] -------  (at /var/www/vhosts/vanam.fr/api.utiledev.vanam.fr/core/class/services/range_detail_service.php line 63)
2018-06-26 03:19:59 [DEBUG] range_detail_service.php: END getAllEntities [RANGE DETAIL] -------  (at /var/www/vhosts/vanam.fr/api.utiledev.vanam.fr/core/class/services/range_detail_service.php line 85)
2018-06-26 03:19:59 [DEBUG] range_detail_service.php: START getAllEntities [RANGE DETAIL] -------  (at /var/www/vhosts/vanam.fr/api.utiledev.vanam.fr/core/class/services/range_detail_service.php line 63)
2018-06-26 03:19:59 [DEBUG] range_detail_service.php: END getAllEntities [RANGE DETAIL] -------  (at /var/www/vhosts/vanam.fr/api.utiledev.vanam.fr/core/class/services/range_detail_service.php line 85)
2018-06-26 03:19:59 [DEBUG] range_detail_service.php: START getAllEntities [RANGE DETAIL] -------  (at /var/www/vhosts/vanam.fr/api.utiledev.vanam.fr/core/class/services/range_detail_service.php line 63)
2018-06-26 03:19:59 [DEBUG] range_detail_service.php: END getAllEntities [RANGE DETAIL] -------  (at /var/www/vhosts/vanam.fr/api.utiledev.vanam.fr/core/class/services/range_detail_service.php line 85)
2018-06-26 03:19:59 [DEBUG] range_detail_service.php: START getAllEntities [RANGE DETAIL] -------  (at /var/www/vhosts/vanam.fr/api.utiledev.vanam.fr/core/class/services/range_detail_service.php line 63)
2018-06-26 03:19:59 [DEBUG] range_detail_service.php: END getAllEntities [RANGE DETAIL] -------  (at /var/www/vhosts/vanam.fr/api.utiledev.vanam.fr/core/class/services/range_detail_service.php line 85)
2018-06-26 03:19:59 [DEBUG] range_detail_service.php: START getAllEntities [RANGE DETAIL] -------  (at /var/www/vhosts/vanam.fr/api.utiledev.vanam.fr/core/class/services/range_detail_service.php line 63)
2018-06-26 03:19:59 [DEBUG] range_detail_service.php: END getAllEntities [RANGE DETAIL] -------  (at /var/www/vhosts/vanam.fr/api.utiledev.vanam.fr/core/class/services/range_detail_service.php line 85)
2018-06-26 03:19:59 [DEBUG] range_detail_service.php: START getAllEntities [RANGE DETAIL] -------  (at /var/www/vhosts/vanam.fr/api.utiledev.vanam.fr/core/class/services/range_detail_service.php line 63)
2018-06-26 03:19:59 [DEBUG] range_detail_service.php: END getAllEntities [RANGE DETAIL] -------  (at /var/www/vhosts/vanam.fr/api.utiledev.vanam.fr/core/class/services/range_detail_service.php line 85)
2018-06-26 03:19:59 [DEBUG] range_detail_service.php: START getAllEntities [RANGE DETAIL] -------  (at /var/www/vhosts/vanam.fr/api.utiledev.vanam.fr/core/class/services/range_detail_service.php line 63)
2018-06-26 03:19:59 [DEBUG] range_detail_service.php: END getAllEntities [RANGE DETAIL] -------  (at /var/www/vhosts/vanam.fr/api.utiledev.vanam.fr/core/class/services/range_detail_service.php line 85)
2018-06-26 03:19:59 [DEBUG] range_detail_service.php: START getAllEntities [RANGE DETAIL] -------  (at /var/www/vhosts/vanam.fr/api.utiledev.vanam.fr/core/class/services/range_detail_service.php line 63)
2018-06-26 03:19:59 [DEBUG] range_detail_service.php: END getAllEntities [RANGE DETAIL] -------  (at /var/www/vhosts/vanam.fr/api.utiledev.vanam.fr/core/class/services/range_detail_service.php line 85)
2018-06-26 03:19:59 [DEBUG] range_detail_service.php: START getAllEntities [RANGE DETAIL] -------  (at /var/www/vhosts/vanam.fr/api.utiledev.vanam.fr/core/class/services/range_detail_service.php line 63)
2018-06-26 03:19:59 [DEBUG] range_detail_service.php: END getAllEntities [RANGE DETAIL] -------  (at /var/www/vhosts/vanam.fr/api.utiledev.vanam.fr/core/class/services/range_detail_service.php line 85)
2018-06-26 03:19:59 [DEBUG] range_detail_service.php: START getAllEntities [RANGE DETAIL] -------  (at /var/www/vhosts/vanam.fr/api.utiledev.vanam.fr/core/class/services/range_detail_service.php line 63)
2018-06-26 03:19:59 [DEBUG] range_detail_service.php: END getAllEntities [RANGE DETAIL] -------  (at /var/www/vhosts/vanam.fr/api.utiledev.vanam.fr/core/class/services/range_detail_service.php line 85)
2018-06-26 03:19:59 [DEBUG] range_detail_service.php: START getAllEntities [RANGE DETAIL] -------  (at /var/www/vhosts/vanam.fr/api.utiledev.vanam.fr/core/class/services/range_detail_service.php line 63)
2018-06-26 03:19:59 [DEBUG] range_detail_service.php: END getAllEntities [RANGE DETAIL] -------  (at /var/www/vhosts/vanam.fr/api.utiledev.vanam.fr/core/class/services/range_detail_service.php line 85)
2018-06-26 03:19:59 [DEBUG] range_detail_service.php: START getAllEntities [RANGE DETAIL] -------  (at /var/www/vhosts/vanam.fr/api.utiledev.vanam.fr/core/class/services/range_detail_service.php line 63)
2018-06-26 03:19:59 [DEBUG] range_detail_service.php: END getAllEntities [RANGE DETAIL] -------  (at /var/www/vhosts/vanam.fr/api.utiledev.vanam.fr/core/class/services/range_detail_service.php line 85)
2018-06-26 03:19:59 [DEBUG] range_detail_service.php: START getAllEntities [RANGE DETAIL] -------  (at /var/www/vhosts/vanam.fr/api.utiledev.vanam.fr/core/class/services/range_detail_service.php line 63)
2018-06-26 03:19:59 [DEBUG] range_detail_service.php: END getAllEntities [RANGE DETAIL] -------  (at /var/www/vhosts/vanam.fr/api.utiledev.vanam.fr/core/class/services/range_detail_service.php line 85)
2018-06-26 03:19:59 [DEBUG] range_detail_service.php: START getAllEntities [RANGE DETAIL] -------  (at /var/www/vhosts/vanam.fr/api.utiledev.vanam.fr/core/class/services/range_detail_service.php line 63)
2018-06-26 03:19:59 [DEBUG] range_detail_service.php: END getAllEntities [RANGE DETAIL] -------  (at /var/www/vhosts/vanam.fr/api.utiledev.vanam.fr/core/class/services/range_detail_service.php line 85)
2018-06-26 03:19:59 [DEBUG] range_detail_service.php: START getAllEntities [RANGE DETAIL] -------  (at /var/www/vhosts/vanam.fr/api.utiledev.vanam.fr/core/class/services/range_detail_service.php line 63)
2018-06-26 03:19:59 [DEBUG] range_detail_service.php: END getAllEntities [RANGE DETAIL] -------  (at /var/www/vhosts/vanam.fr/api.utiledev.vanam.fr/core/class/services/range_detail_service.php line 85)
2018-06-26 03:19:59 [DEBUG] range_detail_service.php: START getAllEntities [RANGE DETAIL] -------  (at /var/www/vhosts/vanam.fr/api.utiledev.vanam.fr/core/class/services/range_detail_service.php line 63)
2018-06-26 03:19:59 [DEBUG] range_detail_service.php: END getAllEntities [RANGE DETAIL] -------  (at /var/www/vhosts/vanam.fr/api.utiledev.vanam.fr/core/class/services/range_detail_service.php line 85)
2018-06-26 03:19:59 [DEBUG] range_detail_service.php: START getAllEntities [RANGE DETAIL] -------  (at /var/www/vhosts/vanam.fr/api.utiledev.vanam.fr/core/class/services/range_detail_service.php line 63)
2018-06-26 03:19:59 [DEBUG] range_detail_service.php: END getAllEntities [RANGE DETAIL] -------  (at /var/www/vhosts/vanam.fr/api.utiledev.vanam.fr/core/class/services/range_detail_service.php line 85)
2018-06-26 03:19:59 [DEBUG] range_detail_service.php: START getAllEntities [RANGE DETAIL] -------  (at /var/www/vhosts/vanam.fr/api.utiledev.vanam.fr/core/class/services/range_detail_service.php line 63)
2018-06-26 03:19:59 [DEBUG] range_detail_service.php: END getAllEntities [RANGE DETAIL] -------  (at /var/www/vhosts/vanam.fr/api.utiledev.vanam.fr/core/class/services/range_detail_service.php line 85)
2018-06-26 03:19:59 [DEBUG] range_service.php: END getAllEntities [RANGE] -------  (at /var/www/vhosts/vanam.fr/api.utiledev.vanam.fr/core/class/services/range_service.php line 88)
2018-06-26 03:19:59 [DEBUG] range_route.php: END /range ---------- (at /var/www/vhosts/vanam.fr/api.utiledev.vanam.fr/routes/range_route.php line 218)
2018-06-26 03:20:26 [DEBUG] range_route.php: START /range ---------- (at /var/www/vhosts/vanam.fr/api.utiledev.vanam.fr/routes/range_route.php line 172)
2018-06-26 03:20:26 [DEBUG] range_service.php: START updateEntityById [RANGE] -------  (at /var/www/vhosts/vanam.fr/api.utiledev.vanam.fr/core/class/services/range_service.php line 38)
2018-06-26 03:20:26 [DEBUG] range_service.php: END updateEntityById [RANGE] -------  (at /var/www/vhosts/vanam.fr/api.utiledev.vanam.fr/core/class/services/range_service.php line 55)
2018-06-26 03:20:26 [DEBUG] range_route.php: END /range ---------- (at /var/www/vhosts/vanam.fr/api.utiledev.vanam.fr/routes/range_route.php line 194)
2018-06-26 03:20:27 [DEBUG] range_route.php: START /range ---------- (at /var/www/vhosts/vanam.fr/api.utiledev.vanam.fr/routes/range_route.php line 201)
2018-06-26 03:20:27 [DEBUG] range_service.php: START getAllEntities [RANGE] -------  (at /var/www/vhosts/vanam.fr/api.utiledev.vanam.fr/core/class/services/range_service.php line 61)
2018-06-26 03:20:27 [DEBUG] range_detail_service.php: START getAllEntities [RANGE DETAIL] -------  (at /var/www/vhosts/vanam.fr/api.utiledev.vanam.fr/core/class/services/range_detail_service.php line 63)
2018-06-26 03:20:27 [DEBUG] range_detail_service.php: END getAllEntities [RANGE DETAIL] -------  (at /var/www/vhosts/vanam.fr/api.utiledev.vanam.fr/core/class/services/range_detail_service.php line 85)
2018-06-26 03:20:27 [DEBUG] range_detail_service.php: START getAllEntities [RANGE DETAIL] -------  (at /var/www/vhosts/vanam.fr/api.utiledev.vanam.fr/core/class/services/range_detail_service.php line 63)
2018-06-26 03:20:27 [DEBUG] range_detail_service.php: END getAllEntities [RANGE DETAIL] -------  (at /var/www/vhosts/vanam.fr/api.utiledev.vanam.fr/core/class/services/range_detail_service.php line 85)
2018-06-26 03:20:27 [DEBUG] range_detail_service.php: START getAllEntities [RANGE DETAIL] -------  (at /var/www/vhosts/vanam.fr/api.utiledev.vanam.fr/core/class/services/range_detail_service.php line 63)
2018-06-26 03:20:27 [DEBUG] range_detail_service.php: END getAllEntities [RANGE DETAIL] -------  (at /var/www/vhosts/vanam.fr/api.utiledev.vanam.fr/core/class/services/range_detail_service.php line 85)
2018-06-26 03:20:27 [DEBUG] range_detail_service.php: START getAllEntities [RANGE DETAIL] -------  (at /var/www/vhosts/vanam.fr/api.utiledev.vanam.fr/core/class/services/range_detail_service.php line 63)
2018-06-26 03:20:27 [DEBUG] range_detail_service.php: END getAllEntities [RANGE DETAIL] -------  (at /var/www/vhosts/vanam.fr/api.utiledev.vanam.fr/core/class/services/range_detail_service.php line 85)
2018-06-26 03:20:27 [DEBUG] range_detail_service.php: START getAllEntities [RANGE DETAIL] -------  (at /var/www/vhosts/vanam.fr/api.utiledev.vanam.fr/core/class/services/range_detail_service.php line 63)
2018-06-26 03:20:27 [DEBUG] range_detail_service.php: END getAllEntities [RANGE DETAIL] -------  (at /var/www/vhosts/vanam.fr/api.utiledev.vanam.fr/core/class/services/range_detail_service.php line 85)
2018-06-26 03:20:27 [DEBUG] range_detail_service.php: START getAllEntities [RANGE DETAIL] -------  (at /var/www/vhosts/vanam.fr/api.utiledev.vanam.fr/core/class/services/range_detail_service.php line 63)
2018-06-26 03:20:27 [DEBUG] range_detail_service.php: END getAllEntities [RANGE DETAIL] -------  (at /var/www/vhosts/vanam.fr/api.utiledev.vanam.fr/core/class/services/range_detail_service.php line 85)
2018-06-26 03:20:27 [DEBUG] range_detail_service.php: START getAllEntities [RANGE DETAIL] -------  (at /var/www/vhosts/vanam.fr/api.utiledev.vanam.fr/core/class/services/range_detail_service.php line 63)
2018-06-26 03:20:27 [DEBUG] range_detail_service.php: END getAllEntities [RANGE DETAIL] -------  (at /var/www/vhosts/vanam.fr/api.utiledev.vanam.fr/core/class/services/range_detail_service.php line 85)
2018-06-26 03:20:27 [DEBUG] range_detail_service.php: START getAllEntities [RANGE DETAIL] -------  (at /var/www/vhosts/vanam.fr/api.utiledev.vanam.fr/core/class/services/range_detail_service.php line 63)
2018-06-26 03:20:27 [DEBUG] range_detail_service.php: END getAllEntities [RANGE DETAIL] -------  (at /var/www/vhosts/vanam.fr/api.utiledev.vanam.fr/core/class/services/range_detail_service.php line 85)
2018-06-26 03:20:27 [DEBUG] range_detail_service.php: START getAllEntities [RANGE DETAIL] -------  (at /var/www/vhosts/vanam.fr/api.utiledev.vanam.fr/core/class/services/range_detail_service.php line 63)
2018-06-26 03:20:27 [DEBUG] range_detail_service.php: END getAllEntities [RANGE DETAIL] -------  (at /var/www/vhosts/vanam.fr/api.utiledev.vanam.fr/core/class/services/range_detail_service.php line 85)
2018-06-26 03:20:27 [DEBUG] range_detail_service.php: START getAllEntities [RANGE DETAIL] -------  (at /var/www/vhosts/vanam.fr/api.utiledev.vanam.fr/core/class/services/range_detail_service.php line 63)
2018-06-26 03:20:27 [DEBUG] range_detail_service.php: END getAllEntities [RANGE DETAIL] -------  (at /var/www/vhosts/vanam.fr/api.utiledev.vanam.fr/core/class/services/range_detail_service.php line 85)
2018-06-26 03:20:27 [DEBUG] range_detail_service.php: START getAllEntities [RANGE DETAIL] -------  (at /var/www/vhosts/vanam.fr/api.utiledev.vanam.fr/core/class/services/range_detail_service.php line 63)
2018-06-26 03:20:27 [DEBUG] range_detail_service.php: END getAllEntities [RANGE DETAIL] -------  (at /var/www/vhosts/vanam.fr/api.utiledev.vanam.fr/core/class/services/range_detail_service.php line 85)
2018-06-26 03:20:27 [DEBUG] range_detail_service.php: START getAllEntities [RANGE DETAIL] -------  (at /var/www/vhosts/vanam.fr/api.utiledev.vanam.fr/core/class/services/range_detail_service.php line 63)
2018-06-26 03:20:27 [DEBUG] range_detail_service.php: END getAllEntities [RANGE DETAIL] -------  (at /var/www/vhosts/vanam.fr/api.utiledev.vanam.fr/core/class/services/range_detail_service.php line 85)
2018-06-26 03:20:27 [DEBUG] range_detail_service.php: START getAllEntities [RANGE DETAIL] -------  (at /var/www/vhosts/vanam.fr/api.utiledev.vanam.fr/core/class/services/range_detail_service.php line 63)
2018-06-26 03:20:27 [DEBUG] range_detail_service.php: END getAllEntities [RANGE DETAIL] -------  (at /var/www/vhosts/vanam.fr/api.utiledev.vanam.fr/core/class/services/range_detail_service.php line 85)
2018-06-26 03:20:27 [DEBUG] range_detail_service.php: START getAllEntities [RANGE DETAIL] -------  (at /var/www/vhosts/vanam.fr/api.utiledev.vanam.fr/core/class/services/range_detail_service.php line 63)
2018-06-26 03:20:27 [DEBUG] range_detail_service.php: END getAllEntities [RANGE DETAIL] -------  (at /var/www/vhosts/vanam.fr/api.utiledev.vanam.fr/core/class/services/range_detail_service.php line 85)
2018-06-26 03:20:27 [DEBUG] range_detail_service.php: START getAllEntities [RANGE DETAIL] -------  (at /var/www/vhosts/vanam.fr/api.utiledev.vanam.fr/core/class/services/range_detail_service.php line 63)
2018-06-26 03:20:27 [DEBUG] range_detail_service.php: END getAllEntities [RANGE DETAIL] -------  (at /var/www/vhosts/vanam.fr/api.utiledev.vanam.fr/core/class/services/range_detail_service.php line 85)
2018-06-26 03:20:27 [DEBUG] range_detail_service.php: START getAllEntities [RANGE DETAIL] -------  (at /var/www/vhosts/vanam.fr/api.utiledev.vanam.fr/core/class/services/range_detail_service.php line 63)
2018-06-26 03:20:27 [DEBUG] range_detail_service.php: END getAllEntities [RANGE DETAIL] -------  (at /var/www/vhosts/vanam.fr/api.utiledev.vanam.fr/core/class/services/range_detail_service.php line 85)
2018-06-26 03:20:27 [DEBUG] range_detail_service.php: START getAllEntities [RANGE DETAIL] -------  (at /var/www/vhosts/vanam.fr/api.utiledev.vanam.fr/core/class/services/range_detail_service.php line 63)
2018-06-26 03:20:27 [DEBUG] range_detail_service.php: END getAllEntities [RANGE DETAIL] -------  (at /var/www/vhosts/vanam.fr/api.utiledev.vanam.fr/core/class/services/range_detail_service.php line 85)
2018-06-26 03:20:27 [DEBUG] range_detail_service.php: START getAllEntities [RANGE DETAIL] -------  (at /var/www/vhosts/vanam.fr/api.utiledev.vanam.fr/core/class/services/range_detail_service.php line 63)
2018-06-26 03:20:27 [DEBUG] range_detail_service.php: END getAllEntities [RANGE DETAIL] -------  (at /var/www/vhosts/vanam.fr/api.utiledev.vanam.fr/core/class/services/range_detail_service.php line 85)
2018-06-26 03:20:27 [DEBUG] range_detail_service.php: START getAllEntities [RANGE DETAIL] -------  (at /var/www/vhosts/vanam.fr/api.utiledev.vanam.fr/core/class/services/range_detail_service.php line 63)
2018-06-26 03:20:27 [DEBUG] range_detail_service.php: END getAllEntities [RANGE DETAIL] -------  (at /var/www/vhosts/vanam.fr/api.utiledev.vanam.fr/core/class/services/range_detail_service.php line 85)
2018-06-26 03:20:27 [DEBUG] range_detail_service.php: START getAllEntities [RANGE DETAIL] -------  (at /var/www/vhosts/vanam.fr/api.utiledev.vanam.fr/core/class/services/range_detail_service.php line 63)
2018-06-26 03:20:27 [DEBUG] range_detail_service.php: END getAllEntities [RANGE DETAIL] -------  (at /var/www/vhosts/vanam.fr/api.utiledev.vanam.fr/core/class/services/range_detail_service.php line 85)
2018-06-26 03:20:27 [DEBUG] range_detail_service.php: START getAllEntities [RANGE DETAIL] -------  (at /var/www/vhosts/vanam.fr/api.utiledev.vanam.fr/core/class/services/range_detail_service.php line 63)
2018-06-26 03:20:27 [DEBUG] range_detail_service.php: END getAllEntities [RANGE DETAIL] -------  (at /var/www/vhosts/vanam.fr/api.utiledev.vanam.fr/core/class/services/range_detail_service.php line 85)
2018-06-26 03:20:27 [DEBUG] range_detail_service.php: START getAllEntities [RANGE DETAIL] -------  (at /var/www/vhosts/vanam.fr/api.utiledev.vanam.fr/core/class/services/range_detail_service.php line 63)
2018-06-26 03:20:27 [DEBUG] range_detail_service.php: END getAllEntities [RANGE DETAIL] -------  (at /var/www/vhosts/vanam.fr/api.utiledev.vanam.fr/core/class/services/range_detail_service.php line 85)
2018-06-26 03:20:27 [DEBUG] range_detail_service.php: START getAllEntities [RANGE DETAIL] -------  (at /var/www/vhosts/vanam.fr/api.utiledev.vanam.fr/core/class/services/range_detail_service.php line 63)
2018-06-26 03:20:27 [DEBUG] range_detail_service.php: END getAllEntities [RANGE DETAIL] -------  (at /var/www/vhosts/vanam.fr/api.utiledev.vanam.fr/core/class/services/range_detail_service.php line 85)
2018-06-26 03:20:27 [DEBUG] range_detail_service.php: START getAllEntities [RANGE DETAIL] -------  (at /var/www/vhosts/vanam.fr/api.utiledev.vanam.fr/core/class/services/range_detail_service.php line 63)
2018-06-26 03:20:27 [DEBUG] range_detail_service.php: END getAllEntities [RANGE DETAIL] -------  (at /var/www/vhosts/vanam.fr/api.utiledev.vanam.fr/core/class/services/range_detail_service.php line 85)
2018-06-26 03:20:27 [DEBUG] range_detail_service.php: START getAllEntities [RANGE DETAIL] -------  (at /var/www/vhosts/vanam.fr/api.utiledev.vanam.fr/core/class/services/range_detail_service.php line 63)
2018-06-26 03:20:27 [DEBUG] range_detail_service.php: END getAllEntities [RANGE DETAIL] -------  (at /var/www/vhosts/vanam.fr/api.utiledev.vanam.fr/core/class/services/range_detail_service.php line 85)
2018-06-26 03:20:27 [DEBUG] range_detail_service.php: START getAllEntities [RANGE DETAIL] -------  (at /var/www/vhosts/vanam.fr/api.utiledev.vanam.fr/core/class/services/range_detail_service.php line 63)
2018-06-26 03:20:27 [DEBUG] range_detail_service.php: END getAllEntities [RANGE DETAIL] -------  (at /var/www/vhosts/vanam.fr/api.utiledev.vanam.fr/core/class/services/range_detail_service.php line 85)
2018-06-26 03:20:27 [DEBUG] range_detail_service.php: START getAllEntities [RANGE DETAIL] -------  (at /var/www/vhosts/vanam.fr/api.utiledev.vanam.fr/core/class/services/range_detail_service.php line 63)
2018-06-26 03:20:27 [DEBUG] range_detail_service.php: END getAllEntities [RANGE DETAIL] -------  (at /var/www/vhosts/vanam.fr/api.utiledev.vanam.fr/core/class/services/range_detail_service.php line 85)
2018-06-26 03:20:27 [DEBUG] range_detail_service.php: START getAllEntities [RANGE DETAIL] -------  (at /var/www/vhosts/vanam.fr/api.utiledev.vanam.fr/core/class/services/range_detail_service.php line 63)
2018-06-26 03:20:27 [DEBUG] range_detail_service.php: END getAllEntities [RANGE DETAIL] -------  (at /var/www/vhosts/vanam.fr/api.utiledev.vanam.fr/core/class/services/range_detail_service.php line 85)
2018-06-26 03:20:27 [DEBUG] range_detail_service.php: START getAllEntities [RANGE DETAIL] -------  (at /var/www/vhosts/vanam.fr/api.utiledev.vanam.fr/core/class/services/range_detail_service.php line 63)
2018-06-26 03:20:27 [DEBUG] range_detail_service.php: END getAllEntities [RANGE DETAIL] -------  (at /var/www/vhosts/vanam.fr/api.utiledev.vanam.fr/core/class/services/range_detail_service.php line 85)
2018-06-26 03:20:27 [DEBUG] range_detail_service.php: START getAllEntities [RANGE DETAIL] -------  (at /var/www/vhosts/vanam.fr/api.utiledev.vanam.fr/core/class/services/range_detail_service.php line 63)
2018-06-26 03:20:27 [DEBUG] range_detail_service.php: END getAllEntities [RANGE DETAIL] -------  (at /var/www/vhosts/vanam.fr/api.utiledev.vanam.fr/core/class/services/range_detail_service.php line 85)
2018-06-26 03:20:27 [DEBUG] range_detail_service.php: START getAllEntities [RANGE DETAIL] -------  (at /var/www/vhosts/vanam.fr/api.utiledev.vanam.fr/core/class/services/range_detail_service.php line 63)
2018-06-26 03:20:27 [DEBUG] range_detail_service.php: END getAllEntities [RANGE DETAIL] -------  (at /var/www/vhosts/vanam.fr/api.utiledev.vanam.fr/core/class/services/range_detail_service.php line 85)
2018-06-26 03:20:27 [DEBUG] range_detail_service.php: START getAllEntities [RANGE DETAIL] -------  (at /var/www/vhosts/vanam.fr/api.utiledev.vanam.fr/core/class/services/range_detail_service.php line 63)
2018-06-26 03:20:27 [DEBUG] range_detail_service.php: END getAllEntities [RANGE DETAIL] -------  (at /var/www/vhosts/vanam.fr/api.utiledev.vanam.fr/core/class/services/range_detail_service.php line 85)
2018-06-26 03:20:27 [DEBUG] range_detail_service.php: START getAllEntities [RANGE DETAIL] -------  (at /var/www/vhosts/vanam.fr/api.utiledev.vanam.fr/core/class/services/range_detail_service.php line 63)
2018-06-26 03:20:27 [DEBUG] range_detail_service.php: END getAllEntities [RANGE DETAIL] -------  (at /var/www/vhosts/vanam.fr/api.utiledev.vanam.fr/core/class/services/range_detail_service.php line 85)
2018-06-26 03:20:27 [DEBUG] range_detail_service.php: START getAllEntities [RANGE DETAIL] -------  (at /var/www/vhosts/vanam.fr/api.utiledev.vanam.fr/core/class/services/range_detail_service.php line 63)
2018-06-26 03:20:27 [DEBUG] range_detail_service.php: END getAllEntities [RANGE DETAIL] -------  (at /var/www/vhosts/vanam.fr/api.utiledev.vanam.fr/core/class/services/range_detail_service.php line 85)
2018-06-26 03:20:27 [DEBUG] range_detail_service.php: START getAllEntities [RANGE DETAIL] -------  (at /var/www/vhosts/vanam.fr/api.utiledev.vanam.fr/core/class/services/range_detail_service.php line 63)
2018-06-26 03:20:27 [DEBUG] range_detail_service.php: END getAllEntities [RANGE DETAIL] -------  (at /var/www/vhosts/vanam.fr/api.utiledev.vanam.fr/core/class/services/range_detail_service.php line 85)
2018-06-26 03:20:27 [DEBUG] range_detail_service.php: START getAllEntities [RANGE DETAIL] -------  (at /var/www/vhosts/vanam.fr/api.utiledev.vanam.fr/core/class/services/range_detail_service.php line 63)
2018-06-26 03:20:27 [DEBUG] range_detail_service.php: END getAllEntities [RANGE DETAIL] -------  (at /var/www/vhosts/vanam.fr/api.utiledev.vanam.fr/core/class/services/range_detail_service.php line 85)
2018-06-26 03:20:27 [DEBUG] range_detail_service.php: START getAllEntities [RANGE DETAIL] -------  (at /var/www/vhosts/vanam.fr/api.utiledev.vanam.fr/core/class/services/range_detail_service.php line 63)
2018-06-26 03:20:27 [DEBUG] range_detail_service.php: END getAllEntities [RANGE DETAIL] -------  (at /var/www/vhosts/vanam.fr/api.utiledev.vanam.fr/core/class/services/range_detail_service.php line 85)
2018-06-26 03:20:27 [DEBUG] range_detail_service.php: START getAllEntities [RANGE DETAIL] -------  (at /var/www/vhosts/vanam.fr/api.utiledev.vanam.fr/core/class/services/range_detail_service.php line 63)
2018-06-26 03:20:27 [DEBUG] range_detail_service.php: END getAllEntities [RANGE DETAIL] -------  (at /var/www/vhosts/vanam.fr/api.utiledev.vanam.fr/core/class/services/range_detail_service.php line 85)
2018-06-26 03:20:27 [DEBUG] range_detail_service.php: START getAllEntities [RANGE DETAIL] -------  (at /var/www/vhosts/vanam.fr/api.utiledev.vanam.fr/core/class/services/range_detail_service.php line 63)
2018-06-26 03:20:27 [DEBUG] range_detail_service.php: END getAllEntities [RANGE DETAIL] -------  (at /var/www/vhosts/vanam.fr/api.utiledev.vanam.fr/core/class/services/range_detail_service.php line 85)
2018-06-26 03:20:27 [DEBUG] range_detail_service.php: START getAllEntities [RANGE DETAIL] -------  (at /var/www/vhosts/vanam.fr/api.utiledev.vanam.fr/core/class/services/range_detail_service.php line 63)
2018-06-26 03:20:27 [DEBUG] range_detail_service.php: END getAllEntities [RANGE DETAIL] -------  (at /var/www/vhosts/vanam.fr/api.utiledev.vanam.fr/core/class/services/range_detail_service.php line 85)
2018-06-26 03:20:27 [DEBUG] range_detail_service.php: START getAllEntities [RANGE DETAIL] -------  (at /var/www/vhosts/vanam.fr/api.utiledev.vanam.fr/core/class/services/range_detail_service.php line 63)
2018-06-26 03:20:27 [DEBUG] range_detail_service.php: END getAllEntities [RANGE DETAIL] -------  (at /var/www/vhosts/vanam.fr/api.utiledev.vanam.fr/core/class/services/range_detail_service.php line 85)
2018-06-26 03:20:27 [DEBUG] range_detail_service.php: START getAllEntities [RANGE DETAIL] -------  (at /var/www/vhosts/vanam.fr/api.utiledev.vanam.fr/core/class/services/range_detail_service.php line 63)
2018-06-26 03:20:27 [DEBUG] range_detail_service.php: END getAllEntities [RANGE DETAIL] -------  (at /var/www/vhosts/vanam.fr/api.utiledev.vanam.fr/core/class/services/range_detail_service.php line 85)
2018-06-26 03:20:27 [DEBUG] range_detail_service.php: START getAllEntities [RANGE DETAIL] -------  (at /var/www/vhosts/vanam.fr/api.utiledev.vanam.fr/core/class/services/range_detail_service.php line 63)
2018-06-26 03:20:27 [DEBUG] range_detail_service.php: END getAllEntities [RANGE DETAIL] -------  (at /var/www/vhosts/vanam.fr/api.utiledev.vanam.fr/core/class/services/range_detail_service.php line 85)
2018-06-26 03:20:27 [DEBUG] range_detail_service.php: START getAllEntities [RANGE DETAIL] -------  (at /var/www/vhosts/vanam.fr/api.utiledev.vanam.fr/core/class/services/range_detail_service.php line 63)
2018-06-26 03:20:27 [DEBUG] range_detail_service.php: END getAllEntities [RANGE DETAIL] -------  (at /var/www/vhosts/vanam.fr/api.utiledev.vanam.fr/core/class/services/range_detail_service.php line 85)
2018-06-26 03:20:27 [DEBUG] range_detail_service.php: START getAllEntities [RANGE DETAIL] -------  (at /var/www/vhosts/vanam.fr/api.utiledev.vanam.fr/core/class/services/range_detail_service.php line 63)
2018-06-26 03:20:27 [DEBUG] range_detail_service.php: END getAllEntities [RANGE DETAIL] -------  (at /var/www/vhosts/vanam.fr/api.utiledev.vanam.fr/core/class/services/range_detail_service.php line 85)
2018-06-26 03:20:27 [DEBUG] range_detail_service.php: START getAllEntities [RANGE DETAIL] -------  (at /var/www/vhosts/vanam.fr/api.utiledev.vanam.fr/core/class/services/range_detail_service.php line 63)
2018-06-26 03:20:27 [DEBUG] range_detail_service.php: END getAllEntities [RANGE DETAIL] -------  (at /var/www/vhosts/vanam.fr/api.utiledev.vanam.fr/core/class/services/range_detail_service.php line 85)
2018-06-26 03:20:27 [DEBUG] range_detail_service.php: START getAllEntities [RANGE DETAIL] -------  (at /var/www/vhosts/vanam.fr/api.utiledev.vanam.fr/core/class/services/range_detail_service.php line 63)
2018-06-26 03:20:27 [DEBUG] range_detail_service.php: END getAllEntities [RANGE DETAIL] -------  (at /var/www/vhosts/vanam.fr/api.utiledev.vanam.fr/core/class/services/range_detail_service.php line 85)
2018-06-26 03:20:27 [DEBUG] range_detail_service.php: START getAllEntities [RANGE DETAIL] -------  (at /var/www/vhosts/vanam.fr/api.utiledev.vanam.fr/core/class/services/range_detail_service.php line 63)
2018-06-26 03:20:27 [DEBUG] range_detail_service.php: END getAllEntities [RANGE DETAIL] -------  (at /var/www/vhosts/vanam.fr/api.utiledev.vanam.fr/core/class/services/range_detail_service.php line 85)
2018-06-26 03:20:27 [DEBUG] range_detail_service.php: START getAllEntities [RANGE DETAIL] -------  (at /var/www/vhosts/vanam.fr/api.utiledev.vanam.fr/core/class/services/range_detail_service.php line 63)
2018-06-26 03:20:27 [DEBUG] range_detail_service.php: END getAllEntities [RANGE DETAIL] -------  (at /var/www/vhosts/vanam.fr/api.utiledev.vanam.fr/core/class/services/range_detail_service.php line 85)
2018-06-26 03:20:27 [DEBUG] range_detail_service.php: START getAllEntities [RANGE DETAIL] -------  (at /var/www/vhosts/vanam.fr/api.utiledev.vanam.fr/core/class/services/range_detail_service.php line 63)
2018-06-26 03:20:27 [DEBUG] range_detail_service.php: END getAllEntities [RANGE DETAIL] -------  (at /var/www/vhosts/vanam.fr/api.utiledev.vanam.fr/core/class/services/range_detail_service.php line 85)
2018-06-26 03:20:27 [DEBUG] range_detail_service.php: START getAllEntities [RANGE DETAIL] -------  (at /var/www/vhosts/vanam.fr/api.utiledev.vanam.fr/core/class/services/range_detail_service.php line 63)
2018-06-26 03:20:27 [DEBUG] range_detail_service.php: END getAllEntities [RANGE DETAIL] -------  (at /var/www/vhosts/vanam.fr/api.utiledev.vanam.fr/core/class/services/range_detail_service.php line 85)
2018-06-26 03:20:27 [DEBUG] range_detail_service.php: START getAllEntities [RANGE DETAIL] -------  (at /var/www/vhosts/vanam.fr/api.utiledev.vanam.fr/core/class/services/range_detail_service.php line 63)
2018-06-26 03:20:27 [DEBUG] range_detail_service.php: END getAllEntities [RANGE DETAIL] -------  (at /var/www/vhosts/vanam.fr/api.utiledev.vanam.fr/core/class/services/range_detail_service.php line 85)
2018-06-26 03:20:27 [DEBUG] range_detail_service.php: START getAllEntities [RANGE DETAIL] -------  (at /var/www/vhosts/vanam.fr/api.utiledev.vanam.fr/core/class/services/range_detail_service.php line 63)
2018-06-26 03:20:27 [DEBUG] range_detail_service.php: END getAllEntities [RANGE DETAIL] -------  (at /var/www/vhosts/vanam.fr/api.utiledev.vanam.fr/core/class/services/range_detail_service.php line 85)
2018-06-26 03:20:27 [DEBUG] range_detail_service.php: START getAllEntities [RANGE DETAIL] -------  (at /var/www/vhosts/vanam.fr/api.utiledev.vanam.fr/core/class/services/range_detail_service.php line 63)
2018-06-26 03:20:27 [DEBUG] range_detail_service.php: END getAllEntities [RANGE DETAIL] -------  (at /var/www/vhosts/vanam.fr/api.utiledev.vanam.fr/core/class/services/range_detail_service.php line 85)
2018-06-26 03:20:27 [DEBUG] range_detail_service.php: START getAllEntities [RANGE DETAIL] -------  (at /var/www/vhosts/vanam.fr/api.utiledev.vanam.fr/core/class/services/range_detail_service.php line 63)
2018-06-26 03:20:27 [DEBUG] range_detail_service.php: END getAllEntities [RANGE DETAIL] -------  (at /var/www/vhosts/vanam.fr/api.utiledev.vanam.fr/core/class/services/range_detail_service.php line 85)
2018-06-26 03:20:27 [DEBUG] range_detail_service.php: START getAllEntities [RANGE DETAIL] -------  (at /var/www/vhosts/vanam.fr/api.utiledev.vanam.fr/core/class/services/range_detail_service.php line 63)
2018-06-26 03:20:27 [DEBUG] range_detail_service.php: END getAllEntities [RANGE DETAIL] -------  (at /var/www/vhosts/vanam.fr/api.utiledev.vanam.fr/core/class/services/range_detail_service.php line 85)
2018-06-26 03:20:27 [DEBUG] range_detail_service.php: START getAllEntities [RANGE DETAIL] -------  (at /var/www/vhosts/vanam.fr/api.utiledev.vanam.fr/core/class/services/range_detail_service.php line 63)
2018-06-26 03:20:27 [DEBUG] range_detail_service.php: END getAllEntities [RANGE DETAIL] -------  (at /var/www/vhosts/vanam.fr/api.utiledev.vanam.fr/core/class/services/range_detail_service.php line 85)
2018-06-26 03:20:27 [DEBUG] range_detail_service.php: START getAllEntities [RANGE DETAIL] -------  (at /var/www/vhosts/vanam.fr/api.utiledev.vanam.fr/core/class/services/range_detail_service.php line 63)
2018-06-26 03:20:27 [DEBUG] range_detail_service.php: END getAllEntities [RANGE DETAIL] -------  (at /var/www/vhosts/vanam.fr/api.utiledev.vanam.fr/core/class/services/range_detail_service.php line 85)
2018-06-26 03:20:27 [DEBUG] range_detail_service.php: START getAllEntities [RANGE DETAIL] -------  (at /var/www/vhosts/vanam.fr/api.utiledev.vanam.fr/core/class/services/range_detail_service.php line 63)
2018-06-26 03:20:27 [DEBUG] range_detail_service.php: END getAllEntities [RANGE DETAIL] -------  (at /var/www/vhosts/vanam.fr/api.utiledev.vanam.fr/core/class/services/range_detail_service.php line 85)
2018-06-26 03:20:27 [DEBUG] range_detail_service.php: START getAllEntities [RANGE DETAIL] -------  (at /var/www/vhosts/vanam.fr/api.utiledev.vanam.fr/core/class/services/range_detail_service.php line 63)
2018-06-26 03:20:27 [DEBUG] range_detail_service.php: END getAllEntities [RANGE DETAIL] -------  (at /var/www/vhosts/vanam.fr/api.utiledev.vanam.fr/core/class/services/range_detail_service.php line 85)
2018-06-26 03:20:27 [DEBUG] range_detail_service.php: START getAllEntities [RANGE DETAIL] -------  (at /var/www/vhosts/vanam.fr/api.utiledev.vanam.fr/core/class/services/range_detail_service.php line 63)
2018-06-26 03:20:27 [DEBUG] range_detail_service.php: END getAllEntities [RANGE DETAIL] -------  (at /var/www/vhosts/vanam.fr/api.utiledev.vanam.fr/core/class/services/range_detail_service.php line 85)
2018-06-26 03:20:27 [DEBUG] range_detail_service.php: START getAllEntities [RANGE DETAIL] -------  (at /var/www/vhosts/vanam.fr/api.utiledev.vanam.fr/core/class/services/range_detail_service.php line 63)
2018-06-26 03:20:27 [DEBUG] range_detail_service.php: END getAllEntities [RANGE DETAIL] -------  (at /var/www/vhosts/vanam.fr/api.utiledev.vanam.fr/core/class/services/range_detail_service.php line 85)
2018-06-26 03:20:27 [DEBUG] range_detail_service.php: START getAllEntities [RANGE DETAIL] -------  (at /var/www/vhosts/vanam.fr/api.utiledev.vanam.fr/core/class/services/range_detail_service.php line 63)
2018-06-26 03:20:27 [DEBUG] range_detail_service.php: END getAllEntities [RANGE DETAIL] -------  (at /var/www/vhosts/vanam.fr/api.utiledev.vanam.fr/core/class/services/range_detail_service.php line 85)
2018-06-26 03:20:27 [DEBUG] range_detail_service.php: START getAllEntities [RANGE DETAIL] -------  (at /var/www/vhosts/vanam.fr/api.utiledev.vanam.fr/core/class/services/range_detail_service.php line 63)
2018-06-26 03:20:27 [DEBUG] range_detail_service.php: END getAllEntities [RANGE DETAIL] -------  (at /var/www/vhosts/vanam.fr/api.utiledev.vanam.fr/core/class/services/range_detail_service.php line 85)
2018-06-26 03:20:27 [DEBUG] range_detail_service.php: START getAllEntities [RANGE DETAIL] -------  (at /var/www/vhosts/vanam.fr/api.utiledev.vanam.fr/core/class/services/range_detail_service.php line 63)
2018-06-26 03:20:27 [DEBUG] range_detail_service.php: END getAllEntities [RANGE DETAIL] -------  (at /var/www/vhosts/vanam.fr/api.utiledev.vanam.fr/core/class/services/range_detail_service.php line 85)
2018-06-26 03:20:27 [DEBUG] range_detail_service.php: START getAllEntities [RANGE DETAIL] -------  (at /var/www/vhosts/vanam.fr/api.utiledev.vanam.fr/core/class/services/range_detail_service.php line 63)
2018-06-26 03:20:27 [DEBUG] range_detail_service.php: END getAllEntities [RANGE DETAIL] -------  (at /var/www/vhosts/vanam.fr/api.utiledev.vanam.fr/core/class/services/range_detail_service.php line 85)
2018-06-26 03:20:27 [DEBUG] range_detail_service.php: START getAllEntities [RANGE DETAIL] -------  (at /var/www/vhosts/vanam.fr/api.utiledev.vanam.fr/core/class/services/range_detail_service.php line 63)
2018-06-26 03:20:27 [DEBUG] range_detail_service.php: END getAllEntities [RANGE DETAIL] -------  (at /var/www/vhosts/vanam.fr/api.utiledev.vanam.fr/core/class/services/range_detail_service.php line 85)
2018-06-26 03:20:27 [DEBUG] range_detail_service.php: START getAllEntities [RANGE DETAIL] -------  (at /var/www/vhosts/vanam.fr/api.utiledev.vanam.fr/core/class/services/range_detail_service.php line 63)
2018-06-26 03:20:27 [DEBUG] range_detail_service.php: END getAllEntities [RANGE DETAIL] -------  (at /var/www/vhosts/vanam.fr/api.utiledev.vanam.fr/core/class/services/range_detail_service.php line 85)
2018-06-26 03:20:27 [DEBUG] range_service.php: END getAllEntities [RANGE] -------  (at /var/www/vhosts/vanam.fr/api.utiledev.vanam.fr/core/class/services/range_service.php line 88)
2018-06-26 03:20:27 [DEBUG] range_route.php: END /range ---------- (at /var/www/vhosts/vanam.fr/api.utiledev.vanam.fr/routes/range_route.php line 218)
2018-06-26 03:20:49 [DEBUG] range_route.php: START /range/detail ---------- (at /var/www/vhosts/vanam.fr/api.utiledev.vanam.fr/routes/range_route.php line 70)
2018-06-26 03:20:49 [DEBUG] range_detail_service.php: START getAllEntities [RANGE DETAIL] -------  (at /var/www/vhosts/vanam.fr/api.utiledev.vanam.fr/core/class/services/range_detail_service.php line 63)
2018-06-26 03:20:49 [DEBUG] range_detail_service.php: END getAllEntities [RANGE DETAIL] -------  (at /var/www/vhosts/vanam.fr/api.utiledev.vanam.fr/core/class/services/range_detail_service.php line 85)
2018-06-26 03:20:49 [DEBUG] range_route.php: END /range/detail ---------- (at /var/www/vhosts/vanam.fr/api.utiledev.vanam.fr/routes/range_route.php line 87)
2018-06-26 03:21:18 [DEBUG] range_route.php: START /range/detail ---------- (at /var/www/vhosts/vanam.fr/api.utiledev.vanam.fr/routes/range_route.php line 70)
2018-06-26 03:21:18 [DEBUG] range_detail_service.php: START getAllEntities [RANGE DETAIL] -------  (at /var/www/vhosts/vanam.fr/api.utiledev.vanam.fr/core/class/services/range_detail_service.php line 63)
2018-06-26 03:21:18 [DEBUG] range_detail_service.php: END getAllEntities [RANGE DETAIL] -------  (at /var/www/vhosts/vanam.fr/api.utiledev.vanam.fr/core/class/services/range_detail_service.php line 85)
2018-06-26 03:21:18 [DEBUG] range_route.php: END /range/detail ---------- (at /var/www/vhosts/vanam.fr/api.utiledev.vanam.fr/routes/range_route.php line 87)
2018-06-26 03:21:43 [DEBUG] range_route.php: START /range/detail ---------- (at /var/www/vhosts/vanam.fr/api.utiledev.vanam.fr/routes/range_route.php line 70)
2018-06-26 03:21:43 [DEBUG] range_detail_service.php: START getAllEntities [RANGE DETAIL] -------  (at /var/www/vhosts/vanam.fr/api.utiledev.vanam.fr/core/class/services/range_detail_service.php line 63)
2018-06-26 03:21:43 [DEBUG] range_detail_service.php: END getAllEntities [RANGE DETAIL] -------  (at /var/www/vhosts/vanam.fr/api.utiledev.vanam.fr/core/class/services/range_detail_service.php line 85)
2018-06-26 03:21:43 [DEBUG] range_route.php: END /range/detail ---------- (at /var/www/vhosts/vanam.fr/api.utiledev.vanam.fr/routes/range_route.php line 87)
2018-06-26 03:22:11 [DEBUG] range_route.php: START /range/detail ---------- (at /var/www/vhosts/vanam.fr/api.utiledev.vanam.fr/routes/range_route.php line 70)
2018-06-26 03:22:11 [DEBUG] range_detail_service.php: START getAllEntities [RANGE DETAIL] -------  (at /var/www/vhosts/vanam.fr/api.utiledev.vanam.fr/core/class/services/range_detail_service.php line 63)
2018-06-26 03:22:11 [DEBUG] range_detail_service.php: END getAllEntities [RANGE DETAIL] -------  (at /var/www/vhosts/vanam.fr/api.utiledev.vanam.fr/core/class/services/range_detail_service.php line 85)
2018-06-26 03:22:11 [DEBUG] range_route.php: END /range/detail ---------- (at /var/www/vhosts/vanam.fr/api.utiledev.vanam.fr/routes/range_route.php line 87)
2018-06-26 03:22:29 [DEBUG] range_route.php: START /range/detail ---------- (at /var/www/vhosts/vanam.fr/api.utiledev.vanam.fr/routes/range_route.php line 70)
2018-06-26 03:22:29 [DEBUG] range_detail_service.php: START getAllEntities [RANGE DETAIL] -------  (at /var/www/vhosts/vanam.fr/api.utiledev.vanam.fr/core/class/services/range_detail_service.php line 63)
2018-06-26 03:22:29 [DEBUG] range_detail_service.php: END getAllEntities [RANGE DETAIL] -------  (at /var/www/vhosts/vanam.fr/api.utiledev.vanam.fr/core/class/services/range_detail_service.php line 85)
2018-06-26 03:22:29 [DEBUG] range_route.php: END /range/detail ---------- (at /var/www/vhosts/vanam.fr/api.utiledev.vanam.fr/routes/range_route.php line 87)
2018-06-26 03:23:19 [DEBUG] range_route.php: START /range/detail ---------- (at /var/www/vhosts/vanam.fr/api.utiledev.vanam.fr/routes/range_route.php line 70)
2018-06-26 03:23:19 [DEBUG] range_detail_service.php: START getAllEntities [RANGE DETAIL] -------  (at /var/www/vhosts/vanam.fr/api.utiledev.vanam.fr/core/class/services/range_detail_service.php line 63)
2018-06-26 03:23:19 [DEBUG] range_detail_service.php: END getAllEntities [RANGE DETAIL] -------  (at /var/www/vhosts/vanam.fr/api.utiledev.vanam.fr/core/class/services/range_detail_service.php line 85)
2018-06-26 03:23:19 [DEBUG] range_route.php: END /range/detail ---------- (at /var/www/vhosts/vanam.fr/api.utiledev.vanam.fr/routes/range_route.php line 87)
2018-06-26 03:23:58 [DEBUG] gender_route.php: START /gender ---------- (at /var/www/vhosts/vanam.fr/api.utiledev.vanam.fr/routes/gender_route.php line 65)
2018-06-26 03:23:58 [DEBUG] gender_service.php: START getAllEntities [GENDER] -------  (at /var/www/vhosts/vanam.fr/api.utiledev.vanam.fr/core/class/services/gender_service.php line 62)
2018-06-26 03:23:58 [DEBUG] gender_service.php: END getAllEntities [GENDER] -------  (at /var/www/vhosts/vanam.fr/api.utiledev.vanam.fr/core/class/services/gender_service.php line 84)
2018-06-26 03:23:58 [DEBUG] gender_route.php: END /gender ---------- (at /var/www/vhosts/vanam.fr/api.utiledev.vanam.fr/routes/gender_route.php line 82)
2018-06-26 03:24:39 [DEBUG] sport_route.php: START /sport ---------- (at /var/www/vhosts/vanam.fr/api.utiledev.vanam.fr/routes/sport_route.php line 65)
2018-06-26 03:24:39 [DEBUG] sport_service.php: START getAllEntities [SPORT] -------  (at /var/www/vhosts/vanam.fr/api.utiledev.vanam.fr/core/class/services/sport_service.php line 62)
2018-06-26 03:24:39 [DEBUG] sport_service.php: END getAllEntities [SPORT] -------  (at /var/www/vhosts/vanam.fr/api.utiledev.vanam.fr/core/class/services/sport_service.php line 84)
2018-06-26 03:24:39 [DEBUG] sport_route.php: END /sport ---------- (at /var/www/vhosts/vanam.fr/api.utiledev.vanam.fr/routes/sport_route.php line 82)
2018-06-26 03:24:48 [DEBUG] category_route.php: START /category ---------- (at /var/www/vhosts/vanam.fr/api.utiledev.vanam.fr/routes/category_route.php line 65)
2018-06-26 03:24:48 [DEBUG] category_service.php: START getAllEntities [CATEGORY] -------  (at /var/www/vhosts/vanam.fr/api.utiledev.vanam.fr/core/class/services/category_service.php line 62)
2018-06-26 03:24:48 [DEBUG] category_service.php: END getAllEntities [CATEGORY] -------  (at /var/www/vhosts/vanam.fr/api.utiledev.vanam.fr/core/class/services/category_service.php line 95)
2018-06-26 03:24:48 [DEBUG] category_route.php: END /category ---------- (at /var/www/vhosts/vanam.fr/api.utiledev.vanam.fr/routes/category_route.php line 82)
2018-06-26 03:25:50 [DEBUG] brand_route.php: START /brand ---------- (at /var/www/vhosts/vanam.fr/api.utiledev.vanam.fr/routes/brand_route.php line 122)
2018-06-26 03:25:50 [DEBUG] brand_service.php: START getAllEntities [BRAND] -------  (at /var/www/vhosts/vanam.fr/api.utiledev.vanam.fr/core/class/services/brand_service.php line 64)
2018-06-26 03:25:50 [DEBUG] brand_service.php: END getAllEntities [BRAND] -------  (at /var/www/vhosts/vanam.fr/api.utiledev.vanam.fr/core/class/services/brand_service.php line 99)
2018-06-26 03:25:50 [DEBUG] brand_route.php: END /brand ---------- (at /var/www/vhosts/vanam.fr/api.utiledev.vanam.fr/routes/brand_route.php line 139)
2018-06-26 03:26:06 [DEBUG] zonage_city_route.php: START /zonage ---------- (at /var/www/vhosts/vanam.fr/api.utiledev.vanam.fr/routes/zonage_city_route.php line 67)
2018-06-26 03:26:06 [DEBUG] zonage_city_service.php: START getAllEntities [ZONAGE] -------  (at /var/www/vhosts/vanam.fr/api.utiledev.vanam.fr/core/class/services/zonage_city_service.php line 64)
2018-06-26 03:26:06 [DEBUG] zonage_city_service.php: END getAllEntities [ZONAGE] -------  (at /var/www/vhosts/vanam.fr/api.utiledev.vanam.fr/core/class/services/zonage_city_service.php line 86)
2018-06-26 03:26:06 [DEBUG] zonage_city_route.php: END /zonage ---------- (at /var/www/vhosts/vanam.fr/api.utiledev.vanam.fr/routes/zonage_city_route.php line 84)
2018-06-26 03:26:27 [DEBUG] gender_route.php: START /gender ---------- (at /var/www/vhosts/vanam.fr/api.utiledev.vanam.fr/routes/gender_route.php line 65)
2018-06-26 03:26:27 [DEBUG] gender_service.php: START getAllEntities [GENDER] -------  (at /var/www/vhosts/vanam.fr/api.utiledev.vanam.fr/core/class/services/gender_service.php line 62)
2018-06-26 03:26:27 [DEBUG] gender_service.php: END getAllEntities [GENDER] -------  (at /var/www/vhosts/vanam.fr/api.utiledev.vanam.fr/core/class/services/gender_service.php line 84)
2018-06-26 03:26:27 [DEBUG] gender_route.php: END /gender ---------- (at /var/www/vhosts/vanam.fr/api.utiledev.vanam.fr/routes/gender_route.php line 82)
2018-06-26 03:26:39 [DEBUG] gender_route.php: START /gender ---------- (at /var/www/vhosts/vanam.fr/api.utiledev.vanam.fr/routes/gender_route.php line 65)
2018-06-26 03:26:39 [DEBUG] gender_service.php: START getAllEntities [GENDER] -------  (at /var/www/vhosts/vanam.fr/api.utiledev.vanam.fr/core/class/services/gender_service.php line 62)
2018-06-26 03:26:39 [DEBUG] gender_service.php: END getAllEntities [GENDER] -------  (at /var/www/vhosts/vanam.fr/api.utiledev.vanam.fr/core/class/services/gender_service.php line 84)
2018-06-26 03:26:39 [DEBUG] gender_route.php: END /gender ---------- (at /var/www/vhosts/vanam.fr/api.utiledev.vanam.fr/routes/gender_route.php line 82)
2018-06-26 03:26:40 [DEBUG] category_route.php: START /category ---------- (at /var/www/vhosts/vanam.fr/api.utiledev.vanam.fr/routes/category_route.php line 65)
2018-06-26 03:26:40 [DEBUG] category_service.php: START getAllEntities [CATEGORY] -------  (at /var/www/vhosts/vanam.fr/api.utiledev.vanam.fr/core/class/services/category_service.php line 62)
2018-06-26 03:26:40 [DEBUG] category_service.php: END getAllEntities [CATEGORY] -------  (at /var/www/vhosts/vanam.fr/api.utiledev.vanam.fr/core/class/services/category_service.php line 95)
2018-06-26 03:26:40 [DEBUG] category_route.php: END /category ---------- (at /var/www/vhosts/vanam.fr/api.utiledev.vanam.fr/routes/category_route.php line 82)
2018-06-26 03:26:40 [DEBUG] sport_route.php: START /sport ---------- (at /var/www/vhosts/vanam.fr/api.utiledev.vanam.fr/routes/sport_route.php line 65)
2018-06-26 03:26:40 [DEBUG] sport_service.php: START getAllEntities [SPORT] -------  (at /var/www/vhosts/vanam.fr/api.utiledev.vanam.fr/core/class/services/sport_service.php line 62)
2018-06-26 03:26:40 [DEBUG] sport_service.php: END getAllEntities [SPORT] -------  (at /var/www/vhosts/vanam.fr/api.utiledev.vanam.fr/core/class/services/sport_service.php line 84)
2018-06-26 03:26:40 [DEBUG] sport_route.php: END /sport ---------- (at /var/www/vhosts/vanam.fr/api.utiledev.vanam.fr/routes/sport_route.php line 82)
2018-06-26 03:26:40 [DEBUG] brand_route.php: START /brand ---------- (at /var/www/vhosts/vanam.fr/api.utiledev.vanam.fr/routes/brand_route.php line 122)
2018-06-26 03:26:40 [DEBUG] brand_service.php: START getAllEntities [BRAND] -------  (at /var/www/vhosts/vanam.fr/api.utiledev.vanam.fr/core/class/services/brand_service.php line 64)
2018-06-26 03:26:40 [DEBUG] brand_service.php: END getAllEntities [BRAND] -------  (at /var/www/vhosts/vanam.fr/api.utiledev.vanam.fr/core/class/services/brand_service.php line 99)
2018-06-26 03:26:40 [DEBUG] brand_route.php: END /brand ---------- (at /var/www/vhosts/vanam.fr/api.utiledev.vanam.fr/routes/brand_route.php line 139)
2018-06-26 03:44:45 [DEBUG] activity_route.php: START /company ---------- (at /var/www/vhosts/vanam.fr/api.utiledev.vanam.fr/routes/activity_route.php line 46)
2018-06-26 03:44:45 [DEBUG] tools_service.php: START getAllCompanies -------  (at /var/www/vhosts/vanam.fr/api.utiledev.vanam.fr/core/class/services/tools_service.php line 13)
2018-06-26 03:44:45 [DEBUG] tools_service.php: 766cc429fd8a19ed043d04c386827d92 (at /var/www/vhosts/vanam.fr/api.utiledev.vanam.fr/core/class/services/tools_service.php line 14)
2018-06-26 03:44:45 [DEBUG] tools_service.php: END getAllCompanies -------  (at /var/www/vhosts/vanam.fr/api.utiledev.vanam.fr/core/class/services/tools_service.php line 35)
2018-06-26 03:44:45 [DEBUG] activity_route.php: END /company ---------- (at /var/www/vhosts/vanam.fr/api.utiledev.vanam.fr/routes/activity_route.php line 60)
2018-06-26 04:01:43 [DEBUG] activity_route.php: START /company ---------- (at /var/www/vhosts/vanam.fr/api.utiledev.vanam.fr/routes/activity_route.php line 46)
2018-06-26 04:01:43 [DEBUG] tools_service.php: START getAllCompanies -------  (at /var/www/vhosts/vanam.fr/api.utiledev.vanam.fr/core/class/services/tools_service.php line 13)
2018-06-26 04:01:43 [DEBUG] tools_service.php: 766cc429fd8a19ed043d04c386827d92 (at /var/www/vhosts/vanam.fr/api.utiledev.vanam.fr/core/class/services/tools_service.php line 14)
2018-06-26 04:01:43 [DEBUG] tools_service.php: END getAllCompanies -------  (at /var/www/vhosts/vanam.fr/api.utiledev.vanam.fr/core/class/services/tools_service.php line 35)
2018-06-26 04:01:43 [DEBUG] activity_route.php: END /company ---------- (at /var/www/vhosts/vanam.fr/api.utiledev.vanam.fr/routes/activity_route.php line 60)
