2018-06-27 02:13:16 [DEBUG] activity_route.php: START /company ---------- (at /var/www/vhosts/vanam.fr/api.utiledev.vanam.fr/routes/activity_route.php line 46)
2018-06-27 02:13:16 [DEBUG] tools_service.php: START getAllCompanies -------  (at /var/www/vhosts/vanam.fr/api.utiledev.vanam.fr/core/class/services/tools_service.php line 13)
2018-06-27 02:13:16 [DEBUG] tools_service.php: 766cc429fd8a19ed043d04c386827d92 (at /var/www/vhosts/vanam.fr/api.utiledev.vanam.fr/core/class/services/tools_service.php line 14)
2018-06-27 02:13:16 [DEBUG] tools_service.php: END getAllCompanies -------  (at /var/www/vhosts/vanam.fr/api.utiledev.vanam.fr/core/class/services/tools_service.php line 35)
2018-06-27 02:13:16 [DEBUG] activity_route.php: END /company ---------- (at /var/www/vhosts/vanam.fr/api.utiledev.vanam.fr/routes/activity_route.php line 60)
2018-06-27 02:14:09 [DEBUG] category_route.php: START /category ---------- (at /var/www/vhosts/vanam.fr/api.utiledev.vanam.fr/routes/category_route.php line 65)
2018-06-27 02:14:09 [DEBUG] category_service.php: START getAllEntities [CATEGORY] -------  (at /var/www/vhosts/vanam.fr/api.utiledev.vanam.fr/core/class/services/category_service.php line 62)
2018-06-27 02:14:09 [DEBUG] category_service.php: END getAllEntities [CATEGORY] -------  (at /var/www/vhosts/vanam.fr/api.utiledev.vanam.fr/core/class/services/category_service.php line 95)
2018-06-27 02:14:09 [DEBUG] category_route.php: END /category ---------- (at /var/www/vhosts/vanam.fr/api.utiledev.vanam.fr/routes/category_route.php line 82)
2018-06-27 02:18:13 [DEBUG] activity_route.php: START /company ---------- (at /var/www/vhosts/vanam.fr/api.utiledev.vanam.fr/routes/activity_route.php line 46)
2018-06-27 02:18:13 [DEBUG] tools_service.php: START getAllCompanies -------  (at /var/www/vhosts/vanam.fr/api.utiledev.vanam.fr/core/class/services/tools_service.php line 13)
2018-06-27 02:18:13 [DEBUG] tools_service.php: 766cc429fd8a19ed043d04c386827d92 (at /var/www/vhosts/vanam.fr/api.utiledev.vanam.fr/core/class/services/tools_service.php line 14)
2018-06-27 02:18:13 [DEBUG] tools_service.php: END getAllCompanies -------  (at /var/www/vhosts/vanam.fr/api.utiledev.vanam.fr/core/class/services/tools_service.php line 35)
2018-06-27 02:18:13 [DEBUG] activity_route.php: END /company ---------- (at /var/www/vhosts/vanam.fr/api.utiledev.vanam.fr/routes/activity_route.php line 60)
2018-06-27 02:18:13 [DEBUG] category_route.php: START /category ---------- (at /var/www/vhosts/vanam.fr/api.utiledev.vanam.fr/routes/category_route.php line 65)
2018-06-27 02:18:13 [DEBUG] category_service.php: START getAllEntities [CATEGORY] -------  (at /var/www/vhosts/vanam.fr/api.utiledev.vanam.fr/core/class/services/category_service.php line 62)
2018-06-27 02:18:13 [DEBUG] category_service.php: END getAllEntities [CATEGORY] -------  (at /var/www/vhosts/vanam.fr/api.utiledev.vanam.fr/core/class/services/category_service.php line 95)
2018-06-27 02:18:13 [DEBUG] category_route.php: END /category ---------- (at /var/www/vhosts/vanam.fr/api.utiledev.vanam.fr/routes/category_route.php line 82)
2018-06-27 03:06:13 [DEBUG] activity_route.php: START /company ---------- (at /var/www/vhosts/vanam.fr/api.utiledev.vanam.fr/routes/activity_route.php line 46)
2018-06-27 03:06:13 [DEBUG] tools_service.php: START getAllCompanies -------  (at /var/www/vhosts/vanam.fr/api.utiledev.vanam.fr/core/class/services/tools_service.php line 13)
2018-06-27 03:06:13 [DEBUG] tools_service.php: 766cc429fd8a19ed043d04c386827d92 (at /var/www/vhosts/vanam.fr/api.utiledev.vanam.fr/core/class/services/tools_service.php line 14)
2018-06-27 03:06:13 [DEBUG] tools_service.php: END getAllCompanies -------  (at /var/www/vhosts/vanam.fr/api.utiledev.vanam.fr/core/class/services/tools_service.php line 35)
2018-06-27 03:06:13 [DEBUG] activity_route.php: END /company ---------- (at /var/www/vhosts/vanam.fr/api.utiledev.vanam.fr/routes/activity_route.php line 60)
2018-06-27 03:06:29 [DEBUG] brand_route.php: START /brand ---------- (at /var/www/vhosts/vanam.fr/api.utiledev.vanam.fr/routes/brand_route.php line 122)
2018-06-27 03:06:29 [DEBUG] brand_service.php: START getAllEntities [BRAND] -------  (at /var/www/vhosts/vanam.fr/api.utiledev.vanam.fr/core/class/services/brand_service.php line 64)
2018-06-27 03:06:29 [DEBUG] brand_service.php: END getAllEntities [BRAND] -------  (at /var/www/vhosts/vanam.fr/api.utiledev.vanam.fr/core/class/services/brand_service.php line 99)
2018-06-27 03:06:29 [DEBUG] brand_route.php: END /brand ---------- (at /var/www/vhosts/vanam.fr/api.utiledev.vanam.fr/routes/brand_route.php line 139)
2018-06-27 03:06:35 [DEBUG] country_route.php: START /country ---------- (at /var/www/vhosts/vanam.fr/api.utiledev.vanam.fr/routes/country_route.php line 65)
2018-06-27 03:06:35 [DEBUG] country_service.php: START getAllEntities [COUNTRY] -------  (at /var/www/vhosts/vanam.fr/api.utiledev.vanam.fr/core/class/services/country_service.php line 67)
2018-06-27 03:06:35 [DEBUG] country_service.php: END getAllEntities [COUNTRY] -------  (at /var/www/vhosts/vanam.fr/api.utiledev.vanam.fr/core/class/services/country_service.php line 89)
2018-06-27 03:06:35 [DEBUG] country_route.php: END /country ---------- (at /var/www/vhosts/vanam.fr/api.utiledev.vanam.fr/routes/country_route.php line 82)
2018-06-27 03:06:50 [DEBUG] brand_route.php: START /brand ---------- (at /var/www/vhosts/vanam.fr/api.utiledev.vanam.fr/routes/brand_route.php line 122)
2018-06-27 03:06:50 [DEBUG] brand_service.php: START getAllEntities [BRAND] -------  (at /var/www/vhosts/vanam.fr/api.utiledev.vanam.fr/core/class/services/brand_service.php line 64)
2018-06-27 03:06:50 [DEBUG] brand_service.php: END getAllEntities [BRAND] -------  (at /var/www/vhosts/vanam.fr/api.utiledev.vanam.fr/core/class/services/brand_service.php line 99)
2018-06-27 03:06:50 [DEBUG] brand_route.php: END /brand ---------- (at /var/www/vhosts/vanam.fr/api.utiledev.vanam.fr/routes/brand_route.php line 139)
2018-06-27 03:08:38 [DEBUG] category_route.php: START /category ---------- (at /var/www/vhosts/vanam.fr/api.utiledev.vanam.fr/routes/category_route.php line 65)
2018-06-27 03:08:38 [DEBUG] category_service.php: START getAllEntities [CATEGORY] -------  (at /var/www/vhosts/vanam.fr/api.utiledev.vanam.fr/core/class/services/category_service.php line 62)
2018-06-27 03:08:38 [DEBUG] category_service.php: END getAllEntities [CATEGORY] -------  (at /var/www/vhosts/vanam.fr/api.utiledev.vanam.fr/core/class/services/category_service.php line 95)
2018-06-27 03:08:38 [DEBUG] category_route.php: END /category ---------- (at /var/www/vhosts/vanam.fr/api.utiledev.vanam.fr/routes/category_route.php line 82)
2018-06-27 03:11:03 [DEBUG] category_route.php: START /category ---------- (at /var/www/vhosts/vanam.fr/api.utiledev.vanam.fr/routes/category_route.php line 36)
2018-06-27 03:11:03 [DEBUG] category_service.php: START updateEntityById [CATEGORY] -------  (at /var/www/vhosts/vanam.fr/api.utiledev.vanam.fr/core/class/services/category_service.php line 38)
2018-06-27 03:11:03 [DEBUG] category_service.php: 766cc429fd8a19ed043d04c386827d92 (at /var/www/vhosts/vanam.fr/api.utiledev.vanam.fr/core/class/services/category_service.php line 39)
2018-06-27 03:11:03 [DEBUG] category_service.php: END updateEntityById [CATEGORY] -------  (at /var/www/vhosts/vanam.fr/api.utiledev.vanam.fr/core/class/services/category_service.php line 56)
2018-06-27 03:11:03 [DEBUG] category_route.php: END /category ---------- (at /var/www/vhosts/vanam.fr/api.utiledev.vanam.fr/routes/category_route.php line 58)
2018-06-27 03:11:05 [DEBUG] category_route.php: START /category ---------- (at /var/www/vhosts/vanam.fr/api.utiledev.vanam.fr/routes/category_route.php line 65)
2018-06-27 03:11:05 [DEBUG] category_service.php: START getAllEntities [CATEGORY] -------  (at /var/www/vhosts/vanam.fr/api.utiledev.vanam.fr/core/class/services/category_service.php line 62)
2018-06-27 03:11:05 [DEBUG] category_service.php: END getAllEntities [CATEGORY] -------  (at /var/www/vhosts/vanam.fr/api.utiledev.vanam.fr/core/class/services/category_service.php line 95)
2018-06-27 03:11:05 [DEBUG] category_route.php: END /category ---------- (at /var/www/vhosts/vanam.fr/api.utiledev.vanam.fr/routes/category_route.php line 82)
2018-06-27 06:51:25 [DEBUG] activity_route.php: START /company ---------- (at /var/www/vhosts/vanam.fr/api.utiledev.vanam.fr/routes/activity_route.php line 46)
2018-06-27 06:51:25 [DEBUG] tools_service.php: START getAllCompanies -------  (at /var/www/vhosts/vanam.fr/api.utiledev.vanam.fr/core/class/services/tools_service.php line 13)
2018-06-27 06:51:25 [DEBUG] tools_service.php: 766cc429fd8a19ed043d04c386827d92 (at /var/www/vhosts/vanam.fr/api.utiledev.vanam.fr/core/class/services/tools_service.php line 14)
2018-06-27 06:51:25 [DEBUG] tools_service.php: END getAllCompanies -------  (at /var/www/vhosts/vanam.fr/api.utiledev.vanam.fr/core/class/services/tools_service.php line 35)
2018-06-27 06:51:25 [DEBUG] activity_route.php: END /company ---------- (at /var/www/vhosts/vanam.fr/api.utiledev.vanam.fr/routes/activity_route.php line 60)
2018-06-27 06:56:31 [DEBUG] brand_route.php: START /brand ---------- (at /var/www/vhosts/vanam.fr/api.utiledev.vanam.fr/routes/brand_route.php line 122)
2018-06-27 06:56:31 [DEBUG] brand_service.php: START getAllEntities [BRAND] -------  (at /var/www/vhosts/vanam.fr/api.utiledev.vanam.fr/core/class/services/brand_service.php line 64)
2018-06-27 06:56:31 [DEBUG] brand_service.php: END getAllEntities [BRAND] -------  (at /var/www/vhosts/vanam.fr/api.utiledev.vanam.fr/core/class/services/brand_service.php line 99)
2018-06-27 06:56:31 [DEBUG] brand_route.php: END /brand ---------- (at /var/www/vhosts/vanam.fr/api.utiledev.vanam.fr/routes/brand_route.php line 139)
2018-06-27 06:56:44 [DEBUG] brand_route.php: START /brand/media ---------- (at /var/www/vhosts/vanam.fr/api.utiledev.vanam.fr/routes/brand_route.php line 63)
2018-06-27 06:56:44 [DEBUG] brand_service.php: ---------- deletePictureOfCurrentBrand ---------- (at /var/www/vhosts/vanam.fr/api.utiledev.vanam.fr/core/class/services/brand_service.php line 178)
2018-06-27 06:56:44 [DEBUG] brand_service.php: ----------------------------------------------------------------------------------- (at /var/www/vhosts/vanam.fr/api.utiledev.vanam.fr/core/class/services/brand_service.php line 193)
2018-06-27 06:56:44 [DEBUG] brand_route.php: END /brand/media ---------- (at /var/www/vhosts/vanam.fr/api.utiledev.vanam.fr/routes/brand_route.php line 78)
2018-06-27 06:56:44 [DEBUG] brand_route.php: START /brand ---------- (at /var/www/vhosts/vanam.fr/api.utiledev.vanam.fr/routes/brand_route.php line 122)
2018-06-27 06:56:44 [DEBUG] brand_service.php: START getAllEntities [BRAND] -------  (at /var/www/vhosts/vanam.fr/api.utiledev.vanam.fr/core/class/services/brand_service.php line 64)
2018-06-27 06:56:44 [DEBUG] brand_service.php: END getAllEntities [BRAND] -------  (at /var/www/vhosts/vanam.fr/api.utiledev.vanam.fr/core/class/services/brand_service.php line 99)
2018-06-27 06:56:44 [DEBUG] brand_route.php: END /brand ---------- (at /var/www/vhosts/vanam.fr/api.utiledev.vanam.fr/routes/brand_route.php line 139)
2018-06-27 06:56:58 [DEBUG] brand_route.php: START /brand ---------- (at /var/www/vhosts/vanam.fr/api.utiledev.vanam.fr/routes/brand_route.php line 122)
2018-06-27 06:56:58 [DEBUG] brand_service.php: START getAllEntities [BRAND] -------  (at /var/www/vhosts/vanam.fr/api.utiledev.vanam.fr/core/class/services/brand_service.php line 64)
2018-06-27 06:56:58 [DEBUG] brand_service.php: END getAllEntities [BRAND] -------  (at /var/www/vhosts/vanam.fr/api.utiledev.vanam.fr/core/class/services/brand_service.php line 99)
2018-06-27 06:56:58 [DEBUG] brand_route.php: END /brand ---------- (at /var/www/vhosts/vanam.fr/api.utiledev.vanam.fr/routes/brand_route.php line 139)
2018-06-27 06:56:59 [DEBUG] activity_route.php: START /company ---------- (at /var/www/vhosts/vanam.fr/api.utiledev.vanam.fr/routes/activity_route.php line 46)
2018-06-27 06:56:59 [DEBUG] tools_service.php: START getAllCompanies -------  (at /var/www/vhosts/vanam.fr/api.utiledev.vanam.fr/core/class/services/tools_service.php line 13)
2018-06-27 06:56:59 [DEBUG] tools_service.php: 766cc429fd8a19ed043d04c386827d92 (at /var/www/vhosts/vanam.fr/api.utiledev.vanam.fr/core/class/services/tools_service.php line 14)
2018-06-27 06:56:59 [DEBUG] tools_service.php: END getAllCompanies -------  (at /var/www/vhosts/vanam.fr/api.utiledev.vanam.fr/core/class/services/tools_service.php line 35)
2018-06-27 06:56:59 [DEBUG] activity_route.php: END /company ---------- (at /var/www/vhosts/vanam.fr/api.utiledev.vanam.fr/routes/activity_route.php line 60)
2018-06-27 07:07:49 [DEBUG] activity_route.php: START /company ---------- (at /var/www/vhosts/vanam.fr/api.utiledev.vanam.fr/routes/activity_route.php line 46)
2018-06-27 07:07:49 [DEBUG] tools_service.php: START getAllCompanies -------  (at /var/www/vhosts/vanam.fr/api.utiledev.vanam.fr/core/class/services/tools_service.php line 13)
2018-06-27 07:07:49 [DEBUG] tools_service.php: 766cc429fd8a19ed043d04c386827d92 (at /var/www/vhosts/vanam.fr/api.utiledev.vanam.fr/core/class/services/tools_service.php line 14)
2018-06-27 07:07:49 [DEBUG] tools_service.php: END getAllCompanies -------  (at /var/www/vhosts/vanam.fr/api.utiledev.vanam.fr/core/class/services/tools_service.php line 35)
2018-06-27 07:07:49 [DEBUG] activity_route.php: END /company ---------- (at /var/www/vhosts/vanam.fr/api.utiledev.vanam.fr/routes/activity_route.php line 60)
2018-06-27 07:07:49 [DEBUG] brand_route.php: START /brand ---------- (at /var/www/vhosts/vanam.fr/api.utiledev.vanam.fr/routes/brand_route.php line 122)
2018-06-27 07:07:49 [DEBUG] brand_service.php: START getAllEntities [BRAND] -------  (at /var/www/vhosts/vanam.fr/api.utiledev.vanam.fr/core/class/services/brand_service.php line 64)
2018-06-27 07:07:49 [DEBUG] brand_service.php: END getAllEntities [BRAND] -------  (at /var/www/vhosts/vanam.fr/api.utiledev.vanam.fr/core/class/services/brand_service.php line 99)
2018-06-27 07:07:49 [DEBUG] brand_route.php: END /brand ---------- (at /var/www/vhosts/vanam.fr/api.utiledev.vanam.fr/routes/brand_route.php line 139)
2018-06-27 07:40:59 [DEBUG] activity_route.php: START /company ---------- (at /var/www/vhosts/vanam.fr/api.utiledev.vanam.fr/routes/activity_route.php line 46)
2018-06-27 07:40:59 [DEBUG] tools_service.php: START getAllCompanies -------  (at /var/www/vhosts/vanam.fr/api.utiledev.vanam.fr/core/class/services/tools_service.php line 13)
2018-06-27 07:40:59 [DEBUG] tools_service.php: 766cc429fd8a19ed043d04c386827d92 (at /var/www/vhosts/vanam.fr/api.utiledev.vanam.fr/core/class/services/tools_service.php line 14)
2018-06-27 07:40:59 [DEBUG] tools_service.php: END getAllCompanies -------  (at /var/www/vhosts/vanam.fr/api.utiledev.vanam.fr/core/class/services/tools_service.php line 35)
2018-06-27 07:40:59 [DEBUG] activity_route.php: END /company ---------- (at /var/www/vhosts/vanam.fr/api.utiledev.vanam.fr/routes/activity_route.php line 60)
2018-06-27 07:40:59 [DEBUG] brand_route.php: START /brand ---------- (at /var/www/vhosts/vanam.fr/api.utiledev.vanam.fr/routes/brand_route.php line 122)
2018-06-27 07:40:59 [DEBUG] brand_service.php: START getAllEntities [BRAND] -------  (at /var/www/vhosts/vanam.fr/api.utiledev.vanam.fr/core/class/services/brand_service.php line 64)
2018-06-27 07:40:59 [DEBUG] brand_service.php: END getAllEntities [BRAND] -------  (at /var/www/vhosts/vanam.fr/api.utiledev.vanam.fr/core/class/services/brand_service.php line 99)
2018-06-27 07:40:59 [DEBUG] brand_route.php: END /brand ---------- (at /var/www/vhosts/vanam.fr/api.utiledev.vanam.fr/routes/brand_route.php line 139)
2018-06-27 07:41:02 [DEBUG] activity_route.php: START /company ---------- (at /var/www/vhosts/vanam.fr/api.utiledev.vanam.fr/routes/activity_route.php line 46)
2018-06-27 07:41:02 [DEBUG] tools_service.php: START getAllCompanies -------  (at /var/www/vhosts/vanam.fr/api.utiledev.vanam.fr/core/class/services/tools_service.php line 13)
2018-06-27 07:41:02 [DEBUG] tools_service.php: 766cc429fd8a19ed043d04c386827d92 (at /var/www/vhosts/vanam.fr/api.utiledev.vanam.fr/core/class/services/tools_service.php line 14)
2018-06-27 07:41:02 [DEBUG] tools_service.php: END getAllCompanies -------  (at /var/www/vhosts/vanam.fr/api.utiledev.vanam.fr/core/class/services/tools_service.php line 35)
2018-06-27 07:41:02 [DEBUG] activity_route.php: END /company ---------- (at /var/www/vhosts/vanam.fr/api.utiledev.vanam.fr/routes/activity_route.php line 60)
2018-06-27 07:41:03 [DEBUG] brand_route.php: START /brand ---------- (at /var/www/vhosts/vanam.fr/api.utiledev.vanam.fr/routes/brand_route.php line 122)
2018-06-27 07:41:03 [DEBUG] brand_service.php: START getAllEntities [BRAND] -------  (at /var/www/vhosts/vanam.fr/api.utiledev.vanam.fr/core/class/services/brand_service.php line 64)
2018-06-27 07:41:03 [DEBUG] brand_service.php: END getAllEntities [BRAND] -------  (at /var/www/vhosts/vanam.fr/api.utiledev.vanam.fr/core/class/services/brand_service.php line 99)
2018-06-27 07:41:03 [DEBUG] brand_route.php: END /brand ---------- (at /var/www/vhosts/vanam.fr/api.utiledev.vanam.fr/routes/brand_route.php line 139)
2018-06-27 07:41:34 [DEBUG] activity_route.php: START /company ---------- (at /var/www/vhosts/vanam.fr/api.utiledev.vanam.fr/routes/activity_route.php line 46)
2018-06-27 07:41:34 [DEBUG] tools_service.php: START getAllCompanies -------  (at /var/www/vhosts/vanam.fr/api.utiledev.vanam.fr/core/class/services/tools_service.php line 13)
2018-06-27 07:41:34 [DEBUG] tools_service.php: 766cc429fd8a19ed043d04c386827d92 (at /var/www/vhosts/vanam.fr/api.utiledev.vanam.fr/core/class/services/tools_service.php line 14)
2018-06-27 07:41:34 [DEBUG] tools_service.php: END getAllCompanies -------  (at /var/www/vhosts/vanam.fr/api.utiledev.vanam.fr/core/class/services/tools_service.php line 35)
2018-06-27 07:41:34 [DEBUG] activity_route.php: END /company ---------- (at /var/www/vhosts/vanam.fr/api.utiledev.vanam.fr/routes/activity_route.php line 60)
2018-06-27 07:41:39 [DEBUG] brand_route.php: START /brand ---------- (at /var/www/vhosts/vanam.fr/api.utiledev.vanam.fr/routes/brand_route.php line 122)
2018-06-27 07:41:39 [DEBUG] brand_service.php: START getAllEntities [BRAND] -------  (at /var/www/vhosts/vanam.fr/api.utiledev.vanam.fr/core/class/services/brand_service.php line 64)
2018-06-27 07:41:39 [DEBUG] brand_service.php: END getAllEntities [BRAND] -------  (at /var/www/vhosts/vanam.fr/api.utiledev.vanam.fr/core/class/services/brand_service.php line 99)
2018-06-27 07:41:39 [DEBUG] brand_route.php: END /brand ---------- (at /var/www/vhosts/vanam.fr/api.utiledev.vanam.fr/routes/brand_route.php line 139)
2018-06-27 07:42:27 [DEBUG] activity_route.php: START /company ---------- (at /var/www/vhosts/vanam.fr/api.utiledev.vanam.fr/routes/activity_route.php line 46)
2018-06-27 07:42:27 [DEBUG] tools_service.php: START getAllCompanies -------  (at /var/www/vhosts/vanam.fr/api.utiledev.vanam.fr/core/class/services/tools_service.php line 13)
2018-06-27 07:42:27 [DEBUG] tools_service.php: 766cc429fd8a19ed043d04c386827d92 (at /var/www/vhosts/vanam.fr/api.utiledev.vanam.fr/core/class/services/tools_service.php line 14)
2018-06-27 07:42:27 [DEBUG] tools_service.php: END getAllCompanies -------  (at /var/www/vhosts/vanam.fr/api.utiledev.vanam.fr/core/class/services/tools_service.php line 35)
2018-06-27 07:42:27 [DEBUG] activity_route.php: END /company ---------- (at /var/www/vhosts/vanam.fr/api.utiledev.vanam.fr/routes/activity_route.php line 60)
2018-06-27 07:42:28 [DEBUG] brand_route.php: START /brand ---------- (at /var/www/vhosts/vanam.fr/api.utiledev.vanam.fr/routes/brand_route.php line 122)
2018-06-27 07:42:28 [DEBUG] brand_service.php: START getAllEntities [BRAND] -------  (at /var/www/vhosts/vanam.fr/api.utiledev.vanam.fr/core/class/services/brand_service.php line 64)
2018-06-27 07:42:28 [DEBUG] brand_service.php: END getAllEntities [BRAND] -------  (at /var/www/vhosts/vanam.fr/api.utiledev.vanam.fr/core/class/services/brand_service.php line 99)
2018-06-27 07:42:28 [DEBUG] brand_route.php: END /brand ---------- (at /var/www/vhosts/vanam.fr/api.utiledev.vanam.fr/routes/brand_route.php line 139)
2018-06-27 07:42:41 [DEBUG] country_route.php: START /country ---------- (at /var/www/vhosts/vanam.fr/api.utiledev.vanam.fr/routes/country_route.php line 65)
2018-06-27 07:42:41 [DEBUG] country_service.php: START getAllEntities [COUNTRY] -------  (at /var/www/vhosts/vanam.fr/api.utiledev.vanam.fr/core/class/services/country_service.php line 67)
2018-06-27 07:42:41 [DEBUG] country_service.php: END getAllEntities [COUNTRY] -------  (at /var/www/vhosts/vanam.fr/api.utiledev.vanam.fr/core/class/services/country_service.php line 89)
2018-06-27 07:42:41 [DEBUG] country_route.php: END /country ---------- (at /var/www/vhosts/vanam.fr/api.utiledev.vanam.fr/routes/country_route.php line 82)
2018-06-27 07:42:43 [DEBUG] range_route.php: START /range ---------- (at /var/www/vhosts/vanam.fr/api.utiledev.vanam.fr/routes/range_route.php line 201)
2018-06-27 07:42:43 [DEBUG] range_service.php: START getAllEntities [RANGE] -------  (at /var/www/vhosts/vanam.fr/api.utiledev.vanam.fr/core/class/services/range_service.php line 61)
2018-06-27 07:42:43 [DEBUG] range_detail_service.php: START getAllEntities [RANGE DETAIL] -------  (at /var/www/vhosts/vanam.fr/api.utiledev.vanam.fr/core/class/services/range_detail_service.php line 63)
2018-06-27 07:42:43 [DEBUG] range_detail_service.php: END getAllEntities [RANGE DETAIL] -------  (at /var/www/vhosts/vanam.fr/api.utiledev.vanam.fr/core/class/services/range_detail_service.php line 85)
2018-06-27 07:42:43 [DEBUG] range_detail_service.php: START getAllEntities [RANGE DETAIL] -------  (at /var/www/vhosts/vanam.fr/api.utiledev.vanam.fr/core/class/services/range_detail_service.php line 63)
2018-06-27 07:42:43 [DEBUG] range_detail_service.php: END getAllEntities [RANGE DETAIL] -------  (at /var/www/vhosts/vanam.fr/api.utiledev.vanam.fr/core/class/services/range_detail_service.php line 85)
2018-06-27 07:42:43 [DEBUG] range_detail_service.php: START getAllEntities [RANGE DETAIL] -------  (at /var/www/vhosts/vanam.fr/api.utiledev.vanam.fr/core/class/services/range_detail_service.php line 63)
2018-06-27 07:42:43 [DEBUG] range_detail_service.php: END getAllEntities [RANGE DETAIL] -------  (at /var/www/vhosts/vanam.fr/api.utiledev.vanam.fr/core/class/services/range_detail_service.php line 85)
2018-06-27 07:42:43 [DEBUG] range_detail_service.php: START getAllEntities [RANGE DETAIL] -------  (at /var/www/vhosts/vanam.fr/api.utiledev.vanam.fr/core/class/services/range_detail_service.php line 63)
2018-06-27 07:42:43 [DEBUG] range_detail_service.php: END getAllEntities [RANGE DETAIL] -------  (at /var/www/vhosts/vanam.fr/api.utiledev.vanam.fr/core/class/services/range_detail_service.php line 85)
2018-06-27 07:42:43 [DEBUG] range_detail_service.php: START getAllEntities [RANGE DETAIL] -------  (at /var/www/vhosts/vanam.fr/api.utiledev.vanam.fr/core/class/services/range_detail_service.php line 63)
2018-06-27 07:42:43 [DEBUG] range_detail_service.php: END getAllEntities [RANGE DETAIL] -------  (at /var/www/vhosts/vanam.fr/api.utiledev.vanam.fr/core/class/services/range_detail_service.php line 85)
2018-06-27 07:42:43 [DEBUG] range_detail_service.php: START getAllEntities [RANGE DETAIL] -------  (at /var/www/vhosts/vanam.fr/api.utiledev.vanam.fr/core/class/services/range_detail_service.php line 63)
2018-06-27 07:42:43 [DEBUG] range_detail_service.php: END getAllEntities [RANGE DETAIL] -------  (at /var/www/vhosts/vanam.fr/api.utiledev.vanam.fr/core/class/services/range_detail_service.php line 85)
2018-06-27 07:42:43 [DEBUG] range_detail_service.php: START getAllEntities [RANGE DETAIL] -------  (at /var/www/vhosts/vanam.fr/api.utiledev.vanam.fr/core/class/services/range_detail_service.php line 63)
2018-06-27 07:42:43 [DEBUG] range_detail_service.php: END getAllEntities [RANGE DETAIL] -------  (at /var/www/vhosts/vanam.fr/api.utiledev.vanam.fr/core/class/services/range_detail_service.php line 85)
2018-06-27 07:42:43 [DEBUG] range_detail_service.php: START getAllEntities [RANGE DETAIL] -------  (at /var/www/vhosts/vanam.fr/api.utiledev.vanam.fr/core/class/services/range_detail_service.php line 63)
2018-06-27 07:42:43 [DEBUG] range_detail_service.php: END getAllEntities [RANGE DETAIL] -------  (at /var/www/vhosts/vanam.fr/api.utiledev.vanam.fr/core/class/services/range_detail_service.php line 85)
2018-06-27 07:42:43 [DEBUG] range_detail_service.php: START getAllEntities [RANGE DETAIL] -------  (at /var/www/vhosts/vanam.fr/api.utiledev.vanam.fr/core/class/services/range_detail_service.php line 63)
2018-06-27 07:42:43 [DEBUG] range_detail_service.php: END getAllEntities [RANGE DETAIL] -------  (at /var/www/vhosts/vanam.fr/api.utiledev.vanam.fr/core/class/services/range_detail_service.php line 85)
2018-06-27 07:42:43 [DEBUG] range_detail_service.php: START getAllEntities [RANGE DETAIL] -------  (at /var/www/vhosts/vanam.fr/api.utiledev.vanam.fr/core/class/services/range_detail_service.php line 63)
2018-06-27 07:42:43 [DEBUG] range_detail_service.php: END getAllEntities [RANGE DETAIL] -------  (at /var/www/vhosts/vanam.fr/api.utiledev.vanam.fr/core/class/services/range_detail_service.php line 85)
2018-06-27 07:42:43 [DEBUG] range_detail_service.php: START getAllEntities [RANGE DETAIL] -------  (at /var/www/vhosts/vanam.fr/api.utiledev.vanam.fr/core/class/services/range_detail_service.php line 63)
2018-06-27 07:42:43 [DEBUG] range_detail_service.php: END getAllEntities [RANGE DETAIL] -------  (at /var/www/vhosts/vanam.fr/api.utiledev.vanam.fr/core/class/services/range_detail_service.php line 85)
2018-06-27 07:42:43 [DEBUG] range_detail_service.php: START getAllEntities [RANGE DETAIL] -------  (at /var/www/vhosts/vanam.fr/api.utiledev.vanam.fr/core/class/services/range_detail_service.php line 63)
2018-06-27 07:42:43 [DEBUG] range_detail_service.php: END getAllEntities [RANGE DETAIL] -------  (at /var/www/vhosts/vanam.fr/api.utiledev.vanam.fr/core/class/services/range_detail_service.php line 85)
2018-06-27 07:42:43 [DEBUG] range_detail_service.php: START getAllEntities [RANGE DETAIL] -------  (at /var/www/vhosts/vanam.fr/api.utiledev.vanam.fr/core/class/services/range_detail_service.php line 63)
2018-06-27 07:42:43 [DEBUG] range_detail_service.php: END getAllEntities [RANGE DETAIL] -------  (at /var/www/vhosts/vanam.fr/api.utiledev.vanam.fr/core/class/services/range_detail_service.php line 85)
2018-06-27 07:42:43 [DEBUG] range_detail_service.php: START getAllEntities [RANGE DETAIL] -------  (at /var/www/vhosts/vanam.fr/api.utiledev.vanam.fr/core/class/services/range_detail_service.php line 63)
2018-06-27 07:42:43 [DEBUG] range_detail_service.php: END getAllEntities [RANGE DETAIL] -------  (at /var/www/vhosts/vanam.fr/api.utiledev.vanam.fr/core/class/services/range_detail_service.php line 85)
2018-06-27 07:42:43 [DEBUG] range_detail_service.php: START getAllEntities [RANGE DETAIL] -------  (at /var/www/vhosts/vanam.fr/api.utiledev.vanam.fr/core/class/services/range_detail_service.php line 63)
2018-06-27 07:42:43 [DEBUG] range_detail_service.php: END getAllEntities [RANGE DETAIL] -------  (at /var/www/vhosts/vanam.fr/api.utiledev.vanam.fr/core/class/services/range_detail_service.php line 85)
2018-06-27 07:42:43 [DEBUG] range_detail_service.php: START getAllEntities [RANGE DETAIL] -------  (at /var/www/vhosts/vanam.fr/api.utiledev.vanam.fr/core/class/services/range_detail_service.php line 63)
2018-06-27 07:42:43 [DEBUG] range_detail_service.php: END getAllEntities [RANGE DETAIL] -------  (at /var/www/vhosts/vanam.fr/api.utiledev.vanam.fr/core/class/services/range_detail_service.php line 85)
2018-06-27 07:42:43 [DEBUG] range_detail_service.php: START getAllEntities [RANGE DETAIL] -------  (at /var/www/vhosts/vanam.fr/api.utiledev.vanam.fr/core/class/services/range_detail_service.php line 63)
2018-06-27 07:42:43 [DEBUG] range_detail_service.php: END getAllEntities [RANGE DETAIL] -------  (at /var/www/vhosts/vanam.fr/api.utiledev.vanam.fr/core/class/services/range_detail_service.php line 85)
2018-06-27 07:42:43 [DEBUG] range_detail_service.php: START getAllEntities [RANGE DETAIL] -------  (at /var/www/vhosts/vanam.fr/api.utiledev.vanam.fr/core/class/services/range_detail_service.php line 63)
2018-06-27 07:42:43 [DEBUG] range_detail_service.php: END getAllEntities [RANGE DETAIL] -------  (at /var/www/vhosts/vanam.fr/api.utiledev.vanam.fr/core/class/services/range_detail_service.php line 85)
2018-06-27 07:42:43 [DEBUG] range_detail_service.php: START getAllEntities [RANGE DETAIL] -------  (at /var/www/vhosts/vanam.fr/api.utiledev.vanam.fr/core/class/services/range_detail_service.php line 63)
2018-06-27 07:42:43 [DEBUG] range_detail_service.php: END getAllEntities [RANGE DETAIL] -------  (at /var/www/vhosts/vanam.fr/api.utiledev.vanam.fr/core/class/services/range_detail_service.php line 85)
2018-06-27 07:42:43 [DEBUG] range_detail_service.php: START getAllEntities [RANGE DETAIL] -------  (at /var/www/vhosts/vanam.fr/api.utiledev.vanam.fr/core/class/services/range_detail_service.php line 63)
2018-06-27 07:42:43 [DEBUG] range_detail_service.php: END getAllEntities [RANGE DETAIL] -------  (at /var/www/vhosts/vanam.fr/api.utiledev.vanam.fr/core/class/services/range_detail_service.php line 85)
2018-06-27 07:42:43 [DEBUG] range_detail_service.php: START getAllEntities [RANGE DETAIL] -------  (at /var/www/vhosts/vanam.fr/api.utiledev.vanam.fr/core/class/services/range_detail_service.php line 63)
2018-06-27 07:42:43 [DEBUG] range_detail_service.php: END getAllEntities [RANGE DETAIL] -------  (at /var/www/vhosts/vanam.fr/api.utiledev.vanam.fr/core/class/services/range_detail_service.php line 85)
2018-06-27 07:42:43 [DEBUG] range_detail_service.php: START getAllEntities [RANGE DETAIL] -------  (at /var/www/vhosts/vanam.fr/api.utiledev.vanam.fr/core/class/services/range_detail_service.php line 63)
2018-06-27 07:42:43 [DEBUG] range_detail_service.php: END getAllEntities [RANGE DETAIL] -------  (at /var/www/vhosts/vanam.fr/api.utiledev.vanam.fr/core/class/services/range_detail_service.php line 85)
2018-06-27 07:42:43 [DEBUG] range_detail_service.php: START getAllEntities [RANGE DETAIL] -------  (at /var/www/vhosts/vanam.fr/api.utiledev.vanam.fr/core/class/services/range_detail_service.php line 63)
2018-06-27 07:42:43 [DEBUG] range_detail_service.php: END getAllEntities [RANGE DETAIL] -------  (at /var/www/vhosts/vanam.fr/api.utiledev.vanam.fr/core/class/services/range_detail_service.php line 85)
2018-06-27 07:42:43 [DEBUG] range_detail_service.php: START getAllEntities [RANGE DETAIL] -------  (at /var/www/vhosts/vanam.fr/api.utiledev.vanam.fr/core/class/services/range_detail_service.php line 63)
2018-06-27 07:42:43 [DEBUG] range_detail_service.php: END getAllEntities [RANGE DETAIL] -------  (at /var/www/vhosts/vanam.fr/api.utiledev.vanam.fr/core/class/services/range_detail_service.php line 85)
2018-06-27 07:42:43 [DEBUG] range_detail_service.php: START getAllEntities [RANGE DETAIL] -------  (at /var/www/vhosts/vanam.fr/api.utiledev.vanam.fr/core/class/services/range_detail_service.php line 63)
2018-06-27 07:42:43 [DEBUG] range_detail_service.php: END getAllEntities [RANGE DETAIL] -------  (at /var/www/vhosts/vanam.fr/api.utiledev.vanam.fr/core/class/services/range_detail_service.php line 85)
2018-06-27 07:42:43 [DEBUG] range_detail_service.php: START getAllEntities [RANGE DETAIL] -------  (at /var/www/vhosts/vanam.fr/api.utiledev.vanam.fr/core/class/services/range_detail_service.php line 63)
2018-06-27 07:42:43 [DEBUG] range_detail_service.php: END getAllEntities [RANGE DETAIL] -------  (at /var/www/vhosts/vanam.fr/api.utiledev.vanam.fr/core/class/services/range_detail_service.php line 85)
2018-06-27 07:42:43 [DEBUG] range_detail_service.php: START getAllEntities [RANGE DETAIL] -------  (at /var/www/vhosts/vanam.fr/api.utiledev.vanam.fr/core/class/services/range_detail_service.php line 63)
2018-06-27 07:42:43 [DEBUG] range_detail_service.php: END getAllEntities [RANGE DETAIL] -------  (at /var/www/vhosts/vanam.fr/api.utiledev.vanam.fr/core/class/services/range_detail_service.php line 85)
2018-06-27 07:42:43 [DEBUG] range_detail_service.php: START getAllEntities [RANGE DETAIL] -------  (at /var/www/vhosts/vanam.fr/api.utiledev.vanam.fr/core/class/services/range_detail_service.php line 63)
2018-06-27 07:42:43 [DEBUG] range_detail_service.php: END getAllEntities [RANGE DETAIL] -------  (at /var/www/vhosts/vanam.fr/api.utiledev.vanam.fr/core/class/services/range_detail_service.php line 85)
2018-06-27 07:42:43 [DEBUG] range_detail_service.php: START getAllEntities [RANGE DETAIL] -------  (at /var/www/vhosts/vanam.fr/api.utiledev.vanam.fr/core/class/services/range_detail_service.php line 63)
2018-06-27 07:42:43 [DEBUG] range_detail_service.php: END getAllEntities [RANGE DETAIL] -------  (at /var/www/vhosts/vanam.fr/api.utiledev.vanam.fr/core/class/services/range_detail_service.php line 85)
2018-06-27 07:42:43 [DEBUG] range_detail_service.php: START getAllEntities [RANGE DETAIL] -------  (at /var/www/vhosts/vanam.fr/api.utiledev.vanam.fr/core/class/services/range_detail_service.php line 63)
2018-06-27 07:42:43 [DEBUG] range_detail_service.php: END getAllEntities [RANGE DETAIL] -------  (at /var/www/vhosts/vanam.fr/api.utiledev.vanam.fr/core/class/services/range_detail_service.php line 85)
2018-06-27 07:42:43 [DEBUG] range_detail_service.php: START getAllEntities [RANGE DETAIL] -------  (at /var/www/vhosts/vanam.fr/api.utiledev.vanam.fr/core/class/services/range_detail_service.php line 63)
2018-06-27 07:42:43 [DEBUG] range_detail_service.php: END getAllEntities [RANGE DETAIL] -------  (at /var/www/vhosts/vanam.fr/api.utiledev.vanam.fr/core/class/services/range_detail_service.php line 85)
2018-06-27 07:42:43 [DEBUG] range_detail_service.php: START getAllEntities [RANGE DETAIL] -------  (at /var/www/vhosts/vanam.fr/api.utiledev.vanam.fr/core/class/services/range_detail_service.php line 63)
2018-06-27 07:42:43 [DEBUG] range_detail_service.php: END getAllEntities [RANGE DETAIL] -------  (at /var/www/vhosts/vanam.fr/api.utiledev.vanam.fr/core/class/services/range_detail_service.php line 85)
2018-06-27 07:42:43 [DEBUG] range_detail_service.php: START getAllEntities [RANGE DETAIL] -------  (at /var/www/vhosts/vanam.fr/api.utiledev.vanam.fr/core/class/services/range_detail_service.php line 63)
2018-06-27 07:42:43 [DEBUG] range_detail_service.php: END getAllEntities [RANGE DETAIL] -------  (at /var/www/vhosts/vanam.fr/api.utiledev.vanam.fr/core/class/services/range_detail_service.php line 85)
2018-06-27 07:42:43 [DEBUG] range_detail_service.php: START getAllEntities [RANGE DETAIL] -------  (at /var/www/vhosts/vanam.fr/api.utiledev.vanam.fr/core/class/services/range_detail_service.php line 63)
2018-06-27 07:42:43 [DEBUG] range_detail_service.php: END getAllEntities [RANGE DETAIL] -------  (at /var/www/vhosts/vanam.fr/api.utiledev.vanam.fr/core/class/services/range_detail_service.php line 85)
2018-06-27 07:42:43 [DEBUG] range_detail_service.php: START getAllEntities [RANGE DETAIL] -------  (at /var/www/vhosts/vanam.fr/api.utiledev.vanam.fr/core/class/services/range_detail_service.php line 63)
2018-06-27 07:42:43 [DEBUG] range_detail_service.php: END getAllEntities [RANGE DETAIL] -------  (at /var/www/vhosts/vanam.fr/api.utiledev.vanam.fr/core/class/services/range_detail_service.php line 85)
2018-06-27 07:42:43 [DEBUG] range_detail_service.php: START getAllEntities [RANGE DETAIL] -------  (at /var/www/vhosts/vanam.fr/api.utiledev.vanam.fr/core/class/services/range_detail_service.php line 63)
2018-06-27 07:42:43 [DEBUG] range_detail_service.php: END getAllEntities [RANGE DETAIL] -------  (at /var/www/vhosts/vanam.fr/api.utiledev.vanam.fr/core/class/services/range_detail_service.php line 85)
2018-06-27 07:42:43 [DEBUG] range_detail_service.php: START getAllEntities [RANGE DETAIL] -------  (at /var/www/vhosts/vanam.fr/api.utiledev.vanam.fr/core/class/services/range_detail_service.php line 63)
2018-06-27 07:42:43 [DEBUG] range_detail_service.php: END getAllEntities [RANGE DETAIL] -------  (at /var/www/vhosts/vanam.fr/api.utiledev.vanam.fr/core/class/services/range_detail_service.php line 85)
2018-06-27 07:42:43 [DEBUG] range_detail_service.php: START getAllEntities [RANGE DETAIL] -------  (at /var/www/vhosts/vanam.fr/api.utiledev.vanam.fr/core/class/services/range_detail_service.php line 63)
2018-06-27 07:42:43 [DEBUG] range_detail_service.php: END getAllEntities [RANGE DETAIL] -------  (at /var/www/vhosts/vanam.fr/api.utiledev.vanam.fr/core/class/services/range_detail_service.php line 85)
2018-06-27 07:42:43 [DEBUG] range_detail_service.php: START getAllEntities [RANGE DETAIL] -------  (at /var/www/vhosts/vanam.fr/api.utiledev.vanam.fr/core/class/services/range_detail_service.php line 63)
2018-06-27 07:42:43 [DEBUG] range_detail_service.php: END getAllEntities [RANGE DETAIL] -------  (at /var/www/vhosts/vanam.fr/api.utiledev.vanam.fr/core/class/services/range_detail_service.php line 85)
2018-06-27 07:42:43 [DEBUG] range_detail_service.php: START getAllEntities [RANGE DETAIL] -------  (at /var/www/vhosts/vanam.fr/api.utiledev.vanam.fr/core/class/services/range_detail_service.php line 63)
2018-06-27 07:42:43 [DEBUG] range_detail_service.php: END getAllEntities [RANGE DETAIL] -------  (at /var/www/vhosts/vanam.fr/api.utiledev.vanam.fr/core/class/services/range_detail_service.php line 85)
2018-06-27 07:42:43 [DEBUG] range_detail_service.php: START getAllEntities [RANGE DETAIL] -------  (at /var/www/vhosts/vanam.fr/api.utiledev.vanam.fr/core/class/services/range_detail_service.php line 63)
2018-06-27 07:42:43 [DEBUG] range_detail_service.php: END getAllEntities [RANGE DETAIL] -------  (at /var/www/vhosts/vanam.fr/api.utiledev.vanam.fr/core/class/services/range_detail_service.php line 85)
2018-06-27 07:42:43 [DEBUG] range_detail_service.php: START getAllEntities [RANGE DETAIL] -------  (at /var/www/vhosts/vanam.fr/api.utiledev.vanam.fr/core/class/services/range_detail_service.php line 63)
2018-06-27 07:42:43 [DEBUG] range_detail_service.php: END getAllEntities [RANGE DETAIL] -------  (at /var/www/vhosts/vanam.fr/api.utiledev.vanam.fr/core/class/services/range_detail_service.php line 85)
2018-06-27 07:42:43 [DEBUG] range_detail_service.php: START getAllEntities [RANGE DETAIL] -------  (at /var/www/vhosts/vanam.fr/api.utiledev.vanam.fr/core/class/services/range_detail_service.php line 63)
2018-06-27 07:42:43 [DEBUG] range_detail_service.php: END getAllEntities [RANGE DETAIL] -------  (at /var/www/vhosts/vanam.fr/api.utiledev.vanam.fr/core/class/services/range_detail_service.php line 85)
2018-06-27 07:42:43 [DEBUG] range_detail_service.php: START getAllEntities [RANGE DETAIL] -------  (at /var/www/vhosts/vanam.fr/api.utiledev.vanam.fr/core/class/services/range_detail_service.php line 63)
2018-06-27 07:42:43 [DEBUG] range_detail_service.php: END getAllEntities [RANGE DETAIL] -------  (at /var/www/vhosts/vanam.fr/api.utiledev.vanam.fr/core/class/services/range_detail_service.php line 85)
2018-06-27 07:42:43 [DEBUG] range_detail_service.php: START getAllEntities [RANGE DETAIL] -------  (at /var/www/vhosts/vanam.fr/api.utiledev.vanam.fr/core/class/services/range_detail_service.php line 63)
2018-06-27 07:42:43 [DEBUG] range_detail_service.php: END getAllEntities [RANGE DETAIL] -------  (at /var/www/vhosts/vanam.fr/api.utiledev.vanam.fr/core/class/services/range_detail_service.php line 85)
2018-06-27 07:42:43 [DEBUG] range_detail_service.php: START getAllEntities [RANGE DETAIL] -------  (at /var/www/vhosts/vanam.fr/api.utiledev.vanam.fr/core/class/services/range_detail_service.php line 63)
2018-06-27 07:42:43 [DEBUG] range_detail_service.php: END getAllEntities [RANGE DETAIL] -------  (at /var/www/vhosts/vanam.fr/api.utiledev.vanam.fr/core/class/services/range_detail_service.php line 85)
2018-06-27 07:42:43 [DEBUG] range_detail_service.php: START getAllEntities [RANGE DETAIL] -------  (at /var/www/vhosts/vanam.fr/api.utiledev.vanam.fr/core/class/services/range_detail_service.php line 63)
2018-06-27 07:42:43 [DEBUG] range_detail_service.php: END getAllEntities [RANGE DETAIL] -------  (at /var/www/vhosts/vanam.fr/api.utiledev.vanam.fr/core/class/services/range_detail_service.php line 85)
2018-06-27 07:42:43 [DEBUG] range_detail_service.php: START getAllEntities [RANGE DETAIL] -------  (at /var/www/vhosts/vanam.fr/api.utiledev.vanam.fr/core/class/services/range_detail_service.php line 63)
2018-06-27 07:42:43 [DEBUG] range_detail_service.php: END getAllEntities [RANGE DETAIL] -------  (at /var/www/vhosts/vanam.fr/api.utiledev.vanam.fr/core/class/services/range_detail_service.php line 85)
2018-06-27 07:42:43 [DEBUG] range_detail_service.php: START getAllEntities [RANGE DETAIL] -------  (at /var/www/vhosts/vanam.fr/api.utiledev.vanam.fr/core/class/services/range_detail_service.php line 63)
2018-06-27 07:42:43 [DEBUG] range_detail_service.php: END getAllEntities [RANGE DETAIL] -------  (at /var/www/vhosts/vanam.fr/api.utiledev.vanam.fr/core/class/services/range_detail_service.php line 85)
2018-06-27 07:42:43 [DEBUG] range_detail_service.php: START getAllEntities [RANGE DETAIL] -------  (at /var/www/vhosts/vanam.fr/api.utiledev.vanam.fr/core/class/services/range_detail_service.php line 63)
2018-06-27 07:42:43 [DEBUG] range_detail_service.php: END getAllEntities [RANGE DETAIL] -------  (at /var/www/vhosts/vanam.fr/api.utiledev.vanam.fr/core/class/services/range_detail_service.php line 85)
2018-06-27 07:42:43 [DEBUG] range_detail_service.php: START getAllEntities [RANGE DETAIL] -------  (at /var/www/vhosts/vanam.fr/api.utiledev.vanam.fr/core/class/services/range_detail_service.php line 63)
2018-06-27 07:42:43 [DEBUG] range_detail_service.php: END getAllEntities [RANGE DETAIL] -------  (at /var/www/vhosts/vanam.fr/api.utiledev.vanam.fr/core/class/services/range_detail_service.php line 85)
2018-06-27 07:42:43 [DEBUG] range_detail_service.php: START getAllEntities [RANGE DETAIL] -------  (at /var/www/vhosts/vanam.fr/api.utiledev.vanam.fr/core/class/services/range_detail_service.php line 63)
2018-06-27 07:42:43 [DEBUG] range_detail_service.php: END getAllEntities [RANGE DETAIL] -------  (at /var/www/vhosts/vanam.fr/api.utiledev.vanam.fr/core/class/services/range_detail_service.php line 85)
2018-06-27 07:42:43 [DEBUG] range_detail_service.php: START getAllEntities [RANGE DETAIL] -------  (at /var/www/vhosts/vanam.fr/api.utiledev.vanam.fr/core/class/services/range_detail_service.php line 63)
2018-06-27 07:42:43 [DEBUG] range_detail_service.php: END getAllEntities [RANGE DETAIL] -------  (at /var/www/vhosts/vanam.fr/api.utiledev.vanam.fr/core/class/services/range_detail_service.php line 85)
2018-06-27 07:42:43 [DEBUG] range_detail_service.php: START getAllEntities [RANGE DETAIL] -------  (at /var/www/vhosts/vanam.fr/api.utiledev.vanam.fr/core/class/services/range_detail_service.php line 63)
2018-06-27 07:42:43 [DEBUG] range_detail_service.php: END getAllEntities [RANGE DETAIL] -------  (at /var/www/vhosts/vanam.fr/api.utiledev.vanam.fr/core/class/services/range_detail_service.php line 85)
2018-06-27 07:42:43 [DEBUG] range_detail_service.php: START getAllEntities [RANGE DETAIL] -------  (at /var/www/vhosts/vanam.fr/api.utiledev.vanam.fr/core/class/services/range_detail_service.php line 63)
2018-06-27 07:42:43 [DEBUG] range_detail_service.php: END getAllEntities [RANGE DETAIL] -------  (at /var/www/vhosts/vanam.fr/api.utiledev.vanam.fr/core/class/services/range_detail_service.php line 85)
2018-06-27 07:42:43 [DEBUG] range_detail_service.php: START getAllEntities [RANGE DETAIL] -------  (at /var/www/vhosts/vanam.fr/api.utiledev.vanam.fr/core/class/services/range_detail_service.php line 63)
2018-06-27 07:42:43 [DEBUG] range_detail_service.php: END getAllEntities [RANGE DETAIL] -------  (at /var/www/vhosts/vanam.fr/api.utiledev.vanam.fr/core/class/services/range_detail_service.php line 85)
2018-06-27 07:42:43 [DEBUG] range_detail_service.php: START getAllEntities [RANGE DETAIL] -------  (at /var/www/vhosts/vanam.fr/api.utiledev.vanam.fr/core/class/services/range_detail_service.php line 63)
2018-06-27 07:42:43 [DEBUG] range_detail_service.php: END getAllEntities [RANGE DETAIL] -------  (at /var/www/vhosts/vanam.fr/api.utiledev.vanam.fr/core/class/services/range_detail_service.php line 85)
2018-06-27 07:42:43 [DEBUG] range_detail_service.php: START getAllEntities [RANGE DETAIL] -------  (at /var/www/vhosts/vanam.fr/api.utiledev.vanam.fr/core/class/services/range_detail_service.php line 63)
2018-06-27 07:42:43 [DEBUG] range_detail_service.php: END getAllEntities [RANGE DETAIL] -------  (at /var/www/vhosts/vanam.fr/api.utiledev.vanam.fr/core/class/services/range_detail_service.php line 85)
2018-06-27 07:42:43 [DEBUG] range_detail_service.php: START getAllEntities [RANGE DETAIL] -------  (at /var/www/vhosts/vanam.fr/api.utiledev.vanam.fr/core/class/services/range_detail_service.php line 63)
2018-06-27 07:42:43 [DEBUG] range_detail_service.php: END getAllEntities [RANGE DETAIL] -------  (at /var/www/vhosts/vanam.fr/api.utiledev.vanam.fr/core/class/services/range_detail_service.php line 85)
2018-06-27 07:42:43 [DEBUG] range_detail_service.php: START getAllEntities [RANGE DETAIL] -------  (at /var/www/vhosts/vanam.fr/api.utiledev.vanam.fr/core/class/services/range_detail_service.php line 63)
2018-06-27 07:42:43 [DEBUG] range_detail_service.php: END getAllEntities [RANGE DETAIL] -------  (at /var/www/vhosts/vanam.fr/api.utiledev.vanam.fr/core/class/services/range_detail_service.php line 85)
2018-06-27 07:42:43 [DEBUG] range_detail_service.php: START getAllEntities [RANGE DETAIL] -------  (at /var/www/vhosts/vanam.fr/api.utiledev.vanam.fr/core/class/services/range_detail_service.php line 63)
2018-06-27 07:42:43 [DEBUG] range_detail_service.php: END getAllEntities [RANGE DETAIL] -------  (at /var/www/vhosts/vanam.fr/api.utiledev.vanam.fr/core/class/services/range_detail_service.php line 85)
2018-06-27 07:42:43 [DEBUG] range_detail_service.php: START getAllEntities [RANGE DETAIL] -------  (at /var/www/vhosts/vanam.fr/api.utiledev.vanam.fr/core/class/services/range_detail_service.php line 63)
2018-06-27 07:42:43 [DEBUG] range_detail_service.php: END getAllEntities [RANGE DETAIL] -------  (at /var/www/vhosts/vanam.fr/api.utiledev.vanam.fr/core/class/services/range_detail_service.php line 85)
2018-06-27 07:42:43 [DEBUG] range_detail_service.php: START getAllEntities [RANGE DETAIL] -------  (at /var/www/vhosts/vanam.fr/api.utiledev.vanam.fr/core/class/services/range_detail_service.php line 63)
2018-06-27 07:42:43 [DEBUG] range_detail_service.php: END getAllEntities [RANGE DETAIL] -------  (at /var/www/vhosts/vanam.fr/api.utiledev.vanam.fr/core/class/services/range_detail_service.php line 85)
2018-06-27 07:42:43 [DEBUG] range_detail_service.php: START getAllEntities [RANGE DETAIL] -------  (at /var/www/vhosts/vanam.fr/api.utiledev.vanam.fr/core/class/services/range_detail_service.php line 63)
2018-06-27 07:42:43 [DEBUG] range_detail_service.php: END getAllEntities [RANGE DETAIL] -------  (at /var/www/vhosts/vanam.fr/api.utiledev.vanam.fr/core/class/services/range_detail_service.php line 85)
2018-06-27 07:42:43 [DEBUG] range_detail_service.php: START getAllEntities [RANGE DETAIL] -------  (at /var/www/vhosts/vanam.fr/api.utiledev.vanam.fr/core/class/services/range_detail_service.php line 63)
2018-06-27 07:42:43 [DEBUG] range_detail_service.php: END getAllEntities [RANGE DETAIL] -------  (at /var/www/vhosts/vanam.fr/api.utiledev.vanam.fr/core/class/services/range_detail_service.php line 85)
2018-06-27 07:42:43 [DEBUG] range_detail_service.php: START getAllEntities [RANGE DETAIL] -------  (at /var/www/vhosts/vanam.fr/api.utiledev.vanam.fr/core/class/services/range_detail_service.php line 63)
2018-06-27 07:42:43 [DEBUG] range_detail_service.php: END getAllEntities [RANGE DETAIL] -------  (at /var/www/vhosts/vanam.fr/api.utiledev.vanam.fr/core/class/services/range_detail_service.php line 85)
2018-06-27 07:42:43 [DEBUG] range_detail_service.php: START getAllEntities [RANGE DETAIL] -------  (at /var/www/vhosts/vanam.fr/api.utiledev.vanam.fr/core/class/services/range_detail_service.php line 63)
2018-06-27 07:42:43 [DEBUG] range_detail_service.php: END getAllEntities [RANGE DETAIL] -------  (at /var/www/vhosts/vanam.fr/api.utiledev.vanam.fr/core/class/services/range_detail_service.php line 85)
2018-06-27 07:42:43 [DEBUG] range_detail_service.php: START getAllEntities [RANGE DETAIL] -------  (at /var/www/vhosts/vanam.fr/api.utiledev.vanam.fr/core/class/services/range_detail_service.php line 63)
2018-06-27 07:42:43 [DEBUG] range_detail_service.php: END getAllEntities [RANGE DETAIL] -------  (at /var/www/vhosts/vanam.fr/api.utiledev.vanam.fr/core/class/services/range_detail_service.php line 85)
2018-06-27 07:42:43 [DEBUG] range_service.php: END getAllEntities [RANGE] -------  (at /var/www/vhosts/vanam.fr/api.utiledev.vanam.fr/core/class/services/range_service.php line 88)
2018-06-27 07:42:43 [DEBUG] range_route.php: END /range ---------- (at /var/www/vhosts/vanam.fr/api.utiledev.vanam.fr/routes/range_route.php line 218)
2018-06-27 07:42:46 [DEBUG] brand_route.php: START /brand ---------- (at /var/www/vhosts/vanam.fr/api.utiledev.vanam.fr/routes/brand_route.php line 122)
2018-06-27 07:42:46 [DEBUG] brand_service.php: START getAllEntities [BRAND] -------  (at /var/www/vhosts/vanam.fr/api.utiledev.vanam.fr/core/class/services/brand_service.php line 64)
2018-06-27 07:42:46 [DEBUG] brand_service.php: END getAllEntities [BRAND] -------  (at /var/www/vhosts/vanam.fr/api.utiledev.vanam.fr/core/class/services/brand_service.php line 99)
2018-06-27 07:42:46 [DEBUG] brand_route.php: END /brand ---------- (at /var/www/vhosts/vanam.fr/api.utiledev.vanam.fr/routes/brand_route.php line 139)
2018-06-27 07:43:07 [DEBUG] activity_route.php: START /company ---------- (at /var/www/vhosts/vanam.fr/api.utiledev.vanam.fr/routes/activity_route.php line 46)
2018-06-27 07:43:07 [DEBUG] tools_service.php: START getAllCompanies -------  (at /var/www/vhosts/vanam.fr/api.utiledev.vanam.fr/core/class/services/tools_service.php line 13)
2018-06-27 07:43:07 [DEBUG] tools_service.php: 766cc429fd8a19ed043d04c386827d92 (at /var/www/vhosts/vanam.fr/api.utiledev.vanam.fr/core/class/services/tools_service.php line 14)
2018-06-27 07:43:07 [DEBUG] tools_service.php: END getAllCompanies -------  (at /var/www/vhosts/vanam.fr/api.utiledev.vanam.fr/core/class/services/tools_service.php line 35)
2018-06-27 07:43:07 [DEBUG] activity_route.php: END /company ---------- (at /var/www/vhosts/vanam.fr/api.utiledev.vanam.fr/routes/activity_route.php line 60)
2018-06-27 07:43:08 [DEBUG] brand_route.php: START /brand ---------- (at /var/www/vhosts/vanam.fr/api.utiledev.vanam.fr/routes/brand_route.php line 122)
2018-06-27 07:43:08 [DEBUG] brand_service.php: START getAllEntities [BRAND] -------  (at /var/www/vhosts/vanam.fr/api.utiledev.vanam.fr/core/class/services/brand_service.php line 64)
2018-06-27 07:43:08 [DEBUG] brand_service.php: END getAllEntities [BRAND] -------  (at /var/www/vhosts/vanam.fr/api.utiledev.vanam.fr/core/class/services/brand_service.php line 99)
2018-06-27 07:43:08 [DEBUG] brand_route.php: END /brand ---------- (at /var/www/vhosts/vanam.fr/api.utiledev.vanam.fr/routes/brand_route.php line 139)
2018-06-27 07:49:57 [DEBUG] activity_route.php: START /company ---------- (at /var/www/vhosts/vanam.fr/api.utiledev.vanam.fr/routes/activity_route.php line 46)
2018-06-27 07:49:57 [DEBUG] tools_service.php: START getAllCompanies -------  (at /var/www/vhosts/vanam.fr/api.utiledev.vanam.fr/core/class/services/tools_service.php line 13)
2018-06-27 07:49:57 [DEBUG] tools_service.php: 766cc429fd8a19ed043d04c386827d92 (at /var/www/vhosts/vanam.fr/api.utiledev.vanam.fr/core/class/services/tools_service.php line 14)
2018-06-27 07:49:57 [DEBUG] tools_service.php: END getAllCompanies -------  (at /var/www/vhosts/vanam.fr/api.utiledev.vanam.fr/core/class/services/tools_service.php line 35)
2018-06-27 07:49:57 [DEBUG] activity_route.php: END /company ---------- (at /var/www/vhosts/vanam.fr/api.utiledev.vanam.fr/routes/activity_route.php line 60)
2018-06-27 07:50:01 [DEBUG] brand_route.php: START /brand ---------- (at /var/www/vhosts/vanam.fr/api.utiledev.vanam.fr/routes/brand_route.php line 122)
2018-06-27 07:50:01 [DEBUG] brand_service.php: START getAllEntities [BRAND] -------  (at /var/www/vhosts/vanam.fr/api.utiledev.vanam.fr/core/class/services/brand_service.php line 64)
2018-06-27 07:50:01 [DEBUG] brand_service.php: END getAllEntities [BRAND] -------  (at /var/www/vhosts/vanam.fr/api.utiledev.vanam.fr/core/class/services/brand_service.php line 99)
2018-06-27 07:50:01 [DEBUG] brand_route.php: END /brand ---------- (at /var/www/vhosts/vanam.fr/api.utiledev.vanam.fr/routes/brand_route.php line 139)
2018-06-27 07:51:29 [DEBUG] activity_route.php: START /company ---------- (at /var/www/vhosts/vanam.fr/api.utiledev.vanam.fr/routes/activity_route.php line 46)
2018-06-27 07:51:29 [DEBUG] tools_service.php: START getAllCompanies -------  (at /var/www/vhosts/vanam.fr/api.utiledev.vanam.fr/core/class/services/tools_service.php line 13)
2018-06-27 07:51:29 [DEBUG] tools_service.php: 766cc429fd8a19ed043d04c386827d92 (at /var/www/vhosts/vanam.fr/api.utiledev.vanam.fr/core/class/services/tools_service.php line 14)
2018-06-27 07:51:29 [DEBUG] tools_service.php: END getAllCompanies -------  (at /var/www/vhosts/vanam.fr/api.utiledev.vanam.fr/core/class/services/tools_service.php line 35)
2018-06-27 07:51:29 [DEBUG] activity_route.php: END /company ---------- (at /var/www/vhosts/vanam.fr/api.utiledev.vanam.fr/routes/activity_route.php line 60)
2018-06-27 07:51:30 [DEBUG] brand_route.php: START /brand ---------- (at /var/www/vhosts/vanam.fr/api.utiledev.vanam.fr/routes/brand_route.php line 122)
2018-06-27 07:51:30 [DEBUG] brand_service.php: START getAllEntities [BRAND] -------  (at /var/www/vhosts/vanam.fr/api.utiledev.vanam.fr/core/class/services/brand_service.php line 64)
2018-06-27 07:51:30 [DEBUG] brand_service.php: END getAllEntities [BRAND] -------  (at /var/www/vhosts/vanam.fr/api.utiledev.vanam.fr/core/class/services/brand_service.php line 99)
2018-06-27 07:51:30 [DEBUG] brand_route.php: END /brand ---------- (at /var/www/vhosts/vanam.fr/api.utiledev.vanam.fr/routes/brand_route.php line 139)
2018-06-27 07:52:01 [DEBUG] activity_route.php: START /company ---------- (at /var/www/vhosts/vanam.fr/api.utiledev.vanam.fr/routes/activity_route.php line 46)
2018-06-27 07:52:01 [DEBUG] tools_service.php: START getAllCompanies -------  (at /var/www/vhosts/vanam.fr/api.utiledev.vanam.fr/core/class/services/tools_service.php line 13)
2018-06-27 07:52:01 [DEBUG] tools_service.php: 766cc429fd8a19ed043d04c386827d92 (at /var/www/vhosts/vanam.fr/api.utiledev.vanam.fr/core/class/services/tools_service.php line 14)
2018-06-27 07:52:01 [DEBUG] tools_service.php: END getAllCompanies -------  (at /var/www/vhosts/vanam.fr/api.utiledev.vanam.fr/core/class/services/tools_service.php line 35)
2018-06-27 07:52:01 [DEBUG] activity_route.php: END /company ---------- (at /var/www/vhosts/vanam.fr/api.utiledev.vanam.fr/routes/activity_route.php line 60)
2018-06-27 07:52:02 [DEBUG] brand_route.php: START /brand ---------- (at /var/www/vhosts/vanam.fr/api.utiledev.vanam.fr/routes/brand_route.php line 122)
2018-06-27 07:52:02 [DEBUG] brand_service.php: START getAllEntities [BRAND] -------  (at /var/www/vhosts/vanam.fr/api.utiledev.vanam.fr/core/class/services/brand_service.php line 64)
2018-06-27 07:52:02 [DEBUG] brand_service.php: END getAllEntities [BRAND] -------  (at /var/www/vhosts/vanam.fr/api.utiledev.vanam.fr/core/class/services/brand_service.php line 99)
2018-06-27 07:52:02 [DEBUG] brand_route.php: END /brand ---------- (at /var/www/vhosts/vanam.fr/api.utiledev.vanam.fr/routes/brand_route.php line 139)
2018-06-27 07:52:48 [DEBUG] activity_route.php: START /company ---------- (at /var/www/vhosts/vanam.fr/api.utiledev.vanam.fr/routes/activity_route.php line 46)
2018-06-27 07:52:48 [DEBUG] tools_service.php: START getAllCompanies -------  (at /var/www/vhosts/vanam.fr/api.utiledev.vanam.fr/core/class/services/tools_service.php line 13)
2018-06-27 07:52:48 [DEBUG] tools_service.php: 766cc429fd8a19ed043d04c386827d92 (at /var/www/vhosts/vanam.fr/api.utiledev.vanam.fr/core/class/services/tools_service.php line 14)
2018-06-27 07:52:48 [DEBUG] tools_service.php: END getAllCompanies -------  (at /var/www/vhosts/vanam.fr/api.utiledev.vanam.fr/core/class/services/tools_service.php line 35)
2018-06-27 07:52:48 [DEBUG] activity_route.php: END /company ---------- (at /var/www/vhosts/vanam.fr/api.utiledev.vanam.fr/routes/activity_route.php line 60)
2018-06-27 07:52:48 [DEBUG] brand_route.php: START /brand ---------- (at /var/www/vhosts/vanam.fr/api.utiledev.vanam.fr/routes/brand_route.php line 122)
2018-06-27 07:52:48 [DEBUG] brand_service.php: START getAllEntities [BRAND] -------  (at /var/www/vhosts/vanam.fr/api.utiledev.vanam.fr/core/class/services/brand_service.php line 64)
2018-06-27 07:52:48 [DEBUG] brand_service.php: END getAllEntities [BRAND] -------  (at /var/www/vhosts/vanam.fr/api.utiledev.vanam.fr/core/class/services/brand_service.php line 99)
2018-06-27 07:52:48 [DEBUG] brand_route.php: END /brand ---------- (at /var/www/vhosts/vanam.fr/api.utiledev.vanam.fr/routes/brand_route.php line 139)
2018-06-27 07:53:17 [DEBUG] activity_route.php: START /company ---------- (at /var/www/vhosts/vanam.fr/api.utiledev.vanam.fr/routes/activity_route.php line 46)
2018-06-27 07:53:17 [DEBUG] tools_service.php: START getAllCompanies -------  (at /var/www/vhosts/vanam.fr/api.utiledev.vanam.fr/core/class/services/tools_service.php line 13)
2018-06-27 07:53:17 [DEBUG] tools_service.php: 766cc429fd8a19ed043d04c386827d92 (at /var/www/vhosts/vanam.fr/api.utiledev.vanam.fr/core/class/services/tools_service.php line 14)
2018-06-27 07:53:17 [DEBUG] tools_service.php: END getAllCompanies -------  (at /var/www/vhosts/vanam.fr/api.utiledev.vanam.fr/core/class/services/tools_service.php line 35)
2018-06-27 07:53:17 [DEBUG] activity_route.php: END /company ---------- (at /var/www/vhosts/vanam.fr/api.utiledev.vanam.fr/routes/activity_route.php line 60)
2018-06-27 07:53:17 [DEBUG] brand_route.php: START /brand ---------- (at /var/www/vhosts/vanam.fr/api.utiledev.vanam.fr/routes/brand_route.php line 122)
2018-06-27 07:53:17 [DEBUG] brand_service.php: START getAllEntities [BRAND] -------  (at /var/www/vhosts/vanam.fr/api.utiledev.vanam.fr/core/class/services/brand_service.php line 64)
2018-06-27 07:53:17 [DEBUG] brand_service.php: END getAllEntities [BRAND] -------  (at /var/www/vhosts/vanam.fr/api.utiledev.vanam.fr/core/class/services/brand_service.php line 99)
2018-06-27 07:53:17 [DEBUG] brand_route.php: END /brand ---------- (at /var/www/vhosts/vanam.fr/api.utiledev.vanam.fr/routes/brand_route.php line 139)
2018-06-27 07:55:04 [DEBUG] activity_route.php: START /company ---------- (at /var/www/vhosts/vanam.fr/api.utiledev.vanam.fr/routes/activity_route.php line 46)
2018-06-27 07:55:04 [DEBUG] tools_service.php: START getAllCompanies -------  (at /var/www/vhosts/vanam.fr/api.utiledev.vanam.fr/core/class/services/tools_service.php line 13)
2018-06-27 07:55:04 [DEBUG] tools_service.php: 766cc429fd8a19ed043d04c386827d92 (at /var/www/vhosts/vanam.fr/api.utiledev.vanam.fr/core/class/services/tools_service.php line 14)
2018-06-27 07:55:04 [DEBUG] tools_service.php: END getAllCompanies -------  (at /var/www/vhosts/vanam.fr/api.utiledev.vanam.fr/core/class/services/tools_service.php line 35)
2018-06-27 07:55:04 [DEBUG] activity_route.php: END /company ---------- (at /var/www/vhosts/vanam.fr/api.utiledev.vanam.fr/routes/activity_route.php line 60)
2018-06-27 07:55:05 [DEBUG] brand_route.php: START /brand ---------- (at /var/www/vhosts/vanam.fr/api.utiledev.vanam.fr/routes/brand_route.php line 122)
2018-06-27 07:55:05 [DEBUG] brand_service.php: START getAllEntities [BRAND] -------  (at /var/www/vhosts/vanam.fr/api.utiledev.vanam.fr/core/class/services/brand_service.php line 64)
2018-06-27 07:55:05 [DEBUG] brand_service.php: END getAllEntities [BRAND] -------  (at /var/www/vhosts/vanam.fr/api.utiledev.vanam.fr/core/class/services/brand_service.php line 99)
2018-06-27 07:55:05 [DEBUG] brand_route.php: END /brand ---------- (at /var/www/vhosts/vanam.fr/api.utiledev.vanam.fr/routes/brand_route.php line 139)
2018-06-27 07:55:13 [DEBUG] brand_route.php: START /brand/media ---------- (at /var/www/vhosts/vanam.fr/api.utiledev.vanam.fr/routes/brand_route.php line 37)
2018-06-27 07:55:13 [DEBUG] brand_service.php: START updateBrandLogo -------  (at /var/www/vhosts/vanam.fr/api.utiledev.vanam.fr/core/class/services/brand_service.php line 149)
2018-06-27 07:55:13 [DEBUG] brand_service.php: END updateBrandLogo -------  (at /var/www/vhosts/vanam.fr/api.utiledev.vanam.fr/core/class/services/brand_service.php line 172)
2018-06-27 07:55:13 [DEBUG] brand_route.php: END /brand/media ---------- (at /var/www/vhosts/vanam.fr/api.utiledev.vanam.fr/routes/brand_route.php line 56)
2018-06-27 07:55:14 [DEBUG] brand_route.php: START /brand ---------- (at /var/www/vhosts/vanam.fr/api.utiledev.vanam.fr/routes/brand_route.php line 122)
2018-06-27 07:55:14 [DEBUG] brand_service.php: START getAllEntities [BRAND] -------  (at /var/www/vhosts/vanam.fr/api.utiledev.vanam.fr/core/class/services/brand_service.php line 64)
2018-06-27 07:55:14 [DEBUG] brand_service.php: END getAllEntities [BRAND] -------  (at /var/www/vhosts/vanam.fr/api.utiledev.vanam.fr/core/class/services/brand_service.php line 99)
2018-06-27 07:55:14 [DEBUG] brand_route.php: END /brand ---------- (at /var/www/vhosts/vanam.fr/api.utiledev.vanam.fr/routes/brand_route.php line 139)
2018-06-27 07:55:38 [DEBUG] activity_route.php: START /company ---------- (at /var/www/vhosts/vanam.fr/api.utiledev.vanam.fr/routes/activity_route.php line 46)
2018-06-27 07:55:38 [DEBUG] tools_service.php: START getAllCompanies -------  (at /var/www/vhosts/vanam.fr/api.utiledev.vanam.fr/core/class/services/tools_service.php line 13)
2018-06-27 07:55:38 [DEBUG] tools_service.php: 766cc429fd8a19ed043d04c386827d92 (at /var/www/vhosts/vanam.fr/api.utiledev.vanam.fr/core/class/services/tools_service.php line 14)
2018-06-27 07:55:38 [DEBUG] tools_service.php: END getAllCompanies -------  (at /var/www/vhosts/vanam.fr/api.utiledev.vanam.fr/core/class/services/tools_service.php line 35)
2018-06-27 07:55:38 [DEBUG] activity_route.php: END /company ---------- (at /var/www/vhosts/vanam.fr/api.utiledev.vanam.fr/routes/activity_route.php line 60)
2018-06-27 07:55:39 [DEBUG] brand_route.php: START /brand ---------- (at /var/www/vhosts/vanam.fr/api.utiledev.vanam.fr/routes/brand_route.php line 122)
2018-06-27 07:55:39 [DEBUG] brand_service.php: START getAllEntities [BRAND] -------  (at /var/www/vhosts/vanam.fr/api.utiledev.vanam.fr/core/class/services/brand_service.php line 64)
2018-06-27 07:55:39 [DEBUG] brand_service.php: END getAllEntities [BRAND] -------  (at /var/www/vhosts/vanam.fr/api.utiledev.vanam.fr/core/class/services/brand_service.php line 99)
2018-06-27 07:55:39 [DEBUG] brand_route.php: END /brand ---------- (at /var/www/vhosts/vanam.fr/api.utiledev.vanam.fr/routes/brand_route.php line 139)
2018-06-27 07:55:41 [DEBUG] brand_route.php: START /brand ---------- (at /var/www/vhosts/vanam.fr/api.utiledev.vanam.fr/routes/brand_route.php line 122)
2018-06-27 07:55:41 [DEBUG] brand_service.php: START getAllEntities [BRAND] -------  (at /var/www/vhosts/vanam.fr/api.utiledev.vanam.fr/core/class/services/brand_service.php line 64)
2018-06-27 07:55:41 [DEBUG] activity_route.php: START /company ---------- (at /var/www/vhosts/vanam.fr/api.utiledev.vanam.fr/routes/activity_route.php line 46)
2018-06-27 07:55:41 [DEBUG] tools_service.php: START getAllCompanies -------  (at /var/www/vhosts/vanam.fr/api.utiledev.vanam.fr/core/class/services/tools_service.php line 13)
2018-06-27 07:55:41 [DEBUG] tools_service.php: 766cc429fd8a19ed043d04c386827d92 (at /var/www/vhosts/vanam.fr/api.utiledev.vanam.fr/core/class/services/tools_service.php line 14)
2018-06-27 07:55:41 [DEBUG] brand_service.php: END getAllEntities [BRAND] -------  (at /var/www/vhosts/vanam.fr/api.utiledev.vanam.fr/core/class/services/brand_service.php line 99)
2018-06-27 07:55:41 [DEBUG] brand_route.php: END /brand ---------- (at /var/www/vhosts/vanam.fr/api.utiledev.vanam.fr/routes/brand_route.php line 139)
2018-06-27 07:55:41 [DEBUG] tools_service.php: END getAllCompanies -------  (at /var/www/vhosts/vanam.fr/api.utiledev.vanam.fr/core/class/services/tools_service.php line 35)
2018-06-27 07:55:41 [DEBUG] activity_route.php: END /company ---------- (at /var/www/vhosts/vanam.fr/api.utiledev.vanam.fr/routes/activity_route.php line 60)
2018-06-27 07:55:50 [DEBUG] brand_route.php: START /brand/media ---------- (at /var/www/vhosts/vanam.fr/api.utiledev.vanam.fr/routes/brand_route.php line 37)
2018-06-27 07:55:50 [DEBUG] brand_service.php: START updateBrandLogo -------  (at /var/www/vhosts/vanam.fr/api.utiledev.vanam.fr/core/class/services/brand_service.php line 149)
2018-06-27 07:55:50 [DEBUG] brand_service.php: END updateBrandLogo -------  (at /var/www/vhosts/vanam.fr/api.utiledev.vanam.fr/core/class/services/brand_service.php line 172)
2018-06-27 07:55:50 [DEBUG] brand_route.php: END /brand/media ---------- (at /var/www/vhosts/vanam.fr/api.utiledev.vanam.fr/routes/brand_route.php line 56)
2018-06-27 07:55:50 [DEBUG] brand_route.php: START /brand ---------- (at /var/www/vhosts/vanam.fr/api.utiledev.vanam.fr/routes/brand_route.php line 122)
2018-06-27 07:55:50 [DEBUG] brand_service.php: START getAllEntities [BRAND] -------  (at /var/www/vhosts/vanam.fr/api.utiledev.vanam.fr/core/class/services/brand_service.php line 64)
2018-06-27 07:55:50 [DEBUG] brand_service.php: END getAllEntities [BRAND] -------  (at /var/www/vhosts/vanam.fr/api.utiledev.vanam.fr/core/class/services/brand_service.php line 99)
2018-06-27 07:55:50 [DEBUG] brand_route.php: END /brand ---------- (at /var/www/vhosts/vanam.fr/api.utiledev.vanam.fr/routes/brand_route.php line 139)
2018-06-27 07:56:08 [DEBUG] activity_route.php: START /company ---------- (at /var/www/vhosts/vanam.fr/api.utiledev.vanam.fr/routes/activity_route.php line 46)
2018-06-27 07:56:08 [DEBUG] tools_service.php: START getAllCompanies -------  (at /var/www/vhosts/vanam.fr/api.utiledev.vanam.fr/core/class/services/tools_service.php line 13)
2018-06-27 07:56:08 [DEBUG] tools_service.php: 766cc429fd8a19ed043d04c386827d92 (at /var/www/vhosts/vanam.fr/api.utiledev.vanam.fr/core/class/services/tools_service.php line 14)
2018-06-27 07:56:08 [DEBUG] brand_route.php: START /brand ---------- (at /var/www/vhosts/vanam.fr/api.utiledev.vanam.fr/routes/brand_route.php line 122)
2018-06-27 07:56:08 [DEBUG] tools_service.php: END getAllCompanies -------  (at /var/www/vhosts/vanam.fr/api.utiledev.vanam.fr/core/class/services/tools_service.php line 35)
2018-06-27 07:56:08 [DEBUG] activity_route.php: END /company ---------- (at /var/www/vhosts/vanam.fr/api.utiledev.vanam.fr/routes/activity_route.php line 60)
2018-06-27 07:56:08 [DEBUG] brand_service.php: START getAllEntities [BRAND] -------  (at /var/www/vhosts/vanam.fr/api.utiledev.vanam.fr/core/class/services/brand_service.php line 64)
2018-06-27 07:56:08 [DEBUG] brand_service.php: END getAllEntities [BRAND] -------  (at /var/www/vhosts/vanam.fr/api.utiledev.vanam.fr/core/class/services/brand_service.php line 99)
2018-06-27 07:56:08 [DEBUG] brand_route.php: END /brand ---------- (at /var/www/vhosts/vanam.fr/api.utiledev.vanam.fr/routes/brand_route.php line 139)
2018-06-27 07:56:29 [DEBUG] activity_route.php: START /company ---------- (at /var/www/vhosts/vanam.fr/api.utiledev.vanam.fr/routes/activity_route.php line 46)
2018-06-27 07:56:29 [DEBUG] tools_service.php: START getAllCompanies -------  (at /var/www/vhosts/vanam.fr/api.utiledev.vanam.fr/core/class/services/tools_service.php line 13)
2018-06-27 07:56:29 [DEBUG] tools_service.php: 766cc429fd8a19ed043d04c386827d92 (at /var/www/vhosts/vanam.fr/api.utiledev.vanam.fr/core/class/services/tools_service.php line 14)
2018-06-27 07:56:29 [DEBUG] tools_service.php: END getAllCompanies -------  (at /var/www/vhosts/vanam.fr/api.utiledev.vanam.fr/core/class/services/tools_service.php line 35)
2018-06-27 07:56:29 [DEBUG] activity_route.php: END /company ---------- (at /var/www/vhosts/vanam.fr/api.utiledev.vanam.fr/routes/activity_route.php line 60)
2018-06-27 07:56:30 [DEBUG] brand_route.php: START /brand ---------- (at /var/www/vhosts/vanam.fr/api.utiledev.vanam.fr/routes/brand_route.php line 122)
2018-06-27 07:56:30 [DEBUG] brand_service.php: START getAllEntities [BRAND] -------  (at /var/www/vhosts/vanam.fr/api.utiledev.vanam.fr/core/class/services/brand_service.php line 64)
2018-06-27 07:56:30 [DEBUG] brand_service.php: END getAllEntities [BRAND] -------  (at /var/www/vhosts/vanam.fr/api.utiledev.vanam.fr/core/class/services/brand_service.php line 99)
2018-06-27 07:56:30 [DEBUG] brand_route.php: END /brand ---------- (at /var/www/vhosts/vanam.fr/api.utiledev.vanam.fr/routes/brand_route.php line 139)
2018-06-27 07:56:49 [DEBUG] activity_route.php: START /company ---------- (at /var/www/vhosts/vanam.fr/api.utiledev.vanam.fr/routes/activity_route.php line 46)
2018-06-27 07:56:49 [DEBUG] tools_service.php: START getAllCompanies -------  (at /var/www/vhosts/vanam.fr/api.utiledev.vanam.fr/core/class/services/tools_service.php line 13)
2018-06-27 07:56:49 [DEBUG] tools_service.php: 766cc429fd8a19ed043d04c386827d92 (at /var/www/vhosts/vanam.fr/api.utiledev.vanam.fr/core/class/services/tools_service.php line 14)
2018-06-27 07:56:49 [DEBUG] tools_service.php: END getAllCompanies -------  (at /var/www/vhosts/vanam.fr/api.utiledev.vanam.fr/core/class/services/tools_service.php line 35)
2018-06-27 07:56:49 [DEBUG] activity_route.php: END /company ---------- (at /var/www/vhosts/vanam.fr/api.utiledev.vanam.fr/routes/activity_route.php line 60)
2018-06-27 07:56:50 [DEBUG] brand_route.php: START /brand ---------- (at /var/www/vhosts/vanam.fr/api.utiledev.vanam.fr/routes/brand_route.php line 122)
2018-06-27 07:56:50 [DEBUG] brand_service.php: START getAllEntities [BRAND] -------  (at /var/www/vhosts/vanam.fr/api.utiledev.vanam.fr/core/class/services/brand_service.php line 64)
2018-06-27 07:56:50 [DEBUG] brand_service.php: END getAllEntities [BRAND] -------  (at /var/www/vhosts/vanam.fr/api.utiledev.vanam.fr/core/class/services/brand_service.php line 99)
2018-06-27 07:56:50 [DEBUG] brand_route.php: END /brand ---------- (at /var/www/vhosts/vanam.fr/api.utiledev.vanam.fr/routes/brand_route.php line 139)
2018-06-27 08:14:16 [DEBUG] activity_route.php: START /company ---------- (at /var/www/vhosts/vanam.fr/api.utiledev.vanam.fr/routes/activity_route.php line 46)
2018-06-27 08:14:16 [DEBUG] tools_service.php: START getAllCompanies -------  (at /var/www/vhosts/vanam.fr/api.utiledev.vanam.fr/core/class/services/tools_service.php line 13)
2018-06-27 08:14:16 [DEBUG] tools_service.php: 766cc429fd8a19ed043d04c386827d92 (at /var/www/vhosts/vanam.fr/api.utiledev.vanam.fr/core/class/services/tools_service.php line 14)
2018-06-27 08:14:16 [DEBUG] tools_service.php: END getAllCompanies -------  (at /var/www/vhosts/vanam.fr/api.utiledev.vanam.fr/core/class/services/tools_service.php line 35)
2018-06-27 08:14:16 [DEBUG] activity_route.php: END /company ---------- (at /var/www/vhosts/vanam.fr/api.utiledev.vanam.fr/routes/activity_route.php line 60)
2018-06-27 08:14:49 [DEBUG] brand_route.php: START /brand ---------- (at /var/www/vhosts/vanam.fr/api.utiledev.vanam.fr/routes/brand_route.php line 122)
2018-06-27 08:14:49 [DEBUG] brand_service.php: START getAllEntities [BRAND] -------  (at /var/www/vhosts/vanam.fr/api.utiledev.vanam.fr/core/class/services/brand_service.php line 64)
2018-06-27 08:14:49 [DEBUG] brand_service.php: END getAllEntities [BRAND] -------  (at /var/www/vhosts/vanam.fr/api.utiledev.vanam.fr/core/class/services/brand_service.php line 99)
2018-06-27 08:14:49 [DEBUG] brand_route.php: END /brand ---------- (at /var/www/vhosts/vanam.fr/api.utiledev.vanam.fr/routes/brand_route.php line 139)
2018-06-27 08:17:00 [DEBUG] activity_route.php: START /company ---------- (at /var/www/vhosts/vanam.fr/api.utiledev.vanam.fr/routes/activity_route.php line 46)
2018-06-27 08:17:00 [DEBUG] tools_service.php: START getAllCompanies -------  (at /var/www/vhosts/vanam.fr/api.utiledev.vanam.fr/core/class/services/tools_service.php line 13)
2018-06-27 08:17:00 [DEBUG] tools_service.php: 766cc429fd8a19ed043d04c386827d92 (at /var/www/vhosts/vanam.fr/api.utiledev.vanam.fr/core/class/services/tools_service.php line 14)
2018-06-27 08:17:00 [DEBUG] tools_service.php: END getAllCompanies -------  (at /var/www/vhosts/vanam.fr/api.utiledev.vanam.fr/core/class/services/tools_service.php line 35)
2018-06-27 08:17:00 [DEBUG] activity_route.php: END /company ---------- (at /var/www/vhosts/vanam.fr/api.utiledev.vanam.fr/routes/activity_route.php line 60)
2018-06-27 08:17:05 [DEBUG] brand_route.php: START /brand ---------- (at /var/www/vhosts/vanam.fr/api.utiledev.vanam.fr/routes/brand_route.php line 122)
2018-06-27 08:17:05 [DEBUG] brand_service.php: START getAllEntities [BRAND] -------  (at /var/www/vhosts/vanam.fr/api.utiledev.vanam.fr/core/class/services/brand_service.php line 64)
2018-06-27 08:17:05 [DEBUG] brand_service.php: END getAllEntities [BRAND] -------  (at /var/www/vhosts/vanam.fr/api.utiledev.vanam.fr/core/class/services/brand_service.php line 99)
2018-06-27 08:17:05 [DEBUG] brand_route.php: END /brand ---------- (at /var/www/vhosts/vanam.fr/api.utiledev.vanam.fr/routes/brand_route.php line 139)
