2018-06-06 05:49:29 [DEBUG] activity_route.php: START /login ---------- (at /var/www/vhosts/vanam.fr/api.utiledev.vanam.fr/routes/activity_route.php line 5)
2018-06-06 05:49:29 [DEBUG] user_service.php: ---------- authentifyUser ---------- (at /var/www/vhosts/vanam.fr/api.utiledev.vanam.fr/core/class/services/user_service.php line 206)
2018-06-06 05:49:29 [DEBUG] user_service.php: Array
(
    [status] => 1
    [user] => Array
        (
            [id] => 1
            [name] => Loic
            [firstname] => Amsellem
            [mail] => loic@vanam.fr
            [mobile_line] => 06 99 99 99 99
            [direct_line] => 04 91 99 99 99
            [passwd] => loic13$$
            [url_picture] => resources/users/logos/74971201.jpg
            [role] => Array
                (
                    [id] => 1
                    [role] => SUPER_ADMIN
                )

            [role_id] => 1
            [company] => Array
                (
                    [id] => 1
                    [name] => VANAM
                    [url_logo] => resources/companies/logo_vanam.png
                )

        )

    [key] => c2f1bb57e4a1d58a3ae710ef0c7acfb1
)
 (at /var/www/vhosts/vanam.fr/api.utiledev.vanam.fr/core/class/services/user_service.php line 285)
2018-06-06 05:49:29 [DEBUG] user_service.php: --------------------------------------------------- (at /var/www/vhosts/vanam.fr/api.utiledev.vanam.fr/core/class/services/user_service.php line 286)
2018-06-06 05:49:29 [DEBUG] activity_route.php: END /login ---------- (at /var/www/vhosts/vanam.fr/api.utiledev.vanam.fr/routes/activity_route.php line 23)
2018-06-06 05:49:31 [DEBUG] activity_route.php: START /company ---------- (at /var/www/vhosts/vanam.fr/api.utiledev.vanam.fr/routes/activity_route.php line 46)
2018-06-06 05:49:31 [DEBUG] tools_service.php: START getAllCompanies -------  (at /var/www/vhosts/vanam.fr/api.utiledev.vanam.fr/core/class/services/tools_service.php line 13)
2018-06-06 05:49:31 [DEBUG] tools_service.php: c2f1bb57e4a1d58a3ae710ef0c7acfb1 (at /var/www/vhosts/vanam.fr/api.utiledev.vanam.fr/core/class/services/tools_service.php line 14)
2018-06-06 05:49:31 [DEBUG] tools_service.php: END getAllCompanies -------  (at /var/www/vhosts/vanam.fr/api.utiledev.vanam.fr/core/class/services/tools_service.php line 35)
2018-06-06 05:49:31 [DEBUG] activity_route.php: END /company ---------- (at /var/www/vhosts/vanam.fr/api.utiledev.vanam.fr/routes/activity_route.php line 60)
2018-06-06 05:50:25 [DEBUG] gender_route.php: START /gender ---------- (at /var/www/vhosts/vanam.fr/api.utiledev.vanam.fr/routes/gender_route.php line 65)
2018-06-06 05:50:25 [DEBUG] gender_service.php: START getAllEntities [GENDER] -------  (at /var/www/vhosts/vanam.fr/api.utiledev.vanam.fr/core/class/services/gender_service.php line 62)
2018-06-06 05:50:25 [DEBUG] gender_service.php: END getAllEntities [GENDER] -------  (at /var/www/vhosts/vanam.fr/api.utiledev.vanam.fr/core/class/services/gender_service.php line 84)
2018-06-06 05:50:25 [DEBUG] gender_route.php: END /gender ---------- (at /var/www/vhosts/vanam.fr/api.utiledev.vanam.fr/routes/gender_route.php line 82)
2018-06-06 05:50:26 [DEBUG] category_route.php: START /category ---------- (at /var/www/vhosts/vanam.fr/api.utiledev.vanam.fr/routes/category_route.php line 65)
2018-06-06 05:50:26 [DEBUG] category_service.php: START getAllEntities [CATEGORY] -------  (at /var/www/vhosts/vanam.fr/api.utiledev.vanam.fr/core/class/services/category_service.php line 62)
2018-06-06 05:50:26 [DEBUG] category_service.php: END getAllEntities [CATEGORY] -------  (at /var/www/vhosts/vanam.fr/api.utiledev.vanam.fr/core/class/services/category_service.php line 95)
2018-06-06 05:50:26 [DEBUG] category_route.php: END /category ---------- (at /var/www/vhosts/vanam.fr/api.utiledev.vanam.fr/routes/category_route.php line 82)
2018-06-06 05:50:26 [DEBUG] brand_route.php: START /brand ---------- (at /var/www/vhosts/vanam.fr/api.utiledev.vanam.fr/routes/brand_route.php line 122)
2018-06-06 05:50:26 [DEBUG] brand_service.php: START getAllEntities [BRAND] -------  (at /var/www/vhosts/vanam.fr/api.utiledev.vanam.fr/core/class/services/brand_service.php line 64)
2018-06-06 05:50:26 [DEBUG] brand_service.php: END getAllEntities [BRAND] -------  (at /var/www/vhosts/vanam.fr/api.utiledev.vanam.fr/core/class/services/brand_service.php line 99)
2018-06-06 05:50:26 [DEBUG] brand_route.php: END /brand ---------- (at /var/www/vhosts/vanam.fr/api.utiledev.vanam.fr/routes/brand_route.php line 139)
2018-06-06 05:50:26 [DEBUG] sport_route.php: START /sport ---------- (at /var/www/vhosts/vanam.fr/api.utiledev.vanam.fr/routes/sport_route.php line 65)
2018-06-06 05:50:26 [DEBUG] sport_service.php: START getAllEntities [SPORT] -------  (at /var/www/vhosts/vanam.fr/api.utiledev.vanam.fr/core/class/services/sport_service.php line 62)
2018-06-06 05:50:26 [DEBUG] sport_service.php: END getAllEntities [SPORT] -------  (at /var/www/vhosts/vanam.fr/api.utiledev.vanam.fr/core/class/services/sport_service.php line 84)
2018-06-06 05:50:26 [DEBUG] sport_route.php: END /sport ---------- (at /var/www/vhosts/vanam.fr/api.utiledev.vanam.fr/routes/sport_route.php line 82)
