2019-04-25 14:36:02 [DEBUG] activity_route.php: START /company ---------- (at D:\Projects\vanam\backend\routes\activity_route.php line 49)
2019-04-25 14:36:03 [DEBUG] tools_service.php: START getAllCompanies -------  (at D:\Projects\vanam\backend\core\class\services\tools_service.php line 13)
2019-04-25 14:36:03 [DEBUG] tools_service.php: ccfefa4e48d288c3acdb4fd57ecc3e3e (at D:\Projects\vanam\backend\core\class\services\tools_service.php line 14)
2019-04-25 14:36:03 [DEBUG] tools_service.php: END getAllCompanies -------  (at D:\Projects\vanam\backend\core\class\services\tools_service.php line 35)
2019-04-25 14:36:03 [DEBUG] activity_route.php: END /company ---------- (at D:\Projects\vanam\backend\routes\activity_route.php line 63)
2019-04-25 14:38:16 [DEBUG] activity_route.php: START /logout ---------- (at D:\Projects\vanam\backend\routes\activity_route.php line 31)
2019-04-25 14:38:16 [DEBUG] user_service.php: START logoutUser -------  (at D:\Projects\vanam\backend\core\class\services\user_service.php line 292)
2019-04-25 14:38:16 [DEBUG] user_service.php: END logoutUser -------  (at D:\Projects\vanam\backend\core\class\services\user_service.php line 308)
2019-04-25 14:38:16 [DEBUG] activity_route.php: END /logout ---------- (at D:\Projects\vanam\backend\routes\activity_route.php line 44)
2019-04-25 14:38:18 [DEBUG] activity_route.php: START /login ---------- (at D:\Projects\vanam\backend\routes\activity_route.php line 5)
2019-04-25 14:38:18 [DEBUG] user_service.php: ---------- authentifyUser ---------- (at D:\Projects\vanam\backend\core\class\services\user_service.php line 206)
2019-04-25 14:38:18 [DEBUG] user_service.php: Array
(
    [status] => 1
    [user] => Array
        (
            [id] => 1
            [name] => Loic
            [firstname] => Amsellem
            [mail] => loic@vanam.fr
            [mobile_line] => 06 99 99 99 99
            [direct_line] => 04 91 99 99 99
            [passwd] => loic13$$
            [url_picture] => resources/users/logos/74971201.jpg
            [role] => Array
                (
                    [id] => 1
                    [role] => SUPER_ADMIN
                )

            [role_id] => 1
            [company] => Array
                (
                    [id] => 1
                    [name] => VANAM
                    [url_logo] => resources/companies/logo_vanam.png
                )

        )

    [key] => 48fdf42e327c8b1dd57257d17ed8a8c3
)
 (at D:\Projects\vanam\backend\core\class\services\user_service.php line 285)
2019-04-25 14:38:18 [DEBUG] user_service.php: --------------------------------------------------- (at D:\Projects\vanam\backend\core\class\services\user_service.php line 286)
2019-04-25 14:38:18 [DEBUG] activity_route.php: END /login ---------- (at D:\Projects\vanam\backend\routes\activity_route.php line 24)
2019-04-25 14:38:18 [DEBUG] activity_route.php: START /company ---------- (at D:\Projects\vanam\backend\routes\activity_route.php line 49)
2019-04-25 14:38:18 [DEBUG] tools_service.php: START getAllCompanies -------  (at D:\Projects\vanam\backend\core\class\services\tools_service.php line 13)
2019-04-25 14:38:18 [DEBUG] tools_service.php: 48fdf42e327c8b1dd57257d17ed8a8c3 (at D:\Projects\vanam\backend\core\class\services\tools_service.php line 14)
2019-04-25 14:38:18 [DEBUG] tools_service.php: END getAllCompanies -------  (at D:\Projects\vanam\backend\core\class\services\tools_service.php line 35)
2019-04-25 14:38:18 [DEBUG] activity_route.php: END /company ---------- (at D:\Projects\vanam\backend\routes\activity_route.php line 63)
2019-04-25 14:41:55 [DEBUG] user_route.php: START /user ---------- (at D:\Projects\vanam\backend\routes\user_route.php line 77)
2019-04-25 14:41:55 [DEBUG] user_service.php: START getAllEntities [USER] -------  (at D:\Projects\vanam\backend\core\class\services\user_service.php line 87)
2019-04-25 14:41:55 [DEBUG] user_service.php: END getAllEntities [USER] -------  (at D:\Projects\vanam\backend\core\class\services\user_service.php line 136)
2019-04-25 14:41:55 [DEBUG] user_route.php: END /user ---------- (at D:\Projects\vanam\backend\routes\user_route.php line 92)
2019-04-25 14:43:55 [DEBUG] user_route.php: START /user ---------- (at D:\Projects\vanam\backend\routes\user_route.php line 5)
2019-04-25 14:43:55 [DEBUG] user_service.php: START addNewEntity [USER] -------  (at D:\Projects\vanam\backend\core\class\services\user_service.php line 13)
2019-04-25 14:43:55 [DEBUG] user_service.php: 48fdf42e327c8b1dd57257d17ed8a8c3 (at D:\Projects\vanam\backend\core\class\services\user_service.php line 14)
2019-04-25 14:43:55 [DEBUG] user_service.php: END addNewEntity [USER] -------  (at D:\Projects\vanam\backend\core\class\services\user_service.php line 43)
2019-04-25 14:43:55 [DEBUG] user_route.php: Array
(
    [success] => true
    [msg] => L'utilisateur est ajouté avec succés.
)
 (at D:\Projects\vanam\backend\routes\user_route.php line 30)
2019-04-25 14:43:55 [DEBUG] user_route.php: END /user ---------- (at D:\Projects\vanam\backend\routes\user_route.php line 34)
2019-04-25 14:43:55 [DEBUG] user_route.php: START /user ---------- (at D:\Projects\vanam\backend\routes\user_route.php line 77)
2019-04-25 14:43:55 [DEBUG] user_service.php: START getAllEntities [USER] -------  (at D:\Projects\vanam\backend\core\class\services\user_service.php line 87)
2019-04-25 14:43:55 [DEBUG] user_service.php: END getAllEntities [USER] -------  (at D:\Projects\vanam\backend\core\class\services\user_service.php line 136)
2019-04-25 14:43:55 [DEBUG] user_route.php: END /user ---------- (at D:\Projects\vanam\backend\routes\user_route.php line 92)
2019-04-25 14:44:22 [DEBUG] activity_route.php: START /company ---------- (at D:\Projects\vanam\backend\routes\activity_route.php line 49)
2019-04-25 14:44:22 [DEBUG] tools_service.php: START getAllCompanies -------  (at D:\Projects\vanam\backend\core\class\services\tools_service.php line 13)
2019-04-25 14:44:22 [DEBUG] tools_service.php: 48fdf42e327c8b1dd57257d17ed8a8c3 (at D:\Projects\vanam\backend\core\class\services\tools_service.php line 14)
2019-04-25 14:44:22 [DEBUG] tools_service.php: END getAllCompanies -------  (at D:\Projects\vanam\backend\core\class\services\tools_service.php line 35)
2019-04-25 14:44:22 [DEBUG] activity_route.php: END /company ---------- (at D:\Projects\vanam\backend\routes\activity_route.php line 63)
2019-04-25 14:44:31 [DEBUG] user_route.php: START /user ---------- (at D:\Projects\vanam\backend\routes\user_route.php line 77)
2019-04-25 14:44:31 [DEBUG] user_service.php: START getAllEntities [USER] -------  (at D:\Projects\vanam\backend\core\class\services\user_service.php line 87)
2019-04-25 14:44:31 [DEBUG] user_service.php: END getAllEntities [USER] -------  (at D:\Projects\vanam\backend\core\class\services\user_service.php line 136)
2019-04-25 14:44:31 [DEBUG] user_route.php: END /user ---------- (at D:\Projects\vanam\backend\routes\user_route.php line 92)
2019-04-25 14:44:58 [DEBUG] user_route.php: START /user ---------- (at D:\Projects\vanam\backend\routes\user_route.php line 41)
2019-04-25 14:44:58 [DEBUG] user_service.php: START updateEntityById [USER] -------  (at D:\Projects\vanam\backend\core\class\services\user_service.php line 49)
2019-04-25 14:44:58 [DEBUG] user_service.php: 48fdf42e327c8b1dd57257d17ed8a8c3 (at D:\Projects\vanam\backend\core\class\services\user_service.php line 50)
2019-04-25 14:44:58 [DEBUG] user_service.php: END updateENTITYById [USER] -------  (at D:\Projects\vanam\backend\core\class\services\user_service.php line 81)
2019-04-25 14:44:58 [DEBUG] user_route.php: END /user ---------- (at D:\Projects\vanam\backend\routes\user_route.php line 67)
2019-04-25 14:44:59 [DEBUG] user_route.php: START /user ---------- (at D:\Projects\vanam\backend\routes\user_route.php line 77)
2019-04-25 14:44:59 [DEBUG] user_service.php: START getAllEntities [USER] -------  (at D:\Projects\vanam\backend\core\class\services\user_service.php line 87)
2019-04-25 14:44:59 [DEBUG] user_service.php: END getAllEntities [USER] -------  (at D:\Projects\vanam\backend\core\class\services\user_service.php line 136)
2019-04-25 14:44:59 [DEBUG] user_route.php: END /user ---------- (at D:\Projects\vanam\backend\routes\user_route.php line 92)
2019-04-25 14:45:15 [DEBUG] activity_route.php: START /company ---------- (at D:\Projects\vanam\backend\routes\activity_route.php line 49)
2019-04-25 14:45:15 [DEBUG] tools_service.php: START getAllCompanies -------  (at D:\Projects\vanam\backend\core\class\services\tools_service.php line 13)
2019-04-25 14:45:15 [DEBUG] tools_service.php: 48fdf42e327c8b1dd57257d17ed8a8c3 (at D:\Projects\vanam\backend\core\class\services\tools_service.php line 14)
2019-04-25 14:45:15 [DEBUG] tools_service.php: END getAllCompanies -------  (at D:\Projects\vanam\backend\core\class\services\tools_service.php line 35)
2019-04-25 14:45:15 [DEBUG] activity_route.php: END /company ---------- (at D:\Projects\vanam\backend\routes\activity_route.php line 63)
2019-04-25 14:46:12 [DEBUG] user_route.php: START /user ---------- (at D:\Projects\vanam\backend\routes\user_route.php line 77)
2019-04-25 14:46:12 [DEBUG] user_service.php: START getAllEntities [USER] -------  (at D:\Projects\vanam\backend\core\class\services\user_service.php line 87)
2019-04-25 14:46:12 [DEBUG] user_service.php: END getAllEntities [USER] -------  (at D:\Projects\vanam\backend\core\class\services\user_service.php line 136)
2019-04-25 14:46:12 [DEBUG] user_route.php: END /user ---------- (at D:\Projects\vanam\backend\routes\user_route.php line 92)
2019-04-25 14:46:28 [DEBUG] user_route.php: START /user ---------- (at D:\Projects\vanam\backend\routes\user_route.php line 41)
2019-04-25 14:46:28 [DEBUG] user_service.php: START updateEntityById [USER] -------  (at D:\Projects\vanam\backend\core\class\services\user_service.php line 49)
2019-04-25 14:46:28 [DEBUG] user_service.php: 48fdf42e327c8b1dd57257d17ed8a8c3 (at D:\Projects\vanam\backend\core\class\services\user_service.php line 50)
2019-04-25 14:46:28 [DEBUG] user_service.php: END updateENTITYById [USER] -------  (at D:\Projects\vanam\backend\core\class\services\user_service.php line 81)
2019-04-25 14:46:28 [DEBUG] user_route.php: END /user ---------- (at D:\Projects\vanam\backend\routes\user_route.php line 67)
2019-04-25 14:46:29 [DEBUG] user_route.php: START /user ---------- (at D:\Projects\vanam\backend\routes\user_route.php line 77)
2019-04-25 14:46:29 [DEBUG] user_service.php: START getAllEntities [USER] -------  (at D:\Projects\vanam\backend\core\class\services\user_service.php line 87)
2019-04-25 14:46:29 [DEBUG] user_service.php: END getAllEntities [USER] -------  (at D:\Projects\vanam\backend\core\class\services\user_service.php line 136)
2019-04-25 14:46:29 [DEBUG] user_route.php: END /user ---------- (at D:\Projects\vanam\backend\routes\user_route.php line 92)
2019-04-25 14:46:39 [DEBUG] user_route.php: START /user ---------- (at D:\Projects\vanam\backend\routes\user_route.php line 41)
2019-04-25 14:46:39 [DEBUG] user_service.php: START updateEntityById [USER] -------  (at D:\Projects\vanam\backend\core\class\services\user_service.php line 49)
2019-04-25 14:46:39 [DEBUG] user_service.php: 48fdf42e327c8b1dd57257d17ed8a8c3 (at D:\Projects\vanam\backend\core\class\services\user_service.php line 50)
2019-04-25 14:46:39 [DEBUG] user_service.php: END updateENTITYById [USER] -------  (at D:\Projects\vanam\backend\core\class\services\user_service.php line 81)
2019-04-25 14:46:39 [DEBUG] user_route.php: END /user ---------- (at D:\Projects\vanam\backend\routes\user_route.php line 67)
2019-04-25 14:46:40 [DEBUG] user_route.php: START /user ---------- (at D:\Projects\vanam\backend\routes\user_route.php line 77)
2019-04-25 14:46:40 [DEBUG] user_service.php: START getAllEntities [USER] -------  (at D:\Projects\vanam\backend\core\class\services\user_service.php line 87)
2019-04-25 14:46:40 [DEBUG] user_service.php: END getAllEntities [USER] -------  (at D:\Projects\vanam\backend\core\class\services\user_service.php line 136)
2019-04-25 14:46:40 [DEBUG] user_route.php: END /user ---------- (at D:\Projects\vanam\backend\routes\user_route.php line 92)
2019-04-25 14:46:45 [DEBUG] user_route.php: START /user ---------- (at D:\Projects\vanam\backend\routes\user_route.php line 41)
2019-04-25 14:46:45 [DEBUG] user_service.php: START updateEntityById [USER] -------  (at D:\Projects\vanam\backend\core\class\services\user_service.php line 49)
2019-04-25 14:46:45 [DEBUG] user_service.php: 48fdf42e327c8b1dd57257d17ed8a8c3 (at D:\Projects\vanam\backend\core\class\services\user_service.php line 50)
2019-04-25 14:46:45 [DEBUG] user_service.php: END updateENTITYById [USER] -------  (at D:\Projects\vanam\backend\core\class\services\user_service.php line 81)
2019-04-25 14:46:45 [DEBUG] user_route.php: END /user ---------- (at D:\Projects\vanam\backend\routes\user_route.php line 67)
2019-04-25 14:46:45 [DEBUG] user_route.php: START /user ---------- (at D:\Projects\vanam\backend\routes\user_route.php line 77)
2019-04-25 14:46:45 [DEBUG] user_service.php: START getAllEntities [USER] -------  (at D:\Projects\vanam\backend\core\class\services\user_service.php line 87)
2019-04-25 14:46:45 [DEBUG] user_service.php: END getAllEntities [USER] -------  (at D:\Projects\vanam\backend\core\class\services\user_service.php line 136)
2019-04-25 14:46:45 [DEBUG] user_route.php: END /user ---------- (at D:\Projects\vanam\backend\routes\user_route.php line 92)
2019-04-25 14:46:50 [DEBUG] user_route.php: START /user ---------- (at D:\Projects\vanam\backend\routes\user_route.php line 41)
2019-04-25 14:46:50 [DEBUG] user_service.php: START updateEntityById [USER] -------  (at D:\Projects\vanam\backend\core\class\services\user_service.php line 49)
2019-04-25 14:46:50 [DEBUG] user_service.php: 48fdf42e327c8b1dd57257d17ed8a8c3 (at D:\Projects\vanam\backend\core\class\services\user_service.php line 50)
2019-04-25 14:46:50 [DEBUG] user_service.php: END updateENTITYById [USER] -------  (at D:\Projects\vanam\backend\core\class\services\user_service.php line 81)
2019-04-25 14:46:50 [DEBUG] user_route.php: END /user ---------- (at D:\Projects\vanam\backend\routes\user_route.php line 67)
2019-04-25 14:46:50 [DEBUG] user_route.php: START /user ---------- (at D:\Projects\vanam\backend\routes\user_route.php line 77)
2019-04-25 14:46:50 [DEBUG] user_service.php: START getAllEntities [USER] -------  (at D:\Projects\vanam\backend\core\class\services\user_service.php line 87)
2019-04-25 14:46:50 [DEBUG] user_service.php: END getAllEntities [USER] -------  (at D:\Projects\vanam\backend\core\class\services\user_service.php line 136)
2019-04-25 14:46:50 [DEBUG] user_route.php: END /user ---------- (at D:\Projects\vanam\backend\routes\user_route.php line 92)
2019-04-25 14:49:50 [DEBUG] brand_route.php: START /brand ---------- (at D:\Projects\vanam\backend\routes\brand_route.php line 125)
2019-04-25 14:49:50 [DEBUG] brand_service.php: START getAllEntities [BRAND] -------  (at D:\Projects\vanam\backend\core\class\services\brand_service.php line 64)
2019-04-25 14:49:50 [DEBUG] brand_service.php: END getAllEntities [BRAND] -------  (at D:\Projects\vanam\backend\core\class\services\brand_service.php line 99)
2019-04-25 14:49:50 [DEBUG] brand_route.php: END /brand ---------- (at D:\Projects\vanam\backend\routes\brand_route.php line 144)
2019-04-25 14:49:50 [DEBUG] country_route.php: START /country ---------- (at D:\Projects\vanam\backend\routes\country_route.php line 65)
2019-04-25 14:49:50 [DEBUG] country_service.php: START getAllEntities [COUNTRY] -------  (at D:\Projects\vanam\backend\core\class\services\country_service.php line 67)
2019-04-25 14:49:50 [DEBUG] country_service.php: END getAllEntities [COUNTRY] -------  (at D:\Projects\vanam\backend\core\class\services\country_service.php line 89)
2019-04-25 14:49:50 [DEBUG] country_route.php: END /country ---------- (at D:\Projects\vanam\backend\routes\country_route.php line 82)
2019-04-25 14:49:50 [DEBUG] category_route.php: START /category ---------- (at D:\Projects\vanam\backend\routes\category_route.php line 65)
2019-04-25 14:49:50 [DEBUG] category_service.php: START getAllEntities [CATEGORY] -------  (at D:\Projects\vanam\backend\core\class\services\category_service.php line 62)
2019-04-25 14:49:50 [DEBUG] activity_route.php: START /manager ---------- (at D:\Projects\vanam\backend\routes\activity_route.php line 71)
2019-04-25 14:49:50 [DEBUG] category_service.php: END getAllEntities [CATEGORY] -------  (at D:\Projects\vanam\backend\core\class\services\category_service.php line 95)
2019-04-25 14:49:50 [DEBUG] tools_service.php: START getAllManagers -------  (at D:\Projects\vanam\backend\core\class\services\tools_service.php line 41)
2019-04-25 14:49:50 [DEBUG] category_route.php: END /category ---------- (at D:\Projects\vanam\backend\routes\category_route.php line 82)
2019-04-25 14:49:50 [DEBUG] tools_service.php: ----------------------------------------------------------------------------------- (at D:\Projects\vanam\backend\core\class\services\tools_service.php line 56)
2019-04-25 14:49:50 [DEBUG] activity_route.php: END /manager ---------- (at D:\Projects\vanam\backend\routes\activity_route.php line 87)
2019-04-25 14:50:10 [DEBUG] user_route.php: START /user ---------- (at D:\Projects\vanam\backend\routes\user_route.php line 77)
2019-04-25 14:50:10 [DEBUG] user_service.php: START getAllEntities [USER] -------  (at D:\Projects\vanam\backend\core\class\services\user_service.php line 87)
2019-04-25 14:50:10 [DEBUG] user_service.php: END getAllEntities [USER] -------  (at D:\Projects\vanam\backend\core\class\services\user_service.php line 136)
2019-04-25 14:50:10 [DEBUG] user_route.php: END /user ---------- (at D:\Projects\vanam\backend\routes\user_route.php line 92)
2019-04-25 14:50:13 [DEBUG] category_route.php: START /category ---------- (at D:\Projects\vanam\backend\routes\category_route.php line 65)
2019-04-25 14:50:13 [DEBUG] category_service.php: START getAllEntities [CATEGORY] -------  (at D:\Projects\vanam\backend\core\class\services\category_service.php line 62)
2019-04-25 14:50:13 [DEBUG] category_service.php: END getAllEntities [CATEGORY] -------  (at D:\Projects\vanam\backend\core\class\services\category_service.php line 95)
2019-04-25 14:50:13 [DEBUG] category_route.php: END /category ---------- (at D:\Projects\vanam\backend\routes\category_route.php line 82)
2019-04-25 14:50:13 [DEBUG] brand_route.php: START /brand ---------- (at D:\Projects\vanam\backend\routes\brand_route.php line 125)
2019-04-25 14:50:13 [DEBUG] brand_service.php: START getAllEntities [BRAND] -------  (at D:\Projects\vanam\backend\core\class\services\brand_service.php line 64)
2019-04-25 14:50:13 [DEBUG] activity_route.php: START /manager ---------- (at D:\Projects\vanam\backend\routes\activity_route.php line 71)
2019-04-25 14:50:13 [DEBUG] tools_service.php: START getAllManagers -------  (at D:\Projects\vanam\backend\core\class\services\tools_service.php line 41)
2019-04-25 14:50:13 [DEBUG] tools_service.php: ----------------------------------------------------------------------------------- (at D:\Projects\vanam\backend\core\class\services\tools_service.php line 56)
2019-04-25 14:50:13 [DEBUG] activity_route.php: END /manager ---------- (at D:\Projects\vanam\backend\routes\activity_route.php line 87)
2019-04-25 14:50:13 [DEBUG] country_route.php: START /country ---------- (at D:\Projects\vanam\backend\routes\country_route.php line 65)
2019-04-25 14:50:13 [DEBUG] brand_service.php: END getAllEntities [BRAND] -------  (at D:\Projects\vanam\backend\core\class\services\brand_service.php line 99)
2019-04-25 14:50:13 [DEBUG] country_service.php: START getAllEntities [COUNTRY] -------  (at D:\Projects\vanam\backend\core\class\services\country_service.php line 67)
2019-04-25 14:50:13 [DEBUG] brand_route.php: END /brand ---------- (at D:\Projects\vanam\backend\routes\brand_route.php line 144)
2019-04-25 14:50:13 [DEBUG] country_service.php: END getAllEntities [COUNTRY] -------  (at D:\Projects\vanam\backend\core\class\services\country_service.php line 89)
2019-04-25 14:50:13 [DEBUG] country_route.php: END /country ---------- (at D:\Projects\vanam\backend\routes\country_route.php line 82)
2019-04-25 14:53:39 [DEBUG] user_route.php: START /user ---------- (at D:\Projects\vanam\backend\routes\user_route.php line 77)
2019-04-25 14:53:39 [DEBUG] user_service.php: START getAllEntities [USER] -------  (at D:\Projects\vanam\backend\core\class\services\user_service.php line 87)
2019-04-25 14:53:39 [DEBUG] user_service.php: END getAllEntities [USER] -------  (at D:\Projects\vanam\backend\core\class\services\user_service.php line 136)
2019-04-25 14:53:39 [DEBUG] user_route.php: END /user ---------- (at D:\Projects\vanam\backend\routes\user_route.php line 92)
2019-04-25 14:54:20 [DEBUG] activity_route.php: START /manager ---------- (at D:\Projects\vanam\backend\routes\activity_route.php line 71)
2019-04-25 14:54:20 [DEBUG] category_route.php: START /category ---------- (at D:\Projects\vanam\backend\routes\category_route.php line 65)
2019-04-25 14:54:20 [DEBUG] category_service.php: START getAllEntities [CATEGORY] -------  (at D:\Projects\vanam\backend\core\class\services\category_service.php line 62)
2019-04-25 14:54:20 [DEBUG] tools_service.php: START getAllManagers -------  (at D:\Projects\vanam\backend\core\class\services\tools_service.php line 41)
2019-04-25 14:54:20 [DEBUG] tools_service.php: ----------------------------------------------------------------------------------- (at D:\Projects\vanam\backend\core\class\services\tools_service.php line 56)
2019-04-25 14:54:20 [DEBUG] category_service.php: END getAllEntities [CATEGORY] -------  (at D:\Projects\vanam\backend\core\class\services\category_service.php line 95)
2019-04-25 14:54:20 [DEBUG] category_route.php: END /category ---------- (at D:\Projects\vanam\backend\routes\category_route.php line 82)
2019-04-25 14:54:20 [DEBUG] activity_route.php: END /manager ---------- (at D:\Projects\vanam\backend\routes\activity_route.php line 87)
2019-04-25 14:54:20 [DEBUG] country_route.php: START /country ---------- (at D:\Projects\vanam\backend\routes\country_route.php line 65)
2019-04-25 14:54:20 [DEBUG] country_service.php: START getAllEntities [COUNTRY] -------  (at D:\Projects\vanam\backend\core\class\services\country_service.php line 67)
2019-04-25 14:54:20 [DEBUG] country_service.php: END getAllEntities [COUNTRY] -------  (at D:\Projects\vanam\backend\core\class\services\country_service.php line 89)
2019-04-25 14:54:20 [DEBUG] country_route.php: END /country ---------- (at D:\Projects\vanam\backend\routes\country_route.php line 82)
2019-04-25 14:54:20 [DEBUG] brand_route.php: START /brand ---------- (at D:\Projects\vanam\backend\routes\brand_route.php line 125)
2019-04-25 14:54:20 [DEBUG] brand_service.php: START getAllEntities [BRAND] -------  (at D:\Projects\vanam\backend\core\class\services\brand_service.php line 64)
2019-04-25 14:54:20 [DEBUG] brand_service.php: END getAllEntities [BRAND] -------  (at D:\Projects\vanam\backend\core\class\services\brand_service.php line 99)
2019-04-25 14:54:20 [DEBUG] brand_route.php: END /brand ---------- (at D:\Projects\vanam\backend\routes\brand_route.php line 144)
2019-04-25 14:59:59 [DEBUG] user_route.php: START /user ---------- (at D:\Projects\vanam\backend\routes\user_route.php line 77)
2019-04-25 14:59:59 [DEBUG] user_service.php: START getAllEntities [USER] -------  (at D:\Projects\vanam\backend\core\class\services\user_service.php line 87)
2019-04-25 14:59:59 [DEBUG] user_service.php: END getAllEntities [USER] -------  (at D:\Projects\vanam\backend\core\class\services\user_service.php line 136)
2019-04-25 14:59:59 [DEBUG] user_route.php: END /user ---------- (at D:\Projects\vanam\backend\routes\user_route.php line 92)
2019-04-25 15:00:04 [DEBUG] brand_route.php: START /brand ---------- (at D:\Projects\vanam\backend\routes\brand_route.php line 125)
2019-04-25 15:00:04 [DEBUG] brand_service.php: START getAllEntities [BRAND] -------  (at D:\Projects\vanam\backend\core\class\services\brand_service.php line 64)
2019-04-25 15:00:04 [DEBUG] brand_service.php: END getAllEntities [BRAND] -------  (at D:\Projects\vanam\backend\core\class\services\brand_service.php line 99)
2019-04-25 15:00:04 [DEBUG] brand_route.php: END /brand ---------- (at D:\Projects\vanam\backend\routes\brand_route.php line 144)
2019-04-25 15:00:04 [DEBUG] activity_route.php: START /manager ---------- (at D:\Projects\vanam\backend\routes\activity_route.php line 71)
2019-04-25 15:00:04 [DEBUG] tools_service.php: START getAllManagers -------  (at D:\Projects\vanam\backend\core\class\services\tools_service.php line 41)
2019-04-25 15:00:04 [DEBUG] category_route.php: START /category ---------- (at D:\Projects\vanam\backend\routes\category_route.php line 65)
2019-04-25 15:00:04 [DEBUG] category_service.php: START getAllEntities [CATEGORY] -------  (at D:\Projects\vanam\backend\core\class\services\category_service.php line 62)
2019-04-25 15:00:04 [DEBUG] category_service.php: END getAllEntities [CATEGORY] -------  (at D:\Projects\vanam\backend\core\class\services\category_service.php line 95)
2019-04-25 15:00:04 [DEBUG] category_route.php: END /category ---------- (at D:\Projects\vanam\backend\routes\category_route.php line 82)
2019-04-25 15:00:04 [DEBUG] tools_service.php: ----------------------------------------------------------------------------------- (at D:\Projects\vanam\backend\core\class\services\tools_service.php line 56)
2019-04-25 15:00:04 [DEBUG] activity_route.php: END /manager ---------- (at D:\Projects\vanam\backend\routes\activity_route.php line 87)
2019-04-25 15:00:04 [DEBUG] country_route.php: START /country ---------- (at D:\Projects\vanam\backend\routes\country_route.php line 65)
2019-04-25 15:00:04 [DEBUG] country_service.php: START getAllEntities [COUNTRY] -------  (at D:\Projects\vanam\backend\core\class\services\country_service.php line 67)
2019-04-25 15:00:04 [DEBUG] country_service.php: END getAllEntities [COUNTRY] -------  (at D:\Projects\vanam\backend\core\class\services\country_service.php line 89)
2019-04-25 15:00:04 [DEBUG] country_route.php: END /country ---------- (at D:\Projects\vanam\backend\routes\country_route.php line 82)
2019-04-25 15:38:29 [DEBUG] user_route.php: START /user ---------- (at D:\Projects\vanam\backend\routes\user_route.php line 77)
2019-04-25 15:38:29 [DEBUG] user_service.php: START getAllEntities [USER] -------  (at D:\Projects\vanam\backend\core\class\services\user_service.php line 87)
2019-04-25 15:38:29 [DEBUG] user_service.php: END getAllEntities [USER] -------  (at D:\Projects\vanam\backend\core\class\services\user_service.php line 136)
2019-04-25 15:38:29 [DEBUG] user_route.php: END /user ---------- (at D:\Projects\vanam\backend\routes\user_route.php line 92)
2019-04-25 15:38:34 [DEBUG] activity_route.php: START /manager ---------- (at D:\Projects\vanam\backend\routes\activity_route.php line 71)
2019-04-25 15:38:34 [DEBUG] tools_service.php: START getAllManagers -------  (at D:\Projects\vanam\backend\core\class\services\tools_service.php line 41)
2019-04-25 15:38:34 [DEBUG] tools_service.php: ----------------------------------------------------------------------------------- (at D:\Projects\vanam\backend\core\class\services\tools_service.php line 56)
2019-04-25 15:38:34 [DEBUG] activity_route.php: END /manager ---------- (at D:\Projects\vanam\backend\routes\activity_route.php line 87)
2019-04-25 15:38:34 [DEBUG] country_route.php: START /country ---------- (at D:\Projects\vanam\backend\routes\country_route.php line 65)
2019-04-25 15:38:34 [DEBUG] country_service.php: START getAllEntities [COUNTRY] -------  (at D:\Projects\vanam\backend\core\class\services\country_service.php line 67)
2019-04-25 15:38:34 [DEBUG] country_service.php: END getAllEntities [COUNTRY] -------  (at D:\Projects\vanam\backend\core\class\services\country_service.php line 89)
2019-04-25 15:38:34 [DEBUG] country_route.php: END /country ---------- (at D:\Projects\vanam\backend\routes\country_route.php line 82)
2019-04-25 15:38:34 [DEBUG] brand_route.php: START /brand ---------- (at D:\Projects\vanam\backend\routes\brand_route.php line 125)
2019-04-25 15:38:34 [DEBUG] brand_service.php: START getAllEntities [BRAND] -------  (at D:\Projects\vanam\backend\core\class\services\brand_service.php line 64)
2019-04-25 15:38:34 [DEBUG] brand_service.php: END getAllEntities [BRAND] -------  (at D:\Projects\vanam\backend\core\class\services\brand_service.php line 99)
2019-04-25 15:38:34 [DEBUG] category_route.php: START /category ---------- (at D:\Projects\vanam\backend\routes\category_route.php line 65)
2019-04-25 15:38:34 [DEBUG] brand_route.php: END /brand ---------- (at D:\Projects\vanam\backend\routes\brand_route.php line 144)
2019-04-25 15:38:34 [DEBUG] category_service.php: START getAllEntities [CATEGORY] -------  (at D:\Projects\vanam\backend\core\class\services\category_service.php line 62)
2019-04-25 15:38:34 [DEBUG] category_service.php: END getAllEntities [CATEGORY] -------  (at D:\Projects\vanam\backend\core\class\services\category_service.php line 95)
2019-04-25 15:38:34 [DEBUG] category_route.php: END /category ---------- (at D:\Projects\vanam\backend\routes\category_route.php line 82)
2019-04-25 15:40:48 [DEBUG] user_route.php: START /user ---------- (at D:\Projects\vanam\backend\routes\user_route.php line 77)
2019-04-25 15:40:48 [DEBUG] user_service.php: START getAllEntities [USER] -------  (at D:\Projects\vanam\backend\core\class\services\user_service.php line 87)
2019-04-25 15:40:48 [DEBUG] user_service.php: END getAllEntities [USER] -------  (at D:\Projects\vanam\backend\core\class\services\user_service.php line 136)
2019-04-25 15:40:48 [DEBUG] user_route.php: END /user ---------- (at D:\Projects\vanam\backend\routes\user_route.php line 92)
2019-04-25 15:40:50 [DEBUG] activity_route.php: START /manager ---------- (at D:\Projects\vanam\backend\routes\activity_route.php line 71)
2019-04-25 15:40:50 [DEBUG] tools_service.php: START getAllManagers -------  (at D:\Projects\vanam\backend\core\class\services\tools_service.php line 41)
2019-04-25 15:40:50 [DEBUG] tools_service.php: ----------------------------------------------------------------------------------- (at D:\Projects\vanam\backend\core\class\services\tools_service.php line 56)
2019-04-25 15:40:50 [DEBUG] activity_route.php: END /manager ---------- (at D:\Projects\vanam\backend\routes\activity_route.php line 87)
2019-04-25 15:40:50 [DEBUG] brand_route.php: START /brand ---------- (at D:\Projects\vanam\backend\routes\brand_route.php line 125)
2019-04-25 15:40:50 [DEBUG] country_route.php: START /country ---------- (at D:\Projects\vanam\backend\routes\country_route.php line 65)
2019-04-25 15:40:50 [DEBUG] brand_service.php: START getAllEntities [BRAND] -------  (at D:\Projects\vanam\backend\core\class\services\brand_service.php line 64)
2019-04-25 15:40:50 [DEBUG] country_service.php: START getAllEntities [COUNTRY] -------  (at D:\Projects\vanam\backend\core\class\services\country_service.php line 67)
2019-04-25 15:40:50 [DEBUG] country_service.php: END getAllEntities [COUNTRY] -------  (at D:\Projects\vanam\backend\core\class\services\country_service.php line 89)
2019-04-25 15:40:50 [DEBUG] category_route.php: START /category ---------- (at D:\Projects\vanam\backend\routes\category_route.php line 65)
2019-04-25 15:40:50 [DEBUG] country_route.php: END /country ---------- (at D:\Projects\vanam\backend\routes\country_route.php line 82)
2019-04-25 15:40:50 [DEBUG] category_service.php: START getAllEntities [CATEGORY] -------  (at D:\Projects\vanam\backend\core\class\services\category_service.php line 62)
2019-04-25 15:40:50 [DEBUG] brand_service.php: END getAllEntities [BRAND] -------  (at D:\Projects\vanam\backend\core\class\services\brand_service.php line 99)
2019-04-25 15:40:50 [DEBUG] brand_route.php: END /brand ---------- (at D:\Projects\vanam\backend\routes\brand_route.php line 144)
2019-04-25 15:40:50 [DEBUG] category_service.php: END getAllEntities [CATEGORY] -------  (at D:\Projects\vanam\backend\core\class\services\category_service.php line 95)
2019-04-25 15:40:50 [DEBUG] category_route.php: END /category ---------- (at D:\Projects\vanam\backend\routes\category_route.php line 82)
2019-04-25 15:41:16 [DEBUG] activity_route.php: START /company ---------- (at D:\Projects\vanam\backend\routes\activity_route.php line 49)
2019-04-25 15:41:16 [DEBUG] tools_service.php: START getAllCompanies -------  (at D:\Projects\vanam\backend\core\class\services\tools_service.php line 13)
2019-04-25 15:41:16 [DEBUG] tools_service.php: 48fdf42e327c8b1dd57257d17ed8a8c3 (at D:\Projects\vanam\backend\core\class\services\tools_service.php line 14)
2019-04-25 15:41:16 [DEBUG] tools_service.php: END getAllCompanies -------  (at D:\Projects\vanam\backend\core\class\services\tools_service.php line 35)
2019-04-25 15:41:16 [DEBUG] activity_route.php: END /company ---------- (at D:\Projects\vanam\backend\routes\activity_route.php line 63)
2019-04-25 15:41:31 [DEBUG] activity_route.php: START /manager ---------- (at D:\Projects\vanam\backend\routes\activity_route.php line 71)
2019-04-25 15:41:31 [DEBUG] tools_service.php: START getAllManagers -------  (at D:\Projects\vanam\backend\core\class\services\tools_service.php line 41)
2019-04-25 15:41:31 [DEBUG] tools_service.php: ----------------------------------------------------------------------------------- (at D:\Projects\vanam\backend\core\class\services\tools_service.php line 56)
2019-04-25 15:41:31 [DEBUG] activity_route.php: END /manager ---------- (at D:\Projects\vanam\backend\routes\activity_route.php line 87)
2019-04-25 15:41:31 [DEBUG] brand_route.php: START /brand ---------- (at D:\Projects\vanam\backend\routes\brand_route.php line 125)
2019-04-25 15:41:31 [DEBUG] brand_service.php: START getAllEntities [BRAND] -------  (at D:\Projects\vanam\backend\core\class\services\brand_service.php line 64)
2019-04-25 15:41:31 [DEBUG] country_route.php: START /country ---------- (at D:\Projects\vanam\backend\routes\country_route.php line 65)
2019-04-25 15:41:31 [DEBUG] country_service.php: START getAllEntities [COUNTRY] -------  (at D:\Projects\vanam\backend\core\class\services\country_service.php line 67)
2019-04-25 15:41:31 [DEBUG] brand_service.php: END getAllEntities [BRAND] -------  (at D:\Projects\vanam\backend\core\class\services\brand_service.php line 99)
2019-04-25 15:41:31 [DEBUG] brand_route.php: END /brand ---------- (at D:\Projects\vanam\backend\routes\brand_route.php line 144)
2019-04-25 15:41:31 [DEBUG] country_service.php: END getAllEntities [COUNTRY] -------  (at D:\Projects\vanam\backend\core\class\services\country_service.php line 89)
2019-04-25 15:41:31 [DEBUG] country_route.php: END /country ---------- (at D:\Projects\vanam\backend\routes\country_route.php line 82)
2019-04-25 15:41:31 [DEBUG] category_route.php: START /category ---------- (at D:\Projects\vanam\backend\routes\category_route.php line 65)
2019-04-25 15:41:31 [DEBUG] category_service.php: START getAllEntities [CATEGORY] -------  (at D:\Projects\vanam\backend\core\class\services\category_service.php line 62)
2019-04-25 15:41:31 [DEBUG] category_service.php: END getAllEntities [CATEGORY] -------  (at D:\Projects\vanam\backend\core\class\services\category_service.php line 95)
2019-04-25 15:41:31 [DEBUG] category_route.php: END /category ---------- (at D:\Projects\vanam\backend\routes\category_route.php line 82)
2019-04-25 15:43:22 [DEBUG] country_route.php: START /country ---------- (at D:\Projects\vanam\backend\routes\country_route.php line 65)
2019-04-25 15:43:22 [DEBUG] country_service.php: START getAllEntities [COUNTRY] -------  (at D:\Projects\vanam\backend\core\class\services\country_service.php line 67)
2019-04-25 15:43:22 [DEBUG] country_service.php: END getAllEntities [COUNTRY] -------  (at D:\Projects\vanam\backend\core\class\services\country_service.php line 89)
2019-04-25 15:43:22 [DEBUG] country_route.php: END /country ---------- (at D:\Projects\vanam\backend\routes\country_route.php line 82)
2019-04-25 15:43:22 [DEBUG] category_route.php: START /category ---------- (at D:\Projects\vanam\backend\routes\category_route.php line 65)
2019-04-25 15:43:22 [DEBUG] category_service.php: START getAllEntities [CATEGORY] -------  (at D:\Projects\vanam\backend\core\class\services\category_service.php line 62)
2019-04-25 15:43:22 [DEBUG] category_service.php: END getAllEntities [CATEGORY] -------  (at D:\Projects\vanam\backend\core\class\services\category_service.php line 95)
2019-04-25 15:43:22 [DEBUG] category_route.php: END /category ---------- (at D:\Projects\vanam\backend\routes\category_route.php line 82)
2019-04-25 15:43:22 [DEBUG] brand_route.php: START /brand ---------- (at D:\Projects\vanam\backend\routes\brand_route.php line 125)
2019-04-25 15:43:22 [DEBUG] brand_service.php: START getAllEntities [BRAND] -------  (at D:\Projects\vanam\backend\core\class\services\brand_service.php line 64)
2019-04-25 15:43:22 [DEBUG] activity_route.php: START /manager ---------- (at D:\Projects\vanam\backend\routes\activity_route.php line 71)
2019-04-25 15:43:22 [DEBUG] brand_service.php: END getAllEntities [BRAND] -------  (at D:\Projects\vanam\backend\core\class\services\brand_service.php line 99)
2019-04-25 15:43:22 [DEBUG] tools_service.php: START getAllManagers -------  (at D:\Projects\vanam\backend\core\class\services\tools_service.php line 41)
2019-04-25 15:43:22 [DEBUG] brand_route.php: END /brand ---------- (at D:\Projects\vanam\backend\routes\brand_route.php line 144)
2019-04-25 15:43:22 [DEBUG] tools_service.php: ----------------------------------------------------------------------------------- (at D:\Projects\vanam\backend\core\class\services\tools_service.php line 56)
2019-04-25 15:43:22 [DEBUG] activity_route.php: END /manager ---------- (at D:\Projects\vanam\backend\routes\activity_route.php line 87)
2019-04-25 15:43:25 [DEBUG] user_route.php: START /user ---------- (at D:\Projects\vanam\backend\routes\user_route.php line 77)
2019-04-25 15:43:25 [DEBUG] user_service.php: START getAllEntities [USER] -------  (at D:\Projects\vanam\backend\core\class\services\user_service.php line 87)
2019-04-25 15:43:25 [DEBUG] user_service.php: END getAllEntities [USER] -------  (at D:\Projects\vanam\backend\core\class\services\user_service.php line 136)
2019-04-25 15:43:25 [DEBUG] user_route.php: END /user ---------- (at D:\Projects\vanam\backend\routes\user_route.php line 92)
2019-04-25 15:47:05 [DEBUG] country_route.php: START /country ---------- (at D:\Projects\vanam\backend\routes\country_route.php line 65)
2019-04-25 15:47:05 [DEBUG] country_service.php: START getAllEntities [COUNTRY] -------  (at D:\Projects\vanam\backend\core\class\services\country_service.php line 67)
2019-04-25 15:47:05 [DEBUG] country_service.php: END getAllEntities [COUNTRY] -------  (at D:\Projects\vanam\backend\core\class\services\country_service.php line 89)
2019-04-25 15:47:05 [DEBUG] country_route.php: END /country ---------- (at D:\Projects\vanam\backend\routes\country_route.php line 82)
2019-04-25 15:47:05 [DEBUG] brand_route.php: START /brand ---------- (at D:\Projects\vanam\backend\routes\brand_route.php line 125)
2019-04-25 15:47:05 [DEBUG] brand_service.php: START getAllEntities [BRAND] -------  (at D:\Projects\vanam\backend\core\class\services\brand_service.php line 64)
2019-04-25 15:47:05 [DEBUG] category_route.php: START /category ---------- (at D:\Projects\vanam\backend\routes\category_route.php line 65)
2019-04-25 15:47:05 [DEBUG] category_service.php: START getAllEntities [CATEGORY] -------  (at D:\Projects\vanam\backend\core\class\services\category_service.php line 62)
2019-04-25 15:47:05 [DEBUG] brand_service.php: END getAllEntities [BRAND] -------  (at D:\Projects\vanam\backend\core\class\services\brand_service.php line 99)
2019-04-25 15:47:05 [DEBUG] activity_route.php: START /manager ---------- (at D:\Projects\vanam\backend\routes\activity_route.php line 71)
2019-04-25 15:47:05 [DEBUG] brand_route.php: END /brand ---------- (at D:\Projects\vanam\backend\routes\brand_route.php line 144)
2019-04-25 15:47:05 [DEBUG] category_service.php: END getAllEntities [CATEGORY] -------  (at D:\Projects\vanam\backend\core\class\services\category_service.php line 95)
2019-04-25 15:47:05 [DEBUG] category_route.php: END /category ---------- (at D:\Projects\vanam\backend\routes\category_route.php line 82)
2019-04-25 15:47:05 [DEBUG] tools_service.php: START getAllManagers -------  (at D:\Projects\vanam\backend\core\class\services\tools_service.php line 41)
2019-04-25 15:47:05 [DEBUG] tools_service.php: ----------------------------------------------------------------------------------- (at D:\Projects\vanam\backend\core\class\services\tools_service.php line 56)
2019-04-25 15:47:05 [DEBUG] activity_route.php: END /manager ---------- (at D:\Projects\vanam\backend\routes\activity_route.php line 87)
2019-04-25 15:47:07 [DEBUG] user_route.php: START /user ---------- (at D:\Projects\vanam\backend\routes\user_route.php line 77)
2019-04-25 15:47:07 [DEBUG] user_service.php: START getAllEntities [USER] -------  (at D:\Projects\vanam\backend\core\class\services\user_service.php line 87)
2019-04-25 15:47:07 [DEBUG] user_service.php: END getAllEntities [USER] -------  (at D:\Projects\vanam\backend\core\class\services\user_service.php line 136)
2019-04-25 15:47:07 [DEBUG] user_route.php: END /user ---------- (at D:\Projects\vanam\backend\routes\user_route.php line 92)
2019-04-25 15:47:45 [DEBUG] country_route.php: START /country ---------- (at D:\Projects\vanam\backend\routes\country_route.php line 65)
2019-04-25 15:47:45 [DEBUG] category_route.php: START /category ---------- (at D:\Projects\vanam\backend\routes\category_route.php line 65)
2019-04-25 15:47:45 [DEBUG] country_service.php: START getAllEntities [COUNTRY] -------  (at D:\Projects\vanam\backend\core\class\services\country_service.php line 67)
2019-04-25 15:47:45 [DEBUG] category_service.php: START getAllEntities [CATEGORY] -------  (at D:\Projects\vanam\backend\core\class\services\category_service.php line 62)
2019-04-25 15:47:45 [DEBUG] country_service.php: END getAllEntities [COUNTRY] -------  (at D:\Projects\vanam\backend\core\class\services\country_service.php line 89)
2019-04-25 15:47:45 [DEBUG] country_route.php: END /country ---------- (at D:\Projects\vanam\backend\routes\country_route.php line 82)
2019-04-25 15:47:45 [DEBUG] category_service.php: END getAllEntities [CATEGORY] -------  (at D:\Projects\vanam\backend\core\class\services\category_service.php line 95)
2019-04-25 15:47:45 [DEBUG] category_route.php: END /category ---------- (at D:\Projects\vanam\backend\routes\category_route.php line 82)
2019-04-25 15:47:45 [DEBUG] activity_route.php: START /manager ---------- (at D:\Projects\vanam\backend\routes\activity_route.php line 71)
2019-04-25 15:47:45 [DEBUG] tools_service.php: START getAllManagers -------  (at D:\Projects\vanam\backend\core\class\services\tools_service.php line 41)
2019-04-25 15:47:45 [DEBUG] tools_service.php: ----------------------------------------------------------------------------------- (at D:\Projects\vanam\backend\core\class\services\tools_service.php line 56)
2019-04-25 15:47:45 [DEBUG] activity_route.php: END /manager ---------- (at D:\Projects\vanam\backend\routes\activity_route.php line 87)
2019-04-25 15:47:45 [DEBUG] brand_route.php: START /brand ---------- (at D:\Projects\vanam\backend\routes\brand_route.php line 125)
2019-04-25 15:47:45 [DEBUG] brand_service.php: START getAllEntities [BRAND] -------  (at D:\Projects\vanam\backend\core\class\services\brand_service.php line 64)
2019-04-25 15:47:45 [DEBUG] brand_service.php: END getAllEntities [BRAND] -------  (at D:\Projects\vanam\backend\core\class\services\brand_service.php line 99)
2019-04-25 15:47:45 [DEBUG] brand_route.php: END /brand ---------- (at D:\Projects\vanam\backend\routes\brand_route.php line 144)
2019-04-25 15:47:57 [DEBUG] user_route.php: START /user ---------- (at D:\Projects\vanam\backend\routes\user_route.php line 77)
2019-04-25 15:47:57 [DEBUG] user_service.php: START getAllEntities [USER] -------  (at D:\Projects\vanam\backend\core\class\services\user_service.php line 87)
2019-04-25 15:47:57 [DEBUG] user_service.php: END getAllEntities [USER] -------  (at D:\Projects\vanam\backend\core\class\services\user_service.php line 136)
2019-04-25 15:47:57 [DEBUG] user_route.php: END /user ---------- (at D:\Projects\vanam\backend\routes\user_route.php line 92)
2019-04-25 15:48:42 [DEBUG] activity_route.php: START /manager ---------- (at D:\Projects\vanam\backend\routes\activity_route.php line 71)
2019-04-25 15:48:42 [DEBUG] tools_service.php: START getAllManagers -------  (at D:\Projects\vanam\backend\core\class\services\tools_service.php line 41)
2019-04-25 15:48:42 [DEBUG] tools_service.php: ----------------------------------------------------------------------------------- (at D:\Projects\vanam\backend\core\class\services\tools_service.php line 56)
2019-04-25 15:48:42 [DEBUG] activity_route.php: END /manager ---------- (at D:\Projects\vanam\backend\routes\activity_route.php line 87)
2019-04-25 15:48:42 [DEBUG] country_route.php: START /country ---------- (at D:\Projects\vanam\backend\routes\country_route.php line 65)
2019-04-25 15:48:42 [DEBUG] country_service.php: START getAllEntities [COUNTRY] -------  (at D:\Projects\vanam\backend\core\class\services\country_service.php line 67)
2019-04-25 15:48:42 [DEBUG] country_service.php: END getAllEntities [COUNTRY] -------  (at D:\Projects\vanam\backend\core\class\services\country_service.php line 89)
2019-04-25 15:48:42 [DEBUG] country_route.php: END /country ---------- (at D:\Projects\vanam\backend\routes\country_route.php line 82)
2019-04-25 15:48:42 [DEBUG] category_route.php: START /category ---------- (at D:\Projects\vanam\backend\routes\category_route.php line 65)
2019-04-25 15:48:42 [DEBUG] category_service.php: START getAllEntities [CATEGORY] -------  (at D:\Projects\vanam\backend\core\class\services\category_service.php line 62)
2019-04-25 15:48:42 [DEBUG] category_service.php: END getAllEntities [CATEGORY] -------  (at D:\Projects\vanam\backend\core\class\services\category_service.php line 95)
2019-04-25 15:48:42 [DEBUG] category_route.php: END /category ---------- (at D:\Projects\vanam\backend\routes\category_route.php line 82)
2019-04-25 15:48:42 [DEBUG] brand_route.php: START /brand ---------- (at D:\Projects\vanam\backend\routes\brand_route.php line 125)
2019-04-25 15:48:42 [DEBUG] brand_service.php: START getAllEntities [BRAND] -------  (at D:\Projects\vanam\backend\core\class\services\brand_service.php line 64)
2019-04-25 15:48:42 [DEBUG] brand_service.php: END getAllEntities [BRAND] -------  (at D:\Projects\vanam\backend\core\class\services\brand_service.php line 99)
2019-04-25 15:48:42 [DEBUG] brand_route.php: END /brand ---------- (at D:\Projects\vanam\backend\routes\brand_route.php line 144)
2019-04-25 15:48:52 [DEBUG] user_route.php: START /user ---------- (at D:\Projects\vanam\backend\routes\user_route.php line 77)
2019-04-25 15:48:52 [DEBUG] user_service.php: START getAllEntities [USER] -------  (at D:\Projects\vanam\backend\core\class\services\user_service.php line 87)
2019-04-25 15:48:52 [DEBUG] user_service.php: END getAllEntities [USER] -------  (at D:\Projects\vanam\backend\core\class\services\user_service.php line 136)
2019-04-25 15:48:52 [DEBUG] user_route.php: END /user ---------- (at D:\Projects\vanam\backend\routes\user_route.php line 92)
2019-04-25 15:50:34 [DEBUG] country_route.php: START /country ---------- (at D:\Projects\vanam\backend\routes\country_route.php line 65)
2019-04-25 15:50:34 [DEBUG] country_service.php: START getAllEntities [COUNTRY] -------  (at D:\Projects\vanam\backend\core\class\services\country_service.php line 67)
2019-04-25 15:50:34 [DEBUG] country_service.php: END getAllEntities [COUNTRY] -------  (at D:\Projects\vanam\backend\core\class\services\country_service.php line 89)
2019-04-25 15:50:34 [DEBUG] country_route.php: END /country ---------- (at D:\Projects\vanam\backend\routes\country_route.php line 82)
2019-04-25 15:50:34 [DEBUG] category_route.php: START /category ---------- (at D:\Projects\vanam\backend\routes\category_route.php line 65)
2019-04-25 15:50:34 [DEBUG] category_service.php: START getAllEntities [CATEGORY] -------  (at D:\Projects\vanam\backend\core\class\services\category_service.php line 62)
2019-04-25 15:50:34 [DEBUG] category_service.php: END getAllEntities [CATEGORY] -------  (at D:\Projects\vanam\backend\core\class\services\category_service.php line 95)
2019-04-25 15:50:34 [DEBUG] category_route.php: END /category ---------- (at D:\Projects\vanam\backend\routes\category_route.php line 82)
2019-04-25 15:50:34 [DEBUG] brand_route.php: START /brand ---------- (at D:\Projects\vanam\backend\routes\brand_route.php line 125)
2019-04-25 15:50:34 [DEBUG] brand_service.php: START getAllEntities [BRAND] -------  (at D:\Projects\vanam\backend\core\class\services\brand_service.php line 64)
2019-04-25 15:50:34 [DEBUG] brand_service.php: END getAllEntities [BRAND] -------  (at D:\Projects\vanam\backend\core\class\services\brand_service.php line 99)
2019-04-25 15:50:34 [DEBUG] brand_route.php: END /brand ---------- (at D:\Projects\vanam\backend\routes\brand_route.php line 144)
2019-04-25 15:50:47 [DEBUG] user_route.php: START /user ---------- (at D:\Projects\vanam\backend\routes\user_route.php line 77)
2019-04-25 15:50:47 [DEBUG] user_service.php: START getAllEntities [USER] -------  (at D:\Projects\vanam\backend\core\class\services\user_service.php line 87)
2019-04-25 15:50:47 [DEBUG] user_service.php: END getAllEntities [USER] -------  (at D:\Projects\vanam\backend\core\class\services\user_service.php line 136)
2019-04-25 15:50:47 [DEBUG] user_route.php: END /user ---------- (at D:\Projects\vanam\backend\routes\user_route.php line 92)
2019-04-25 15:50:57 [DEBUG] category_route.php: START /category ---------- (at D:\Projects\vanam\backend\routes\category_route.php line 65)
2019-04-25 15:50:57 [DEBUG] category_service.php: START getAllEntities [CATEGORY] -------  (at D:\Projects\vanam\backend\core\class\services\category_service.php line 62)
2019-04-25 15:50:57 [DEBUG] category_service.php: END getAllEntities [CATEGORY] -------  (at D:\Projects\vanam\backend\core\class\services\category_service.php line 95)
2019-04-25 15:50:57 [DEBUG] category_route.php: END /category ---------- (at D:\Projects\vanam\backend\routes\category_route.php line 82)
2019-04-25 15:50:57 [DEBUG] brand_route.php: START /brand ---------- (at D:\Projects\vanam\backend\routes\brand_route.php line 125)
2019-04-25 15:50:57 [DEBUG] country_route.php: START /country ---------- (at D:\Projects\vanam\backend\routes\country_route.php line 65)
2019-04-25 15:50:57 [DEBUG] brand_service.php: START getAllEntities [BRAND] -------  (at D:\Projects\vanam\backend\core\class\services\brand_service.php line 64)
2019-04-25 15:50:57 [DEBUG] country_service.php: START getAllEntities [COUNTRY] -------  (at D:\Projects\vanam\backend\core\class\services\country_service.php line 67)
2019-04-25 15:50:57 [DEBUG] country_service.php: END getAllEntities [COUNTRY] -------  (at D:\Projects\vanam\backend\core\class\services\country_service.php line 89)
2019-04-25 15:50:57 [DEBUG] country_route.php: END /country ---------- (at D:\Projects\vanam\backend\routes\country_route.php line 82)
2019-04-25 15:50:57 [DEBUG] brand_service.php: END getAllEntities [BRAND] -------  (at D:\Projects\vanam\backend\core\class\services\brand_service.php line 99)
2019-04-25 15:50:57 [DEBUG] brand_route.php: END /brand ---------- (at D:\Projects\vanam\backend\routes\brand_route.php line 144)
2019-04-25 15:51:58 [DEBUG] user_route.php: START /user ---------- (at D:\Projects\vanam\backend\routes\user_route.php line 77)
2019-04-25 15:51:58 [DEBUG] user_service.php: START getAllEntities [USER] -------  (at D:\Projects\vanam\backend\core\class\services\user_service.php line 87)
2019-04-25 15:51:58 [DEBUG] user_service.php: END getAllEntities [USER] -------  (at D:\Projects\vanam\backend\core\class\services\user_service.php line 136)
2019-04-25 15:51:58 [DEBUG] user_route.php: END /user ---------- (at D:\Projects\vanam\backend\routes\user_route.php line 92)
2019-04-25 15:52:10 [DEBUG] category_route.php: START /category ---------- (at D:\Projects\vanam\backend\routes\category_route.php line 65)
2019-04-25 15:52:10 [DEBUG] category_service.php: START getAllEntities [CATEGORY] -------  (at D:\Projects\vanam\backend\core\class\services\category_service.php line 62)
2019-04-25 15:52:10 [DEBUG] country_route.php: START /country ---------- (at D:\Projects\vanam\backend\routes\country_route.php line 65)
2019-04-25 15:52:10 [DEBUG] category_service.php: END getAllEntities [CATEGORY] -------  (at D:\Projects\vanam\backend\core\class\services\category_service.php line 95)
2019-04-25 15:52:10 [DEBUG] country_service.php: START getAllEntities [COUNTRY] -------  (at D:\Projects\vanam\backend\core\class\services\country_service.php line 67)
2019-04-25 15:52:10 [DEBUG] category_route.php: END /category ---------- (at D:\Projects\vanam\backend\routes\category_route.php line 82)
2019-04-25 15:52:10 [DEBUG] country_service.php: END getAllEntities [COUNTRY] -------  (at D:\Projects\vanam\backend\core\class\services\country_service.php line 89)
2019-04-25 15:52:10 [DEBUG] country_route.php: END /country ---------- (at D:\Projects\vanam\backend\routes\country_route.php line 82)
2019-04-25 15:52:10 [DEBUG] activity_route.php: START /manager ---------- (at D:\Projects\vanam\backend\routes\activity_route.php line 71)
2019-04-25 15:52:10 [DEBUG] brand_route.php: START /brand ---------- (at D:\Projects\vanam\backend\routes\brand_route.php line 125)
2019-04-25 15:52:10 [DEBUG] brand_service.php: START getAllEntities [BRAND] -------  (at D:\Projects\vanam\backend\core\class\services\brand_service.php line 64)
2019-04-25 15:52:10 [DEBUG] brand_service.php: END getAllEntities [BRAND] -------  (at D:\Projects\vanam\backend\core\class\services\brand_service.php line 99)
2019-04-25 15:52:10 [DEBUG] brand_route.php: END /brand ---------- (at D:\Projects\vanam\backend\routes\brand_route.php line 144)
2019-04-25 15:59:58 [DEBUG] user_route.php: START /user ---------- (at D:\Projects\vanam\backend\routes\user_route.php line 77)
2019-04-25 15:59:58 [DEBUG] user_service.php: START getAllEntities [USER] -------  (at D:\Projects\vanam\backend\core\class\services\user_service.php line 87)
2019-04-25 15:59:58 [DEBUG] user_service.php: END getAllEntities [USER] -------  (at D:\Projects\vanam\backend\core\class\services\user_service.php line 136)
2019-04-25 15:59:58 [DEBUG] user_route.php: END /user ---------- (at D:\Projects\vanam\backend\routes\user_route.php line 92)
2019-04-25 15:59:59 [DEBUG] country_route.php: START /country ---------- (at D:\Projects\vanam\backend\routes\country_route.php line 65)
2019-04-25 15:59:59 [DEBUG] country_service.php: START getAllEntities [COUNTRY] -------  (at D:\Projects\vanam\backend\core\class\services\country_service.php line 67)
2019-04-25 15:59:59 [DEBUG] country_service.php: END getAllEntities [COUNTRY] -------  (at D:\Projects\vanam\backend\core\class\services\country_service.php line 89)
2019-04-25 15:59:59 [DEBUG] country_route.php: END /country ---------- (at D:\Projects\vanam\backend\routes\country_route.php line 82)
2019-04-25 15:59:59 [DEBUG] category_route.php: START /category ---------- (at D:\Projects\vanam\backend\routes\category_route.php line 65)
2019-04-25 15:59:59 [DEBUG] category_service.php: START getAllEntities [CATEGORY] -------  (at D:\Projects\vanam\backend\core\class\services\category_service.php line 62)
2019-04-25 15:59:59 [DEBUG] category_service.php: END getAllEntities [CATEGORY] -------  (at D:\Projects\vanam\backend\core\class\services\category_service.php line 95)
2019-04-25 15:59:59 [DEBUG] category_route.php: END /category ---------- (at D:\Projects\vanam\backend\routes\category_route.php line 82)
2019-04-25 15:59:59 [DEBUG] activity_route.php: START /manager ---------- (at D:\Projects\vanam\backend\routes\activity_route.php line 71)
2019-04-25 15:59:59 [DEBUG] tools_service.php: START getAllManagers -------  (at D:\Projects\vanam\backend\core\class\services\tools_service.php line 41)
2019-04-25 15:59:59 [DEBUG] tools_service.php: ----------------------------------------------------------------------------------- (at D:\Projects\vanam\backend\core\class\services\tools_service.php line 56)
2019-04-25 15:59:59 [DEBUG] activity_route.php: END /manager ---------- (at D:\Projects\vanam\backend\routes\activity_route.php line 86)
2019-04-25 15:59:59 [DEBUG] brand_route.php: START /brand ---------- (at D:\Projects\vanam\backend\routes\brand_route.php line 125)
2019-04-25 15:59:59 [DEBUG] brand_service.php: START getAllEntities [BRAND] -------  (at D:\Projects\vanam\backend\core\class\services\brand_service.php line 64)
2019-04-25 15:59:59 [DEBUG] brand_service.php: END getAllEntities [BRAND] -------  (at D:\Projects\vanam\backend\core\class\services\brand_service.php line 99)
2019-04-25 15:59:59 [DEBUG] brand_route.php: END /brand ---------- (at D:\Projects\vanam\backend\routes\brand_route.php line 144)
2019-04-25 16:00:09 [DEBUG] activity_route.php: START /company ---------- (at D:\Projects\vanam\backend\routes\activity_route.php line 49)
2019-04-25 16:00:09 [DEBUG] tools_service.php: START getAllCompanies -------  (at D:\Projects\vanam\backend\core\class\services\tools_service.php line 13)
2019-04-25 16:00:09 [DEBUG] tools_service.php: 48fdf42e327c8b1dd57257d17ed8a8c3 (at D:\Projects\vanam\backend\core\class\services\tools_service.php line 14)
2019-04-25 16:00:09 [DEBUG] tools_service.php: END getAllCompanies -------  (at D:\Projects\vanam\backend\core\class\services\tools_service.php line 35)
2019-04-25 16:00:09 [DEBUG] activity_route.php: END /company ---------- (at D:\Projects\vanam\backend\routes\activity_route.php line 63)
2019-04-25 16:00:24 [DEBUG] user_route.php: START /user ---------- (at D:\Projects\vanam\backend\routes\user_route.php line 77)
2019-04-25 16:00:24 [DEBUG] user_service.php: START getAllEntities [USER] -------  (at D:\Projects\vanam\backend\core\class\services\user_service.php line 87)
2019-04-25 16:00:24 [DEBUG] user_service.php: END getAllEntities [USER] -------  (at D:\Projects\vanam\backend\core\class\services\user_service.php line 136)
2019-04-25 16:00:24 [DEBUG] user_route.php: END /user ---------- (at D:\Projects\vanam\backend\routes\user_route.php line 92)
2019-04-25 16:00:26 [DEBUG] category_route.php: START /category ---------- (at D:\Projects\vanam\backend\routes\category_route.php line 65)
2019-04-25 16:00:26 [DEBUG] category_service.php: START getAllEntities [CATEGORY] -------  (at D:\Projects\vanam\backend\core\class\services\category_service.php line 62)
2019-04-25 16:00:26 [DEBUG] country_route.php: START /country ---------- (at D:\Projects\vanam\backend\routes\country_route.php line 65)
2019-04-25 16:00:26 [DEBUG] category_service.php: END getAllEntities [CATEGORY] -------  (at D:\Projects\vanam\backend\core\class\services\category_service.php line 95)
2019-04-25 16:00:26 [DEBUG] category_route.php: END /category ---------- (at D:\Projects\vanam\backend\routes\category_route.php line 82)
2019-04-25 16:00:26 [DEBUG] country_service.php: START getAllEntities [COUNTRY] -------  (at D:\Projects\vanam\backend\core\class\services\country_service.php line 67)
2019-04-25 16:00:26 [DEBUG] country_service.php: END getAllEntities [COUNTRY] -------  (at D:\Projects\vanam\backend\core\class\services\country_service.php line 89)
2019-04-25 16:00:26 [DEBUG] country_route.php: END /country ---------- (at D:\Projects\vanam\backend\routes\country_route.php line 82)
2019-04-25 16:00:26 [DEBUG] activity_route.php: START /manager ---------- (at D:\Projects\vanam\backend\routes\activity_route.php line 71)
2019-04-25 16:00:26 [DEBUG] tools_service.php: START getAllManagers -------  (at D:\Projects\vanam\backend\core\class\services\tools_service.php line 41)
2019-04-25 16:00:26 [DEBUG] tools_service.php: ----------------------------------------------------------------------------------- (at D:\Projects\vanam\backend\core\class\services\tools_service.php line 56)
2019-04-25 16:00:26 [DEBUG] activity_route.php: END /manager ---------- (at D:\Projects\vanam\backend\routes\activity_route.php line 86)
2019-04-25 16:00:26 [DEBUG] brand_route.php: START /brand ---------- (at D:\Projects\vanam\backend\routes\brand_route.php line 125)
2019-04-25 16:00:26 [DEBUG] brand_service.php: START getAllEntities [BRAND] -------  (at D:\Projects\vanam\backend\core\class\services\brand_service.php line 64)
2019-04-25 16:00:26 [DEBUG] brand_service.php: END getAllEntities [BRAND] -------  (at D:\Projects\vanam\backend\core\class\services\brand_service.php line 99)
2019-04-25 16:00:26 [DEBUG] brand_route.php: END /brand ---------- (at D:\Projects\vanam\backend\routes\brand_route.php line 144)
2019-04-25 16:00:58 [DEBUG] activity_route.php: START /company ---------- (at D:\Projects\vanam\backend\routes\activity_route.php line 49)
2019-04-25 16:00:58 [DEBUG] tools_service.php: START getAllCompanies -------  (at D:\Projects\vanam\backend\core\class\services\tools_service.php line 13)
2019-04-25 16:00:58 [DEBUG] tools_service.php: 48fdf42e327c8b1dd57257d17ed8a8c3 (at D:\Projects\vanam\backend\core\class\services\tools_service.php line 14)
2019-04-25 16:00:58 [DEBUG] tools_service.php: END getAllCompanies -------  (at D:\Projects\vanam\backend\core\class\services\tools_service.php line 35)
2019-04-25 16:00:58 [DEBUG] activity_route.php: END /company ---------- (at D:\Projects\vanam\backend\routes\activity_route.php line 63)
2019-04-25 16:01:16 [DEBUG] country_route.php: START /country ---------- (at D:\Projects\vanam\backend\routes\country_route.php line 65)
2019-04-25 16:01:16 [DEBUG] country_service.php: START getAllEntities [COUNTRY] -------  (at D:\Projects\vanam\backend\core\class\services\country_service.php line 67)
2019-04-25 16:01:16 [DEBUG] country_service.php: END getAllEntities [COUNTRY] -------  (at D:\Projects\vanam\backend\core\class\services\country_service.php line 89)
2019-04-25 16:01:16 [DEBUG] country_route.php: END /country ---------- (at D:\Projects\vanam\backend\routes\country_route.php line 82)
2019-04-25 16:01:16 [DEBUG] activity_route.php: START /manager ---------- (at D:\Projects\vanam\backend\routes\activity_route.php line 71)
2019-04-25 16:01:16 [DEBUG] tools_service.php: START getAllManagers -------  (at D:\Projects\vanam\backend\core\class\services\tools_service.php line 41)
2019-04-25 16:01:16 [DEBUG] tools_service.php: ----------------------------------------------------------------------------------- (at D:\Projects\vanam\backend\core\class\services\tools_service.php line 56)
2019-04-25 16:01:16 [DEBUG] activity_route.php: END /manager ---------- (at D:\Projects\vanam\backend\routes\activity_route.php line 86)
2019-04-25 16:01:16 [DEBUG] category_route.php: START /category ---------- (at D:\Projects\vanam\backend\routes\category_route.php line 65)
2019-04-25 16:01:16 [DEBUG] category_service.php: START getAllEntities [CATEGORY] -------  (at D:\Projects\vanam\backend\core\class\services\category_service.php line 62)
2019-04-25 16:01:16 [DEBUG] category_service.php: END getAllEntities [CATEGORY] -------  (at D:\Projects\vanam\backend\core\class\services\category_service.php line 95)
2019-04-25 16:01:16 [DEBUG] brand_route.php: START /brand ---------- (at D:\Projects\vanam\backend\routes\brand_route.php line 125)
2019-04-25 16:01:16 [DEBUG] category_route.php: END /category ---------- (at D:\Projects\vanam\backend\routes\category_route.php line 82)
2019-04-25 16:01:16 [DEBUG] brand_service.php: START getAllEntities [BRAND] -------  (at D:\Projects\vanam\backend\core\class\services\brand_service.php line 64)
2019-04-25 16:01:16 [DEBUG] brand_service.php: END getAllEntities [BRAND] -------  (at D:\Projects\vanam\backend\core\class\services\brand_service.php line 99)
2019-04-25 16:01:16 [DEBUG] brand_route.php: END /brand ---------- (at D:\Projects\vanam\backend\routes\brand_route.php line 144)
2019-04-25 16:01:37 [DEBUG] user_route.php: START /user ---------- (at D:\Projects\vanam\backend\routes\user_route.php line 77)
2019-04-25 16:01:37 [DEBUG] user_service.php: START getAllEntities [USER] -------  (at D:\Projects\vanam\backend\core\class\services\user_service.php line 87)
2019-04-25 16:01:37 [DEBUG] user_service.php: END getAllEntities [USER] -------  (at D:\Projects\vanam\backend\core\class\services\user_service.php line 136)
2019-04-25 16:01:37 [DEBUG] user_route.php: END /user ---------- (at D:\Projects\vanam\backend\routes\user_route.php line 92)
2019-04-25 16:01:39 [DEBUG] country_route.php: START /country ---------- (at D:\Projects\vanam\backend\routes\country_route.php line 65)
2019-04-25 16:01:39 [DEBUG] country_service.php: START getAllEntities [COUNTRY] -------  (at D:\Projects\vanam\backend\core\class\services\country_service.php line 67)
2019-04-25 16:01:39 [DEBUG] country_service.php: END getAllEntities [COUNTRY] -------  (at D:\Projects\vanam\backend\core\class\services\country_service.php line 89)
2019-04-25 16:01:39 [DEBUG] country_route.php: END /country ---------- (at D:\Projects\vanam\backend\routes\country_route.php line 82)
2019-04-25 16:01:39 [DEBUG] brand_route.php: START /brand ---------- (at D:\Projects\vanam\backend\routes\brand_route.php line 125)
2019-04-25 16:01:39 [DEBUG] brand_service.php: START getAllEntities [BRAND] -------  (at D:\Projects\vanam\backend\core\class\services\brand_service.php line 64)
2019-04-25 16:01:39 [DEBUG] category_route.php: START /category ---------- (at D:\Projects\vanam\backend\routes\category_route.php line 65)
2019-04-25 16:01:39 [DEBUG] category_service.php: START getAllEntities [CATEGORY] -------  (at D:\Projects\vanam\backend\core\class\services\category_service.php line 62)
2019-04-25 16:01:39 [DEBUG] brand_service.php: END getAllEntities [BRAND] -------  (at D:\Projects\vanam\backend\core\class\services\brand_service.php line 99)
2019-04-25 16:01:39 [DEBUG] category_service.php: END getAllEntities [CATEGORY] -------  (at D:\Projects\vanam\backend\core\class\services\category_service.php line 95)
2019-04-25 16:01:39 [DEBUG] brand_route.php: END /brand ---------- (at D:\Projects\vanam\backend\routes\brand_route.php line 144)
2019-04-25 16:01:39 [DEBUG] category_route.php: END /category ---------- (at D:\Projects\vanam\backend\routes\category_route.php line 82)
2019-04-25 16:01:39 [DEBUG] activity_route.php: START /manager ---------- (at D:\Projects\vanam\backend\routes\activity_route.php line 71)
2019-04-25 16:01:39 [DEBUG] tools_service.php: START getAllManagers -------  (at D:\Projects\vanam\backend\core\class\services\tools_service.php line 41)
2019-04-25 16:01:39 [DEBUG] tools_service.php: ----------------------------------------------------------------------------------- (at D:\Projects\vanam\backend\core\class\services\tools_service.php line 56)
2019-04-25 16:01:39 [DEBUG] activity_route.php: END /manager ---------- (at D:\Projects\vanam\backend\routes\activity_route.php line 86)
2019-04-25 16:04:43 [DEBUG] activity_route.php: START /company ---------- (at D:\Projects\vanam\backend\routes\activity_route.php line 49)
2019-04-25 16:04:43 [DEBUG] tools_service.php: START getAllCompanies -------  (at D:\Projects\vanam\backend\core\class\services\tools_service.php line 13)
2019-04-25 16:04:43 [DEBUG] tools_service.php: 48fdf42e327c8b1dd57257d17ed8a8c3 (at D:\Projects\vanam\backend\core\class\services\tools_service.php line 14)
2019-04-25 16:04:43 [DEBUG] tools_service.php: END getAllCompanies -------  (at D:\Projects\vanam\backend\core\class\services\tools_service.php line 35)
2019-04-25 16:04:43 [DEBUG] activity_route.php: END /company ---------- (at D:\Projects\vanam\backend\routes\activity_route.php line 63)
2019-04-25 16:04:49 [DEBUG] user_route.php: START /user ---------- (at D:\Projects\vanam\backend\routes\user_route.php line 77)
2019-04-25 16:04:49 [DEBUG] user_service.php: START getAllEntities [USER] -------  (at D:\Projects\vanam\backend\core\class\services\user_service.php line 87)
2019-04-25 16:04:49 [DEBUG] user_service.php: END getAllEntities [USER] -------  (at D:\Projects\vanam\backend\core\class\services\user_service.php line 136)
2019-04-25 16:04:49 [DEBUG] user_route.php: END /user ---------- (at D:\Projects\vanam\backend\routes\user_route.php line 92)
2019-04-25 16:04:52 [DEBUG] activity_route.php: START /manager ---------- (at D:\Projects\vanam\backend\routes\activity_route.php line 71)
2019-04-25 16:04:52 [DEBUG] tools_service.php: START getAllManagers -------  (at D:\Projects\vanam\backend\core\class\services\tools_service.php line 41)
2019-04-25 16:04:52 [DEBUG] category_route.php: START /category ---------- (at D:\Projects\vanam\backend\routes\category_route.php line 65)
2019-04-25 16:04:52 [DEBUG] category_service.php: START getAllEntities [CATEGORY] -------  (at D:\Projects\vanam\backend\core\class\services\category_service.php line 62)
2019-04-25 16:04:52 [DEBUG] tools_service.php: ----------------------------------------------------------------------------------- (at D:\Projects\vanam\backend\core\class\services\tools_service.php line 56)
2019-04-25 16:04:52 [DEBUG] activity_route.php: END /manager ---------- (at D:\Projects\vanam\backend\routes\activity_route.php line 86)
2019-04-25 16:04:52 [DEBUG] brand_route.php: START /brand ---------- (at D:\Projects\vanam\backend\routes\brand_route.php line 125)
2019-04-25 16:04:52 [DEBUG] category_service.php: END getAllEntities [CATEGORY] -------  (at D:\Projects\vanam\backend\core\class\services\category_service.php line 95)
2019-04-25 16:04:52 [DEBUG] brand_service.php: START getAllEntities [BRAND] -------  (at D:\Projects\vanam\backend\core\class\services\brand_service.php line 64)
2019-04-25 16:04:52 [DEBUG] category_route.php: END /category ---------- (at D:\Projects\vanam\backend\routes\category_route.php line 82)
2019-04-25 16:04:52 [DEBUG] brand_service.php: END getAllEntities [BRAND] -------  (at D:\Projects\vanam\backend\core\class\services\brand_service.php line 99)
2019-04-25 16:04:52 [DEBUG] brand_route.php: END /brand ---------- (at D:\Projects\vanam\backend\routes\brand_route.php line 144)
2019-04-25 16:04:52 [DEBUG] country_route.php: START /country ---------- (at D:\Projects\vanam\backend\routes\country_route.php line 65)
2019-04-25 16:04:52 [DEBUG] country_service.php: START getAllEntities [COUNTRY] -------  (at D:\Projects\vanam\backend\core\class\services\country_service.php line 67)
2019-04-25 16:04:52 [DEBUG] country_service.php: END getAllEntities [COUNTRY] -------  (at D:\Projects\vanam\backend\core\class\services\country_service.php line 89)
2019-04-25 16:04:52 [DEBUG] country_route.php: END /country ---------- (at D:\Projects\vanam\backend\routes\country_route.php line 82)
2019-04-25 16:05:07 [DEBUG] activity_route.php: START /logout ---------- (at D:\Projects\vanam\backend\routes\activity_route.php line 31)
2019-04-25 16:05:07 [DEBUG] user_service.php: START logoutUser -------  (at D:\Projects\vanam\backend\core\class\services\user_service.php line 292)
2019-04-25 16:05:07 [DEBUG] user_service.php: END logoutUser -------  (at D:\Projects\vanam\backend\core\class\services\user_service.php line 308)
2019-04-25 16:05:07 [DEBUG] activity_route.php: END /logout ---------- (at D:\Projects\vanam\backend\routes\activity_route.php line 44)
2019-04-25 16:05:09 [DEBUG] activity_route.php: START /login ---------- (at D:\Projects\vanam\backend\routes\activity_route.php line 5)
2019-04-25 16:05:09 [DEBUG] user_service.php: ---------- authentifyUser ---------- (at D:\Projects\vanam\backend\core\class\services\user_service.php line 206)
2019-04-25 16:05:09 [DEBUG] user_service.php: Array
(
    [status] => 1
    [user] => Array
        (
            [id] => 1
            [name] => Loic
            [firstname] => Amsellem
            [mail] => loic@vanam.fr
            [mobile_line] => 06 99 99 99 99
            [direct_line] => 04 91 99 99 99
            [passwd] => loic13$$
            [url_picture] => resources/users/logos/74971201.jpg
            [role] => Array
                (
                    [id] => 1
                    [role] => SUPER_ADMIN
                )

            [role_id] => 1
            [company] => Array
                (
                    [id] => 1
                    [name] => VANAM
                    [url_logo] => resources/companies/logo_vanam.png
                )

        )

    [key] => 9b6b6510f85c502e2d56791564b40b27
)
 (at D:\Projects\vanam\backend\core\class\services\user_service.php line 285)
2019-04-25 16:05:09 [DEBUG] user_service.php: --------------------------------------------------- (at D:\Projects\vanam\backend\core\class\services\user_service.php line 286)
2019-04-25 16:05:09 [DEBUG] activity_route.php: END /login ---------- (at D:\Projects\vanam\backend\routes\activity_route.php line 24)
2019-04-25 16:05:09 [DEBUG] activity_route.php: START /company ---------- (at D:\Projects\vanam\backend\routes\activity_route.php line 49)
2019-04-25 16:05:09 [DEBUG] tools_service.php: START getAllCompanies -------  (at D:\Projects\vanam\backend\core\class\services\tools_service.php line 13)
2019-04-25 16:05:09 [DEBUG] tools_service.php: 9b6b6510f85c502e2d56791564b40b27 (at D:\Projects\vanam\backend\core\class\services\tools_service.php line 14)
2019-04-25 16:05:09 [DEBUG] tools_service.php: END getAllCompanies -------  (at D:\Projects\vanam\backend\core\class\services\tools_service.php line 35)
2019-04-25 16:05:09 [DEBUG] activity_route.php: END /company ---------- (at D:\Projects\vanam\backend\routes\activity_route.php line 63)
2019-04-25 16:05:18 [DEBUG] activity_route.php: START /manager ---------- (at D:\Projects\vanam\backend\routes\activity_route.php line 71)
2019-04-25 16:05:18 [DEBUG] country_route.php: START /country ---------- (at D:\Projects\vanam\backend\routes\country_route.php line 65)
2019-04-25 16:05:18 [DEBUG] country_service.php: START getAllEntities [COUNTRY] -------  (at D:\Projects\vanam\backend\core\class\services\country_service.php line 67)
2019-04-25 16:05:18 [DEBUG] tools_service.php: START getAllManagers -------  (at D:\Projects\vanam\backend\core\class\services\tools_service.php line 41)
2019-04-25 16:05:18 [DEBUG] country_service.php: END getAllEntities [COUNTRY] -------  (at D:\Projects\vanam\backend\core\class\services\country_service.php line 89)
2019-04-25 16:05:18 [DEBUG] country_route.php: END /country ---------- (at D:\Projects\vanam\backend\routes\country_route.php line 82)
2019-04-25 16:05:18 [DEBUG] tools_service.php: ----------------------------------------------------------------------------------- (at D:\Projects\vanam\backend\core\class\services\tools_service.php line 56)
2019-04-25 16:05:18 [DEBUG] activity_route.php: END /manager ---------- (at D:\Projects\vanam\backend\routes\activity_route.php line 86)
2019-04-25 16:05:18 [DEBUG] category_route.php: START /category ---------- (at D:\Projects\vanam\backend\routes\category_route.php line 65)
2019-04-25 16:05:18 [DEBUG] category_service.php: START getAllEntities [CATEGORY] -------  (at D:\Projects\vanam\backend\core\class\services\category_service.php line 62)
2019-04-25 16:05:18 [DEBUG] category_service.php: END getAllEntities [CATEGORY] -------  (at D:\Projects\vanam\backend\core\class\services\category_service.php line 95)
2019-04-25 16:05:18 [DEBUG] category_route.php: END /category ---------- (at D:\Projects\vanam\backend\routes\category_route.php line 82)
2019-04-25 16:05:18 [DEBUG] brand_route.php: START /brand ---------- (at D:\Projects\vanam\backend\routes\brand_route.php line 125)
2019-04-25 16:05:18 [DEBUG] brand_service.php: START getAllEntities [BRAND] -------  (at D:\Projects\vanam\backend\core\class\services\brand_service.php line 64)
2019-04-25 16:05:18 [DEBUG] brand_service.php: END getAllEntities [BRAND] -------  (at D:\Projects\vanam\backend\core\class\services\brand_service.php line 99)
2019-04-25 16:05:18 [DEBUG] brand_route.php: END /brand ---------- (at D:\Projects\vanam\backend\routes\brand_route.php line 144)
2019-04-25 16:05:44 [DEBUG] activity_route.php: START /company ---------- (at D:\Projects\vanam\backend\routes\activity_route.php line 49)
2019-04-25 16:05:44 [DEBUG] tools_service.php: START getAllCompanies -------  (at D:\Projects\vanam\backend\core\class\services\tools_service.php line 13)
2019-04-25 16:05:44 [DEBUG] tools_service.php: 9b6b6510f85c502e2d56791564b40b27 (at D:\Projects\vanam\backend\core\class\services\tools_service.php line 14)
2019-04-25 16:05:44 [DEBUG] tools_service.php: END getAllCompanies -------  (at D:\Projects\vanam\backend\core\class\services\tools_service.php line 35)
2019-04-25 16:05:44 [DEBUG] activity_route.php: END /company ---------- (at D:\Projects\vanam\backend\routes\activity_route.php line 63)
2019-04-25 16:05:53 [DEBUG] category_route.php: START /category ---------- (at D:\Projects\vanam\backend\routes\category_route.php line 65)
2019-04-25 16:05:53 [DEBUG] category_service.php: START getAllEntities [CATEGORY] -------  (at D:\Projects\vanam\backend\core\class\services\category_service.php line 62)
2019-04-25 16:05:53 [DEBUG] category_service.php: END getAllEntities [CATEGORY] -------  (at D:\Projects\vanam\backend\core\class\services\category_service.php line 95)
2019-04-25 16:05:53 [DEBUG] category_route.php: END /category ---------- (at D:\Projects\vanam\backend\routes\category_route.php line 82)
2019-04-25 16:05:53 [DEBUG] country_route.php: START /country ---------- (at D:\Projects\vanam\backend\routes\country_route.php line 65)
2019-04-25 16:05:53 [DEBUG] country_service.php: START getAllEntities [COUNTRY] -------  (at D:\Projects\vanam\backend\core\class\services\country_service.php line 67)
2019-04-25 16:05:53 [DEBUG] country_service.php: END getAllEntities [COUNTRY] -------  (at D:\Projects\vanam\backend\core\class\services\country_service.php line 89)
2019-04-25 16:05:53 [DEBUG] country_route.php: END /country ---------- (at D:\Projects\vanam\backend\routes\country_route.php line 82)
2019-04-25 16:05:53 [DEBUG] brand_route.php: START /brand ---------- (at D:\Projects\vanam\backend\routes\brand_route.php line 125)
2019-04-25 16:05:53 [DEBUG] brand_service.php: START getAllEntities [BRAND] -------  (at D:\Projects\vanam\backend\core\class\services\brand_service.php line 64)
2019-04-25 16:05:53 [DEBUG] brand_service.php: END getAllEntities [BRAND] -------  (at D:\Projects\vanam\backend\core\class\services\brand_service.php line 99)
2019-04-25 16:05:53 [DEBUG] brand_route.php: END /brand ---------- (at D:\Projects\vanam\backend\routes\brand_route.php line 144)
2019-04-25 16:05:53 [DEBUG] activity_route.php: START /manager ---------- (at D:\Projects\vanam\backend\routes\activity_route.php line 71)
2019-04-25 16:05:53 [DEBUG] tools_service.php: START getAllManagers -------  (at D:\Projects\vanam\backend\core\class\services\tools_service.php line 41)
2019-04-25 16:05:53 [DEBUG] tools_service.php: ----------------------------------------------------------------------------------- (at D:\Projects\vanam\backend\core\class\services\tools_service.php line 56)
2019-04-25 16:05:53 [DEBUG] activity_route.php: END /manager ---------- (at D:\Projects\vanam\backend\routes\activity_route.php line 86)
