2019-04-20 09:39:37 [DEBUG] activity_route.php: START /login ---------- (at D:\Projects\vanam\backend\routes\activity_route.php line 5)
2019-04-20 09:39:37 [DEBUG] user_service.php: ---------- authentifyUser ---------- (at D:\Projects\vanam\backend\core\class\services\user_service.php line 206)
2019-04-20 09:39:37 [DEBUG] user_service.php: Array
(
    [status] => 1
    [user] => Array
        (
            [id] => 1
            [name] => Loic
            [firstname] => Amsellem
            [mail] => loic@vanam.fr
            [mobile_line] => 06 99 99 99 99
            [direct_line] => 04 91 99 99 99
            [passwd] => loic13$$
            [url_picture] => resources/users/logos/74971201.jpg
            [role] => Array
                (
                    [id] => 1
                    [role] => SUPER_ADMIN
                )

            [role_id] => 1
            [company] => Array
                (
                    [id] => 1
                    [name] => VANAM
                    [url_logo] => resources/companies/logo_vanam.png
                )

        )

    [key] => 766cc429fd8a19ed043d04c386827d92
)
 (at D:\Projects\vanam\backend\core\class\services\user_service.php line 285)
2019-04-20 09:39:37 [DEBUG] user_service.php: --------------------------------------------------- (at D:\Projects\vanam\backend\core\class\services\user_service.php line 286)
2019-04-20 09:39:37 [DEBUG] activity_route.php: END /login ---------- (at D:\Projects\vanam\backend\routes\activity_route.php line 26)
2019-04-20 09:39:52 [DEBUG] brand_route.php: START /brand ---------- (at D:\Projects\vanam\backend\routes\brand_route.php line 124)
2019-04-20 09:39:52 [DEBUG] brand_service.php: START getAllEntities [BRAND] -------  (at D:\Projects\vanam\backend\core\class\services\brand_service.php line 64)
2019-04-20 09:39:52 [DEBUG] brand_service.php: END getAllEntities [BRAND] -------  (at D:\Projects\vanam\backend\core\class\services\brand_service.php line 99)
2019-04-20 09:39:52 [DEBUG] brand_route.php: END /brand ---------- (at D:\Projects\vanam\backend\routes\brand_route.php line 141)
2019-04-20 09:41:51 [DEBUG] brand_route.php: START /brand ---------- (at D:\Projects\vanam\backend\routes\brand_route.php line 124)
2019-04-20 09:41:51 [DEBUG] brand_service.php: START getAllEntities [BRAND] -------  (at D:\Projects\vanam\backend\core\class\services\brand_service.php line 64)
2019-04-20 09:41:51 [DEBUG] brand_service.php: END getAllEntities [BRAND] -------  (at D:\Projects\vanam\backend\core\class\services\brand_service.php line 99)
2019-04-20 09:41:51 [DEBUG] brand_route.php: END /brand ---------- (at D:\Projects\vanam\backend\routes\brand_route.php line 141)
2019-04-20 10:12:55 [DEBUG] brand_route.php: START /brand ---------- (at D:\Projects\vanam\backend\routes\brand_route.php line 124)
2019-04-20 10:12:55 [DEBUG] brand_service.php: START getAllEntities [BRAND] -------  (at D:\Projects\vanam\backend\core\class\services\brand_service.php line 64)
2019-04-20 10:12:55 [DEBUG] brand_service.php: END getAllEntities [BRAND] -------  (at D:\Projects\vanam\backend\core\class\services\brand_service.php line 99)
2019-04-20 10:12:55 [DEBUG] brand_route.php: END /brand ---------- (at D:\Projects\vanam\backend\routes\brand_route.php line 141)
2019-04-20 10:13:00 [DEBUG] brand_route.php: START /brand ---------- (at D:\Projects\vanam\backend\routes\brand_route.php line 7)
2019-04-20 10:13:00 [DEBUG] brand_service.php: START addNewEntity [BRAND] -------  (at D:\Projects\vanam\backend\core\class\services\brand_service.php line 13)
2019-04-20 10:13:00 [DEBUG] brand_service.php:  (at D:\Projects\vanam\backend\core\class\services\brand_service.php line 14)
2019-04-20 10:13:00 [DEBUG] brand_service.php: END addNewEntity [BRAND] -------  (at D:\Projects\vanam\backend\core\class\services\brand_service.php line 33)
2019-04-20 10:13:00 [DEBUG] brand_route.php: END /brand ---------- (at D:\Projects\vanam\backend\routes\brand_route.php line 32)
2019-04-20 10:13:06 [DEBUG] brand_route.php: START /brand ---------- (at D:\Projects\vanam\backend\routes\brand_route.php line 124)
2019-04-20 10:13:06 [DEBUG] brand_service.php: START getAllEntities [BRAND] -------  (at D:\Projects\vanam\backend\core\class\services\brand_service.php line 64)
2019-04-20 10:13:06 [DEBUG] brand_service.php: END getAllEntities [BRAND] -------  (at D:\Projects\vanam\backend\core\class\services\brand_service.php line 99)
2019-04-20 10:13:06 [DEBUG] brand_route.php: END /brand ---------- (at D:\Projects\vanam\backend\routes\brand_route.php line 141)
2019-04-20 10:13:47 [DEBUG] brand_route.php: START /brand ---------- (at D:\Projects\vanam\backend\routes\brand_route.php line 124)
2019-04-20 10:13:47 [DEBUG] brand_service.php: START getAllEntities [BRAND] -------  (at D:\Projects\vanam\backend\core\class\services\brand_service.php line 64)
2019-04-20 10:13:47 [DEBUG] brand_service.php: END getAllEntities [BRAND] -------  (at D:\Projects\vanam\backend\core\class\services\brand_service.php line 99)
2019-04-20 10:13:47 [DEBUG] brand_route.php: END /brand ---------- (at D:\Projects\vanam\backend\routes\brand_route.php line 141)
2019-04-20 10:13:54 [DEBUG] brand_route.php: START /brand ---------- (at D:\Projects\vanam\backend\routes\brand_route.php line 124)
2019-04-20 10:13:54 [DEBUG] brand_service.php: START getAllEntities [BRAND] -------  (at D:\Projects\vanam\backend\core\class\services\brand_service.php line 64)
2019-04-20 10:13:54 [DEBUG] brand_service.php: END getAllEntities [BRAND] -------  (at D:\Projects\vanam\backend\core\class\services\brand_service.php line 99)
2019-04-20 10:13:54 [DEBUG] brand_route.php: END /brand ---------- (at D:\Projects\vanam\backend\routes\brand_route.php line 141)
2019-04-20 10:16:26 [DEBUG] brand_route.php: START /brand ---------- (at D:\Projects\vanam\backend\routes\brand_route.php line 124)
2019-04-20 10:16:26 [DEBUG] brand_service.php: START getAllEntities [BRAND] -------  (at D:\Projects\vanam\backend\core\class\services\brand_service.php line 64)
2019-04-20 10:16:26 [DEBUG] brand_service.php: END getAllEntities [BRAND] -------  (at D:\Projects\vanam\backend\core\class\services\brand_service.php line 99)
2019-04-20 10:16:26 [DEBUG] brand_route.php: END /brand ---------- (at D:\Projects\vanam\backend\routes\brand_route.php line 143)
2019-04-20 10:16:30 [DEBUG] brand_route.php: START /brand ---------- (at D:\Projects\vanam\backend\routes\brand_route.php line 124)
2019-04-20 10:16:30 [DEBUG] brand_service.php: START getAllEntities [BRAND] -------  (at D:\Projects\vanam\backend\core\class\services\brand_service.php line 64)
2019-04-20 10:16:30 [DEBUG] brand_service.php: END getAllEntities [BRAND] -------  (at D:\Projects\vanam\backend\core\class\services\brand_service.php line 99)
2019-04-20 10:16:30 [DEBUG] brand_route.php: END /brand ---------- (at D:\Projects\vanam\backend\routes\brand_route.php line 143)
2019-04-20 10:16:46 [DEBUG] brand_route.php: START /brand ---------- (at D:\Projects\vanam\backend\routes\brand_route.php line 124)
2019-04-20 10:16:46 [DEBUG] brand_service.php: START getAllEntities [BRAND] -------  (at D:\Projects\vanam\backend\core\class\services\brand_service.php line 64)
2019-04-20 10:16:46 [DEBUG] brand_service.php: END getAllEntities [BRAND] -------  (at D:\Projects\vanam\backend\core\class\services\brand_service.php line 99)
2019-04-20 10:16:46 [DEBUG] brand_route.php: END /brand ---------- (at D:\Projects\vanam\backend\routes\brand_route.php line 143)
2019-04-20 10:17:42 [DEBUG] brand_route.php: START /brand ---------- (at D:\Projects\vanam\backend\routes\brand_route.php line 124)
2019-04-20 10:17:42 [DEBUG] brand_service.php: START getAllEntities [BRAND] -------  (at D:\Projects\vanam\backend\core\class\services\brand_service.php line 64)
2019-04-20 10:17:42 [DEBUG] brand_service.php: END getAllEntities [BRAND] -------  (at D:\Projects\vanam\backend\core\class\services\brand_service.php line 99)
2019-04-20 10:17:42 [DEBUG] brand_route.php: END /brand ---------- (at D:\Projects\vanam\backend\routes\brand_route.php line 143)
2019-04-20 10:18:08 [DEBUG] brand_route.php: START /brand ---------- (at D:\Projects\vanam\backend\routes\brand_route.php line 124)
2019-04-20 10:18:08 [DEBUG] brand_service.php: START getAllEntities [BRAND] -------  (at D:\Projects\vanam\backend\core\class\services\brand_service.php line 64)
2019-04-20 10:18:08 [DEBUG] brand_service.php: END getAllEntities [BRAND] -------  (at D:\Projects\vanam\backend\core\class\services\brand_service.php line 99)
2019-04-20 10:18:08 [DEBUG] brand_route.php: END /brand ---------- (at D:\Projects\vanam\backend\routes\brand_route.php line 143)
2019-04-20 10:18:38 [DEBUG] brand_route.php: START /brand ---------- (at D:\Projects\vanam\backend\routes\brand_route.php line 124)
2019-04-20 10:18:38 [DEBUG] brand_service.php: START getAllEntities [BRAND] -------  (at D:\Projects\vanam\backend\core\class\services\brand_service.php line 64)
2019-04-20 10:18:38 [DEBUG] brand_service.php: END getAllEntities [BRAND] -------  (at D:\Projects\vanam\backend\core\class\services\brand_service.php line 99)
2019-04-20 10:18:38 [DEBUG] brand_route.php: END /brand ---------- (at D:\Projects\vanam\backend\routes\brand_route.php line 143)
2019-04-20 10:18:44 [DEBUG] brand_route.php: START /brand ---------- (at D:\Projects\vanam\backend\routes\brand_route.php line 124)
2019-04-20 10:18:44 [DEBUG] brand_service.php: START getAllEntities [BRAND] -------  (at D:\Projects\vanam\backend\core\class\services\brand_service.php line 64)
2019-04-20 10:18:44 [DEBUG] brand_service.php: END getAllEntities [BRAND] -------  (at D:\Projects\vanam\backend\core\class\services\brand_service.php line 99)
2019-04-20 10:18:44 [DEBUG] brand_route.php: END /brand ---------- (at D:\Projects\vanam\backend\routes\brand_route.php line 143)
2019-04-20 10:19:40 [DEBUG] brand_route.php: START /brand ---------- (at D:\Projects\vanam\backend\routes\brand_route.php line 124)
2019-04-20 10:19:40 [DEBUG] brand_service.php: START getAllEntities [BRAND] -------  (at D:\Projects\vanam\backend\core\class\services\brand_service.php line 64)
2019-04-20 10:19:40 [DEBUG] brand_service.php: END getAllEntities [BRAND] -------  (at D:\Projects\vanam\backend\core\class\services\brand_service.php line 99)
2019-04-20 10:19:40 [DEBUG] brand_route.php: END /brand ---------- (at D:\Projects\vanam\backend\routes\brand_route.php line 141)
2019-04-20 10:19:53 [DEBUG] brand_route.php: START /brand ---------- (at D:\Projects\vanam\backend\routes\brand_route.php line 124)
2019-04-20 10:19:53 [DEBUG] brand_service.php: START getAllEntities [BRAND] -------  (at D:\Projects\vanam\backend\core\class\services\brand_service.php line 64)
2019-04-20 10:19:53 [DEBUG] brand_service.php: END getAllEntities [BRAND] -------  (at D:\Projects\vanam\backend\core\class\services\brand_service.php line 99)
2019-04-20 10:19:53 [DEBUG] brand_route.php: END /brand ---------- (at D:\Projects\vanam\backend\routes\brand_route.php line 141)
2019-04-20 10:20:07 [DEBUG] brand_route.php: START /brand ---------- (at D:\Projects\vanam\backend\routes\brand_route.php line 124)
2019-04-20 10:20:07 [DEBUG] brand_service.php: START getAllEntities [BRAND] -------  (at D:\Projects\vanam\backend\core\class\services\brand_service.php line 64)
2019-04-20 10:20:07 [DEBUG] brand_service.php: END getAllEntities [BRAND] -------  (at D:\Projects\vanam\backend\core\class\services\brand_service.php line 99)
2019-04-20 10:20:07 [DEBUG] brand_route.php: END /brand ---------- (at D:\Projects\vanam\backend\routes\brand_route.php line 141)
2019-04-20 10:20:57 [DEBUG] brand_route.php: START /brand ---------- (at D:\Projects\vanam\backend\routes\brand_route.php line 124)
2019-04-20 10:20:57 [DEBUG] brand_service.php: START getAllEntities [BRAND] -------  (at D:\Projects\vanam\backend\core\class\services\brand_service.php line 64)
2019-04-20 10:20:57 [DEBUG] brand_service.php: END getAllEntities [BRAND] -------  (at D:\Projects\vanam\backend\core\class\services\brand_service.php line 99)
2019-04-20 10:20:57 [DEBUG] brand_route.php: END /brand ---------- (at D:\Projects\vanam\backend\routes\brand_route.php line 141)
2019-04-20 10:21:26 [DEBUG] brand_route.php: START /brand ---------- (at D:\Projects\vanam\backend\routes\brand_route.php line 124)
2019-04-20 10:21:26 [DEBUG] brand_service.php: START getAllEntities [BRAND] -------  (at D:\Projects\vanam\backend\core\class\services\brand_service.php line 64)
2019-04-20 10:21:26 [DEBUG] brand_service.php: END getAllEntities [BRAND] -------  (at D:\Projects\vanam\backend\core\class\services\brand_service.php line 99)
2019-04-20 10:21:26 [DEBUG] brand_route.php: END /brand ---------- (at D:\Projects\vanam\backend\routes\brand_route.php line 141)
2019-04-20 10:21:44 [DEBUG] brand_route.php: START /brand ---------- (at D:\Projects\vanam\backend\routes\brand_route.php line 124)
2019-04-20 10:21:44 [DEBUG] brand_service.php: START getAllEntities [BRAND] -------  (at D:\Projects\vanam\backend\core\class\services\brand_service.php line 64)
2019-04-20 10:21:44 [DEBUG] brand_service.php: END getAllEntities [BRAND] -------  (at D:\Projects\vanam\backend\core\class\services\brand_service.php line 99)
2019-04-20 10:21:44 [DEBUG] brand_route.php: END /brand ---------- (at D:\Projects\vanam\backend\routes\brand_route.php line 141)
2019-04-20 10:22:19 [DEBUG] brand_route.php: START /brand ---------- (at D:\Projects\vanam\backend\routes\brand_route.php line 124)
2019-04-20 10:22:19 [DEBUG] brand_service.php: START getAllEntities [BRAND] -------  (at D:\Projects\vanam\backend\core\class\services\brand_service.php line 64)
2019-04-20 10:22:19 [DEBUG] brand_service.php: END getAllEntities [BRAND] -------  (at D:\Projects\vanam\backend\core\class\services\brand_service.php line 99)
2019-04-20 10:22:19 [DEBUG] brand_route.php: END /brand ---------- (at D:\Projects\vanam\backend\routes\brand_route.php line 141)
2019-04-20 10:22:37 [DEBUG] brand_route.php: START /brand ---------- (at D:\Projects\vanam\backend\routes\brand_route.php line 124)
2019-04-20 10:22:37 [DEBUG] brand_service.php: START getAllEntities [BRAND] -------  (at D:\Projects\vanam\backend\core\class\services\brand_service.php line 64)
2019-04-20 10:22:37 [DEBUG] brand_service.php: END getAllEntities [BRAND] -------  (at D:\Projects\vanam\backend\core\class\services\brand_service.php line 99)
2019-04-20 10:22:37 [DEBUG] brand_route.php: END /brand ---------- (at D:\Projects\vanam\backend\routes\brand_route.php line 141)
2019-04-20 10:25:36 [DEBUG] brand_route.php: START /brand ---------- (at D:\Projects\vanam\backend\routes\brand_route.php line 125)
2019-04-20 10:25:36 [DEBUG] brand_service.php: START getAllEntities [BRAND] -------  (at D:\Projects\vanam\backend\core\class\services\brand_service.php line 64)
2019-04-20 10:25:36 [DEBUG] brand_service.php: END getAllEntities [BRAND] -------  (at D:\Projects\vanam\backend\core\class\services\brand_service.php line 99)
2019-04-20 10:25:39 [DEBUG] brand_route.php: START /brand ---------- (at D:\Projects\vanam\backend\routes\brand_route.php line 125)
2019-04-20 10:25:39 [DEBUG] brand_service.php: START getAllEntities [BRAND] -------  (at D:\Projects\vanam\backend\core\class\services\brand_service.php line 64)
2019-04-20 10:25:39 [DEBUG] brand_service.php: END getAllEntities [BRAND] -------  (at D:\Projects\vanam\backend\core\class\services\brand_service.php line 99)
2019-04-20 10:26:35 [DEBUG] brand_route.php: START /brand ---------- (at D:\Projects\vanam\backend\routes\brand_route.php line 125)
2019-04-20 10:26:35 [DEBUG] brand_service.php: START getAllEntities [BRAND] -------  (at D:\Projects\vanam\backend\core\class\services\brand_service.php line 64)
2019-04-20 10:26:35 [DEBUG] brand_service.php: END getAllEntities [BRAND] -------  (at D:\Projects\vanam\backend\core\class\services\brand_service.php line 99)
2019-04-20 10:26:57 [DEBUG] brand_route.php: START /brand ---------- (at D:\Projects\vanam\backend\routes\brand_route.php line 125)
2019-04-20 10:26:57 [DEBUG] brand_service.php: START getAllEntities [BRAND] -------  (at D:\Projects\vanam\backend\core\class\services\brand_service.php line 64)
2019-04-20 10:26:57 [DEBUG] brand_service.php: END getAllEntities [BRAND] -------  (at D:\Projects\vanam\backend\core\class\services\brand_service.php line 99)
2019-04-20 10:27:43 [DEBUG] brand_route.php: START /brand ---------- (at D:\Projects\vanam\backend\routes\brand_route.php line 125)
2019-04-20 10:27:43 [DEBUG] brand_service.php: START getAllEntities [BRAND] -------  (at D:\Projects\vanam\backend\core\class\services\brand_service.php line 64)
2019-04-20 10:27:43 [DEBUG] brand_service.php: END getAllEntities [BRAND] -------  (at D:\Projects\vanam\backend\core\class\services\brand_service.php line 99)
2019-04-20 10:28:09 [DEBUG] brand_route.php: START /brand ---------- (at D:\Projects\vanam\backend\routes\brand_route.php line 125)
2019-04-20 10:28:09 [DEBUG] brand_service.php: START getAllEntities [BRAND] -------  (at D:\Projects\vanam\backend\core\class\services\brand_service.php line 64)
2019-04-20 10:28:09 [DEBUG] brand_service.php: END getAllEntities [BRAND] -------  (at D:\Projects\vanam\backend\core\class\services\brand_service.php line 99)
2019-04-20 10:28:56 [DEBUG] brand_route.php: START /brand ---------- (at D:\Projects\vanam\backend\routes\brand_route.php line 125)
2019-04-20 10:28:56 [DEBUG] brand_service.php: START getAllEntities [BRAND] -------  (at D:\Projects\vanam\backend\core\class\services\brand_service.php line 64)
2019-04-20 10:28:56 [DEBUG] brand_service.php: END getAllEntities [BRAND] -------  (at D:\Projects\vanam\backend\core\class\services\brand_service.php line 99)
2019-04-20 10:29:11 [DEBUG] brand_route.php: START /brand ---------- (at D:\Projects\vanam\backend\routes\brand_route.php line 125)
2019-04-20 10:29:11 [DEBUG] brand_service.php: START getAllEntities [BRAND] -------  (at D:\Projects\vanam\backend\core\class\services\brand_service.php line 64)
2019-04-20 10:29:11 [DEBUG] brand_service.php: END getAllEntities [BRAND] -------  (at D:\Projects\vanam\backend\core\class\services\brand_service.php line 99)
2019-04-20 10:29:52 [DEBUG] brand_route.php: START /brand ---------- (at D:\Projects\vanam\backend\routes\brand_route.php line 125)
2019-04-20 10:29:52 [DEBUG] brand_service.php: START getAllEntities [BRAND] -------  (at D:\Projects\vanam\backend\core\class\services\brand_service.php line 64)
2019-04-20 10:29:52 [DEBUG] brand_service.php: END getAllEntities [BRAND] -------  (at D:\Projects\vanam\backend\core\class\services\brand_service.php line 99)
2019-04-20 10:30:21 [DEBUG] brand_route.php: START /brand ---------- (at D:\Projects\vanam\backend\routes\brand_route.php line 125)
2019-04-20 10:30:21 [DEBUG] brand_service.php: START getAllEntities [BRAND] -------  (at D:\Projects\vanam\backend\core\class\services\brand_service.php line 64)
2019-04-20 10:30:21 [DEBUG] brand_service.php: END getAllEntities [BRAND] -------  (at D:\Projects\vanam\backend\core\class\services\brand_service.php line 99)
2019-04-20 10:30:21 [DEBUG] brand_route.php: END /brand ---------- (at D:\Projects\vanam\backend\routes\brand_route.php line 147)
2019-04-20 10:30:43 [DEBUG] brand_route.php: START /brand ---------- (at D:\Projects\vanam\backend\routes\brand_route.php line 125)
2019-04-20 10:30:43 [DEBUG] brand_service.php: START getAllEntities [BRAND] -------  (at D:\Projects\vanam\backend\core\class\services\brand_service.php line 64)
2019-04-20 10:30:43 [DEBUG] brand_service.php: END getAllEntities [BRAND] -------  (at D:\Projects\vanam\backend\core\class\services\brand_service.php line 99)
2019-04-20 10:31:15 [DEBUG] brand_route.php: START /brand ---------- (at D:\Projects\vanam\backend\routes\brand_route.php line 125)
2019-04-20 10:31:15 [DEBUG] brand_service.php: START getAllEntities [BRAND] -------  (at D:\Projects\vanam\backend\core\class\services\brand_service.php line 64)
2019-04-20 10:31:15 [DEBUG] brand_service.php: END getAllEntities [BRAND] -------  (at D:\Projects\vanam\backend\core\class\services\brand_service.php line 99)
2019-04-20 10:32:09 [DEBUG] brand_route.php: START /brand ---------- (at D:\Projects\vanam\backend\routes\brand_route.php line 125)
2019-04-20 10:32:09 [DEBUG] brand_service.php: START getAllEntities [BRAND] -------  (at D:\Projects\vanam\backend\core\class\services\brand_service.php line 64)
2019-04-20 10:32:09 [DEBUG] brand_service.php: END getAllEntities [BRAND] -------  (at D:\Projects\vanam\backend\core\class\services\brand_service.php line 99)
2019-04-20 10:32:36 [DEBUG] brand_route.php: START /brand ---------- (at D:\Projects\vanam\backend\routes\brand_route.php line 125)
2019-04-20 10:32:36 [DEBUG] brand_service.php: START getAllEntities [BRAND] -------  (at D:\Projects\vanam\backend\core\class\services\brand_service.php line 64)
2019-04-20 10:32:36 [DEBUG] brand_service.php: END getAllEntities [BRAND] -------  (at D:\Projects\vanam\backend\core\class\services\brand_service.php line 99)
2019-04-20 10:32:46 [DEBUG] brand_route.php: START /brand ---------- (at D:\Projects\vanam\backend\routes\brand_route.php line 125)
2019-04-20 10:32:46 [DEBUG] brand_service.php: START getAllEntities [BRAND] -------  (at D:\Projects\vanam\backend\core\class\services\brand_service.php line 64)
2019-04-20 10:32:46 [DEBUG] brand_service.php: END getAllEntities [BRAND] -------  (at D:\Projects\vanam\backend\core\class\services\brand_service.php line 99)
2019-04-20 10:32:46 [DEBUG] brand_route.php: END /brand ---------- (at D:\Projects\vanam\backend\routes\brand_route.php line 150)
2019-04-20 10:33:22 [DEBUG] activity_route.php: START /login ---------- (at D:\Projects\vanam\backend\routes\activity_route.php line 5)
2019-04-20 10:33:22 [DEBUG] user_service.php: ---------- authentifyUser ---------- (at D:\Projects\vanam\backend\core\class\services\user_service.php line 206)
2019-04-20 10:33:22 [DEBUG] user_service.php: Array
(
    [status] => 1
    [user] => Array
        (
            [id] => 1
            [name] => Loic
            [firstname] => Amsellem
            [mail] => loic@vanam.fr
            [mobile_line] => 06 99 99 99 99
            [direct_line] => 04 91 99 99 99
            [passwd] => loic13$$
            [url_picture] => resources/users/logos/74971201.jpg
            [role] => Array
                (
                    [id] => 1
                    [role] => SUPER_ADMIN
                )

            [role_id] => 1
            [company] => Array
                (
                    [id] => 1
                    [name] => VANAM
                    [url_logo] => resources/companies/logo_vanam.png
                )

        )

    [key] => 766cc429fd8a19ed043d04c386827d92
)
 (at D:\Projects\vanam\backend\core\class\services\user_service.php line 285)
2019-04-20 10:33:22 [DEBUG] user_service.php: --------------------------------------------------- (at D:\Projects\vanam\backend\core\class\services\user_service.php line 286)
2019-04-20 10:33:22 [DEBUG] activity_route.php: END /login ---------- (at D:\Projects\vanam\backend\routes\activity_route.php line 26)
2019-04-20 10:35:14 [DEBUG] brand_route.php: START /brand ---------- (at D:\Projects\vanam\backend\routes\brand_route.php line 125)
2019-04-20 10:35:14 [DEBUG] brand_service.php: START getAllEntities [BRAND] -------  (at D:\Projects\vanam\backend\core\class\services\brand_service.php line 64)
2019-04-20 10:35:14 [DEBUG] brand_service.php: END getAllEntities [BRAND] -------  (at D:\Projects\vanam\backend\core\class\services\brand_service.php line 99)
2019-04-20 10:37:22 [DEBUG] brand_route.php: START /brand ---------- (at D:\Projects\vanam\backend\routes\brand_route.php line 125)
2019-04-20 10:37:22 [DEBUG] brand_service.php: START getAllEntities [BRAND] -------  (at D:\Projects\vanam\backend\core\class\services\brand_service.php line 64)
2019-04-20 10:37:22 [DEBUG] brand_service.php: END getAllEntities [BRAND] -------  (at D:\Projects\vanam\backend\core\class\services\brand_service.php line 99)
2019-04-20 10:37:56 [DEBUG] brand_route.php: START /brand ---------- (at D:\Projects\vanam\backend\routes\brand_route.php line 125)
2019-04-20 10:37:56 [DEBUG] brand_service.php: START getAllEntities [BRAND] -------  (at D:\Projects\vanam\backend\core\class\services\brand_service.php line 64)
2019-04-20 10:37:56 [DEBUG] brand_service.php: END getAllEntities [BRAND] -------  (at D:\Projects\vanam\backend\core\class\services\brand_service.php line 99)
2019-04-20 10:37:57 [DEBUG] brand_route.php: START /brand ---------- (at D:\Projects\vanam\backend\routes\brand_route.php line 125)
2019-04-20 10:37:57 [DEBUG] brand_service.php: START getAllEntities [BRAND] -------  (at D:\Projects\vanam\backend\core\class\services\brand_service.php line 64)
2019-04-20 10:37:57 [DEBUG] brand_service.php: END getAllEntities [BRAND] -------  (at D:\Projects\vanam\backend\core\class\services\brand_service.php line 99)
2019-04-20 10:37:58 [DEBUG] brand_route.php: START /brand ---------- (at D:\Projects\vanam\backend\routes\brand_route.php line 125)
2019-04-20 10:37:58 [DEBUG] brand_service.php: START getAllEntities [BRAND] -------  (at D:\Projects\vanam\backend\core\class\services\brand_service.php line 64)
2019-04-20 10:37:58 [DEBUG] brand_service.php: END getAllEntities [BRAND] -------  (at D:\Projects\vanam\backend\core\class\services\brand_service.php line 99)
2019-04-20 10:37:59 [DEBUG] brand_route.php: START /brand ---------- (at D:\Projects\vanam\backend\routes\brand_route.php line 125)
2019-04-20 10:37:59 [DEBUG] brand_service.php: START getAllEntities [BRAND] -------  (at D:\Projects\vanam\backend\core\class\services\brand_service.php line 64)
2019-04-20 10:37:59 [DEBUG] brand_service.php: END getAllEntities [BRAND] -------  (at D:\Projects\vanam\backend\core\class\services\brand_service.php line 99)
2019-04-20 10:42:46 [DEBUG] brand_route.php: START /brand ---------- (at D:\Projects\vanam\backend\routes\brand_route.php line 125)
2019-04-20 10:42:46 [DEBUG] brand_service.php: START getAllEntities [BRAND] -------  (at D:\Projects\vanam\backend\core\class\services\brand_service.php line 64)
2019-04-20 10:42:46 [DEBUG] brand_service.php: END getAllEntities [BRAND] -------  (at D:\Projects\vanam\backend\core\class\services\brand_service.php line 99)
2019-04-20 10:43:43 [DEBUG] brand_route.php: START /brand ---------- (at D:\Projects\vanam\backend\routes\brand_route.php line 125)
2019-04-20 10:43:43 [DEBUG] brand_service.php: START getAllEntities [BRAND] -------  (at D:\Projects\vanam\backend\core\class\services\brand_service.php line 64)
2019-04-20 10:43:43 [DEBUG] brand_service.php: END getAllEntities [BRAND] -------  (at D:\Projects\vanam\backend\core\class\services\brand_service.php line 99)
2019-04-20 10:44:04 [DEBUG] brand_route.php: START /brand ---------- (at D:\Projects\vanam\backend\routes\brand_route.php line 125)
2019-04-20 10:44:04 [DEBUG] brand_service.php: START getAllEntities [BRAND] -------  (at D:\Projects\vanam\backend\core\class\services\brand_service.php line 64)
2019-04-20 10:44:04 [DEBUG] brand_service.php: END getAllEntities [BRAND] -------  (at D:\Projects\vanam\backend\core\class\services\brand_service.php line 99)
2019-04-20 10:45:30 [DEBUG] brand_route.php: START /brand ---------- (at D:\Projects\vanam\backend\routes\brand_route.php line 125)
2019-04-20 10:45:30 [DEBUG] brand_service.php: START getAllEntities [BRAND] -------  (at D:\Projects\vanam\backend\core\class\services\brand_service.php line 64)
2019-04-20 10:45:30 [DEBUG] brand_service.php: END getAllEntities [BRAND] -------  (at D:\Projects\vanam\backend\core\class\services\brand_service.php line 99)
2019-04-20 10:45:52 [DEBUG] brand_route.php: START /brand ---------- (at D:\Projects\vanam\backend\routes\brand_route.php line 125)
2019-04-20 10:45:52 [DEBUG] brand_service.php: START getAllEntities [BRAND] -------  (at D:\Projects\vanam\backend\core\class\services\brand_service.php line 64)
2019-04-20 10:45:52 [DEBUG] brand_service.php: END getAllEntities [BRAND] -------  (at D:\Projects\vanam\backend\core\class\services\brand_service.php line 99)
2019-04-20 10:46:02 [DEBUG] brand_route.php: START /brand ---------- (at D:\Projects\vanam\backend\routes\brand_route.php line 125)
2019-04-20 10:46:02 [DEBUG] brand_service.php: START getAllEntities [BRAND] -------  (at D:\Projects\vanam\backend\core\class\services\brand_service.php line 64)
2019-04-20 10:46:02 [DEBUG] brand_service.php: END getAllEntities [BRAND] -------  (at D:\Projects\vanam\backend\core\class\services\brand_service.php line 99)
2019-04-20 10:46:39 [DEBUG] brand_route.php: START /brand ---------- (at D:\Projects\vanam\backend\routes\brand_route.php line 125)
2019-04-20 10:46:39 [DEBUG] brand_service.php: START getAllEntities [BRAND] -------  (at D:\Projects\vanam\backend\core\class\services\brand_service.php line 64)
2019-04-20 10:46:39 [DEBUG] brand_service.php: END getAllEntities [BRAND] -------  (at D:\Projects\vanam\backend\core\class\services\brand_service.php line 99)
2019-04-20 10:46:52 [DEBUG] brand_route.php: START /brand ---------- (at D:\Projects\vanam\backend\routes\brand_route.php line 125)
2019-04-20 10:46:52 [DEBUG] brand_service.php: START getAllEntities [BRAND] -------  (at D:\Projects\vanam\backend\core\class\services\brand_service.php line 64)
2019-04-20 10:46:52 [DEBUG] brand_service.php: END getAllEntities [BRAND] -------  (at D:\Projects\vanam\backend\core\class\services\brand_service.php line 99)
2019-04-20 10:47:07 [DEBUG] brand_route.php: START /brand ---------- (at D:\Projects\vanam\backend\routes\brand_route.php line 125)
2019-04-20 10:47:07 [DEBUG] brand_service.php: START getAllEntities [BRAND] -------  (at D:\Projects\vanam\backend\core\class\services\brand_service.php line 64)
2019-04-20 10:47:07 [DEBUG] brand_service.php: END getAllEntities [BRAND] -------  (at D:\Projects\vanam\backend\core\class\services\brand_service.php line 99)
2019-04-20 10:47:07 [DEBUG] brand_route.php: END /brand ---------- (at D:\Projects\vanam\backend\routes\brand_route.php line 149)
2019-04-20 10:47:36 [DEBUG] brand_route.php: START /brand ---------- (at D:\Projects\vanam\backend\routes\brand_route.php line 125)
2019-04-20 10:47:36 [DEBUG] brand_service.php: START getAllEntities [BRAND] -------  (at D:\Projects\vanam\backend\core\class\services\brand_service.php line 64)
2019-04-20 10:47:36 [DEBUG] brand_service.php: END getAllEntities [BRAND] -------  (at D:\Projects\vanam\backend\core\class\services\brand_service.php line 99)
2019-04-20 10:47:36 [DEBUG] brand_route.php: END /brand ---------- (at D:\Projects\vanam\backend\routes\brand_route.php line 149)
2019-04-20 10:47:46 [DEBUG] brand_route.php: START /brand ---------- (at D:\Projects\vanam\backend\routes\brand_route.php line 125)
2019-04-20 10:47:46 [DEBUG] brand_service.php: START getAllEntities [BRAND] -------  (at D:\Projects\vanam\backend\core\class\services\brand_service.php line 64)
2019-04-20 10:47:46 [DEBUG] brand_service.php: END getAllEntities [BRAND] -------  (at D:\Projects\vanam\backend\core\class\services\brand_service.php line 99)
2019-04-20 10:47:46 [DEBUG] brand_route.php: END /brand ---------- (at D:\Projects\vanam\backend\routes\brand_route.php line 149)
2019-04-20 11:22:07 [DEBUG] brand_route.php: START /brand ---------- (at D:\Projects\vanam\backend\routes\brand_route.php line 125)
2019-04-20 11:22:07 [DEBUG] brand_service.php: START getAllEntities [BRAND] -------  (at D:\Projects\vanam\backend\core\class\services\brand_service.php line 64)
2019-04-20 11:22:07 [DEBUG] brand_service.php: END getAllEntities [BRAND] -------  (at D:\Projects\vanam\backend\core\class\services\brand_service.php line 99)
2019-04-20 11:22:07 [DEBUG] brand_route.php: END /brand ---------- (at D:\Projects\vanam\backend\routes\brand_route.php line 149)
2019-04-20 16:34:42 [DEBUG] activity_route.php: START /login ---------- (at D:\Projects\vanam\backend\routes\activity_route.php line 5)
2019-04-20 16:34:42 [DEBUG] user_service.php: ---------- authentifyUser ---------- (at D:\Projects\vanam\backend\core\class\services\user_service.php line 206)
2019-04-20 16:34:42 [DEBUG] user_service.php: Array
(
    [status] => 1
    [user] => Array
        (
            [id] => 1
            [name] => Loic
            [firstname] => Amsellem
            [mail] => loic@vanam.fr
            [mobile_line] => 06 99 99 99 99
            [direct_line] => 04 91 99 99 99
            [passwd] => loic13$$
            [url_picture] => resources/users/logos/74971201.jpg
            [role] => Array
                (
                    [id] => 1
                    [role] => SUPER_ADMIN
                )

            [role_id] => 1
            [company] => Array
                (
                    [id] => 1
                    [name] => VANAM
                    [url_logo] => resources/companies/logo_vanam.png
                )

        )

    [key] => 766cc429fd8a19ed043d04c386827d92
)
 (at D:\Projects\vanam\backend\core\class\services\user_service.php line 285)
2019-04-20 16:34:42 [DEBUG] user_service.php: --------------------------------------------------- (at D:\Projects\vanam\backend\core\class\services\user_service.php line 286)
2019-04-20 16:34:42 [DEBUG] activity_route.php: END /login ---------- (at D:\Projects\vanam\backend\routes\activity_route.php line 26)
2019-04-20 16:38:30 [DEBUG] activity_route.php: START /login ---------- (at D:\Projects\vanam\backend\routes\activity_route.php line 5)
