2018-06-25 05:51:46 [DEBUG] activity_route.php: START /company ---------- (at /var/www/vhosts/vanam.fr/api.utiledev.vanam.fr/routes/activity_route.php line 46)
2018-06-25 05:51:46 [DEBUG] tools_service.php: START getAllCompanies -------  (at /var/www/vhosts/vanam.fr/api.utiledev.vanam.fr/core/class/services/tools_service.php line 13)
2018-06-25 05:51:46 [DEBUG] tools_service.php: 766cc429fd8a19ed043d04c386827d92 (at /var/www/vhosts/vanam.fr/api.utiledev.vanam.fr/core/class/services/tools_service.php line 14)
2018-06-25 05:51:46 [DEBUG] tools_service.php: END getAllCompanies -------  (at /var/www/vhosts/vanam.fr/api.utiledev.vanam.fr/core/class/services/tools_service.php line 35)
2018-06-25 05:51:46 [DEBUG] activity_route.php: END /company ---------- (at /var/www/vhosts/vanam.fr/api.utiledev.vanam.fr/routes/activity_route.php line 60)
2018-06-25 05:54:13 [DEBUG] user_route.php: START /user ---------- (at /var/www/vhosts/vanam.fr/api.utiledev.vanam.fr/routes/user_route.php line 77)
2018-06-25 05:54:13 [DEBUG] user_service.php: START getAllEntities [USER] -------  (at /var/www/vhosts/vanam.fr/api.utiledev.vanam.fr/core/class/services/user_service.php line 87)
2018-06-25 05:54:13 [DEBUG] user_service.php: END getAllEntities [USER] -------  (at /var/www/vhosts/vanam.fr/api.utiledev.vanam.fr/core/class/services/user_service.php line 136)
2018-06-25 05:54:13 [DEBUG] user_route.php: END /user ---------- (at /var/www/vhosts/vanam.fr/api.utiledev.vanam.fr/routes/user_route.php line 92)
2018-06-25 05:55:42 [DEBUG] activity_route.php: START /company ---------- (at /var/www/vhosts/vanam.fr/api.utiledev.vanam.fr/routes/activity_route.php line 46)
2018-06-25 05:55:42 [DEBUG] tools_service.php: START getAllCompanies -------  (at /var/www/vhosts/vanam.fr/api.utiledev.vanam.fr/core/class/services/tools_service.php line 13)
2018-06-25 05:55:42 [DEBUG] tools_service.php: 766cc429fd8a19ed043d04c386827d92 (at /var/www/vhosts/vanam.fr/api.utiledev.vanam.fr/core/class/services/tools_service.php line 14)
2018-06-25 05:55:42 [DEBUG] tools_service.php: END getAllCompanies -------  (at /var/www/vhosts/vanam.fr/api.utiledev.vanam.fr/core/class/services/tools_service.php line 35)
2018-06-25 05:55:42 [DEBUG] activity_route.php: END /company ---------- (at /var/www/vhosts/vanam.fr/api.utiledev.vanam.fr/routes/activity_route.php line 60)
2018-06-25 05:55:42 [DEBUG] user_route.php: START /user ---------- (at /var/www/vhosts/vanam.fr/api.utiledev.vanam.fr/routes/user_route.php line 77)
2018-06-25 05:55:42 [DEBUG] user_service.php: START getAllEntities [USER] -------  (at /var/www/vhosts/vanam.fr/api.utiledev.vanam.fr/core/class/services/user_service.php line 87)
2018-06-25 05:55:42 [DEBUG] user_service.php: END getAllEntities [USER] -------  (at /var/www/vhosts/vanam.fr/api.utiledev.vanam.fr/core/class/services/user_service.php line 136)
2018-06-25 05:55:42 [DEBUG] user_route.php: END /user ---------- (at /var/www/vhosts/vanam.fr/api.utiledev.vanam.fr/routes/user_route.php line 92)
2018-06-25 07:48:09 [DEBUG] activity_route.php: START /company ---------- (at /var/www/vhosts/vanam.fr/api.utiledev.vanam.fr/routes/activity_route.php line 46)
2018-06-25 07:48:09 [DEBUG] tools_service.php: START getAllCompanies -------  (at /var/www/vhosts/vanam.fr/api.utiledev.vanam.fr/core/class/services/tools_service.php line 13)
2018-06-25 07:48:09 [DEBUG] tools_service.php: 766cc429fd8a19ed043d04c386827d92 (at /var/www/vhosts/vanam.fr/api.utiledev.vanam.fr/core/class/services/tools_service.php line 14)
2018-06-25 07:48:09 [DEBUG] tools_service.php: END getAllCompanies -------  (at /var/www/vhosts/vanam.fr/api.utiledev.vanam.fr/core/class/services/tools_service.php line 35)
2018-06-25 07:48:09 [DEBUG] activity_route.php: END /company ---------- (at /var/www/vhosts/vanam.fr/api.utiledev.vanam.fr/routes/activity_route.php line 60)
2018-06-25 07:53:04 [DEBUG] user_route.php: START /user ---------- (at /var/www/vhosts/vanam.fr/api.utiledev.vanam.fr/routes/user_route.php line 77)
2018-06-25 07:53:04 [DEBUG] user_service.php: START getAllEntities [USER] -------  (at /var/www/vhosts/vanam.fr/api.utiledev.vanam.fr/core/class/services/user_service.php line 87)
2018-06-25 07:53:04 [DEBUG] user_service.php: END getAllEntities [USER] -------  (at /var/www/vhosts/vanam.fr/api.utiledev.vanam.fr/core/class/services/user_service.php line 136)
2018-06-25 07:53:04 [DEBUG] user_route.php: END /user ---------- (at /var/www/vhosts/vanam.fr/api.utiledev.vanam.fr/routes/user_route.php line 92)
2018-06-25 07:53:05 [DEBUG] activity_route.php: START /manager ---------- (at /var/www/vhosts/vanam.fr/api.utiledev.vanam.fr/routes/activity_route.php line 68)
2018-06-25 07:53:05 [DEBUG] tools_service.php: START getAllManagers -------  (at /var/www/vhosts/vanam.fr/api.utiledev.vanam.fr/core/class/services/tools_service.php line 41)
2018-06-25 07:53:05 [DEBUG] tools_service.php: ----------------------------------------------------------------------------------- (at /var/www/vhosts/vanam.fr/api.utiledev.vanam.fr/core/class/services/tools_service.php line 56)
2018-06-25 07:53:05 [DEBUG] activity_route.php: END /manager ---------- (at /var/www/vhosts/vanam.fr/api.utiledev.vanam.fr/routes/activity_route.php line 84)
2018-06-25 07:53:05 [DEBUG] brand_route.php: START /brand ---------- (at /var/www/vhosts/vanam.fr/api.utiledev.vanam.fr/routes/brand_route.php line 122)
2018-06-25 07:53:05 [DEBUG] brand_service.php: START getAllEntities [BRAND] -------  (at /var/www/vhosts/vanam.fr/api.utiledev.vanam.fr/core/class/services/brand_service.php line 64)
2018-06-25 07:53:05 [DEBUG] brand_service.php: END getAllEntities [BRAND] -------  (at /var/www/vhosts/vanam.fr/api.utiledev.vanam.fr/core/class/services/brand_service.php line 99)
2018-06-25 07:53:05 [DEBUG] brand_route.php: END /brand ---------- (at /var/www/vhosts/vanam.fr/api.utiledev.vanam.fr/routes/brand_route.php line 139)
2018-06-25 07:53:06 [DEBUG] country_route.php: START /country ---------- (at /var/www/vhosts/vanam.fr/api.utiledev.vanam.fr/routes/country_route.php line 65)
2018-06-25 07:53:06 [DEBUG] country_service.php: START getAllEntities [COUNTRY] -------  (at /var/www/vhosts/vanam.fr/api.utiledev.vanam.fr/core/class/services/country_service.php line 67)
2018-06-25 07:53:06 [DEBUG] country_service.php: END getAllEntities [COUNTRY] -------  (at /var/www/vhosts/vanam.fr/api.utiledev.vanam.fr/core/class/services/country_service.php line 89)
2018-06-25 07:53:06 [DEBUG] country_route.php: END /country ---------- (at /var/www/vhosts/vanam.fr/api.utiledev.vanam.fr/routes/country_route.php line 82)
2018-06-25 07:53:06 [DEBUG] category_route.php: START /category ---------- (at /var/www/vhosts/vanam.fr/api.utiledev.vanam.fr/routes/category_route.php line 65)
2018-06-25 07:53:06 [DEBUG] category_service.php: START getAllEntities [CATEGORY] -------  (at /var/www/vhosts/vanam.fr/api.utiledev.vanam.fr/core/class/services/category_service.php line 62)
2018-06-25 07:53:06 [DEBUG] category_service.php: END getAllEntities [CATEGORY] -------  (at /var/www/vhosts/vanam.fr/api.utiledev.vanam.fr/core/class/services/category_service.php line 95)
2018-06-25 07:53:06 [DEBUG] category_route.php: END /category ---------- (at /var/www/vhosts/vanam.fr/api.utiledev.vanam.fr/routes/category_route.php line 82)
2018-06-25 07:53:37 [DEBUG] client_route.php: START /client/category ---------- (at /var/www/vhosts/vanam.fr/api.utiledev.vanam.fr/routes/client_route.php line 237)
2018-06-25 07:53:37 [DEBUG] client_route.php: ErrorException: Undefined index: client_id in /var/www/vhosts/vanam.fr/api.utiledev.vanam.fr/routes/client_route.php:244
Stack trace:
#0 /var/www/vhosts/vanam.fr/api.utiledev.vanam.fr/routes/client_route.php(244): Slim\Slim::handleErrors(8, 'Undefined index...', '/var/www/vhosts...', 244, Array)
#1 [internal function]: {closure}()
#2 /var/www/vhosts/vanam.fr/api.utiledev.vanam.fr/core/commons/slim/vendor/slim/slim/Slim/Route.php(468): call_user_func_array(Object(Closure), Array)
#3 /var/www/vhosts/vanam.fr/api.utiledev.vanam.fr/core/commons/slim/vendor/slim/slim/Slim/Slim.php(1355): Slim\Route->dispatch()
#4 /var/www/vhosts/vanam.fr/api.utiledev.vanam.fr/core/commons/slim/vendor/slim/slim/Slim/Middleware/Flash.php(85): Slim\Slim->call()
#5 /var/www/vhosts/vanam.fr/api.utiledev.vanam.fr/core/commons/slim/vendor/slim/slim/Slim/Middleware/MethodOverride.php(92): Slim\Middleware\Flash->call()
#6 /var/www/vhosts/vanam.fr/api.utiledev.vanam.fr/core/commons/slim/vendor/slim/slim/Slim/Middleware/PrettyExceptions.php(67): Slim\Middleware\MethodOverride->call()
#7 /var/www/vhosts/vanam.fr/api.utiledev.vanam.fr/core/commons/slim/vendor/slim/slim/Slim/Slim.php(1300): Slim\Middleware\PrettyExceptions->call()
#8 /var/www/vhosts/vanam.fr/api.utiledev.vanam.fr/index.php(53): Slim\Slim->run()
#9 {main} (at /var/www/vhosts/vanam.fr/api.utiledev.vanam.fr/routes/client_route.php line 250)
2018-06-25 07:53:45 [DEBUG] client_route.php: START /client/category ---------- (at /var/www/vhosts/vanam.fr/api.utiledev.vanam.fr/routes/client_route.php line 237)
2018-06-25 07:53:45 [DEBUG] client_route.php: ErrorException: Undefined index: client_id in /var/www/vhosts/vanam.fr/api.utiledev.vanam.fr/routes/client_route.php:244
Stack trace:
#0 /var/www/vhosts/vanam.fr/api.utiledev.vanam.fr/routes/client_route.php(244): Slim\Slim::handleErrors(8, 'Undefined index...', '/var/www/vhosts...', 244, Array)
#1 [internal function]: {closure}()
#2 /var/www/vhosts/vanam.fr/api.utiledev.vanam.fr/core/commons/slim/vendor/slim/slim/Slim/Route.php(468): call_user_func_array(Object(Closure), Array)
#3 /var/www/vhosts/vanam.fr/api.utiledev.vanam.fr/core/commons/slim/vendor/slim/slim/Slim/Slim.php(1355): Slim\Route->dispatch()
#4 /var/www/vhosts/vanam.fr/api.utiledev.vanam.fr/core/commons/slim/vendor/slim/slim/Slim/Middleware/Flash.php(85): Slim\Slim->call()
#5 /var/www/vhosts/vanam.fr/api.utiledev.vanam.fr/core/commons/slim/vendor/slim/slim/Slim/Middleware/MethodOverride.php(92): Slim\Middleware\Flash->call()
#6 /var/www/vhosts/vanam.fr/api.utiledev.vanam.fr/core/commons/slim/vendor/slim/slim/Slim/Middleware/PrettyExceptions.php(67): Slim\Middleware\MethodOverride->call()
#7 /var/www/vhosts/vanam.fr/api.utiledev.vanam.fr/core/commons/slim/vendor/slim/slim/Slim/Slim.php(1300): Slim\Middleware\PrettyExceptions->call()
#8 /var/www/vhosts/vanam.fr/api.utiledev.vanam.fr/index.php(53): Slim\Slim->run()
#9 {main} (at /var/www/vhosts/vanam.fr/api.utiledev.vanam.fr/routes/client_route.php line 250)
2018-06-25 08:17:54 [DEBUG] activity_route.php: START /company ---------- (at /var/www/vhosts/vanam.fr/api.utiledev.vanam.fr/routes/activity_route.php line 46)
2018-06-25 08:17:54 [DEBUG] tools_service.php: START getAllCompanies -------  (at /var/www/vhosts/vanam.fr/api.utiledev.vanam.fr/core/class/services/tools_service.php line 13)
2018-06-25 08:17:54 [DEBUG] tools_service.php: 766cc429fd8a19ed043d04c386827d92 (at /var/www/vhosts/vanam.fr/api.utiledev.vanam.fr/core/class/services/tools_service.php line 14)
2018-06-25 08:17:54 [DEBUG] tools_service.php: END getAllCompanies -------  (at /var/www/vhosts/vanam.fr/api.utiledev.vanam.fr/core/class/services/tools_service.php line 35)
2018-06-25 08:17:54 [DEBUG] activity_route.php: END /company ---------- (at /var/www/vhosts/vanam.fr/api.utiledev.vanam.fr/routes/activity_route.php line 60)
2018-06-25 08:18:22 [DEBUG] range_route.php: START /range ---------- (at /var/www/vhosts/vanam.fr/api.utiledev.vanam.fr/routes/range_route.php line 201)
2018-06-25 08:18:22 [DEBUG] range_service.php: START getAllEntities [RANGE] -------  (at /var/www/vhosts/vanam.fr/api.utiledev.vanam.fr/core/class/services/range_service.php line 61)
2018-06-25 08:18:22 [DEBUG] range_detail_service.php: START getAllEntities [RANGE DETAIL] -------  (at /var/www/vhosts/vanam.fr/api.utiledev.vanam.fr/core/class/services/range_detail_service.php line 63)
2018-06-25 08:18:22 [DEBUG] range_detail_service.php: END getAllEntities [RANGE DETAIL] -------  (at /var/www/vhosts/vanam.fr/api.utiledev.vanam.fr/core/class/services/range_detail_service.php line 85)
2018-06-25 08:18:22 [DEBUG] range_detail_service.php: START getAllEntities [RANGE DETAIL] -------  (at /var/www/vhosts/vanam.fr/api.utiledev.vanam.fr/core/class/services/range_detail_service.php line 63)
2018-06-25 08:18:22 [DEBUG] range_detail_service.php: END getAllEntities [RANGE DETAIL] -------  (at /var/www/vhosts/vanam.fr/api.utiledev.vanam.fr/core/class/services/range_detail_service.php line 85)
2018-06-25 08:18:22 [DEBUG] range_detail_service.php: START getAllEntities [RANGE DETAIL] -------  (at /var/www/vhosts/vanam.fr/api.utiledev.vanam.fr/core/class/services/range_detail_service.php line 63)
2018-06-25 08:18:22 [DEBUG] range_detail_service.php: END getAllEntities [RANGE DETAIL] -------  (at /var/www/vhosts/vanam.fr/api.utiledev.vanam.fr/core/class/services/range_detail_service.php line 85)
2018-06-25 08:18:22 [DEBUG] range_detail_service.php: START getAllEntities [RANGE DETAIL] -------  (at /var/www/vhosts/vanam.fr/api.utiledev.vanam.fr/core/class/services/range_detail_service.php line 63)
2018-06-25 08:18:22 [DEBUG] range_detail_service.php: END getAllEntities [RANGE DETAIL] -------  (at /var/www/vhosts/vanam.fr/api.utiledev.vanam.fr/core/class/services/range_detail_service.php line 85)
2018-06-25 08:18:22 [DEBUG] range_detail_service.php: START getAllEntities [RANGE DETAIL] -------  (at /var/www/vhosts/vanam.fr/api.utiledev.vanam.fr/core/class/services/range_detail_service.php line 63)
2018-06-25 08:18:22 [DEBUG] range_detail_service.php: END getAllEntities [RANGE DETAIL] -------  (at /var/www/vhosts/vanam.fr/api.utiledev.vanam.fr/core/class/services/range_detail_service.php line 85)
2018-06-25 08:18:22 [DEBUG] range_detail_service.php: START getAllEntities [RANGE DETAIL] -------  (at /var/www/vhosts/vanam.fr/api.utiledev.vanam.fr/core/class/services/range_detail_service.php line 63)
2018-06-25 08:18:22 [DEBUG] range_detail_service.php: END getAllEntities [RANGE DETAIL] -------  (at /var/www/vhosts/vanam.fr/api.utiledev.vanam.fr/core/class/services/range_detail_service.php line 85)
2018-06-25 08:18:22 [DEBUG] range_detail_service.php: START getAllEntities [RANGE DETAIL] -------  (at /var/www/vhosts/vanam.fr/api.utiledev.vanam.fr/core/class/services/range_detail_service.php line 63)
2018-06-25 08:18:22 [DEBUG] range_detail_service.php: END getAllEntities [RANGE DETAIL] -------  (at /var/www/vhosts/vanam.fr/api.utiledev.vanam.fr/core/class/services/range_detail_service.php line 85)
2018-06-25 08:18:22 [DEBUG] range_detail_service.php: START getAllEntities [RANGE DETAIL] -------  (at /var/www/vhosts/vanam.fr/api.utiledev.vanam.fr/core/class/services/range_detail_service.php line 63)
2018-06-25 08:18:22 [DEBUG] range_detail_service.php: END getAllEntities [RANGE DETAIL] -------  (at /var/www/vhosts/vanam.fr/api.utiledev.vanam.fr/core/class/services/range_detail_service.php line 85)
2018-06-25 08:18:22 [DEBUG] range_detail_service.php: START getAllEntities [RANGE DETAIL] -------  (at /var/www/vhosts/vanam.fr/api.utiledev.vanam.fr/core/class/services/range_detail_service.php line 63)
2018-06-25 08:18:22 [DEBUG] range_detail_service.php: END getAllEntities [RANGE DETAIL] -------  (at /var/www/vhosts/vanam.fr/api.utiledev.vanam.fr/core/class/services/range_detail_service.php line 85)
2018-06-25 08:18:22 [DEBUG] range_detail_service.php: START getAllEntities [RANGE DETAIL] -------  (at /var/www/vhosts/vanam.fr/api.utiledev.vanam.fr/core/class/services/range_detail_service.php line 63)
2018-06-25 08:18:22 [DEBUG] range_detail_service.php: END getAllEntities [RANGE DETAIL] -------  (at /var/www/vhosts/vanam.fr/api.utiledev.vanam.fr/core/class/services/range_detail_service.php line 85)
2018-06-25 08:18:22 [DEBUG] range_detail_service.php: START getAllEntities [RANGE DETAIL] -------  (at /var/www/vhosts/vanam.fr/api.utiledev.vanam.fr/core/class/services/range_detail_service.php line 63)
2018-06-25 08:18:22 [DEBUG] range_detail_service.php: END getAllEntities [RANGE DETAIL] -------  (at /var/www/vhosts/vanam.fr/api.utiledev.vanam.fr/core/class/services/range_detail_service.php line 85)
2018-06-25 08:18:22 [DEBUG] range_detail_service.php: START getAllEntities [RANGE DETAIL] -------  (at /var/www/vhosts/vanam.fr/api.utiledev.vanam.fr/core/class/services/range_detail_service.php line 63)
2018-06-25 08:18:22 [DEBUG] range_detail_service.php: END getAllEntities [RANGE DETAIL] -------  (at /var/www/vhosts/vanam.fr/api.utiledev.vanam.fr/core/class/services/range_detail_service.php line 85)
2018-06-25 08:18:22 [DEBUG] range_detail_service.php: START getAllEntities [RANGE DETAIL] -------  (at /var/www/vhosts/vanam.fr/api.utiledev.vanam.fr/core/class/services/range_detail_service.php line 63)
2018-06-25 08:18:22 [DEBUG] range_detail_service.php: END getAllEntities [RANGE DETAIL] -------  (at /var/www/vhosts/vanam.fr/api.utiledev.vanam.fr/core/class/services/range_detail_service.php line 85)
2018-06-25 08:18:22 [DEBUG] range_detail_service.php: START getAllEntities [RANGE DETAIL] -------  (at /var/www/vhosts/vanam.fr/api.utiledev.vanam.fr/core/class/services/range_detail_service.php line 63)
2018-06-25 08:18:22 [DEBUG] range_detail_service.php: END getAllEntities [RANGE DETAIL] -------  (at /var/www/vhosts/vanam.fr/api.utiledev.vanam.fr/core/class/services/range_detail_service.php line 85)
2018-06-25 08:18:22 [DEBUG] range_detail_service.php: START getAllEntities [RANGE DETAIL] -------  (at /var/www/vhosts/vanam.fr/api.utiledev.vanam.fr/core/class/services/range_detail_service.php line 63)
2018-06-25 08:18:22 [DEBUG] range_detail_service.php: END getAllEntities [RANGE DETAIL] -------  (at /var/www/vhosts/vanam.fr/api.utiledev.vanam.fr/core/class/services/range_detail_service.php line 85)
2018-06-25 08:18:22 [DEBUG] range_detail_service.php: START getAllEntities [RANGE DETAIL] -------  (at /var/www/vhosts/vanam.fr/api.utiledev.vanam.fr/core/class/services/range_detail_service.php line 63)
2018-06-25 08:18:22 [DEBUG] range_detail_service.php: END getAllEntities [RANGE DETAIL] -------  (at /var/www/vhosts/vanam.fr/api.utiledev.vanam.fr/core/class/services/range_detail_service.php line 85)
2018-06-25 08:18:22 [DEBUG] range_detail_service.php: START getAllEntities [RANGE DETAIL] -------  (at /var/www/vhosts/vanam.fr/api.utiledev.vanam.fr/core/class/services/range_detail_service.php line 63)
2018-06-25 08:18:22 [DEBUG] range_detail_service.php: END getAllEntities [RANGE DETAIL] -------  (at /var/www/vhosts/vanam.fr/api.utiledev.vanam.fr/core/class/services/range_detail_service.php line 85)
2018-06-25 08:18:22 [DEBUG] range_detail_service.php: START getAllEntities [RANGE DETAIL] -------  (at /var/www/vhosts/vanam.fr/api.utiledev.vanam.fr/core/class/services/range_detail_service.php line 63)
2018-06-25 08:18:22 [DEBUG] range_detail_service.php: END getAllEntities [RANGE DETAIL] -------  (at /var/www/vhosts/vanam.fr/api.utiledev.vanam.fr/core/class/services/range_detail_service.php line 85)
2018-06-25 08:18:22 [DEBUG] range_detail_service.php: START getAllEntities [RANGE DETAIL] -------  (at /var/www/vhosts/vanam.fr/api.utiledev.vanam.fr/core/class/services/range_detail_service.php line 63)
2018-06-25 08:18:22 [DEBUG] range_detail_service.php: END getAllEntities [RANGE DETAIL] -------  (at /var/www/vhosts/vanam.fr/api.utiledev.vanam.fr/core/class/services/range_detail_service.php line 85)
2018-06-25 08:18:22 [DEBUG] range_detail_service.php: START getAllEntities [RANGE DETAIL] -------  (at /var/www/vhosts/vanam.fr/api.utiledev.vanam.fr/core/class/services/range_detail_service.php line 63)
2018-06-25 08:18:22 [DEBUG] range_detail_service.php: END getAllEntities [RANGE DETAIL] -------  (at /var/www/vhosts/vanam.fr/api.utiledev.vanam.fr/core/class/services/range_detail_service.php line 85)
2018-06-25 08:18:22 [DEBUG] range_detail_service.php: START getAllEntities [RANGE DETAIL] -------  (at /var/www/vhosts/vanam.fr/api.utiledev.vanam.fr/core/class/services/range_detail_service.php line 63)
2018-06-25 08:18:22 [DEBUG] range_detail_service.php: END getAllEntities [RANGE DETAIL] -------  (at /var/www/vhosts/vanam.fr/api.utiledev.vanam.fr/core/class/services/range_detail_service.php line 85)
2018-06-25 08:18:22 [DEBUG] range_detail_service.php: START getAllEntities [RANGE DETAIL] -------  (at /var/www/vhosts/vanam.fr/api.utiledev.vanam.fr/core/class/services/range_detail_service.php line 63)
2018-06-25 08:18:22 [DEBUG] range_detail_service.php: END getAllEntities [RANGE DETAIL] -------  (at /var/www/vhosts/vanam.fr/api.utiledev.vanam.fr/core/class/services/range_detail_service.php line 85)
2018-06-25 08:18:22 [DEBUG] range_detail_service.php: START getAllEntities [RANGE DETAIL] -------  (at /var/www/vhosts/vanam.fr/api.utiledev.vanam.fr/core/class/services/range_detail_service.php line 63)
2018-06-25 08:18:22 [DEBUG] range_detail_service.php: END getAllEntities [RANGE DETAIL] -------  (at /var/www/vhosts/vanam.fr/api.utiledev.vanam.fr/core/class/services/range_detail_service.php line 85)
2018-06-25 08:18:22 [DEBUG] range_detail_service.php: START getAllEntities [RANGE DETAIL] -------  (at /var/www/vhosts/vanam.fr/api.utiledev.vanam.fr/core/class/services/range_detail_service.php line 63)
2018-06-25 08:18:22 [DEBUG] range_detail_service.php: END getAllEntities [RANGE DETAIL] -------  (at /var/www/vhosts/vanam.fr/api.utiledev.vanam.fr/core/class/services/range_detail_service.php line 85)
2018-06-25 08:18:22 [DEBUG] range_detail_service.php: START getAllEntities [RANGE DETAIL] -------  (at /var/www/vhosts/vanam.fr/api.utiledev.vanam.fr/core/class/services/range_detail_service.php line 63)
2018-06-25 08:18:22 [DEBUG] range_detail_service.php: END getAllEntities [RANGE DETAIL] -------  (at /var/www/vhosts/vanam.fr/api.utiledev.vanam.fr/core/class/services/range_detail_service.php line 85)
2018-06-25 08:18:22 [DEBUG] range_detail_service.php: START getAllEntities [RANGE DETAIL] -------  (at /var/www/vhosts/vanam.fr/api.utiledev.vanam.fr/core/class/services/range_detail_service.php line 63)
2018-06-25 08:18:22 [DEBUG] range_detail_service.php: END getAllEntities [RANGE DETAIL] -------  (at /var/www/vhosts/vanam.fr/api.utiledev.vanam.fr/core/class/services/range_detail_service.php line 85)
2018-06-25 08:18:22 [DEBUG] range_detail_service.php: START getAllEntities [RANGE DETAIL] -------  (at /var/www/vhosts/vanam.fr/api.utiledev.vanam.fr/core/class/services/range_detail_service.php line 63)
2018-06-25 08:18:22 [DEBUG] range_detail_service.php: END getAllEntities [RANGE DETAIL] -------  (at /var/www/vhosts/vanam.fr/api.utiledev.vanam.fr/core/class/services/range_detail_service.php line 85)
2018-06-25 08:18:22 [DEBUG] range_detail_service.php: START getAllEntities [RANGE DETAIL] -------  (at /var/www/vhosts/vanam.fr/api.utiledev.vanam.fr/core/class/services/range_detail_service.php line 63)
2018-06-25 08:18:22 [DEBUG] range_detail_service.php: END getAllEntities [RANGE DETAIL] -------  (at /var/www/vhosts/vanam.fr/api.utiledev.vanam.fr/core/class/services/range_detail_service.php line 85)
2018-06-25 08:18:22 [DEBUG] range_detail_service.php: START getAllEntities [RANGE DETAIL] -------  (at /var/www/vhosts/vanam.fr/api.utiledev.vanam.fr/core/class/services/range_detail_service.php line 63)
2018-06-25 08:18:22 [DEBUG] range_detail_service.php: END getAllEntities [RANGE DETAIL] -------  (at /var/www/vhosts/vanam.fr/api.utiledev.vanam.fr/core/class/services/range_detail_service.php line 85)
2018-06-25 08:18:22 [DEBUG] range_detail_service.php: START getAllEntities [RANGE DETAIL] -------  (at /var/www/vhosts/vanam.fr/api.utiledev.vanam.fr/core/class/services/range_detail_service.php line 63)
2018-06-25 08:18:22 [DEBUG] range_detail_service.php: END getAllEntities [RANGE DETAIL] -------  (at /var/www/vhosts/vanam.fr/api.utiledev.vanam.fr/core/class/services/range_detail_service.php line 85)
2018-06-25 08:18:22 [DEBUG] range_detail_service.php: START getAllEntities [RANGE DETAIL] -------  (at /var/www/vhosts/vanam.fr/api.utiledev.vanam.fr/core/class/services/range_detail_service.php line 63)
2018-06-25 08:18:22 [DEBUG] range_detail_service.php: END getAllEntities [RANGE DETAIL] -------  (at /var/www/vhosts/vanam.fr/api.utiledev.vanam.fr/core/class/services/range_detail_service.php line 85)
2018-06-25 08:18:22 [DEBUG] range_detail_service.php: START getAllEntities [RANGE DETAIL] -------  (at /var/www/vhosts/vanam.fr/api.utiledev.vanam.fr/core/class/services/range_detail_service.php line 63)
2018-06-25 08:18:22 [DEBUG] range_detail_service.php: END getAllEntities [RANGE DETAIL] -------  (at /var/www/vhosts/vanam.fr/api.utiledev.vanam.fr/core/class/services/range_detail_service.php line 85)
2018-06-25 08:18:22 [DEBUG] range_detail_service.php: START getAllEntities [RANGE DETAIL] -------  (at /var/www/vhosts/vanam.fr/api.utiledev.vanam.fr/core/class/services/range_detail_service.php line 63)
2018-06-25 08:18:22 [DEBUG] range_detail_service.php: END getAllEntities [RANGE DETAIL] -------  (at /var/www/vhosts/vanam.fr/api.utiledev.vanam.fr/core/class/services/range_detail_service.php line 85)
2018-06-25 08:18:22 [DEBUG] range_detail_service.php: START getAllEntities [RANGE DETAIL] -------  (at /var/www/vhosts/vanam.fr/api.utiledev.vanam.fr/core/class/services/range_detail_service.php line 63)
2018-06-25 08:18:22 [DEBUG] range_detail_service.php: END getAllEntities [RANGE DETAIL] -------  (at /var/www/vhosts/vanam.fr/api.utiledev.vanam.fr/core/class/services/range_detail_service.php line 85)
2018-06-25 08:18:22 [DEBUG] range_detail_service.php: START getAllEntities [RANGE DETAIL] -------  (at /var/www/vhosts/vanam.fr/api.utiledev.vanam.fr/core/class/services/range_detail_service.php line 63)
2018-06-25 08:18:22 [DEBUG] range_detail_service.php: END getAllEntities [RANGE DETAIL] -------  (at /var/www/vhosts/vanam.fr/api.utiledev.vanam.fr/core/class/services/range_detail_service.php line 85)
2018-06-25 08:18:22 [DEBUG] range_detail_service.php: START getAllEntities [RANGE DETAIL] -------  (at /var/www/vhosts/vanam.fr/api.utiledev.vanam.fr/core/class/services/range_detail_service.php line 63)
2018-06-25 08:18:22 [DEBUG] range_detail_service.php: END getAllEntities [RANGE DETAIL] -------  (at /var/www/vhosts/vanam.fr/api.utiledev.vanam.fr/core/class/services/range_detail_service.php line 85)
2018-06-25 08:18:22 [DEBUG] range_detail_service.php: START getAllEntities [RANGE DETAIL] -------  (at /var/www/vhosts/vanam.fr/api.utiledev.vanam.fr/core/class/services/range_detail_service.php line 63)
2018-06-25 08:18:22 [DEBUG] range_detail_service.php: END getAllEntities [RANGE DETAIL] -------  (at /var/www/vhosts/vanam.fr/api.utiledev.vanam.fr/core/class/services/range_detail_service.php line 85)
2018-06-25 08:18:22 [DEBUG] range_detail_service.php: START getAllEntities [RANGE DETAIL] -------  (at /var/www/vhosts/vanam.fr/api.utiledev.vanam.fr/core/class/services/range_detail_service.php line 63)
2018-06-25 08:18:22 [DEBUG] range_detail_service.php: END getAllEntities [RANGE DETAIL] -------  (at /var/www/vhosts/vanam.fr/api.utiledev.vanam.fr/core/class/services/range_detail_service.php line 85)
2018-06-25 08:18:22 [DEBUG] range_detail_service.php: START getAllEntities [RANGE DETAIL] -------  (at /var/www/vhosts/vanam.fr/api.utiledev.vanam.fr/core/class/services/range_detail_service.php line 63)
2018-06-25 08:18:22 [DEBUG] range_detail_service.php: END getAllEntities [RANGE DETAIL] -------  (at /var/www/vhosts/vanam.fr/api.utiledev.vanam.fr/core/class/services/range_detail_service.php line 85)
2018-06-25 08:18:22 [DEBUG] range_detail_service.php: START getAllEntities [RANGE DETAIL] -------  (at /var/www/vhosts/vanam.fr/api.utiledev.vanam.fr/core/class/services/range_detail_service.php line 63)
2018-06-25 08:18:22 [DEBUG] range_detail_service.php: END getAllEntities [RANGE DETAIL] -------  (at /var/www/vhosts/vanam.fr/api.utiledev.vanam.fr/core/class/services/range_detail_service.php line 85)
2018-06-25 08:18:22 [DEBUG] range_detail_service.php: START getAllEntities [RANGE DETAIL] -------  (at /var/www/vhosts/vanam.fr/api.utiledev.vanam.fr/core/class/services/range_detail_service.php line 63)
2018-06-25 08:18:22 [DEBUG] range_detail_service.php: END getAllEntities [RANGE DETAIL] -------  (at /var/www/vhosts/vanam.fr/api.utiledev.vanam.fr/core/class/services/range_detail_service.php line 85)
2018-06-25 08:18:22 [DEBUG] range_detail_service.php: START getAllEntities [RANGE DETAIL] -------  (at /var/www/vhosts/vanam.fr/api.utiledev.vanam.fr/core/class/services/range_detail_service.php line 63)
2018-06-25 08:18:22 [DEBUG] range_detail_service.php: END getAllEntities [RANGE DETAIL] -------  (at /var/www/vhosts/vanam.fr/api.utiledev.vanam.fr/core/class/services/range_detail_service.php line 85)
2018-06-25 08:18:22 [DEBUG] range_detail_service.php: START getAllEntities [RANGE DETAIL] -------  (at /var/www/vhosts/vanam.fr/api.utiledev.vanam.fr/core/class/services/range_detail_service.php line 63)
2018-06-25 08:18:22 [DEBUG] range_detail_service.php: END getAllEntities [RANGE DETAIL] -------  (at /var/www/vhosts/vanam.fr/api.utiledev.vanam.fr/core/class/services/range_detail_service.php line 85)
2018-06-25 08:18:22 [DEBUG] range_detail_service.php: START getAllEntities [RANGE DETAIL] -------  (at /var/www/vhosts/vanam.fr/api.utiledev.vanam.fr/core/class/services/range_detail_service.php line 63)
2018-06-25 08:18:22 [DEBUG] range_detail_service.php: END getAllEntities [RANGE DETAIL] -------  (at /var/www/vhosts/vanam.fr/api.utiledev.vanam.fr/core/class/services/range_detail_service.php line 85)
2018-06-25 08:18:22 [DEBUG] range_detail_service.php: START getAllEntities [RANGE DETAIL] -------  (at /var/www/vhosts/vanam.fr/api.utiledev.vanam.fr/core/class/services/range_detail_service.php line 63)
2018-06-25 08:18:22 [DEBUG] range_detail_service.php: END getAllEntities [RANGE DETAIL] -------  (at /var/www/vhosts/vanam.fr/api.utiledev.vanam.fr/core/class/services/range_detail_service.php line 85)
2018-06-25 08:18:22 [DEBUG] range_detail_service.php: START getAllEntities [RANGE DETAIL] -------  (at /var/www/vhosts/vanam.fr/api.utiledev.vanam.fr/core/class/services/range_detail_service.php line 63)
2018-06-25 08:18:22 [DEBUG] range_detail_service.php: END getAllEntities [RANGE DETAIL] -------  (at /var/www/vhosts/vanam.fr/api.utiledev.vanam.fr/core/class/services/range_detail_service.php line 85)
2018-06-25 08:18:22 [DEBUG] range_detail_service.php: START getAllEntities [RANGE DETAIL] -------  (at /var/www/vhosts/vanam.fr/api.utiledev.vanam.fr/core/class/services/range_detail_service.php line 63)
2018-06-25 08:18:22 [DEBUG] range_detail_service.php: END getAllEntities [RANGE DETAIL] -------  (at /var/www/vhosts/vanam.fr/api.utiledev.vanam.fr/core/class/services/range_detail_service.php line 85)
2018-06-25 08:18:22 [DEBUG] range_detail_service.php: START getAllEntities [RANGE DETAIL] -------  (at /var/www/vhosts/vanam.fr/api.utiledev.vanam.fr/core/class/services/range_detail_service.php line 63)
2018-06-25 08:18:22 [DEBUG] range_detail_service.php: END getAllEntities [RANGE DETAIL] -------  (at /var/www/vhosts/vanam.fr/api.utiledev.vanam.fr/core/class/services/range_detail_service.php line 85)
2018-06-25 08:18:22 [DEBUG] range_detail_service.php: START getAllEntities [RANGE DETAIL] -------  (at /var/www/vhosts/vanam.fr/api.utiledev.vanam.fr/core/class/services/range_detail_service.php line 63)
2018-06-25 08:18:22 [DEBUG] range_detail_service.php: END getAllEntities [RANGE DETAIL] -------  (at /var/www/vhosts/vanam.fr/api.utiledev.vanam.fr/core/class/services/range_detail_service.php line 85)
2018-06-25 08:18:22 [DEBUG] range_detail_service.php: START getAllEntities [RANGE DETAIL] -------  (at /var/www/vhosts/vanam.fr/api.utiledev.vanam.fr/core/class/services/range_detail_service.php line 63)
2018-06-25 08:18:22 [DEBUG] range_detail_service.php: END getAllEntities [RANGE DETAIL] -------  (at /var/www/vhosts/vanam.fr/api.utiledev.vanam.fr/core/class/services/range_detail_service.php line 85)
2018-06-25 08:18:22 [DEBUG] range_detail_service.php: START getAllEntities [RANGE DETAIL] -------  (at /var/www/vhosts/vanam.fr/api.utiledev.vanam.fr/core/class/services/range_detail_service.php line 63)
2018-06-25 08:18:22 [DEBUG] range_detail_service.php: END getAllEntities [RANGE DETAIL] -------  (at /var/www/vhosts/vanam.fr/api.utiledev.vanam.fr/core/class/services/range_detail_service.php line 85)
2018-06-25 08:18:22 [DEBUG] range_detail_service.php: START getAllEntities [RANGE DETAIL] -------  (at /var/www/vhosts/vanam.fr/api.utiledev.vanam.fr/core/class/services/range_detail_service.php line 63)
2018-06-25 08:18:22 [DEBUG] range_detail_service.php: END getAllEntities [RANGE DETAIL] -------  (at /var/www/vhosts/vanam.fr/api.utiledev.vanam.fr/core/class/services/range_detail_service.php line 85)
2018-06-25 08:18:22 [DEBUG] range_detail_service.php: START getAllEntities [RANGE DETAIL] -------  (at /var/www/vhosts/vanam.fr/api.utiledev.vanam.fr/core/class/services/range_detail_service.php line 63)
2018-06-25 08:18:22 [DEBUG] range_detail_service.php: END getAllEntities [RANGE DETAIL] -------  (at /var/www/vhosts/vanam.fr/api.utiledev.vanam.fr/core/class/services/range_detail_service.php line 85)
2018-06-25 08:18:22 [DEBUG] range_detail_service.php: START getAllEntities [RANGE DETAIL] -------  (at /var/www/vhosts/vanam.fr/api.utiledev.vanam.fr/core/class/services/range_detail_service.php line 63)
2018-06-25 08:18:22 [DEBUG] range_detail_service.php: END getAllEntities [RANGE DETAIL] -------  (at /var/www/vhosts/vanam.fr/api.utiledev.vanam.fr/core/class/services/range_detail_service.php line 85)
2018-06-25 08:18:22 [DEBUG] range_detail_service.php: START getAllEntities [RANGE DETAIL] -------  (at /var/www/vhosts/vanam.fr/api.utiledev.vanam.fr/core/class/services/range_detail_service.php line 63)
2018-06-25 08:18:22 [DEBUG] range_detail_service.php: END getAllEntities [RANGE DETAIL] -------  (at /var/www/vhosts/vanam.fr/api.utiledev.vanam.fr/core/class/services/range_detail_service.php line 85)
2018-06-25 08:18:22 [DEBUG] range_detail_service.php: START getAllEntities [RANGE DETAIL] -------  (at /var/www/vhosts/vanam.fr/api.utiledev.vanam.fr/core/class/services/range_detail_service.php line 63)
2018-06-25 08:18:22 [DEBUG] range_detail_service.php: END getAllEntities [RANGE DETAIL] -------  (at /var/www/vhosts/vanam.fr/api.utiledev.vanam.fr/core/class/services/range_detail_service.php line 85)
2018-06-25 08:18:22 [DEBUG] range_detail_service.php: START getAllEntities [RANGE DETAIL] -------  (at /var/www/vhosts/vanam.fr/api.utiledev.vanam.fr/core/class/services/range_detail_service.php line 63)
2018-06-25 08:18:22 [DEBUG] range_detail_service.php: END getAllEntities [RANGE DETAIL] -------  (at /var/www/vhosts/vanam.fr/api.utiledev.vanam.fr/core/class/services/range_detail_service.php line 85)
2018-06-25 08:18:22 [DEBUG] range_detail_service.php: START getAllEntities [RANGE DETAIL] -------  (at /var/www/vhosts/vanam.fr/api.utiledev.vanam.fr/core/class/services/range_detail_service.php line 63)
2018-06-25 08:18:22 [DEBUG] range_detail_service.php: END getAllEntities [RANGE DETAIL] -------  (at /var/www/vhosts/vanam.fr/api.utiledev.vanam.fr/core/class/services/range_detail_service.php line 85)
2018-06-25 08:18:22 [DEBUG] range_detail_service.php: START getAllEntities [RANGE DETAIL] -------  (at /var/www/vhosts/vanam.fr/api.utiledev.vanam.fr/core/class/services/range_detail_service.php line 63)
2018-06-25 08:18:22 [DEBUG] range_detail_service.php: END getAllEntities [RANGE DETAIL] -------  (at /var/www/vhosts/vanam.fr/api.utiledev.vanam.fr/core/class/services/range_detail_service.php line 85)
2018-06-25 08:18:22 [DEBUG] range_detail_service.php: START getAllEntities [RANGE DETAIL] -------  (at /var/www/vhosts/vanam.fr/api.utiledev.vanam.fr/core/class/services/range_detail_service.php line 63)
2018-06-25 08:18:22 [DEBUG] range_detail_service.php: END getAllEntities [RANGE DETAIL] -------  (at /var/www/vhosts/vanam.fr/api.utiledev.vanam.fr/core/class/services/range_detail_service.php line 85)
2018-06-25 08:18:22 [DEBUG] range_detail_service.php: START getAllEntities [RANGE DETAIL] -------  (at /var/www/vhosts/vanam.fr/api.utiledev.vanam.fr/core/class/services/range_detail_service.php line 63)
2018-06-25 08:18:22 [DEBUG] range_detail_service.php: END getAllEntities [RANGE DETAIL] -------  (at /var/www/vhosts/vanam.fr/api.utiledev.vanam.fr/core/class/services/range_detail_service.php line 85)
2018-06-25 08:18:22 [DEBUG] range_detail_service.php: START getAllEntities [RANGE DETAIL] -------  (at /var/www/vhosts/vanam.fr/api.utiledev.vanam.fr/core/class/services/range_detail_service.php line 63)
2018-06-25 08:18:22 [DEBUG] range_detail_service.php: END getAllEntities [RANGE DETAIL] -------  (at /var/www/vhosts/vanam.fr/api.utiledev.vanam.fr/core/class/services/range_detail_service.php line 85)
2018-06-25 08:18:22 [DEBUG] range_detail_service.php: START getAllEntities [RANGE DETAIL] -------  (at /var/www/vhosts/vanam.fr/api.utiledev.vanam.fr/core/class/services/range_detail_service.php line 63)
2018-06-25 08:18:22 [DEBUG] range_detail_service.php: END getAllEntities [RANGE DETAIL] -------  (at /var/www/vhosts/vanam.fr/api.utiledev.vanam.fr/core/class/services/range_detail_service.php line 85)
2018-06-25 08:18:22 [DEBUG] range_detail_service.php: START getAllEntities [RANGE DETAIL] -------  (at /var/www/vhosts/vanam.fr/api.utiledev.vanam.fr/core/class/services/range_detail_service.php line 63)
2018-06-25 08:18:22 [DEBUG] range_detail_service.php: END getAllEntities [RANGE DETAIL] -------  (at /var/www/vhosts/vanam.fr/api.utiledev.vanam.fr/core/class/services/range_detail_service.php line 85)
2018-06-25 08:18:22 [DEBUG] range_detail_service.php: START getAllEntities [RANGE DETAIL] -------  (at /var/www/vhosts/vanam.fr/api.utiledev.vanam.fr/core/class/services/range_detail_service.php line 63)
2018-06-25 08:18:22 [DEBUG] range_detail_service.php: END getAllEntities [RANGE DETAIL] -------  (at /var/www/vhosts/vanam.fr/api.utiledev.vanam.fr/core/class/services/range_detail_service.php line 85)
2018-06-25 08:18:22 [DEBUG] range_detail_service.php: START getAllEntities [RANGE DETAIL] -------  (at /var/www/vhosts/vanam.fr/api.utiledev.vanam.fr/core/class/services/range_detail_service.php line 63)
2018-06-25 08:18:22 [DEBUG] range_detail_service.php: END getAllEntities [RANGE DETAIL] -------  (at /var/www/vhosts/vanam.fr/api.utiledev.vanam.fr/core/class/services/range_detail_service.php line 85)
2018-06-25 08:18:22 [DEBUG] range_detail_service.php: START getAllEntities [RANGE DETAIL] -------  (at /var/www/vhosts/vanam.fr/api.utiledev.vanam.fr/core/class/services/range_detail_service.php line 63)
2018-06-25 08:18:22 [DEBUG] range_detail_service.php: END getAllEntities [RANGE DETAIL] -------  (at /var/www/vhosts/vanam.fr/api.utiledev.vanam.fr/core/class/services/range_detail_service.php line 85)
2018-06-25 08:18:22 [DEBUG] range_detail_service.php: START getAllEntities [RANGE DETAIL] -------  (at /var/www/vhosts/vanam.fr/api.utiledev.vanam.fr/core/class/services/range_detail_service.php line 63)
2018-06-25 08:18:22 [DEBUG] range_detail_service.php: END getAllEntities [RANGE DETAIL] -------  (at /var/www/vhosts/vanam.fr/api.utiledev.vanam.fr/core/class/services/range_detail_service.php line 85)
2018-06-25 08:18:22 [DEBUG] range_service.php: END getAllEntities [RANGE] -------  (at /var/www/vhosts/vanam.fr/api.utiledev.vanam.fr/core/class/services/range_service.php line 88)
2018-06-25 08:18:22 [DEBUG] range_route.php: END /range ---------- (at /var/www/vhosts/vanam.fr/api.utiledev.vanam.fr/routes/range_route.php line 218)
2018-06-25 08:18:23 [DEBUG] entry_event_route.php: START /entry ---------- (at /var/www/vhosts/vanam.fr/api.utiledev.vanam.fr/routes/entry_event_route.php line 375)
2018-06-25 08:18:23 [DEBUG] entry_event_service.php: START getAllEntities [ENTRY EVENT] -------  (at /var/www/vhosts/vanam.fr/api.utiledev.vanam.fr/core/class/services/entry_event_service.php line 165)
2018-06-25 08:18:23 [DEBUG] entry_event_service.php: END getAllEntities [ENTRY EVENT] -------  (at /var/www/vhosts/vanam.fr/api.utiledev.vanam.fr/core/class/services/entry_event_service.php line 212)
2018-06-25 08:18:23 [DEBUG] entry_event_route.php: END /entry ---------- (at /var/www/vhosts/vanam.fr/api.utiledev.vanam.fr/routes/entry_event_route.php line 397)
