2018-05-18 06:28:45 [DEBUG] activity_route.php: START /company ---------- (at /var/www/vhosts/vanam.fr/api.utiledev.vanam.fr/routes/activity_route.php line 46)
2018-05-18 06:28:45 [DEBUG] tools_service.php: START getAllCompanies -------  (at /var/www/vhosts/vanam.fr/api.utiledev.vanam.fr/core/class/services/tools_service.php line 13)
2018-05-18 06:28:45 [DEBUG] tools_service.php: c2f1bb57e4a1d58a3ae710ef0c7acfb1 (at /var/www/vhosts/vanam.fr/api.utiledev.vanam.fr/core/class/services/tools_service.php line 14)
2018-05-18 06:28:45 [DEBUG] invoice_route.php: START /invoice ---------- (at /var/www/vhosts/vanam.fr/api.utiledev.vanam.fr/routes/invoice_route.php line 35)
2018-05-18 06:28:45 [DEBUG] invoice_service.php: START getAllInvoicesByCriteria [INVOICES] -------  (at /var/www/vhosts/vanam.fr/api.utiledev.vanam.fr/core/class/services/invoice_service.php line 33)
2018-05-18 06:28:45 [DEBUG] tools_service.php: END getAllCompanies -------  (at /var/www/vhosts/vanam.fr/api.utiledev.vanam.fr/core/class/services/tools_service.php line 35)
2018-05-18 06:28:45 [DEBUG] activity_route.php: END /company ---------- (at /var/www/vhosts/vanam.fr/api.utiledev.vanam.fr/routes/activity_route.php line 60)
2018-05-18 06:28:46 [DEBUG] invoice_service.php: END getAllInvoicesByCriteria [INVOICES] -------  (at /var/www/vhosts/vanam.fr/api.utiledev.vanam.fr/core/class/services/invoice_service.php line 112)
2018-05-18 06:28:46 [DEBUG] invoice_route.php: END /invoice ---------- (at /var/www/vhosts/vanam.fr/api.utiledev.vanam.fr/routes/invoice_route.php line 58)
2018-05-18 08:47:19 [DEBUG] activity_route.php: START /company ---------- (at /var/www/vhosts/vanam.fr/api.utiledev.vanam.fr/routes/activity_route.php line 46)
2018-05-18 08:47:19 [DEBUG] tools_service.php: START getAllCompanies -------  (at /var/www/vhosts/vanam.fr/api.utiledev.vanam.fr/core/class/services/tools_service.php line 13)
2018-05-18 08:47:19 [DEBUG] tools_service.php: c2f1bb57e4a1d58a3ae710ef0c7acfb1 (at /var/www/vhosts/vanam.fr/api.utiledev.vanam.fr/core/class/services/tools_service.php line 14)
2018-05-18 08:47:19 [DEBUG] tools_service.php: END getAllCompanies -------  (at /var/www/vhosts/vanam.fr/api.utiledev.vanam.fr/core/class/services/tools_service.php line 35)
2018-05-18 08:47:19 [DEBUG] activity_route.php: END /company ---------- (at /var/www/vhosts/vanam.fr/api.utiledev.vanam.fr/routes/activity_route.php line 60)
2018-05-18 08:47:20 [DEBUG] invoice_route.php: START /invoice ---------- (at /var/www/vhosts/vanam.fr/api.utiledev.vanam.fr/routes/invoice_route.php line 35)
2018-05-18 08:47:20 [DEBUG] invoice_service.php: START getAllInvoicesByCriteria [INVOICES] -------  (at /var/www/vhosts/vanam.fr/api.utiledev.vanam.fr/core/class/services/invoice_service.php line 33)
2018-05-18 08:47:20 [DEBUG] invoice_service.php: END getAllInvoicesByCriteria [INVOICES] -------  (at /var/www/vhosts/vanam.fr/api.utiledev.vanam.fr/core/class/services/invoice_service.php line 112)
2018-05-18 08:47:20 [DEBUG] invoice_route.php: END /invoice ---------- (at /var/www/vhosts/vanam.fr/api.utiledev.vanam.fr/routes/invoice_route.php line 58)
2018-05-18 08:47:25 [DEBUG] gender_route.php: START /gender ---------- (at /var/www/vhosts/vanam.fr/api.utiledev.vanam.fr/routes/gender_route.php line 65)
2018-05-18 08:47:25 [DEBUG] gender_service.php: START getAllEntities [GENDER] -------  (at /var/www/vhosts/vanam.fr/api.utiledev.vanam.fr/core/class/services/gender_service.php line 62)
2018-05-18 08:47:25 [DEBUG] gender_service.php: END getAllEntities [GENDER] -------  (at /var/www/vhosts/vanam.fr/api.utiledev.vanam.fr/core/class/services/gender_service.php line 84)
2018-05-18 08:47:25 [DEBUG] gender_route.php: END /gender ---------- (at /var/www/vhosts/vanam.fr/api.utiledev.vanam.fr/routes/gender_route.php line 82)
2018-05-18 08:47:26 [DEBUG] category_route.php: START /category ---------- (at /var/www/vhosts/vanam.fr/api.utiledev.vanam.fr/routes/category_route.php line 65)
2018-05-18 08:47:26 [DEBUG] category_service.php: START getAllEntities [CATEGORY] -------  (at /var/www/vhosts/vanam.fr/api.utiledev.vanam.fr/core/class/services/category_service.php line 62)
2018-05-18 08:47:26 [DEBUG] category_service.php: END getAllEntities [CATEGORY] -------  (at /var/www/vhosts/vanam.fr/api.utiledev.vanam.fr/core/class/services/category_service.php line 95)
2018-05-18 08:47:26 [DEBUG] category_route.php: END /category ---------- (at /var/www/vhosts/vanam.fr/api.utiledev.vanam.fr/routes/category_route.php line 82)
2018-05-18 08:47:26 [DEBUG] brand_route.php: START /brand ---------- (at /var/www/vhosts/vanam.fr/api.utiledev.vanam.fr/routes/brand_route.php line 122)
2018-05-18 08:47:26 [DEBUG] brand_service.php: START getAllEntities [BRAND] -------  (at /var/www/vhosts/vanam.fr/api.utiledev.vanam.fr/core/class/services/brand_service.php line 64)
2018-05-18 08:47:26 [DEBUG] brand_service.php: END getAllEntities [BRAND] -------  (at /var/www/vhosts/vanam.fr/api.utiledev.vanam.fr/core/class/services/brand_service.php line 99)
2018-05-18 08:47:26 [DEBUG] brand_route.php: END /brand ---------- (at /var/www/vhosts/vanam.fr/api.utiledev.vanam.fr/routes/brand_route.php line 139)
2018-05-18 08:47:26 [DEBUG] sport_route.php: START /sport ---------- (at /var/www/vhosts/vanam.fr/api.utiledev.vanam.fr/routes/sport_route.php line 65)
2018-05-18 08:47:26 [DEBUG] sport_service.php: START getAllEntities [SPORT] -------  (at /var/www/vhosts/vanam.fr/api.utiledev.vanam.fr/core/class/services/sport_service.php line 62)
2018-05-18 08:47:26 [DEBUG] sport_service.php: END getAllEntities [SPORT] -------  (at /var/www/vhosts/vanam.fr/api.utiledev.vanam.fr/core/class/services/sport_service.php line 84)
2018-05-18 08:47:26 [DEBUG] sport_route.php: END /sport ---------- (at /var/www/vhosts/vanam.fr/api.utiledev.vanam.fr/routes/sport_route.php line 82)
2018-05-18 08:47:28 [DEBUG] product_route.php: START /product/search ---------- (at /var/www/vhosts/vanam.fr/api.utiledev.vanam.fr/routes/product_route.php line 61)
2018-05-18 08:47:28 [DEBUG] product_service.php: START getProductsByCriteria [PRODUCTS] -------  (at /var/www/vhosts/vanam.fr/api.utiledev.vanam.fr/core/class/services/product_service.php line 315)
2018-05-18 08:47:28 [DEBUG] product_service.php: END getProductsByCriteria [PRODUCTS] -------  (at /var/www/vhosts/vanam.fr/api.utiledev.vanam.fr/core/class/services/product_service.php line 661)
2018-05-18 08:47:28 [DEBUG] product_route.php: END /product/search ---------- (at /var/www/vhosts/vanam.fr/api.utiledev.vanam.fr/routes/product_route.php line 110)
2018-05-18 10:12:24 [DEBUG] activity_route.php: START /company ---------- (at /var/www/vhosts/vanam.fr/api.utiledev.vanam.fr/routes/activity_route.php line 46)
2018-05-18 10:12:24 [DEBUG] tools_service.php: START getAllCompanies -------  (at /var/www/vhosts/vanam.fr/api.utiledev.vanam.fr/core/class/services/tools_service.php line 13)
2018-05-18 10:12:24 [DEBUG] tools_service.php: c2f1bb57e4a1d58a3ae710ef0c7acfb1 (at /var/www/vhosts/vanam.fr/api.utiledev.vanam.fr/core/class/services/tools_service.php line 14)
2018-05-18 10:12:24 [DEBUG] tools_service.php: END getAllCompanies -------  (at /var/www/vhosts/vanam.fr/api.utiledev.vanam.fr/core/class/services/tools_service.php line 35)
2018-05-18 10:12:24 [DEBUG] activity_route.php: END /company ---------- (at /var/www/vhosts/vanam.fr/api.utiledev.vanam.fr/routes/activity_route.php line 60)
2018-05-18 10:12:24 [DEBUG] command_route.php: START /command/:id ---------- (at /var/www/vhosts/vanam.fr/api.utiledev.vanam.fr/routes/command_route.php line 407)
2018-05-18 10:12:24 [DEBUG] command_service.php: START getEntityById [COMMAND] -------  (at /var/www/vhosts/vanam.fr/api.utiledev.vanam.fr/core/class/services/command_service.php line 196)
2018-05-18 10:12:24 [DEBUG] command_service.php: END getEntityById [COMMAND] -------  (at /var/www/vhosts/vanam.fr/api.utiledev.vanam.fr/core/class/services/command_service.php line 285)
2018-05-18 10:12:24 [DEBUG] command_route.php: END /command/:id ---------- (at /var/www/vhosts/vanam.fr/api.utiledev.vanam.fr/routes/command_route.php line 423)
2018-05-18 10:12:25 [DEBUG] client_route.php: START /client ---------- (at /var/www/vhosts/vanam.fr/api.utiledev.vanam.fr/routes/client_route.php line 264)
2018-05-18 10:12:25 [DEBUG] client_service.php: START getAllClientsByCompany [CLIENTS] -------  (at /var/www/vhosts/vanam.fr/api.utiledev.vanam.fr/core/class/services/client_service.php line 244)
2018-05-18 10:12:25 [DEBUG] client_service.php: END getAllClientsByCompany [CLIENTS] -------  (at /var/www/vhosts/vanam.fr/api.utiledev.vanam.fr/core/class/services/client_service.php line 303)
2018-05-18 10:12:25 [DEBUG] client_route.php: END /client ---------- (at /var/www/vhosts/vanam.fr/api.utiledev.vanam.fr/routes/client_route.php line 283)
2018-05-18 10:12:25 [DEBUG] product_route.php: START /product/search ---------- (at /var/www/vhosts/vanam.fr/api.utiledev.vanam.fr/routes/product_route.php line 61)
2018-05-18 10:12:25 [DEBUG] product_service.php: START getProductsByCriteria [PRODUCTS] -------  (at /var/www/vhosts/vanam.fr/api.utiledev.vanam.fr/core/class/services/product_service.php line 315)
2018-05-18 10:12:25 [DEBUG] command_service.php: START getCommandLissageById [COMMAND] -------  (at /var/www/vhosts/vanam.fr/api.utiledev.vanam.fr/core/class/services/command_service.php line 361)
2018-05-18 10:12:25 [DEBUG] command_service.php: END getCommandLissageById [COMMAND] -------  (at /var/www/vhosts/vanam.fr/api.utiledev.vanam.fr/core/class/services/command_service.php line 472)
2018-05-18 10:12:25 [DEBUG] command_service.php: START getCommandLissageById [COMMAND] -------  (at /var/www/vhosts/vanam.fr/api.utiledev.vanam.fr/core/class/services/command_service.php line 361)
2018-05-18 10:12:25 [DEBUG] command_service.php: END getCommandLissageById [COMMAND] -------  (at /var/www/vhosts/vanam.fr/api.utiledev.vanam.fr/core/class/services/command_service.php line 472)
2018-05-18 10:12:25 [DEBUG] command_service.php: START getCommandLissageById [COMMAND] -------  (at /var/www/vhosts/vanam.fr/api.utiledev.vanam.fr/core/class/services/command_service.php line 361)
2018-05-18 10:12:25 [DEBUG] command_service.php: END getCommandLissageById [COMMAND] -------  (at /var/www/vhosts/vanam.fr/api.utiledev.vanam.fr/core/class/services/command_service.php line 472)
2018-05-18 10:12:25 [DEBUG] command_service.php: START getCommandLissageById [COMMAND] -------  (at /var/www/vhosts/vanam.fr/api.utiledev.vanam.fr/core/class/services/command_service.php line 361)
2018-05-18 10:12:25 [DEBUG] command_service.php: END getCommandLissageById [COMMAND] -------  (at /var/www/vhosts/vanam.fr/api.utiledev.vanam.fr/core/class/services/command_service.php line 472)
2018-05-18 10:12:25 [DEBUG] command_service.php: START getCommandLissageById [COMMAND] -------  (at /var/www/vhosts/vanam.fr/api.utiledev.vanam.fr/core/class/services/command_service.php line 361)
2018-05-18 10:12:25 [DEBUG] command_service.php: END getCommandLissageById [COMMAND] -------  (at /var/www/vhosts/vanam.fr/api.utiledev.vanam.fr/core/class/services/command_service.php line 472)
2018-05-18 10:12:25 [DEBUG] command_service.php: START getCommandLissageById [COMMAND] -------  (at /var/www/vhosts/vanam.fr/api.utiledev.vanam.fr/core/class/services/command_service.php line 361)
2018-05-18 10:12:25 [DEBUG] command_service.php: END getCommandLissageById [COMMAND] -------  (at /var/www/vhosts/vanam.fr/api.utiledev.vanam.fr/core/class/services/command_service.php line 472)
2018-05-18 10:12:25 [DEBUG] command_service.php: START getCommandLissageById [COMMAND] -------  (at /var/www/vhosts/vanam.fr/api.utiledev.vanam.fr/core/class/services/command_service.php line 361)
2018-05-18 10:12:25 [DEBUG] command_service.php: END getCommandLissageById [COMMAND] -------  (at /var/www/vhosts/vanam.fr/api.utiledev.vanam.fr/core/class/services/command_service.php line 472)
2018-05-18 10:12:25 [DEBUG] command_service.php: START getCommandLissageById [COMMAND] -------  (at /var/www/vhosts/vanam.fr/api.utiledev.vanam.fr/core/class/services/command_service.php line 361)
2018-05-18 10:12:25 [DEBUG] command_service.php: END getCommandLissageById [COMMAND] -------  (at /var/www/vhosts/vanam.fr/api.utiledev.vanam.fr/core/class/services/command_service.php line 472)
2018-05-18 10:12:25 [DEBUG] command_service.php: START getCommandLissageById [COMMAND] -------  (at /var/www/vhosts/vanam.fr/api.utiledev.vanam.fr/core/class/services/command_service.php line 361)
2018-05-18 10:12:25 [DEBUG] command_service.php: END getCommandLissageById [COMMAND] -------  (at /var/www/vhosts/vanam.fr/api.utiledev.vanam.fr/core/class/services/command_service.php line 472)
2018-05-18 10:12:25 [DEBUG] command_service.php: START getCommandLissageById [COMMAND] -------  (at /var/www/vhosts/vanam.fr/api.utiledev.vanam.fr/core/class/services/command_service.php line 361)
2018-05-18 10:12:25 [DEBUG] command_service.php: END getCommandLissageById [COMMAND] -------  (at /var/www/vhosts/vanam.fr/api.utiledev.vanam.fr/core/class/services/command_service.php line 472)
2018-05-18 10:12:25 [DEBUG] command_service.php: START getCommandLissageById [COMMAND] -------  (at /var/www/vhosts/vanam.fr/api.utiledev.vanam.fr/core/class/services/command_service.php line 361)
2018-05-18 10:12:25 [DEBUG] command_service.php: END getCommandLissageById [COMMAND] -------  (at /var/www/vhosts/vanam.fr/api.utiledev.vanam.fr/core/class/services/command_service.php line 472)
2018-05-18 10:12:25 [DEBUG] command_service.php: START getCommandLissageById [COMMAND] -------  (at /var/www/vhosts/vanam.fr/api.utiledev.vanam.fr/core/class/services/command_service.php line 361)
2018-05-18 10:12:25 [DEBUG] command_service.php: END getCommandLissageById [COMMAND] -------  (at /var/www/vhosts/vanam.fr/api.utiledev.vanam.fr/core/class/services/command_service.php line 472)
2018-05-18 10:12:25 [DEBUG] command_service.php: START getCommandLissageById [COMMAND] -------  (at /var/www/vhosts/vanam.fr/api.utiledev.vanam.fr/core/class/services/command_service.php line 361)
2018-05-18 10:12:25 [DEBUG] command_service.php: END getCommandLissageById [COMMAND] -------  (at /var/www/vhosts/vanam.fr/api.utiledev.vanam.fr/core/class/services/command_service.php line 472)
2018-05-18 10:12:25 [DEBUG] command_service.php: START getCommandLissageById [COMMAND] -------  (at /var/www/vhosts/vanam.fr/api.utiledev.vanam.fr/core/class/services/command_service.php line 361)
2018-05-18 10:12:25 [DEBUG] command_service.php: END getCommandLissageById [COMMAND] -------  (at /var/www/vhosts/vanam.fr/api.utiledev.vanam.fr/core/class/services/command_service.php line 472)
2018-05-18 10:12:25 [DEBUG] command_service.php: START getCommandLissageById [COMMAND] -------  (at /var/www/vhosts/vanam.fr/api.utiledev.vanam.fr/core/class/services/command_service.php line 361)
2018-05-18 10:12:25 [DEBUG] command_service.php: END getCommandLissageById [COMMAND] -------  (at /var/www/vhosts/vanam.fr/api.utiledev.vanam.fr/core/class/services/command_service.php line 472)
2018-05-18 10:12:25 [DEBUG] command_service.php: START getCommandLissageById [COMMAND] -------  (at /var/www/vhosts/vanam.fr/api.utiledev.vanam.fr/core/class/services/command_service.php line 361)
2018-05-18 10:12:25 [DEBUG] command_service.php: END getCommandLissageById [COMMAND] -------  (at /var/www/vhosts/vanam.fr/api.utiledev.vanam.fr/core/class/services/command_service.php line 472)
2018-05-18 10:12:25 [DEBUG] command_service.php: START getCommandLissageById [COMMAND] -------  (at /var/www/vhosts/vanam.fr/api.utiledev.vanam.fr/core/class/services/command_service.php line 361)
2018-05-18 10:12:25 [DEBUG] command_service.php: END getCommandLissageById [COMMAND] -------  (at /var/www/vhosts/vanam.fr/api.utiledev.vanam.fr/core/class/services/command_service.php line 472)
2018-05-18 10:12:25 [DEBUG] command_service.php: START getCommandLissageById [COMMAND] -------  (at /var/www/vhosts/vanam.fr/api.utiledev.vanam.fr/core/class/services/command_service.php line 361)
2018-05-18 10:12:25 [DEBUG] command_service.php: END getCommandLissageById [COMMAND] -------  (at /var/www/vhosts/vanam.fr/api.utiledev.vanam.fr/core/class/services/command_service.php line 472)
2018-05-18 10:12:25 [DEBUG] command_service.php: START getCommandLissageById [COMMAND] -------  (at /var/www/vhosts/vanam.fr/api.utiledev.vanam.fr/core/class/services/command_service.php line 361)
2018-05-18 10:12:25 [DEBUG] command_service.php: END getCommandLissageById [COMMAND] -------  (at /var/www/vhosts/vanam.fr/api.utiledev.vanam.fr/core/class/services/command_service.php line 472)
2018-05-18 10:12:25 [DEBUG] command_service.php: START getCommandLissageById [COMMAND] -------  (at /var/www/vhosts/vanam.fr/api.utiledev.vanam.fr/core/class/services/command_service.php line 361)
2018-05-18 10:12:25 [DEBUG] command_service.php: END getCommandLissageById [COMMAND] -------  (at /var/www/vhosts/vanam.fr/api.utiledev.vanam.fr/core/class/services/command_service.php line 472)
2018-05-18 10:12:25 [DEBUG] command_service.php: START getCommandLissageById [COMMAND] -------  (at /var/www/vhosts/vanam.fr/api.utiledev.vanam.fr/core/class/services/command_service.php line 361)
2018-05-18 10:12:25 [DEBUG] command_service.php: END getCommandLissageById [COMMAND] -------  (at /var/www/vhosts/vanam.fr/api.utiledev.vanam.fr/core/class/services/command_service.php line 472)
2018-05-18 10:12:25 [DEBUG] command_service.php: START getCommandLissageById [COMMAND] -------  (at /var/www/vhosts/vanam.fr/api.utiledev.vanam.fr/core/class/services/command_service.php line 361)
2018-05-18 10:12:25 [DEBUG] command_service.php: END getCommandLissageById [COMMAND] -------  (at /var/www/vhosts/vanam.fr/api.utiledev.vanam.fr/core/class/services/command_service.php line 472)
2018-05-18 10:12:25 [DEBUG] command_service.php: START getCommandLissageById [COMMAND] -------  (at /var/www/vhosts/vanam.fr/api.utiledev.vanam.fr/core/class/services/command_service.php line 361)
2018-05-18 10:12:25 [DEBUG] command_service.php: END getCommandLissageById [COMMAND] -------  (at /var/www/vhosts/vanam.fr/api.utiledev.vanam.fr/core/class/services/command_service.php line 472)
2018-05-18 10:12:25 [DEBUG] command_service.php: START getCommandLissageById [COMMAND] -------  (at /var/www/vhosts/vanam.fr/api.utiledev.vanam.fr/core/class/services/command_service.php line 361)
2018-05-18 10:12:25 [DEBUG] command_service.php: END getCommandLissageById [COMMAND] -------  (at /var/www/vhosts/vanam.fr/api.utiledev.vanam.fr/core/class/services/command_service.php line 472)
2018-05-18 10:12:25 [DEBUG] command_service.php: START getCommandLissageById [COMMAND] -------  (at /var/www/vhosts/vanam.fr/api.utiledev.vanam.fr/core/class/services/command_service.php line 361)
2018-05-18 10:12:25 [DEBUG] command_service.php: END getCommandLissageById [COMMAND] -------  (at /var/www/vhosts/vanam.fr/api.utiledev.vanam.fr/core/class/services/command_service.php line 472)
2018-05-18 10:12:25 [DEBUG] command_service.php: START getCommandLissageById [COMMAND] -------  (at /var/www/vhosts/vanam.fr/api.utiledev.vanam.fr/core/class/services/command_service.php line 361)
2018-05-18 10:12:25 [DEBUG] command_service.php: END getCommandLissageById [COMMAND] -------  (at /var/www/vhosts/vanam.fr/api.utiledev.vanam.fr/core/class/services/command_service.php line 472)
2018-05-18 10:12:25 [DEBUG] command_service.php: START getCommandLissageById [COMMAND] -------  (at /var/www/vhosts/vanam.fr/api.utiledev.vanam.fr/core/class/services/command_service.php line 361)
2018-05-18 10:12:25 [DEBUG] command_service.php: END getCommandLissageById [COMMAND] -------  (at /var/www/vhosts/vanam.fr/api.utiledev.vanam.fr/core/class/services/command_service.php line 472)
2018-05-18 10:12:25 [DEBUG] product_service.php: END getProductsByCriteria [PRODUCTS] -------  (at /var/www/vhosts/vanam.fr/api.utiledev.vanam.fr/core/class/services/product_service.php line 661)
2018-05-18 10:12:25 [DEBUG] product_route.php: END /product/search ---------- (at /var/www/vhosts/vanam.fr/api.utiledev.vanam.fr/routes/product_route.php line 110)
2018-05-18 10:12:25 [DEBUG] change_route.php: START /change ---------- (at /var/www/vhosts/vanam.fr/api.utiledev.vanam.fr/routes/change_route.php line 65)
2018-05-18 10:12:25 [DEBUG] change_service.php: START getAllEntities [CHANGE] -------  (at /var/www/vhosts/vanam.fr/api.utiledev.vanam.fr/core/class/services/change_service.php line 61)
2018-05-18 10:12:25 [DEBUG] change_service.php: END getAllEntities [CHANGE] -------  (at /var/www/vhosts/vanam.fr/api.utiledev.vanam.fr/core/class/services/change_service.php line 84)
2018-05-18 10:12:25 [DEBUG] change_route.php: END /change ---------- (at /var/www/vhosts/vanam.fr/api.utiledev.vanam.fr/routes/change_route.php line 82)
